<?xml version="1.0" encoding="UTF-8"?>
<testsuite name="it.cambi.qrgui.test.GatewayIntegrationTest" tests="3" skipped="0" failures="0" errors="0" timestamp="2023-07-06T09:49:17" hostname="luca-20qes8cd01" time="0.827">
  <properties/>
  <testcase name="Status is 403 when user access restricted endpoint POST category" classname="it.cambi.qrgui.test.GatewayIntegrationTest" time="0.572"/>
  <testcase name="Status is 200 when user has role permission POST category" classname="it.cambi.qrgui.test.GatewayIntegrationTest" time="0.177"/>
  <testcase name="Status is 200 when user has role permission POST query" classname="it.cambi.qrgui.test.GatewayIntegrationTest" time="0.072"/>
  <system-out><![CDATA[11:49:11.766 [Test worker] DEBUG org.springframework.test.context.support.AbstractDirtiesContextTestExecutionListener - Before test class: context [DefaultTestContext@48d7ad8b testClass = GatewayIntegrationTest, testInstance = [null], testMethod = [null], testException = [null], mergedContextConfiguration = [WebMergedContextConfiguration@7e053511 testClass = GatewayIntegrationTest, locations = '{}', classes = '{class it.cambi.qrgui.RestApplication, class it.cambi.qrgui.test.TestConfiguration, class it.cambi.qrgui.exception.AppControllerAdvice}', contextInitializerClasses = '[]', activeProfiles = '{test}', propertySourceLocations = '{}', propertySourceProperties = '{org.springframework.boot.test.context.SpringBootTestContextBootstrapper=true, server.port=0}', contextCustomizers = set[org.spockframework.spring.mock.SpockContextCustomizer@44b6a0e2, org.springframework.boot.test.autoconfigure.actuate.metrics.MetricsExportContextCustomizerFactory$DisableMetricExportContextCustomizer@4d18aa28, org.springframework.boot.test.autoconfigure.properties.PropertyMappingContextCustomizer@0, org.springframework.boot.test.autoconfigure.web.servlet.WebDriverContextCustomizerFactory$Customizer@25e2a451, org.springframework.boot.test.context.filter.ExcludeFilterContextCustomizer@2fc0cc3, org.springframework.boot.test.json.DuplicateJsonObjectContextCustomizerFactory$DuplicateJsonObjectContextCustomizer@75459c75, org.springframework.boot.test.mock.mockito.MockitoContextCustomizer@0, org.springframework.boot.test.web.client.TestRestTemplateContextCustomizer@41e350f1, org.springframework.boot.test.context.SpringBootTestArgs@1, org.springframework.boot.test.context.SpringBootTestWebEnvironment@5a1de7fb], resourceBasePath = 'src/main/webapp', contextLoader = 'org.springframework.boot.test.context.SpringBootContextLoader', parent = [null]], attributes = map['org.springframework.test.context.web.ServletTestExecutionListener.activateListener' -> false]], class annotated with @DirtiesContext [false] with mode [null].
11:49:12.777 [Test worker] DEBUG org.springframework.test.context.support.DependencyInjectionTestExecutionListener - Performing dependency injection for test context [[DefaultTestContext@48d7ad8b testClass = GatewayIntegrationTest, testInstance = it.cambi.qrgui.test.GatewayIntegrationTest@39c85c1a, testMethod = [null], testException = [null], mergedContextConfiguration = [WebMergedContextConfiguration@7e053511 testClass = GatewayIntegrationTest, locations = '{}', classes = '{class it.cambi.qrgui.RestApplication, class it.cambi.qrgui.test.TestConfiguration, class it.cambi.qrgui.exception.AppControllerAdvice}', contextInitializerClasses = '[]', activeProfiles = '{test}', propertySourceLocations = '{}', propertySourceProperties = '{org.springframework.boot.test.context.SpringBootTestContextBootstrapper=true, server.port=0}', contextCustomizers = set[org.spockframework.spring.mock.SpockContextCustomizer@44b6a0e2, org.springframework.boot.test.autoconfigure.actuate.metrics.MetricsExportContextCustomizerFactory$DisableMetricExportContextCustomizer@4d18aa28, org.springframework.boot.test.autoconfigure.properties.PropertyMappingContextCustomizer@0, org.springframework.boot.test.autoconfigure.web.servlet.WebDriverContextCustomizerFactory$Customizer@25e2a451, org.springframework.boot.test.context.filter.ExcludeFilterContextCustomizer@2fc0cc3, org.springframework.boot.test.json.DuplicateJsonObjectContextCustomizerFactory$DuplicateJsonObjectContextCustomizer@75459c75, org.springframework.boot.test.mock.mockito.MockitoContextCustomizer@0, org.springframework.boot.test.web.client.TestRestTemplateContextCustomizer@41e350f1, org.springframework.boot.test.context.SpringBootTestArgs@1, org.springframework.boot.test.context.SpringBootTestWebEnvironment@5a1de7fb], resourceBasePath = 'src/main/webapp', contextLoader = 'org.springframework.boot.test.context.SpringBootContextLoader', parent = [null]], attributes = map['org.springframework.test.context.web.ServletTestExecutionListener.activateListener' -> false, 'org.springframework.test.context.event.ApplicationEventsTestExecutionListener.recordApplicationEvents' -> false]]].

  .   ____          _            __ _ _
 /\\ / ___'_ __ _ _(_)_ __  __ _ \ \ \ \
( ( )\___ | '_ | '_| | '_ \/ _` | \ \ \ \
 \\/  ___)| |_)| | | | | || (_| |  ) ) ) )
  '  |____| .__|_| |_|_| |_\__, | / / / /
 =========|_|==============|___/=/_/_/_/
 :: Spring Boot ::                (v2.7.7)

2023-07-06 11:49:13.023  INFO 6794 --- [    Test worker] i.c.qrgui.test.GatewayIntegrationTest    : Starting GatewayIntegrationTest using Java 17.0.7 on luca-20qes8cd01 with PID 6794 (started by luca in /home/luca/Documenti/qrgui/qrgui-core/gateway)
2023-07-06 11:49:13.024  INFO 6794 --- [    Test worker] i.c.qrgui.test.GatewayIntegrationTest    : The following 1 profile is active: "test"
2023-07-06 11:49:13.509  INFO 6794 --- [    Test worker] .s.d.r.c.RepositoryConfigurationDelegate : Bootstrapping Spring Data JPA repositories in DEFAULT mode.
2023-07-06 11:49:13.556  INFO 6794 --- [    Test worker] .s.d.r.c.RepositoryConfigurationDelegate : Finished Spring Data repository scanning in 38 ms. Found 3 JPA repository interfaces.
2023-07-06 11:49:14.199  INFO 6794 --- [    Test worker] trationDelegate$BeanPostProcessorChecker : Bean 'grantedAuthorityDefaults' of type [org.springframework.security.config.core.GrantedAuthorityDefaults] is not eligible for getting processed by all BeanPostProcessors (for example: not eligible for auto-proxying)
2023-07-06 11:49:14.528  INFO 6794 --- [    Test worker] o.s.b.w.embedded.tomcat.TomcatWebServer  : Tomcat initialized with port(s): 0 (http)
2023-07-06 11:49:14.538  INFO 6794 --- [    Test worker] o.apache.catalina.core.StandardService   : Starting service [Tomcat]
2023-07-06 11:49:14.539  INFO 6794 --- [    Test worker] org.apache.catalina.core.StandardEngine  : Starting Servlet engine: [Apache Tomcat/9.0.70]
2023-07-06 11:49:14.626  INFO 6794 --- [    Test worker] o.a.c.c.C.[.[localhost].[/qrgui/rest]    : Initializing Spring embedded WebApplicationContext
2023-07-06 11:49:14.626  INFO 6794 --- [    Test worker] w.s.c.ServletWebServerApplicationContext : Root WebApplicationContext: initialization completed in 1557 ms
2023-07-06 11:49:14.813  INFO 6794 --- [    Test worker] o.hibernate.jpa.internal.util.LogHelper  : HHH000204: Processing PersistenceUnitInfo [name: default]
2023-07-06 11:49:14.862  INFO 6794 --- [    Test worker] org.hibernate.Version                    : HHH000412: Hibernate ORM core version 5.6.14.Final
2023-07-06 11:49:14.894  INFO 6794 --- [    Test worker] o.hibernate.annotations.common.Version   : HCANN000001: Hibernate Commons Annotations {5.1.2.Final}
2023-07-06 11:49:14.986  INFO 6794 --- [    Test worker] com.zaxxer.hikari.HikariDataSource       : HikariPool-1 - Starting...
2023-07-06 11:49:15.142  INFO 6794 --- [    Test worker] com.zaxxer.hikari.HikariDataSource       : HikariPool-1 - Start completed.
2023-07-06 11:49:15.153  INFO 6794 --- [    Test worker] org.hibernate.dialect.Dialect            : HHH000400: Using dialect: org.hibernate.dialect.H2Dialect
2023-07-06 11:49:15.382  WARN 6794 --- [    Test worker] org.hibernate.mapping.RootClass          : HHH000038: Composite-id class does not override equals(): it.cambi.qrgui.security.db.model.UserRoleId
2023-07-06 11:49:15.382  WARN 6794 --- [    Test worker] org.hibernate.mapping.RootClass          : HHH000039: Composite-id class does not override hashCode(): it.cambi.qrgui.security.db.model.UserRoleId
2023-07-06 11:49:15.580  INFO 6794 --- [    Test worker] o.h.e.t.j.p.i.JtaPlatformInitiator       : HHH000490: Using JtaPlatform implementation: [org.hibernate.engine.transaction.jta.platform.internal.NoJtaPlatform]
2023-07-06 11:49:15.588  INFO 6794 --- [    Test worker] j.LocalContainerEntityManagerFactoryBean : Initialized JPA EntityManagerFactory for persistence unit 'default'
2023-07-06 11:49:16.324 DEBUG 6794 --- [    Test worker] edFilterInvocationSecurityMetadataSource : Adding web access control expression [anonymous] for Ant [pattern='/**/login']
2023-07-06 11:49:16.338 DEBUG 6794 --- [    Test worker] edFilterInvocationSecurityMetadataSource : Adding web access control expression [authenticated] for any request
2023-07-06 11:49:16.373  WARN 6794 --- [    Test worker] JpaBaseConfiguration$JpaWebConfiguration : spring.jpa.open-in-view is enabled by default. Therefore, database queries may be performed during view rendering. Explicitly configure spring.jpa.open-in-view to disable this warning
2023-07-06 11:49:16.656  INFO 6794 --- [    Test worker] o.s.s.web.DefaultSecurityFilterChain     : Will secure any request with [org.springframework.security.web.session.DisableEncodeUrlFilter@5a349644, org.springframework.security.web.context.request.async.WebAsyncManagerIntegrationFilter@42b6acc2, org.springframework.security.web.context.SecurityContextPersistenceFilter@347770a9, org.springframework.security.web.header.HeaderWriterFilter@121fe002, org.springframework.web.filter.CorsFilter@3de8e614, org.springframework.security.web.authentication.logout.LogoutFilter@46a5aff, org.springframework.security.web.authentication.www.BasicAuthenticationFilter@6ed78a5e, org.springframework.security.web.savedrequest.RequestCacheAwareFilter@28ec92c9, org.springframework.security.web.servletapi.SecurityContextHolderAwareRequestFilter@3edb09b9, org.springframework.security.web.authentication.AnonymousAuthenticationFilter@1a819769, org.springframework.security.web.session.SessionManagementFilter@7b80ac30, org.springframework.security.web.access.ExceptionTranslationFilter@529b8e41, org.springframework.security.web.access.intercept.FilterSecurityInterceptor@e62d757]
2023-07-06 11:49:16.665  WARN 6794 --- [    Test worker] o.s.s.c.a.web.builders.WebSecurity       : You are asking Spring Security to ignore Ant [pattern='/css/**']. This is not recommended -- please use permitAll via HttpSecurity#authorizeHttpRequests instead.
2023-07-06 11:49:16.665  INFO 6794 --- [    Test worker] o.s.s.web.DefaultSecurityFilterChain     : Will not secure Ant [pattern='/css/**']
2023-07-06 11:49:16.666  WARN 6794 --- [    Test worker] o.s.s.c.a.web.builders.WebSecurity       : You are asking Spring Security to ignore Ant [pattern='/js/**']. This is not recommended -- please use permitAll via HttpSecurity#authorizeHttpRequests instead.
2023-07-06 11:49:16.666  INFO 6794 --- [    Test worker] o.s.s.web.DefaultSecurityFilterChain     : Will not secure Ant [pattern='/js/**']
2023-07-06 11:49:16.667  WARN 6794 --- [    Test worker] o.s.s.c.a.web.builders.WebSecurity       : You are asking Spring Security to ignore Ant [pattern='/img/**']. This is not recommended -- please use permitAll via HttpSecurity#authorizeHttpRequests instead.
2023-07-06 11:49:16.667  INFO 6794 --- [    Test worker] o.s.s.web.DefaultSecurityFilterChain     : Will not secure Ant [pattern='/img/**']
2023-07-06 11:49:16.667  WARN 6794 --- [    Test worker] o.s.s.c.a.web.builders.WebSecurity       : You are asking Spring Security to ignore Ant [pattern='/lib/**']. This is not recommended -- please use permitAll via HttpSecurity#authorizeHttpRequests instead.
2023-07-06 11:49:16.667  INFO 6794 --- [    Test worker] o.s.s.web.DefaultSecurityFilterChain     : Will not secure Ant [pattern='/lib/**']
2023-07-06 11:49:16.667  WARN 6794 --- [    Test worker] o.s.s.c.a.web.builders.WebSecurity       : You are asking Spring Security to ignore Ant [pattern='/favicon.ico']. This is not recommended -- please use permitAll via HttpSecurity#authorizeHttpRequests instead.
2023-07-06 11:49:16.667  INFO 6794 --- [    Test worker] o.s.s.web.DefaultSecurityFilterChain     : Will not secure Ant [pattern='/favicon.ico']
2023-07-06 11:49:16.672  WARN 6794 --- [    Test worker] o.s.s.c.a.web.builders.WebSecurity       : 

********************************************************************
**********        Security debugging is enabled.       *************
**********    This may include sensitive information.  *************
**********      Do not use in a production system!     *************
********************************************************************


2023-07-06 11:49:17.070  WARN 6794 --- [    Test worker] .b.a.g.t.GroovyTemplateAutoConfiguration : Cannot find template location: classpath:/templates/ (please add some templates, check your Groovy configuration, or set spring.groovy.template.check-template-location=false)
2023-07-06 11:49:17.343  INFO 6794 --- [    Test worker] o.s.b.w.embedded.tomcat.TomcatWebServer  : Tomcat started on port(s): 35305 (http) with context path '/qrgui/rest'
2023-07-06 11:49:17.354  INFO 6794 --- [    Test worker] i.c.qrgui.test.GatewayIntegrationTest    : Started GatewayIntegrationTest in 4.56 seconds (JVM running for 6.788)
2023-07-06 11:49:17.675  INFO 6794 --- [    Test worker] i.c.q.s.services.GuiUserDetailService    : ... attempting to authenticate user user@xxx.com
2023-07-06 11:49:17.811  INFO 6794 --- [    Test worker] i.c.q.s.services.GuiUserDetailService    : User user@xxx.com has role QRCG00
2023-07-06 11:49:17.984  INFO 6794 --- [    Test worker] o.a.c.c.C.[.[localhost].[/qrgui/rest]    : Initializing Spring TestDispatcherServlet ''
2023-07-06 11:49:17.984  INFO 6794 --- [    Test worker] o.s.t.web.servlet.TestDispatcherServlet  : Initializing Servlet ''
2023-07-06 11:49:17.985  INFO 6794 --- [    Test worker] o.s.t.web.servlet.TestDispatcherServlet  : Completed initialization in 1 ms
2023-07-06 11:49:18.028  INFO 6794 --- [    Test worker] Spring Security Debugger                 : 

************************************************************

Request received for POST '/emia/category':

org.springframework.mock.web.MockHttpServletRequest@5d95c7c2

servletPath:
pathInfo:/emia/category
headers: 
Content-Type: application/json
Content-Length: 2


Security filter chain: [
  DisableEncodeUrlFilter
  WebAsyncManagerIntegrationFilter
  SecurityContextPersistenceFilter
  HeaderWriterFilter
  CorsFilter
  LogoutFilter
  BasicAuthenticationFilter
  RequestCacheAwareFilter
  SecurityContextHolderAwareRequestFilter
  AnonymousAuthenticationFilter
  SessionManagementFilter
  ExceptionTranslationFilter
  FilterSecurityInterceptor
]


************************************************************


2023-07-06 11:49:18.032 DEBUG 6794 --- [    Test worker] o.s.security.web.FilterChainProxy        : Securing POST /emia/category
2023-07-06 11:49:18.036 DEBUG 6794 --- [    Test worker] s.s.w.c.SecurityContextPersistenceFilter : Set SecurityContextHolder to SecurityContextImpl [Authentication=UsernamePasswordAuthenticationToken [Principal=org.springframework.security.core.userdetails.User [Username=user@xxx.com, Password=[PROTECTED], Enabled=true, AccountNonExpired=true, credentialsNonExpired=true, AccountNonLocked=true, Granted Authorities=[QRCG00]], Credentials=[PROTECTED], Authenticated=true, Details=null, Granted Authorities=[QRCG00]]]
2023-07-06 11:49:18.057 DEBUG 6794 --- [    Test worker] o.s.s.w.a.i.FilterSecurityInterceptor    : Authorized filter invocation [POST /emia/category] with attributes [authenticated]
2023-07-06 11:49:18.058 DEBUG 6794 --- [    Test worker] o.s.security.web.FilterChainProxy        : Secured POST /emia/category
2023-07-06 11:49:18.167 DEBUG 6794 --- [    Test worker] horizationManagerBeforeMethodInterceptor : Authorizing method invocation ReflectiveMethodInvocation: public org.springframework.http.ResponseEntity it.cambi.qrgui.rest.CategoryResource.postCategory(it.cambi.qrgui.api.model.CategoryDto,javax.servlet.http.HttpServletRequest,org.springframework.security.core.Authentication); target is of class [it.cambi.qrgui.rest.CategoryResource]
2023-07-06 11:49:18.171 DEBUG 6794 --- [    Test worker] horizationManagerBeforeMethodInterceptor : Failed to authorize ReflectiveMethodInvocation: public org.springframework.http.ResponseEntity it.cambi.qrgui.rest.CategoryResource.postCategory(it.cambi.qrgui.api.model.CategoryDto,javax.servlet.http.HttpServletRequest,org.springframework.security.core.Authentication); target is of class [it.cambi.qrgui.rest.CategoryResource] with authorization manager org.springframework.security.authorization.method.Jsr250AuthorizationManager@3268f664 and decision AuthorityAuthorizationDecision [granted=false, authorities=[QRCINS, QRA]]
2023-07-06 11:49:18.184 DEBUG 6794 --- [    Test worker] s.s.w.c.SecurityContextPersistenceFilter : Cleared SecurityContextHolder to complete request
2023-07-06 11:49:18.229  INFO 6794 --- [    Test worker] i.c.q.s.services.GuiUserDetailService    : ... attempting to authenticate user admin@xxx.com
2023-07-06 11:49:18.233  INFO 6794 --- [    Test worker] i.c.q.s.services.GuiUserDetailService    : User admin@xxx.com has role QRA
2023-07-06 11:49:18.236  INFO 6794 --- [    Test worker] o.a.c.c.C.[.[localhost].[/qrgui/rest]    : Initializing Spring TestDispatcherServlet ''
2023-07-06 11:49:18.236  INFO 6794 --- [    Test worker] o.s.t.web.servlet.TestDispatcherServlet  : Initializing Servlet ''
2023-07-06 11:49:18.238  INFO 6794 --- [    Test worker] o.s.t.web.servlet.TestDispatcherServlet  : Completed initialization in 1 ms
2023-07-06 11:49:18.305  INFO 6794 --- [    Test worker] Spring Security Debugger                 : 

************************************************************

Request received for POST '/emia/category':

org.springframework.mock.web.MockHttpServletRequest@127e838b

servletPath:
pathInfo:/emia/category
headers: 
Content-Type: application/json
Content-Length: 128


Security filter chain: [
  DisableEncodeUrlFilter
  WebAsyncManagerIntegrationFilter
  SecurityContextPersistenceFilter
  HeaderWriterFilter
  CorsFilter
  LogoutFilter
  BasicAuthenticationFilter
  RequestCacheAwareFilter
  SecurityContextHolderAwareRequestFilter
  AnonymousAuthenticationFilter
  SessionManagementFilter
  ExceptionTranslationFilter
  FilterSecurityInterceptor
]


************************************************************


2023-07-06 11:49:18.306 DEBUG 6794 --- [    Test worker] o.s.security.web.FilterChainProxy        : Securing POST /emia/category
2023-07-06 11:49:18.307 DEBUG 6794 --- [    Test worker] s.s.w.c.SecurityContextPersistenceFilter : Set SecurityContextHolder to SecurityContextImpl [Authentication=UsernamePasswordAuthenticationToken [Principal=org.springframework.security.core.userdetails.User [Username=admin@xxx.com, Password=[PROTECTED], Enabled=true, AccountNonExpired=true, credentialsNonExpired=true, AccountNonLocked=true, Granted Authorities=[QRA]], Credentials=[PROTECTED], Authenticated=true, Details=null, Granted Authorities=[QRA]]]
2023-07-06 11:49:18.308 DEBUG 6794 --- [    Test worker] o.s.s.w.a.i.FilterSecurityInterceptor    : Authorized filter invocation [POST /emia/category] with attributes [authenticated]
2023-07-06 11:49:18.308 DEBUG 6794 --- [    Test worker] o.s.security.web.FilterChainProxy        : Secured POST /emia/category
2023-07-06 11:49:18.311 DEBUG 6794 --- [    Test worker] horizationManagerBeforeMethodInterceptor : Authorizing method invocation ReflectiveMethodInvocation: public org.springframework.http.ResponseEntity it.cambi.qrgui.rest.CategoryResource.postCategory(it.cambi.qrgui.api.model.CategoryDto,javax.servlet.http.HttpServletRequest,org.springframework.security.core.Authentication); target is of class [it.cambi.qrgui.rest.CategoryResource]
2023-07-06 11:49:18.312 DEBUG 6794 --- [    Test worker] horizationManagerBeforeMethodInterceptor : Authorized method invocation ReflectiveMethodInvocation: public org.springframework.http.ResponseEntity it.cambi.qrgui.rest.CategoryResource.postCategory(it.cambi.qrgui.api.model.CategoryDto,javax.servlet.http.HttpServletRequest,org.springframework.security.core.Authentication); target is of class [it.cambi.qrgui.rest.CategoryResource]
2023-07-06 11:49:18.320  INFO 6794 --- [    Test worker] it.cambi.qrgui.rest.CategoryResource     : ... creo una nuova categoria
2023-07-06 11:49:18.349  INFO 6794 --- [    Test worker] it.cambi.qrgui.rest.BasicResource        : Request  ----> ErtaGuiUser(userName=admin@xxx.com, password=null, locale=en, url=http://localhost/emia/category, queryString=null, guiVersion=null, requestType=POST, browser=null, ertaQrGuiRoles=[], isAdmin=false, address=localhost (127.0.0.1:80), requestDate=Thu Jul 06 11:49:18 CEST 2023)
Response ----> 2023-07-06 11:49:18.348, success --> , count --> 

2023-07-06 11:49:18.385 DEBUG 6794 --- [    Test worker] s.s.w.c.SecurityContextPersistenceFilter : Cleared SecurityContextHolder to complete request
2023-07-06 11:49:18.410  INFO 6794 --- [    Test worker] i.c.q.s.services.GuiUserDetailService    : ... attempting to authenticate user admin@xxx.com
2023-07-06 11:49:18.413  INFO 6794 --- [    Test worker] i.c.q.s.services.GuiUserDetailService    : User admin@xxx.com has role QRA
2023-07-06 11:49:18.416  INFO 6794 --- [    Test worker] o.a.c.c.C.[.[localhost].[/qrgui/rest]    : Initializing Spring TestDispatcherServlet ''
2023-07-06 11:49:18.416  INFO 6794 --- [    Test worker] o.s.t.web.servlet.TestDispatcherServlet  : Initializing Servlet ''
2023-07-06 11:49:18.418  INFO 6794 --- [    Test worker] o.s.t.web.servlet.TestDispatcherServlet  : Completed initialization in 2 ms
2023-07-06 11:49:18.451  INFO 6794 --- [    Test worker] Spring Security Debugger                 : 

************************************************************

Request received for POST '/emia/query':

org.springframework.mock.web.MockHttpServletRequest@445dc8dc

servletPath:
pathInfo:/emia/query
headers: 
Content-Type: application/json
Content-Length: 271


Security filter chain: [
  DisableEncodeUrlFilter
  WebAsyncManagerIntegrationFilter
  SecurityContextPersistenceFilter
  HeaderWriterFilter
  CorsFilter
  LogoutFilter
  BasicAuthenticationFilter
  RequestCacheAwareFilter
  SecurityContextHolderAwareRequestFilter
  AnonymousAuthenticationFilter
  SessionManagementFilter
  ExceptionTranslationFilter
  FilterSecurityInterceptor
]


************************************************************


2023-07-06 11:49:18.452 DEBUG 6794 --- [    Test worker] o.s.security.web.FilterChainProxy        : Securing POST /emia/query
2023-07-06 11:49:18.452 DEBUG 6794 --- [    Test worker] s.s.w.c.SecurityContextPersistenceFilter : Set SecurityContextHolder to SecurityContextImpl [Authentication=UsernamePasswordAuthenticationToken [Principal=org.springframework.security.core.userdetails.User [Username=admin@xxx.com, Password=[PROTECTED], Enabled=true, AccountNonExpired=true, credentialsNonExpired=true, AccountNonLocked=true, Granted Authorities=[QRA]], Credentials=[PROTECTED], Authenticated=true, Details=null, Granted Authorities=[QRA]]]
2023-07-06 11:49:18.453 DEBUG 6794 --- [    Test worker] o.s.s.w.a.i.FilterSecurityInterceptor    : Authorized filter invocation [POST /emia/query] with attributes [authenticated]
2023-07-06 11:49:18.453 DEBUG 6794 --- [    Test worker] o.s.security.web.FilterChainProxy        : Secured POST /emia/query
2023-07-06 11:49:18.465 DEBUG 6794 --- [    Test worker] horizationManagerBeforeMethodInterceptor : Authorizing method invocation ReflectiveMethodInvocation: public org.springframework.http.ResponseEntity it.cambi.qrgui.rest.QueryResource.postQuery(it.cambi.qrgui.api.model.UteQueDto,javax.servlet.http.HttpServletRequest); target is of class [it.cambi.qrgui.rest.QueryResource]
2023-07-06 11:49:18.466 DEBUG 6794 --- [    Test worker] horizationManagerBeforeMethodInterceptor : Authorized method invocation ReflectiveMethodInvocation: public org.springframework.http.ResponseEntity it.cambi.qrgui.rest.QueryResource.postQuery(it.cambi.qrgui.api.model.UteQueDto,javax.servlet.http.HttpServletRequest); target is of class [it.cambi.qrgui.rest.QueryResource]
2023-07-06 11:49:18.474  INFO 6794 --- [    Test worker] it.cambi.qrgui.rest.QueryResource        : ... salvo una nuova query
2023-07-06 11:49:18.475  INFO 6794 --- [    Test worker] it.cambi.qrgui.rest.BasicResource        : Request  ----> ErtaGuiUser(userName=admin@xxx.com, password=null, locale=en, url=http://localhost/emia/query, queryString=null, guiVersion=null, requestType=POST, browser=null, ertaQrGuiRoles=[], isAdmin=false, address=localhost (127.0.0.1:80), requestDate=Thu Jul 06 11:49:18 CEST 2023)
Response ----> 2023-07-06 11:49:18.475, success --> , count --> 

2023-07-06 11:49:18.477 DEBUG 6794 --- [    Test worker] s.s.w.c.SecurityContextPersistenceFilter : Cleared SecurityContextHolder to complete request
]]></system-out>
  <system-err><![CDATA[]]></system-err>
</testsuite>
