<?xml version="1.0" encoding="UTF-8"?>
<testsuite name="it.cambi.qrgui.test.GatewayIntegrationTest" tests="3" skipped="0" failures="0" errors="0" timestamp="2023-04-05T09:43:50" hostname="luca-20qes8cd01" time="0.692">
  <properties/>
  <testcase name="Status is 403 when user access restricted endpoint POST category" classname="it.cambi.qrgui.test.GatewayIntegrationTest" time="0.528"/>
  <testcase name="Status is 200 when user has role permission POST category" classname="it.cambi.qrgui.test.GatewayIntegrationTest" time="0.115"/>
  <testcase name="Status is 200 when user has role permission POST query" classname="it.cambi.qrgui.test.GatewayIntegrationTest" time="0.047"/>
  <system-out><![CDATA[11:43:44.308 [Test worker] DEBUG org.springframework.test.context.support.AbstractDirtiesContextTestExecutionListener - Before test class: context [DefaultTestContext@68ace111 testClass = GatewayIntegrationTest, testInstance = [null], testMethod = [null], testException = [null], mergedContextConfiguration = [WebMergedContextConfiguration@1f9d6c7b testClass = GatewayIntegrationTest, locations = '{}', classes = '{class it.cambi.qrgui.RestApplication, class it.cambi.qrgui.test.TestConfiguration, class it.cambi.qrgui.exception.AppControllerAdvice}', contextInitializerClasses = '[]', activeProfiles = '{test}', propertySourceLocations = '{}', propertySourceProperties = '{org.springframework.boot.test.context.SpringBootTestContextBootstrapper=true, server.port=0}', contextCustomizers = set[org.spockframework.spring.mock.SpockContextCustomizer@1e9160e2, org.springframework.boot.test.autoconfigure.actuate.metrics.MetricsExportContextCustomizerFactory$DisableMetricExportContextCustomizer@665df3c6, org.springframework.boot.test.autoconfigure.properties.PropertyMappingContextCustomizer@0, org.springframework.boot.test.autoconfigure.web.servlet.WebDriverContextCustomizerFactory$Customizer@75390459, org.springframework.boot.test.context.filter.ExcludeFilterContextCustomizer@2bd2b28e, org.springframework.boot.test.json.DuplicateJsonObjectContextCustomizerFactory$DuplicateJsonObjectContextCustomizer@674658f7, org.springframework.boot.test.mock.mockito.MockitoContextCustomizer@0, org.springframework.boot.test.web.client.TestRestTemplateContextCustomizer@75459c75, org.springframework.boot.test.context.SpringBootTestArgs@1, org.springframework.boot.test.context.SpringBootTestWebEnvironment@554e218], resourceBasePath = 'src/main/webapp', contextLoader = 'org.springframework.boot.test.context.SpringBootContextLoader', parent = [null]], attributes = map['org.springframework.test.context.web.ServletTestExecutionListener.activateListener' -> false]], class annotated with @DirtiesContext [false] with mode [null].
11:43:45.181 [Test worker] DEBUG org.springframework.test.context.support.DependencyInjectionTestExecutionListener - Performing dependency injection for test context [[DefaultTestContext@68ace111 testClass = GatewayIntegrationTest, testInstance = it.cambi.qrgui.test.GatewayIntegrationTest@c889805, testMethod = [null], testException = [null], mergedContextConfiguration = [WebMergedContextConfiguration@1f9d6c7b testClass = GatewayIntegrationTest, locations = '{}', classes = '{class it.cambi.qrgui.RestApplication, class it.cambi.qrgui.test.TestConfiguration, class it.cambi.qrgui.exception.AppControllerAdvice}', contextInitializerClasses = '[]', activeProfiles = '{test}', propertySourceLocations = '{}', propertySourceProperties = '{org.springframework.boot.test.context.SpringBootTestContextBootstrapper=true, server.port=0}', contextCustomizers = set[org.spockframework.spring.mock.SpockContextCustomizer@1e9160e2, org.springframework.boot.test.autoconfigure.actuate.metrics.MetricsExportContextCustomizerFactory$DisableMetricExportContextCustomizer@665df3c6, org.springframework.boot.test.autoconfigure.properties.PropertyMappingContextCustomizer@0, org.springframework.boot.test.autoconfigure.web.servlet.WebDriverContextCustomizerFactory$Customizer@75390459, org.springframework.boot.test.context.filter.ExcludeFilterContextCustomizer@2bd2b28e, org.springframework.boot.test.json.DuplicateJsonObjectContextCustomizerFactory$DuplicateJsonObjectContextCustomizer@674658f7, org.springframework.boot.test.mock.mockito.MockitoContextCustomizer@0, org.springframework.boot.test.web.client.TestRestTemplateContextCustomizer@75459c75, org.springframework.boot.test.context.SpringBootTestArgs@1, org.springframework.boot.test.context.SpringBootTestWebEnvironment@554e218], resourceBasePath = 'src/main/webapp', contextLoader = 'org.springframework.boot.test.context.SpringBootContextLoader', parent = [null]], attributes = map['org.springframework.test.context.web.ServletTestExecutionListener.activateListener' -> false, 'org.springframework.test.context.event.ApplicationEventsTestExecutionListener.recordApplicationEvents' -> false]]].

  .   ____          _            __ _ _
 /\\ / ___'_ __ _ _(_)_ __  __ _ \ \ \ \
( ( )\___ | '_ | '_| | '_ \/ _` | \ \ \ \
 \\/  ___)| |_)| | | | | || (_| |  ) ) ) )
  '  |____| .__|_| |_|_| |_\__, | / / / /
 =========|_|==============|___/=/_/_/_/
 :: Spring Boot ::                (v2.7.7)

2023-04-05 11:43:45.470  INFO 72506 --- [    Test worker] i.c.qrgui.test.GatewayIntegrationTest    : Starting GatewayIntegrationTest using Java 17.0.6 on luca-20qes8cd01 with PID 72506 (started by luca in /home/luca/Documents/qrgui/qrgui-core/gateway)
2023-04-05 11:43:45.471  INFO 72506 --- [    Test worker] i.c.qrgui.test.GatewayIntegrationTest    : The following 1 profile is active: "test"
2023-04-05 11:43:45.948  INFO 72506 --- [    Test worker] .s.d.r.c.RepositoryConfigurationDelegate : Bootstrapping Spring Data JPA repositories in DEFAULT mode.
2023-04-05 11:43:45.994  INFO 72506 --- [    Test worker] .s.d.r.c.RepositoryConfigurationDelegate : Finished Spring Data repository scanning in 38 ms. Found 3 JPA repository interfaces.
2023-04-05 11:43:46.576  INFO 72506 --- [    Test worker] trationDelegate$BeanPostProcessorChecker : Bean 'grantedAuthorityDefaults' of type [org.springframework.security.config.core.GrantedAuthorityDefaults] is not eligible for getting processed by all BeanPostProcessors (for example: not eligible for auto-proxying)
2023-04-05 11:43:47.008  INFO 72506 --- [    Test worker] o.s.b.w.embedded.tomcat.TomcatWebServer  : Tomcat initialized with port(s): 0 (http)
2023-04-05 11:43:47.019  INFO 72506 --- [    Test worker] o.apache.catalina.core.StandardService   : Starting service [Tomcat]
2023-04-05 11:43:47.019  INFO 72506 --- [    Test worker] org.apache.catalina.core.StandardEngine  : Starting Servlet engine: [Apache Tomcat/9.0.70]
2023-04-05 11:43:47.119  INFO 72506 --- [    Test worker] o.a.c.c.C.[.[localhost].[/qrgui/rest]    : Initializing Spring embedded WebApplicationContext
2023-04-05 11:43:47.119  INFO 72506 --- [    Test worker] w.s.c.ServletWebServerApplicationContext : Root WebApplicationContext: initialization completed in 1613 ms
2023-04-05 11:43:47.332  INFO 72506 --- [    Test worker] o.hibernate.jpa.internal.util.LogHelper  : HHH000204: Processing PersistenceUnitInfo [name: default]
2023-04-05 11:43:47.375  INFO 72506 --- [    Test worker] org.hibernate.Version                    : HHH000412: Hibernate ORM core version 5.6.14.Final
2023-04-05 11:43:47.413  INFO 72506 --- [    Test worker] o.hibernate.annotations.common.Version   : HCANN000001: Hibernate Commons Annotations {5.1.2.Final}
2023-04-05 11:43:47.549  INFO 72506 --- [    Test worker] com.zaxxer.hikari.HikariDataSource       : HikariPool-1 - Starting...
2023-04-05 11:43:47.717  INFO 72506 --- [    Test worker] com.zaxxer.hikari.HikariDataSource       : HikariPool-1 - Start completed.
2023-04-05 11:43:47.732  INFO 72506 --- [    Test worker] org.hibernate.dialect.Dialect            : HHH000400: Using dialect: org.hibernate.dialect.H2Dialect
2023-04-05 11:43:48.014  WARN 72506 --- [    Test worker] org.hibernate.mapping.RootClass          : HHH000038: Composite-id class does not override equals(): it.cambi.qrgui.security.db.model.UserRoleId
2023-04-05 11:43:48.014  WARN 72506 --- [    Test worker] org.hibernate.mapping.RootClass          : HHH000039: Composite-id class does not override hashCode(): it.cambi.qrgui.security.db.model.UserRoleId
2023-04-05 11:43:48.249  INFO 72506 --- [    Test worker] o.h.e.t.j.p.i.JtaPlatformInitiator       : HHH000490: Using JtaPlatform implementation: [org.hibernate.engine.transaction.jta.platform.internal.NoJtaPlatform]
2023-04-05 11:43:48.258  INFO 72506 --- [    Test worker] j.LocalContainerEntityManagerFactoryBean : Initialized JPA EntityManagerFactory for persistence unit 'default'
2023-04-05 11:43:48.992 DEBUG 72506 --- [    Test worker] edFilterInvocationSecurityMetadataSource : Adding web access control expression [anonymous] for Ant [pattern='/**/login']
2023-04-05 11:43:49.007 DEBUG 72506 --- [    Test worker] edFilterInvocationSecurityMetadataSource : Adding web access control expression [authenticated] for any request
2023-04-05 11:43:49.038  WARN 72506 --- [    Test worker] JpaBaseConfiguration$JpaWebConfiguration : spring.jpa.open-in-view is enabled by default. Therefore, database queries may be performed during view rendering. Explicitly configure spring.jpa.open-in-view to disable this warning
2023-04-05 11:43:49.330  INFO 72506 --- [    Test worker] o.s.s.web.DefaultSecurityFilterChain     : Will secure any request with [org.springframework.security.web.session.DisableEncodeUrlFilter@e316971, org.springframework.security.web.context.request.async.WebAsyncManagerIntegrationFilter@808f65, org.springframework.security.web.context.SecurityContextPersistenceFilter@f4e235e, org.springframework.security.web.header.HeaderWriterFilter@3eb4fdd5, org.springframework.web.filter.CorsFilter@56540a58, org.springframework.security.web.authentication.logout.LogoutFilter@46aa5294, org.springframework.security.web.authentication.www.BasicAuthenticationFilter@7cc966a9, org.springframework.security.web.savedrequest.RequestCacheAwareFilter@a589070, org.springframework.security.web.servletapi.SecurityContextHolderAwareRequestFilter@1fbd0850, org.springframework.security.web.authentication.AnonymousAuthenticationFilter@15c0a8ad, org.springframework.security.web.session.SessionManagementFilter@2aec09a3, org.springframework.security.web.access.ExceptionTranslationFilter@4b2ca159, org.springframework.security.web.access.intercept.FilterSecurityInterceptor@29511cf9]
2023-04-05 11:43:49.337  WARN 72506 --- [    Test worker] o.s.s.c.a.web.builders.WebSecurity       : You are asking Spring Security to ignore Ant [pattern='/css/**']. This is not recommended -- please use permitAll via HttpSecurity#authorizeHttpRequests instead.
2023-04-05 11:43:49.338  INFO 72506 --- [    Test worker] o.s.s.web.DefaultSecurityFilterChain     : Will not secure Ant [pattern='/css/**']
2023-04-05 11:43:49.338  WARN 72506 --- [    Test worker] o.s.s.c.a.web.builders.WebSecurity       : You are asking Spring Security to ignore Ant [pattern='/js/**']. This is not recommended -- please use permitAll via HttpSecurity#authorizeHttpRequests instead.
2023-04-05 11:43:49.338  INFO 72506 --- [    Test worker] o.s.s.web.DefaultSecurityFilterChain     : Will not secure Ant [pattern='/js/**']
2023-04-05 11:43:49.338  WARN 72506 --- [    Test worker] o.s.s.c.a.web.builders.WebSecurity       : You are asking Spring Security to ignore Ant [pattern='/img/**']. This is not recommended -- please use permitAll via HttpSecurity#authorizeHttpRequests instead.
2023-04-05 11:43:49.338  INFO 72506 --- [    Test worker] o.s.s.web.DefaultSecurityFilterChain     : Will not secure Ant [pattern='/img/**']
2023-04-05 11:43:49.338  WARN 72506 --- [    Test worker] o.s.s.c.a.web.builders.WebSecurity       : You are asking Spring Security to ignore Ant [pattern='/lib/**']. This is not recommended -- please use permitAll via HttpSecurity#authorizeHttpRequests instead.
2023-04-05 11:43:49.339  INFO 72506 --- [    Test worker] o.s.s.web.DefaultSecurityFilterChain     : Will not secure Ant [pattern='/lib/**']
2023-04-05 11:43:49.339  WARN 72506 --- [    Test worker] o.s.s.c.a.web.builders.WebSecurity       : You are asking Spring Security to ignore Ant [pattern='/favicon.ico']. This is not recommended -- please use permitAll via HttpSecurity#authorizeHttpRequests instead.
2023-04-05 11:43:49.339  INFO 72506 --- [    Test worker] o.s.s.web.DefaultSecurityFilterChain     : Will not secure Ant [pattern='/favicon.ico']
2023-04-05 11:43:49.343  WARN 72506 --- [    Test worker] o.s.s.c.a.web.builders.WebSecurity       : 

********************************************************************
**********        Security debugging is enabled.       *************
**********    This may include sensitive information.  *************
**********      Do not use in a production system!     *************
********************************************************************


2023-04-05 11:43:49.667  WARN 72506 --- [    Test worker] .b.a.g.t.GroovyTemplateAutoConfiguration : Cannot find template location: classpath:/templates/ (please add some templates, check your Groovy configuration, or set spring.groovy.template.check-template-location=false)
2023-04-05 11:43:50.011  INFO 72506 --- [    Test worker] o.s.b.w.embedded.tomcat.TomcatWebServer  : Tomcat started on port(s): 33277 (http) with context path '/qrgui/rest'
2023-04-05 11:43:50.028  INFO 72506 --- [    Test worker] i.c.qrgui.test.GatewayIntegrationTest    : Started GatewayIntegrationTest in 4.825 seconds (JVM running for 6.941)
2023-04-05 11:43:50.475  INFO 72506 --- [    Test worker] i.c.q.s.services.GuiUserDetailService    : ... attempting to authenticate user user@xxx.com
2023-04-05 11:43:50.595  INFO 72506 --- [    Test worker] i.c.q.s.services.GuiUserDetailService    : User user@xxx.com has role QRCG00
2023-04-05 11:43:50.791  INFO 72506 --- [    Test worker] o.a.c.c.C.[.[localhost].[/qrgui/rest]    : Initializing Spring TestDispatcherServlet ''
2023-04-05 11:43:50.791  INFO 72506 --- [    Test worker] o.s.t.web.servlet.TestDispatcherServlet  : Initializing Servlet ''
2023-04-05 11:43:50.793  INFO 72506 --- [    Test worker] o.s.t.web.servlet.TestDispatcherServlet  : Completed initialization in 2 ms
2023-04-05 11:43:50.832  INFO 72506 --- [    Test worker] Spring Security Debugger                 : 

************************************************************

Request received for POST '/emia/category':

org.springframework.mock.web.MockHttpServletRequest@d7b20d9

servletPath:
pathInfo:/emia/category
headers: 
Content-Type: application/json
Content-Length: 2


Security filter chain: [
  DisableEncodeUrlFilter
  WebAsyncManagerIntegrationFilter
  SecurityContextPersistenceFilter
  HeaderWriterFilter
  CorsFilter
  LogoutFilter
  BasicAuthenticationFilter
  RequestCacheAwareFilter
  SecurityContextHolderAwareRequestFilter
  AnonymousAuthenticationFilter
  SessionManagementFilter
  ExceptionTranslationFilter
  FilterSecurityInterceptor
]


************************************************************


2023-04-05 11:43:50.835 DEBUG 72506 --- [    Test worker] o.s.security.web.FilterChainProxy        : Securing POST /emia/category
2023-04-05 11:43:50.837 DEBUG 72506 --- [    Test worker] s.s.w.c.SecurityContextPersistenceFilter : Set SecurityContextHolder to SecurityContextImpl [Authentication=UsernamePasswordAuthenticationToken [Principal=org.springframework.security.core.userdetails.User [Username=user@xxx.com, Password=[PROTECTED], Enabled=true, AccountNonExpired=true, credentialsNonExpired=true, AccountNonLocked=true, Granted Authorities=[QRCG00]], Credentials=[PROTECTED], Authenticated=true, Details=null, Granted Authorities=[QRCG00]]]
2023-04-05 11:43:50.851 DEBUG 72506 --- [    Test worker] o.s.s.w.a.i.FilterSecurityInterceptor    : Authorized filter invocation [POST /emia/category] with attributes [authenticated]
2023-04-05 11:43:50.852 DEBUG 72506 --- [    Test worker] o.s.security.web.FilterChainProxy        : Secured POST /emia/category
2023-04-05 11:43:50.935 DEBUG 72506 --- [    Test worker] horizationManagerBeforeMethodInterceptor : Authorizing method invocation ReflectiveMethodInvocation: public org.springframework.http.ResponseEntity it.cambi.qrgui.rest.CategoryResource.postCategory(it.cambi.qrgui.api.model.CategoryDto,javax.servlet.http.HttpServletRequest,org.springframework.security.core.Authentication); target is of class [it.cambi.qrgui.rest.CategoryResource]
2023-04-05 11:43:50.938 DEBUG 72506 --- [    Test worker] horizationManagerBeforeMethodInterceptor : Failed to authorize ReflectiveMethodInvocation: public org.springframework.http.ResponseEntity it.cambi.qrgui.rest.CategoryResource.postCategory(it.cambi.qrgui.api.model.CategoryDto,javax.servlet.http.HttpServletRequest,org.springframework.security.core.Authentication); target is of class [it.cambi.qrgui.rest.CategoryResource] with authorization manager org.springframework.security.authorization.method.Jsr250AuthorizationManager@335aac7a and decision AuthorityAuthorizationDecision [granted=false, authorities=[QRCINS, QRA]]
2023-04-05 11:43:50.948 DEBUG 72506 --- [    Test worker] s.s.w.c.SecurityContextPersistenceFilter : Cleared SecurityContextHolder to complete request
2023-04-05 11:43:50.986  INFO 72506 --- [    Test worker] i.c.q.s.services.GuiUserDetailService    : ... attempting to authenticate user admin@xxx.com
2023-04-05 11:43:50.989  INFO 72506 --- [    Test worker] i.c.q.s.services.GuiUserDetailService    : User admin@xxx.com has role QRA
2023-04-05 11:43:50.991  INFO 72506 --- [    Test worker] o.a.c.c.C.[.[localhost].[/qrgui/rest]    : Initializing Spring TestDispatcherServlet ''
2023-04-05 11:43:50.991  INFO 72506 --- [    Test worker] o.s.t.web.servlet.TestDispatcherServlet  : Initializing Servlet ''
2023-04-05 11:43:50.992  INFO 72506 --- [    Test worker] o.s.t.web.servlet.TestDispatcherServlet  : Completed initialization in 1 ms
2023-04-05 11:43:51.038  INFO 72506 --- [    Test worker] Spring Security Debugger                 : 

************************************************************

Request received for POST '/emia/category':

org.springframework.mock.web.MockHttpServletRequest@1a8b10dd

servletPath:
pathInfo:/emia/category
headers: 
Content-Type: application/json
Content-Length: 128


Security filter chain: [
  DisableEncodeUrlFilter
  WebAsyncManagerIntegrationFilter
  SecurityContextPersistenceFilter
  HeaderWriterFilter
  CorsFilter
  LogoutFilter
  BasicAuthenticationFilter
  RequestCacheAwareFilter
  SecurityContextHolderAwareRequestFilter
  AnonymousAuthenticationFilter
  SessionManagementFilter
  ExceptionTranslationFilter
  FilterSecurityInterceptor
]


************************************************************


2023-04-05 11:43:51.039 DEBUG 72506 --- [    Test worker] o.s.security.web.FilterChainProxy        : Securing POST /emia/category
2023-04-05 11:43:51.039 DEBUG 72506 --- [    Test worker] s.s.w.c.SecurityContextPersistenceFilter : Set SecurityContextHolder to SecurityContextImpl [Authentication=UsernamePasswordAuthenticationToken [Principal=org.springframework.security.core.userdetails.User [Username=admin@xxx.com, Password=[PROTECTED], Enabled=true, AccountNonExpired=true, credentialsNonExpired=true, AccountNonLocked=true, Granted Authorities=[QRA]], Credentials=[PROTECTED], Authenticated=true, Details=null, Granted Authorities=[QRA]]]
2023-04-05 11:43:51.040 DEBUG 72506 --- [    Test worker] o.s.s.w.a.i.FilterSecurityInterceptor    : Authorized filter invocation [POST /emia/category] with attributes [authenticated]
2023-04-05 11:43:51.040 DEBUG 72506 --- [    Test worker] o.s.security.web.FilterChainProxy        : Secured POST /emia/category
2023-04-05 11:43:51.042 DEBUG 72506 --- [    Test worker] horizationManagerBeforeMethodInterceptor : Authorizing method invocation ReflectiveMethodInvocation: public org.springframework.http.ResponseEntity it.cambi.qrgui.rest.CategoryResource.postCategory(it.cambi.qrgui.api.model.CategoryDto,javax.servlet.http.HttpServletRequest,org.springframework.security.core.Authentication); target is of class [it.cambi.qrgui.rest.CategoryResource]
2023-04-05 11:43:51.043 DEBUG 72506 --- [    Test worker] horizationManagerBeforeMethodInterceptor : Authorized method invocation ReflectiveMethodInvocation: public org.springframework.http.ResponseEntity it.cambi.qrgui.rest.CategoryResource.postCategory(it.cambi.qrgui.api.model.CategoryDto,javax.servlet.http.HttpServletRequest,org.springframework.security.core.Authentication); target is of class [it.cambi.qrgui.rest.CategoryResource]
2023-04-05 11:43:51.047  INFO 72506 --- [    Test worker] it.cambi.qrgui.rest.CategoryResource     : ... creo una nuova categoria
2023-04-05 11:43:51.065  INFO 72506 --- [    Test worker] it.cambi.qrgui.rest.BasicResource        : Request  ----> ErtaGuiUser(userName=admin@xxx.com, password=null, locale=en, url=http://localhost/emia/category, queryString=null, guiVersion=null, requestType=POST, browser=null, ertaQrGuiRoles=[], isAdmin=false, address=localhost (127.0.0.1:80), requestDate=Wed Apr 05 11:43:51 CEST 2023)
Response ----> 2023-04-05 11:43:51.065, success --> , count --> 

2023-04-05 11:43:51.091 DEBUG 72506 --- [    Test worker] s.s.w.c.SecurityContextPersistenceFilter : Cleared SecurityContextHolder to complete request
2023-04-05 11:43:51.102  INFO 72506 --- [    Test worker] i.c.q.s.services.GuiUserDetailService    : ... attempting to authenticate user admin@xxx.com
2023-04-05 11:43:51.104  INFO 72506 --- [    Test worker] i.c.q.s.services.GuiUserDetailService    : User admin@xxx.com has role QRA
2023-04-05 11:43:51.106  INFO 72506 --- [    Test worker] o.a.c.c.C.[.[localhost].[/qrgui/rest]    : Initializing Spring TestDispatcherServlet ''
2023-04-05 11:43:51.106  INFO 72506 --- [    Test worker] o.s.t.web.servlet.TestDispatcherServlet  : Initializing Servlet ''
2023-04-05 11:43:51.107  INFO 72506 --- [    Test worker] o.s.t.web.servlet.TestDispatcherServlet  : Completed initialization in 1 ms
2023-04-05 11:43:51.127  INFO 72506 --- [    Test worker] Spring Security Debugger                 : 

************************************************************

Request received for POST '/emia/query':

org.springframework.mock.web.MockHttpServletRequest@1592a3d5

servletPath:
pathInfo:/emia/query
headers: 
Content-Type: application/json
Content-Length: 271


Security filter chain: [
  DisableEncodeUrlFilter
  WebAsyncManagerIntegrationFilter
  SecurityContextPersistenceFilter
  HeaderWriterFilter
  CorsFilter
  LogoutFilter
  BasicAuthenticationFilter
  RequestCacheAwareFilter
  SecurityContextHolderAwareRequestFilter
  AnonymousAuthenticationFilter
  SessionManagementFilter
  ExceptionTranslationFilter
  FilterSecurityInterceptor
]


************************************************************


2023-04-05 11:43:51.127 DEBUG 72506 --- [    Test worker] o.s.security.web.FilterChainProxy        : Securing POST /emia/query
2023-04-05 11:43:51.127 DEBUG 72506 --- [    Test worker] s.s.w.c.SecurityContextPersistenceFilter : Set SecurityContextHolder to SecurityContextImpl [Authentication=UsernamePasswordAuthenticationToken [Principal=org.springframework.security.core.userdetails.User [Username=admin@xxx.com, Password=[PROTECTED], Enabled=true, AccountNonExpired=true, credentialsNonExpired=true, AccountNonLocked=true, Granted Authorities=[QRA]], Credentials=[PROTECTED], Authenticated=true, Details=null, Granted Authorities=[QRA]]]
2023-04-05 11:43:51.128 DEBUG 72506 --- [    Test worker] o.s.s.w.a.i.FilterSecurityInterceptor    : Authorized filter invocation [POST /emia/query] with attributes [authenticated]
2023-04-05 11:43:51.129 DEBUG 72506 --- [    Test worker] o.s.security.web.FilterChainProxy        : Secured POST /emia/query
2023-04-05 11:43:51.137 DEBUG 72506 --- [    Test worker] horizationManagerBeforeMethodInterceptor : Authorizing method invocation ReflectiveMethodInvocation: public org.springframework.http.ResponseEntity it.cambi.qrgui.rest.QueryResource.postQuery(it.cambi.qrgui.api.model.UteQueDto,javax.servlet.http.HttpServletRequest); target is of class [it.cambi.qrgui.rest.QueryResource]
2023-04-05 11:43:51.138 DEBUG 72506 --- [    Test worker] horizationManagerBeforeMethodInterceptor : Authorized method invocation ReflectiveMethodInvocation: public org.springframework.http.ResponseEntity it.cambi.qrgui.rest.QueryResource.postQuery(it.cambi.qrgui.api.model.UteQueDto,javax.servlet.http.HttpServletRequest); target is of class [it.cambi.qrgui.rest.QueryResource]
2023-04-05 11:43:51.143  INFO 72506 --- [    Test worker] it.cambi.qrgui.rest.QueryResource        : ... salvo una nuova query
2023-04-05 11:43:51.144  INFO 72506 --- [    Test worker] it.cambi.qrgui.rest.BasicResource        : Request  ----> ErtaGuiUser(userName=admin@xxx.com, password=null, locale=en, url=http://localhost/emia/query, queryString=null, guiVersion=null, requestType=POST, browser=null, ertaQrGuiRoles=[], isAdmin=false, address=localhost (127.0.0.1:80), requestDate=Wed Apr 05 11:43:51 CEST 2023)
Response ----> 2023-04-05 11:43:51.144, success --> , count --> 

2023-04-05 11:43:51.145 DEBUG 72506 --- [    Test worker] s.s.w.c.SecurityContextPersistenceFilter : Cleared SecurityContextHolder to complete request
]]></system-out>
  <system-err><![CDATA[]]></system-err>
</testsuite>
