<?xml version="1.0" encoding="UTF-8"?>
<testsuite name="test.AwsS3Test" tests="1" skipped="0" failures="0" errors="0" timestamp="2023-04-05T09:43:26" hostname="luca-20qes8cd01" time="0.646">
  <properties/>
  <testcase name="should add file to bucket" classname="test.AwsS3Test" time="0.646"/>
  <system-out><![CDATA[11:43:21.761 [Test worker] INFO org.testcontainers.DockerClientFactory - Docker host IP address is localhost
11:43:21.762 [Test worker] DEBUG org.testcontainers.DockerClientFactory - Docker info: {NGoroutines=169, Name=luca-20qes8cd01, Swarm={NodeID=5ny2qh7uxm6arltrs3qvwshnr, NodeAddr=192.168.1.103, LocalNodeState=active, ControlAvailable=true, Error=, RemoteManagers=[{NodeID=5ny2qh7uxm6arltrs3qvwshnr, Addr=192.168.1.103:2377}], Nodes=1, Managers=1, Cluster={ID=k8fzkm6851qkjo11pw48dunqk, Version={Index=1877}, CreatedAt=2022-09-09T20:44:26.728370269Z, UpdatedAt=2023-04-04T14:04:43.841585421Z, Spec={Name=default, Labels={}, Orchestration={TaskHistoryRetentionLimit=5}, Raft={SnapshotInterval=10000, KeepOldSnapshots=0, LogEntriesForSlowFollowers=500, ElectionTick=10, HeartbeatTick=1}, Dispatcher={HeartbeatPeriod=5000000000}, CAConfig={NodeCertExpiry=7776000000000000}, TaskDefaults={}, EncryptionConfig={AutoLockManagers=false}}, TLSInfo={TrustRoot=-----BEGIN CERTIFICATE-----
MIIBazCCARCgAwIBAgIUFWIH1/WfHB92mqXeBridljfdddMwCgYIKoZIzj0EAwIw
EzERMA8GA1UEAxMIc3dhcm0tY2EwHhcNMjIwOTA5MjAzOTAwWhcNNDIwOTA0MjAz
OTAwWjATMREwDwYDVQQDEwhzd2FybS1jYTBZMBMGByqGSM49AgEGCCqGSM49AwEH
A0IABHFcwGYub0O2gAuYRzKuNJS3smZV8RiW9SRNK6IG7N4yiD8HvjZXadZoSIZz
oVGa4CJhE6NXb7q2QID906hQtQGjQjBAMA4GA1UdDwEB/wQEAwIBBjAPBgNVHRMB
Af8EBTADAQH/MB0GA1UdDgQWBBS4UlLKCmcV8EBWPX93j/pSXzVIADAKBggqhkjO
PQQDAgNJADBGAiEAjw5K4rcjEs2jdQZAPcS1/LKuLsYoAyCfw6jnLoHwHwgCIQCZ
5zj3aZoHgRQH2p/kcmMltAGcDyOoRFwkcykDIKe78g==
-----END CERTIFICATE-----
, CertIssuerSubject=MBMxETAPBgNVBAMTCHN3YXJtLWNh, CertIssuerPublicKey=MFkwEwYHKoZIzj0CAQYIKoZIzj0DAQcDQgAEcVzAZi5vQ7aAC5hHMq40lLeyZlXxGJb1JE0rogbs3jKIPwe+Nldp1mhIhnOhUZrgImETo1dvurZAgP3TqFC1AQ==}, RootRotationInProgress=false, DefaultAddrPool=[10.0.0.0/8], SubnetSize=24, DataPathPort=4789}}, RuncCommit={ID=, Expected=}, OSVersion=, Runtimes={io.containerd.runc.v2={path=runc}, runc={path=runc}}, ID=3AAE:DQW3:J3D6:6YSF:VLMH:4VHB:VGRX:BZPF:FXY5:LTRG:6QX5:WROI, DriverStatus=[[Backing Filesystem, extfs], [Supports d_type, true], [Using metacopy, true], [Native Overlay Diff, false], [userxattr, false]], BridgeNfIptables=true, LiveRestoreEnabled=false, SystemTime=2023-04-05T11:43:21.580767934+02:00, NoProxy=, Architecture=x86_64, NEventsListener=0, HttpsProxy=, Images=51, ContainersRunning=2, Labels=[], InitCommit={ID=de40ad0, Expected=de40ad0}, NFd=56, KernelVersion=6.2.9-arch1-1, LoggingDriver=json-file, OSType=linux, SecurityOptions=[name=seccomp,profile=builtin, name=cgroupns], ContainerdCommit={ID=1fbd70374134b891f97ce19c70b6e50c7b9f4e0d.m, Expected=1fbd70374134b891f97ce19c70b6e50c7b9f4e0d.m}, GenericResources=null, OperatingSystem=EndeavourOS, RegistryConfig={AllowNondistributableArtifactsCIDRs=null, AllowNondistributableArtifactsHostnames=null, InsecureRegistryCIDRs=[127.0.0.0/8], IndexConfigs={docker.io={Name=docker.io, Mirrors=[], Secure=true, Official=true}}, Mirrors=null}, ServerVersion=23.0.2, OomKillDisable=false, CpuCfsQuota=true, Containers=11, Driver=overlay2, IPv4Forwarding=true, ExperimentalBuild=false, DockerRootDir=/var/lib/docker, CPUSet=true, CpuCfsPeriod=true, DefaultRuntime=runc, CPUShares=true, Debug=false, NCPU=8, Plugins={Volume=[local], Network=[bridge, host, ipvlan, macvlan, null, overlay], Authorization=null, Log=[awslogs, fluentd, gcplogs, gelf, journald, json-file, local, logentries, splunk, syslog]}, SwapLimit=true, CgroupDriver=systemd, ContainersPaused=0, MemTotal=16536707072, IndexServerAddress=https://index.docker.io/v1/, MemoryLimit=true, HttpProxy=, InitBinary=docker-init, CgroupVersion=2, PidsLimit=true, Isolation=, BridgeNfIp6tables=true, Warnings=null, ContainersStopped=9}
11:43:21.764 [Test worker] DEBUG org.testcontainers.shaded.com.github.dockerjava.core.command.AbstrDockerCmd - Cmd: 
11:43:21.765 [Test worker] DEBUG com.github.dockerjava.zerodep.shaded.org.apache.hc.client5.http.impl.classic.InternalHttpClient - ex-00000002: preparing request execution
11:43:21.765 [Test worker] DEBUG com.github.dockerjava.zerodep.shaded.org.apache.hc.client5.http.protocol.RequestAddCookies - Cookie spec selected: strict
11:43:21.765 [Test worker] DEBUG com.github.dockerjava.zerodep.shaded.org.apache.hc.client5.http.protocol.RequestAuthCache - Auth cache not set in the context
11:43:21.765 [Test worker] DEBUG com.github.dockerjava.zerodep.shaded.org.apache.hc.client5.http.impl.classic.ProtocolExec - ex-00000002: target auth state: UNCHALLENGED
11:43:21.765 [Test worker] DEBUG com.github.dockerjava.zerodep.shaded.org.apache.hc.client5.http.impl.classic.ProtocolExec - ex-00000002: proxy auth state: UNCHALLENGED
11:43:21.766 [Test worker] DEBUG com.github.dockerjava.zerodep.shaded.org.apache.hc.client5.http.impl.classic.ConnectExec - ex-00000002: acquiring connection with route {}->unix://localhost:2375
11:43:21.766 [Test worker] DEBUG com.github.dockerjava.zerodep.shaded.org.apache.hc.client5.http.impl.classic.InternalHttpClient - ex-00000002: acquiring endpoint (3 MINUTES)
11:43:21.766 [Test worker] DEBUG com.github.dockerjava.zerodep.shaded.org.apache.hc.client5.http.impl.io.PoolingHttpClientConnectionManager - ex-00000002: endpoint lease request (3 MINUTES) [route: {}->unix://localhost:2375][total available: 1; route allocated: 1 of 2147483647; total allocated: 1 of 2147483647]
11:43:21.766 [Test worker] DEBUG com.github.dockerjava.zerodep.shaded.org.apache.hc.client5.http.impl.io.PoolingHttpClientConnectionManager - ex-00000002: endpoint leased [route: {}->unix://localhost:2375][total available: 0; route allocated: 1 of 2147483647; total allocated: 1 of 2147483647]
11:43:21.766 [Test worker] DEBUG com.github.dockerjava.zerodep.shaded.org.apache.hc.client5.http.impl.io.PoolingHttpClientConnectionManager - ex-00000002: acquired ep-00000001
11:43:21.766 [Test worker] DEBUG com.github.dockerjava.zerodep.shaded.org.apache.hc.client5.http.impl.classic.InternalHttpClient - ex-00000002: acquired endpoint ep-00000001
11:43:21.766 [Test worker] DEBUG com.github.dockerjava.zerodep.shaded.org.apache.hc.client5.http.impl.classic.MainClientExec - ex-00000002: executing GET /v1.32/version HTTP/1.1
11:43:21.766 [Test worker] DEBUG com.github.dockerjava.zerodep.shaded.org.apache.hc.client5.http.impl.classic.InternalHttpClient - ep-00000001: start execution ex-00000002
11:43:21.766 [Test worker] DEBUG com.github.dockerjava.zerodep.shaded.org.apache.hc.client5.http.impl.io.PoolingHttpClientConnectionManager - ep-00000001: executing exchange ex-00000002 over http-outgoing-0
11:43:21.767 [Test worker] DEBUG com.github.dockerjava.zerodep.shaded.org.apache.hc.client5.http.headers - http-outgoing-0 >> GET /v1.32/version HTTP/1.1
11:43:21.767 [Test worker] DEBUG com.github.dockerjava.zerodep.shaded.org.apache.hc.client5.http.headers - http-outgoing-0 >> accept: application/json
11:43:21.767 [Test worker] DEBUG com.github.dockerjava.zerodep.shaded.org.apache.hc.client5.http.headers - http-outgoing-0 >> x-tc-sid: b7f6c99f-5b0f-49a9-8796-94a8ae81f0d8
11:43:21.767 [Test worker] DEBUG com.github.dockerjava.zerodep.shaded.org.apache.hc.client5.http.headers - http-outgoing-0 >> Accept-Encoding: gzip, x-gzip, deflate
11:43:21.767 [Test worker] DEBUG com.github.dockerjava.zerodep.shaded.org.apache.hc.client5.http.headers - http-outgoing-0 >> Host: localhost:2375
11:43:21.767 [Test worker] DEBUG com.github.dockerjava.zerodep.shaded.org.apache.hc.client5.http.headers - http-outgoing-0 >> Connection: keep-alive
11:43:21.767 [Test worker] DEBUG com.github.dockerjava.zerodep.shaded.org.apache.hc.client5.http.headers - http-outgoing-0 >> User-Agent: Apache-HttpClient/5.0.3 (Java/17.0.6)
11:43:21.767 [Test worker] DEBUG com.github.dockerjava.zerodep.shaded.org.apache.hc.client5.http.wire - http-outgoing-0 >> "GET /v1.32/version HTTP/1.1[\r][\n]"
11:43:21.767 [Test worker] DEBUG com.github.dockerjava.zerodep.shaded.org.apache.hc.client5.http.wire - http-outgoing-0 >> "accept: application/json[\r][\n]"
11:43:21.767 [Test worker] DEBUG com.github.dockerjava.zerodep.shaded.org.apache.hc.client5.http.wire - http-outgoing-0 >> "x-tc-sid: b7f6c99f-5b0f-49a9-8796-94a8ae81f0d8[\r][\n]"
11:43:21.767 [Test worker] DEBUG com.github.dockerjava.zerodep.shaded.org.apache.hc.client5.http.wire - http-outgoing-0 >> "Accept-Encoding: gzip, x-gzip, deflate[\r][\n]"
11:43:21.767 [Test worker] DEBUG com.github.dockerjava.zerodep.shaded.org.apache.hc.client5.http.wire - http-outgoing-0 >> "Host: localhost:2375[\r][\n]"
11:43:21.767 [Test worker] DEBUG com.github.dockerjava.zerodep.shaded.org.apache.hc.client5.http.wire - http-outgoing-0 >> "Connection: keep-alive[\r][\n]"
11:43:21.768 [Test worker] DEBUG com.github.dockerjava.zerodep.shaded.org.apache.hc.client5.http.wire - http-outgoing-0 >> "User-Agent: Apache-HttpClient/5.0.3 (Java/17.0.6)[\r][\n]"
11:43:21.768 [Test worker] DEBUG com.github.dockerjava.zerodep.shaded.org.apache.hc.client5.http.wire - http-outgoing-0 >> "[\r][\n]"
11:43:21.773 [Test worker] DEBUG com.github.dockerjava.zerodep.shaded.org.apache.hc.client5.http.wire - http-outgoing-0 << "HTTP/1.1 200 OK[\r][\n]"
11:43:21.773 [Test worker] DEBUG com.github.dockerjava.zerodep.shaded.org.apache.hc.client5.http.wire - http-outgoing-0 << "Api-Version: 1.42[\r][\n]"
11:43:21.773 [Test worker] DEBUG com.github.dockerjava.zerodep.shaded.org.apache.hc.client5.http.wire - http-outgoing-0 << "Content-Type: application/json[\r][\n]"
11:43:21.773 [Test worker] DEBUG com.github.dockerjava.zerodep.shaded.org.apache.hc.client5.http.wire - http-outgoing-0 << "Docker-Experimental: false[\r][\n]"
11:43:21.773 [Test worker] DEBUG com.github.dockerjava.zerodep.shaded.org.apache.hc.client5.http.wire - http-outgoing-0 << "Ostype: linux[\r][\n]"
11:43:21.774 [Test worker] DEBUG com.github.dockerjava.zerodep.shaded.org.apache.hc.client5.http.wire - http-outgoing-0 << "Server: Docker/23.0.2 (linux)[\r][\n]"
11:43:21.774 [Test worker] DEBUG com.github.dockerjava.zerodep.shaded.org.apache.hc.client5.http.wire - http-outgoing-0 << "Date: Wed, 05 Apr 2023 09:43:21 GMT[\r][\n]"
11:43:21.774 [Test worker] DEBUG com.github.dockerjava.zerodep.shaded.org.apache.hc.client5.http.wire - http-outgoing-0 << "Content-Length: 780[\r][\n]"
11:43:21.774 [Test worker] DEBUG com.github.dockerjava.zerodep.shaded.org.apache.hc.client5.http.wire - http-outgoing-0 << "[\r][\n]"
11:43:21.774 [Test worker] DEBUG com.github.dockerjava.zerodep.shaded.org.apache.hc.client5.http.wire - http-outgoing-0 << "{"Platform":{"Name":""},"Components":[{"Name":"Engine","Version":"23.0.2","Details":{"ApiVersion":"1.42","Arch":"amd64","BuildTime":"2023-04-02T11:30:09.000000000+00:00","Experimental":"false","GitCommit":"219f21bf07","GoVersion":"go1.20.2","KernelVersion":"6.2.9-arch1-1","MinAPIVersion":"1.12","Os":"linux"}},{"Name":"containerd","Version":"v1.7.0","Details":{"GitCommit":"1fbd70374134b891f97ce19c70b6e50c7b9f4e0d.m"}},{"Name":"runc","Version":"1.1.5","Details":{"GitCommit":""}},{"Name":"docker-init","Version":"0.19.0","Details":{"GitCommit":"de40ad0"}}],"Version":"23.0.2","ApiVersion":"1.42","MinAPIVersion":"1.12","GitCommit":"219f21bf07","GoVersion":"go1.20.2","Os":"linux","Arch":"amd64","KernelVersion":"6.2.9-arch1-1","BuildTime":"2023-04-02T11:30:09.000000000+00:00"}[\n]"
11:43:21.774 [Test worker] DEBUG com.github.dockerjava.zerodep.shaded.org.apache.hc.client5.http.headers - http-outgoing-0 << HTTP/1.1 200 OK
11:43:21.774 [Test worker] DEBUG com.github.dockerjava.zerodep.shaded.org.apache.hc.client5.http.headers - http-outgoing-0 << Api-Version: 1.42
11:43:21.774 [Test worker] DEBUG com.github.dockerjava.zerodep.shaded.org.apache.hc.client5.http.headers - http-outgoing-0 << Content-Type: application/json
11:43:21.774 [Test worker] DEBUG com.github.dockerjava.zerodep.shaded.org.apache.hc.client5.http.headers - http-outgoing-0 << Docker-Experimental: false
11:43:21.774 [Test worker] DEBUG com.github.dockerjava.zerodep.shaded.org.apache.hc.client5.http.headers - http-outgoing-0 << Ostype: linux
11:43:21.774 [Test worker] DEBUG com.github.dockerjava.zerodep.shaded.org.apache.hc.client5.http.headers - http-outgoing-0 << Server: Docker/23.0.2 (linux)
11:43:21.775 [Test worker] DEBUG com.github.dockerjava.zerodep.shaded.org.apache.hc.client5.http.headers - http-outgoing-0 << Date: Wed, 05 Apr 2023 09:43:21 GMT
11:43:21.775 [Test worker] DEBUG com.github.dockerjava.zerodep.shaded.org.apache.hc.client5.http.headers - http-outgoing-0 << Content-Length: 780
11:43:21.775 [Test worker] DEBUG com.github.dockerjava.zerodep.shaded.org.apache.hc.client5.http.impl.classic.MainClientExec - ex-00000002: connection can be kept alive for 3 MINUTES
11:43:21.781 [Test worker] DEBUG com.github.dockerjava.zerodep.shaded.org.apache.hc.client5.http.impl.classic.InternalHttpClient - ep-00000001: releasing valid endpoint
11:43:21.781 [Test worker] DEBUG com.github.dockerjava.zerodep.shaded.org.apache.hc.client5.http.impl.io.PoolingHttpClientConnectionManager - ep-00000001: releasing endpoint
11:43:21.782 [Test worker] DEBUG com.github.dockerjava.zerodep.shaded.org.apache.hc.client5.http.impl.io.PoolingHttpClientConnectionManager - ep-00000001: connection http-outgoing-0 can be kept alive for 3 MINUTES
11:43:21.782 [Test worker] DEBUG com.github.dockerjava.zerodep.shaded.org.apache.hc.client5.http.impl.io.PoolingHttpClientConnectionManager - ep-00000001: connection released [route: {}->unix://localhost:2375][total available: 1; route allocated: 1 of 2147483647; total allocated: 1 of 2147483647]
11:43:21.782 [Test worker] DEBUG org.testcontainers.DockerClientFactory - Docker version: {Components=[{Name=Engine, Version=23.0.2, Details={ApiVersion=1.42, Arch=amd64, BuildTime=2023-04-02T11:30:09.000000000+00:00, Experimental=false, GitCommit=219f21bf07, GoVersion=go1.20.2, KernelVersion=6.2.9-arch1-1, MinAPIVersion=1.12, Os=linux}}, {Name=containerd, Version=v1.7.0, Details={GitCommit=1fbd70374134b891f97ce19c70b6e50c7b9f4e0d.m}}, {Name=runc, Version=1.1.5, Details={GitCommit=}}, {Name=docker-init, Version=0.19.0, Details={GitCommit=de40ad0}}], KernelVersion=6.2.9-arch1-1, ApiVersion=1.42, Platform={Name=}, GitCommit=219f21bf07, Os=linux, Version=23.0.2, MinAPIVersion=1.12, Arch=amd64, GoVersion=go1.20.2, BuildTime=2023-04-02T11:30:09.000000000+00:00}
11:43:21.782 [Test worker] INFO org.testcontainers.DockerClientFactory - Connected to docker: 
  Server Version: 23.0.2
  API Version: 1.42
  Operating System: EndeavourOS
  Total Memory: 15770 MB
11:43:21.790 [Test worker] DEBUG org.testcontainers.utility.RyukResourceReaper - Ryuk is enabled
11:43:21.791 [Test worker] DEBUG org.testcontainers.utility.PrefixingImageNameSubstitutor - No prefix is configured
11:43:21.792 [Test worker] DEBUG org.testcontainers.utility.ImageNameSubstitutor - Did not find a substitute image for testcontainers/ryuk:0.3.3 (using image substitutor: DefaultImageNameSubstitutor (composite of 'ConfigurationFileImageNameSubstitutor' and 'PrefixingImageNameSubstitutor'))
11:43:21.794 [Test worker] DEBUG org.testcontainers.shaded.com.github.dockerjava.core.command.AbstrDockerCmd - Cmd: ListImagesCmdImpl[filters=org.testcontainers.shaded.com.github.dockerjava.core.util.FiltersBuilder@0,imageNameFilter=<null>,showAll=false]
11:43:21.797 [Test worker] DEBUG com.github.dockerjava.zerodep.shaded.org.apache.hc.client5.http.impl.classic.InternalHttpClient - ex-00000003: preparing request execution
11:43:21.797 [Test worker] DEBUG com.github.dockerjava.zerodep.shaded.org.apache.hc.client5.http.protocol.RequestAddCookies - Cookie spec selected: strict
11:43:21.797 [Test worker] DEBUG com.github.dockerjava.zerodep.shaded.org.apache.hc.client5.http.protocol.RequestAuthCache - Auth cache not set in the context
11:43:21.797 [Test worker] DEBUG com.github.dockerjava.zerodep.shaded.org.apache.hc.client5.http.impl.classic.ProtocolExec - ex-00000003: target auth state: UNCHALLENGED
11:43:21.797 [Test worker] DEBUG com.github.dockerjava.zerodep.shaded.org.apache.hc.client5.http.impl.classic.ProtocolExec - ex-00000003: proxy auth state: UNCHALLENGED
11:43:21.797 [Test worker] DEBUG com.github.dockerjava.zerodep.shaded.org.apache.hc.client5.http.impl.classic.ConnectExec - ex-00000003: acquiring connection with route {}->unix://localhost:2375
11:43:21.797 [Test worker] DEBUG com.github.dockerjava.zerodep.shaded.org.apache.hc.client5.http.impl.classic.InternalHttpClient - ex-00000003: acquiring endpoint (3 MINUTES)
11:43:21.797 [Test worker] DEBUG com.github.dockerjava.zerodep.shaded.org.apache.hc.client5.http.impl.io.PoolingHttpClientConnectionManager - ex-00000003: endpoint lease request (3 MINUTES) [route: {}->unix://localhost:2375][total available: 1; route allocated: 1 of 2147483647; total allocated: 1 of 2147483647]
11:43:21.798 [Test worker] DEBUG com.github.dockerjava.zerodep.shaded.org.apache.hc.client5.http.impl.io.PoolingHttpClientConnectionManager - ex-00000003: endpoint leased [route: {}->unix://localhost:2375][total available: 0; route allocated: 1 of 2147483647; total allocated: 1 of 2147483647]
11:43:21.798 [Test worker] DEBUG com.github.dockerjava.zerodep.shaded.org.apache.hc.client5.http.impl.io.PoolingHttpClientConnectionManager - ex-00000003: acquired ep-00000002
11:43:21.798 [Test worker] DEBUG com.github.dockerjava.zerodep.shaded.org.apache.hc.client5.http.impl.classic.InternalHttpClient - ex-00000003: acquired endpoint ep-00000002
11:43:21.798 [Test worker] DEBUG com.github.dockerjava.zerodep.shaded.org.apache.hc.client5.http.impl.classic.MainClientExec - ex-00000003: executing GET /v1.32/images/json HTTP/1.1
11:43:21.798 [Test worker] DEBUG com.github.dockerjava.zerodep.shaded.org.apache.hc.client5.http.impl.classic.InternalHttpClient - ep-00000002: start execution ex-00000003
11:43:21.798 [Test worker] DEBUG com.github.dockerjava.zerodep.shaded.org.apache.hc.client5.http.impl.io.PoolingHttpClientConnectionManager - ep-00000002: executing exchange ex-00000003 over http-outgoing-0
11:43:21.798 [Test worker] DEBUG com.github.dockerjava.zerodep.shaded.org.apache.hc.client5.http.headers - http-outgoing-0 >> GET /v1.32/images/json HTTP/1.1
11:43:21.798 [Test worker] DEBUG com.github.dockerjava.zerodep.shaded.org.apache.hc.client5.http.headers - http-outgoing-0 >> accept: application/json
11:43:21.798 [Test worker] DEBUG com.github.dockerjava.zerodep.shaded.org.apache.hc.client5.http.headers - http-outgoing-0 >> x-tc-sid: b7f6c99f-5b0f-49a9-8796-94a8ae81f0d8
11:43:21.798 [Test worker] DEBUG com.github.dockerjava.zerodep.shaded.org.apache.hc.client5.http.headers - http-outgoing-0 >> Accept-Encoding: gzip, x-gzip, deflate
11:43:21.798 [Test worker] DEBUG com.github.dockerjava.zerodep.shaded.org.apache.hc.client5.http.headers - http-outgoing-0 >> Host: localhost:2375
11:43:21.798 [Test worker] DEBUG com.github.dockerjava.zerodep.shaded.org.apache.hc.client5.http.headers - http-outgoing-0 >> Connection: keep-alive
11:43:21.798 [Test worker] DEBUG com.github.dockerjava.zerodep.shaded.org.apache.hc.client5.http.headers - http-outgoing-0 >> User-Agent: Apache-HttpClient/5.0.3 (Java/17.0.6)
11:43:21.799 [Test worker] DEBUG com.github.dockerjava.zerodep.shaded.org.apache.hc.client5.http.wire - http-outgoing-0 >> "GET /v1.32/images/json HTTP/1.1[\r][\n]"
11:43:21.799 [Test worker] DEBUG com.github.dockerjava.zerodep.shaded.org.apache.hc.client5.http.wire - http-outgoing-0 >> "accept: application/json[\r][\n]"
11:43:21.799 [Test worker] DEBUG com.github.dockerjava.zerodep.shaded.org.apache.hc.client5.http.wire - http-outgoing-0 >> "x-tc-sid: b7f6c99f-5b0f-49a9-8796-94a8ae81f0d8[\r][\n]"
11:43:21.799 [Test worker] DEBUG com.github.dockerjava.zerodep.shaded.org.apache.hc.client5.http.wire - http-outgoing-0 >> "Accept-Encoding: gzip, x-gzip, deflate[\r][\n]"
11:43:21.799 [Test worker] DEBUG com.github.dockerjava.zerodep.shaded.org.apache.hc.client5.http.wire - http-outgoing-0 >> "Host: localhost:2375[\r][\n]"
11:43:21.799 [Test worker] DEBUG com.github.dockerjava.zerodep.shaded.org.apache.hc.client5.http.wire - http-outgoing-0 >> "Connection: keep-alive[\r][\n]"
11:43:21.799 [Test worker] DEBUG com.github.dockerjava.zerodep.shaded.org.apache.hc.client5.http.wire - http-outgoing-0 >> "User-Agent: Apache-HttpClient/5.0.3 (Java/17.0.6)[\r][\n]"
11:43:21.799 [Test worker] DEBUG com.github.dockerjava.zerodep.shaded.org.apache.hc.client5.http.wire - http-outgoing-0 >> "[\r][\n]"
11:43:21.822 [Test worker] DEBUG com.github.dockerjava.zerodep.shaded.org.apache.hc.client5.http.wire - http-outgoing-0 << "HTTP/1.1 200 OK[\r][\n]"
11:43:21.823 [Test worker] DEBUG com.github.dockerjava.zerodep.shaded.org.apache.hc.client5.http.wire - http-outgoing-0 << "Api-Version: 1.42[\r][\n]"
11:43:21.823 [Test worker] DEBUG com.github.dockerjava.zerodep.shaded.org.apache.hc.client5.http.wire - http-outgoing-0 << "Content-Type: application/json[\r][\n]"
11:43:21.823 [Test worker] DEBUG com.github.dockerjava.zerodep.shaded.org.apache.hc.client5.http.wire - http-outgoing-0 << "Docker-Experimental: false[\r][\n]"
11:43:21.823 [Test worker] DEBUG com.github.dockerjava.zerodep.shaded.org.apache.hc.client5.http.wire - http-outgoing-0 << "Ostype: linux[\r][\n]"
11:43:21.823 [Test worker] DEBUG com.github.dockerjava.zerodep.shaded.org.apache.hc.client5.http.wire - http-outgoing-0 << "Server: Docker/23.0.2 (linux)[\r][\n]"
11:43:21.823 [Test worker] DEBUG com.github.dockerjava.zerodep.shaded.org.apache.hc.client5.http.wire - http-outgoing-0 << "Date: Wed, 05 Apr 2023 09:43:21 GMT[\r][\n]"
11:43:21.823 [Test worker] DEBUG com.github.dockerjava.zerodep.shaded.org.apache.hc.client5.http.wire - http-outgoing-0 << "Transfer-Encoding: chunked[\r][\n]"
11:43:21.823 [Test worker] DEBUG com.github.dockerjava.zerodep.shaded.org.apache.hc.client5.http.wire - http-outgoing-0 << "[\r][\n]"
11:43:21.823 [Test worker] DEBUG com.github.dockerjava.zerodep.shaded.org.apache.hc.client5.http.wire - http-outgoing-0 << "3a9e[\r][\n]"
11:43:21.824 [Test worker] DEBUG com.github.dockerjava.zerodep.shaded.org.apache.hc.client5.http.wire - http-outgoing-0 << "[{"Containers":-1,"Created":1676090819,"Id":"sha256:6dff1269bc79a7c9056a9e9fa9c04850e842b0124a9c73d089ae647b13b0187d","Labels":null,"ParentId":"","RepoDigests":["alpine@sha256:fa26727c28837d1471c2f1524d297a0255c153b5d023d7badd1412be7e6e12a2"],"RepoTags":["alpine:3.14"],"SharedSize":-1,"Size":5608978,"VirtualSize":5608978},{"Containers":-1,"Created":1674567341,"Id":"sha256:48cea9ce24597884240b4c47fc8d18153aae15b7cea76c8cd8bd5d019bb19392","Labels":{"com.docker.compose.project":"host_docker_internal","com.docker.compose.service":"node-app","com.docker.compose.version":"2.14.2"},"ParentId":"","RepoDigests":null,"RepoTags":["node-app:latest"],"SharedSize":-1,"Size":71672604,"VirtualSize":71672604},{"Containers":-1,"Created":1674552183,"Id":"sha256:da5cdc32e194991042940d012ff94d25441ecc5473d001e22b6efa4aac23b548","Labels":{"com.docker.compose.project":"dns","com.docker.compose.service":"alpine-app-1","com.docker.compose.version":"2.14.2"},"ParentId":"","RepoDigests":null,"RepoTags":["alpine-app-1:latest"],"SharedSize":-1,"Size":14286874,"VirtualSize":14286874},{"Containers":-1,"Created":1674552183,"Id":"sha256:fa00525830f4c3fa84a398031458833e0a81ce26e67f3164b230f8ecc347a8d1","Labels":{"com.docker.compose.project":"dns","com.docker.compose.service":"alpine-app-2","com.docker.compose.version":"2.14.2"},"ParentId":"","RepoDigests":null,"RepoTags":["alpine-app-2:latest"],"SharedSize":-1,"Size":14286874,"VirtualSize":14286874},{"Containers":-1,"Created":1674402520,"Id":"sha256:b0857abb3be5ca996b1fdf301eac79a74ae62d173a16dd9664947a22a1f03fe5","Labels":{"com.docker.compose.project":"dns","com.docker.compose.service":"alpine-app-1","com.docker.compose.version":"2.14.2"},"ParentId":"","RepoDigests":null,"RepoTags":["dns-alpine-app-1:latest"],"SharedSize":-1,"Size":683513956,"VirtualSize":683513956},{"Containers":-1,"Created":1674402520,"Id":"sha256:cf5a06bbb79fbf773fd94a992d1607a276371c4e3418a7a1b4fc6bae096923b6","Labels":{"com.docker.compose.project":"static_ip","com.docker.compose.service":"first-web-app","com.docker.compose.version":"2.14.2"},"ParentId":"","RepoDigests":null,"RepoTags":["first-web-app:latest"],"SharedSize":-1,"Size":683513956,"VirtualSize":683513956},{"Containers":-1,"Created":1674402520,"Id":"sha256:a0f26e0b3876fb7d5785850c99837c0d0a20f014dc88736160dcf632470c2f01","Labels":{"com.docker.compose.project":"dns","com.docker.compose.service":"first-web-app","com.docker.compose.version":"2.14.2"},"ParentId":"","RepoDigests":null,"RepoTags":["first-app:latest"],"SharedSize":-1,"Size":683513956,"VirtualSize":683513956},{"Containers":-1,"Created":1674402520,"Id":"sha256:98a65e3822a6716596f5f7c1441bc6ec2e313872dceea084cc1e253177a22b3b","Labels":{"com.docker.compose.project":"static_ip","com.docker.compose.service":"java-app","com.docker.compose.version":"2.14.2"},"ParentId":"","RepoDigests":null,"RepoTags":["java-app:latest"],"SharedSize":-1,"Size":683513956,"VirtualSize":683513956},{"Containers":-1,"Created":1674402520,"Id":"sha256:d33569853bbc7bd0d49a02bbd25c2da434ae77f8f4e1dd82c8c3d636654251db","Labels":{"com.docker.compose.project":"dns","com.docker.compose.service":"alpine-app-2","com.docker.compose.version":"2.14.2"},"ParentId":"","RepoDigests":null,"RepoTags":["dns-alpine-app-2:latest"],"SharedSize":-1,"Size":683513956,"VirtualSize":683513956},{"Containers":-1,"Created":1674402520,"Id":"sha256:d1ced0505c833e32b35ce2c5d4c438eda4b0c4e0f7e110c6663ab6de22553d19","Labels":{"com.docker.compose.project":"host_docker_internal","com.docker.compose.service":"first-web-app","com.docker.compose.version":"2.14.2"},"ParentId":"","RepoDigests":["<none>@<none>"],"RepoTags":["<none>:<none>"],"SharedSize":-1,"Size":683513956,"VirtualSize":683513956},{"Containers":-1,"Created":1674402401,"Id":"sha256:85457f0caa2a07875d51ada3b30d1af9b4be449be1b2517c5d729fb49f53783e","Labels":{"com.docker.compose.project":"dns","com.docker.compose.service":"first-web-app","com.docker.compose.version":"2.14.2"},"ParentId":"","RepoDigests":["<none>@<none>"],"RepoTags":["<none>:<none>"],"SharedSize":-1,"Size":683513978,"VirtualSize":683513978},{"Containers":-1,"Created":1674402087,"Id":"sha256:e93a5980468a7e1ee4e0fcb344eb68952e52cae0ab23e6d698110a52c10f584c","Labels":{"com.docker.compose.project":"dns","com.docker.compose.service":"first-web-app","com.docker.compose.version":"2.14.2"},"ParentId":"","RepoDigests":["<none>@<none>"],"RepoTags":["<none>:<none>"],"SharedSize":-1,"Size":683513956,"VirtualSize":683513956},{"Containers":-1,"Created":1674401583,"Id":"sha256:ba8419cf39445d6c5bded2b82004e5060801d92bbb312d1730ebfb2cede1e015","Labels":{"com.docker.compose.project":"host_docker_internal","com.docker.compose.service":"second-web-app","com.docker.compose.version":"2.14.2"},"ParentId":"","RepoDigests":["<none>@<none>"],"RepoTags":["<none>:<none>"],"SharedSize":-1,"Size":14286505,"VirtualSize":14286505},{"Containers":-1,"Created":1674401583,"Id":"sha256:1996753ce703cf7d5b13f556d3b6665c45491784121f89e42e01e2a3cbcd8432","Labels":{"com.docker.compose.project":"static_ip","com.docker.compose.service":"alpine-app","com.docker.compose.version":"2.14.2"},"ParentId":"","RepoDigests":null,"RepoTags":["alpine-app:latest"],"SharedSize":-1,"Size":14286505,"VirtualSize":14286505},{"Containers":-1,"Created":1674401583,"Id":"sha256:80f3741f2de6274e63c21ff310558673242a97fa787d1cc5c0abc2ce06bf2a86","Labels":{"com.docker.compose.project":"static_ip","com.docker.compose.service":"second-web-app","com.docker.compose.version":"2.14.2"},"ParentId":"","RepoDigests":["<none>@<none>"],"RepoTags":["<none>:<none>"],"SharedSize":-1,"Size":14286505,"VirtualSize":14286505},{"Containers":-1,"Created":1674401583,"Id":"sha256:f941bce036c2a4e5d59c2c49dc20ac76d7d21fc4b00eb80ea597c404daa554e2","Labels":{"com.docker.compose.project":"dns","com.docker.compose.service":"second-web-app","com.docker.compose.version":"2.14.2"},"ParentId":"","RepoDigests":null,"RepoTags":["second-app:latest"],"SharedSize":-1,"Size":14286505,"VirtualSize":14286505},{"Containers":-1,"Created":1674397653,"Id":"sha256:f8732b2bc86880aa0ace83be666a4d096d5d44d58a1a1b174745cd5678e41ab7","Labels":{"com.docker.compose.project":"dns","com.docker.compose.service":"first-web-app","com.docker.compose.version":"2.14.2"},"ParentId":"","RepoDigests":["<none>@<none>"],"RepoTags":["<none>:<none>"],"SharedSize":-1,"Size":683515294,"VirtualSize":683515294},{"Containers":-1,"Created":1673958754,"Id":"sha256:5811dab6204b67da029655c889fc132bd95fb81fd1091b175d3b8d675d822971","Labels":{"com.docker.compose.project":"dns","com.docker.compose.service":"second-web-app","com.docker.compose.version":"2.14.2"},"ParentId":"","RepoDigests":null,"RepoTags":["second-web-app:latest"],"SharedSize":-1,"Size":683515147,"VirtualSize":683515147},{"Containers":-1,"Created":1673627510,"Id":"sha256:afe4ad8b89006ffd0f2a08eba3850a42e67c6f69514d410c397c01246ca6945b","Labels":null,"ParentId":"sha256:08aff599a11845bf2a6804a79b736cb7625d898c111d3dd6b31f2245cb94338c","RepoDigests":null,"RepoTags":["web-app:latest"],"SharedSize":-1,"Size":688749066,"VirtualSize":688749066},{"Containers":-1,"Created":1673606597,"Id":"sha256:fc3db9587732765f63f387fa7480ef2c7491974c8dab08645ceb5800dab7c4a8","Labels":null,"ParentId":"sha256:7d67483665e58020985fab795e3bac609a60e082d54bf5cab3910f4866116b93","RepoDigests":null,"RepoTags":["dhis2:latest"],"SharedSize":-1,"Size":181511742,"VirtualSize":181511742},{"Containers":-1,"Created":1673428557,"Id":"sha256:5f2e708d56aa0ee930aad29e8d7ca3dd7d39e89a376082df2361cdaa9f8c492b","Labels":null,"ParentId":"","RepoDigests":["redis@sha256:bb474c35022ca2c5618f4c49ca759bd2c0eea1daf5d934c560bd30092b97b498"],"RepoTags":["redis:latest"],"SharedSize":-1,"Size":116947181,"VirtualSize":116947181},{"Containers":-1,"Created":1673418669,"Id":"sha256:a99a39d070bfd1cb60fe65c45dea3a33764dc00a9546bf8dc46cb5a11b1b50e9","Labels":{"maintainer":"NGINX Docker Maintainers <docker-maint@nginx.com>"},"ParentId":"","RepoDigests":["nginx@sha256:b8f2383a95879e1ae064940d9a200f67a6c7"
11:43:21.824 [Test worker] DEBUG com.github.dockerjava.zerodep.shaded.org.apache.hc.client5.http.headers - http-outgoing-0 << HTTP/1.1 200 OK
11:43:21.824 [Test worker] DEBUG com.github.dockerjava.zerodep.shaded.org.apache.hc.client5.http.headers - http-outgoing-0 << Api-Version: 1.42
11:43:21.824 [Test worker] DEBUG com.github.dockerjava.zerodep.shaded.org.apache.hc.client5.http.headers - http-outgoing-0 << Content-Type: application/json
11:43:21.824 [Test worker] DEBUG com.github.dockerjava.zerodep.shaded.org.apache.hc.client5.http.headers - http-outgoing-0 << Docker-Experimental: false
11:43:21.824 [Test worker] DEBUG com.github.dockerjava.zerodep.shaded.org.apache.hc.client5.http.headers - http-outgoing-0 << Ostype: linux
11:43:21.824 [Test worker] DEBUG com.github.dockerjava.zerodep.shaded.org.apache.hc.client5.http.headers - http-outgoing-0 << Server: Docker/23.0.2 (linux)
11:43:21.824 [Test worker] DEBUG com.github.dockerjava.zerodep.shaded.org.apache.hc.client5.http.headers - http-outgoing-0 << Date: Wed, 05 Apr 2023 09:43:21 GMT
11:43:21.824 [Test worker] DEBUG com.github.dockerjava.zerodep.shaded.org.apache.hc.client5.http.headers - http-outgoing-0 << Transfer-Encoding: chunked
11:43:21.824 [Test worker] DEBUG com.github.dockerjava.zerodep.shaded.org.apache.hc.client5.http.impl.classic.MainClientExec - ex-00000003: connection can be kept alive for 3 MINUTES
11:43:21.832 [Test worker] DEBUG com.github.dockerjava.zerodep.shaded.org.apache.hc.client5.http.wire - http-outgoing-0 << "9e710ed82ac42263397367e7cc4e"],"RepoTags":["nginx:latest"],"SharedSize":-1,"Size":141788385,"VirtualSize":141788385},{"Containers":-1,"Created":1669613282,"Id":"sha256:314572890b7a7fc6f910d136af15657e038c4f8901e826efbec66e714bbb9348","Labels":{"maintainer":"PostGIS Project - https://postgis.net"},"ParentId":"","RepoDigests":["postgis/postgis@sha256:5686e1d7aacc61dd9bacaf1212b84e079eccb07c78d857b632c7a202d0f6e240"],"RepoTags":["postgis/postgis:11-3.3-alpine"],"SharedSize":-1,"Size":398100241,"VirtualSize":398100241},{"Containers":-1,"Created":1669613265,"Id":"sha256:cdadfc9da87fdbce972f079d80dbd6b143d26375bcace8438d07bff6c3d936e3","Labels":{"maintainer":"PostGIS Project - https://postgis.net"},"ParentId":"","RepoDigests":["postgis/postgis@sha256:d9c4507e8515cf160d3a5ae0106fa6b80931366f3985100038bbbb0c52efd263"],"RepoTags":["postgis/postgis:10-3.2-alpine"],"SharedSize":-1,"Size":249676760,"VirtualSize":249676760},{"Containers":-1,"Created":1667850394,"Id":"sha256:425eb43d689bf1f60012f2a3f8445522db12e0efa55210a9c2c2d9a15ee0ba7f","Labels":null,"ParentId":"","RepoDigests":["adoptopenjdk/openjdk11@sha256:f829f93be7762ba6662f7096a542d797091f2030628143080e7429ca7b43009c"],"RepoTags":["adoptopenjdk/openjdk11:alpine-jre"],"SharedSize":-1,"Size":149185288,"VirtualSize":149185288},{"Containers":-1,"Created":1666726631,"Id":"sha256:d8644f660df0e5af6a7c882c98a253788da4b85aa33723136277c135fbe9188b","Labels":{},"ParentId":"","RepoDigests":["kindest/node@sha256:f52781bc0d7a19fb6c405c2af83abfeb311f130707a0e219175677e366cc45d1"],"RepoTags":null,"SharedSize":-1,"Size":898064423,"VirtualSize":898064423},{"Containers":-1,"Created":1665130737,"Id":"sha256:bf7d5e64769cb73cba777c9e8980e091a5a7c0473ddad04db7807828c79130da","Labels":{"com.docker.compose.project":"exclude_subfolders","com.docker.compose.service":"node-app","com.docker.compose.version":"2.11.2"},"ParentId":"","RepoDigests":null,"RepoTags":["exclude_subfolders-node-app:latest"],"SharedSize":-1,"Size":936376355,"VirtualSize":936376355},{"Containers":-1,"Created":1665061863,"Id":"sha256:b76e1ea2a9cd87154ff7a8d5412fce13e2cea0c2a5c984c279cd1e7efdb111e2","Labels":{"com.docker.compose.project":"app","com.docker.compose.service":"node-app","com.docker.compose.version":"2.11.2"},"ParentId":"","RepoDigests":null,"RepoTags":["app-node-app:latest"],"SharedSize":-1,"Size":944022510,"VirtualSize":944022510},{"Containers":-1,"Created":1664960492,"Id":"sha256:e870a50eed97e9209ce914d949ef80d8a709fcd86fef9fdbfe4ede32f5939d70","Labels":null,"ParentId":"sha256:708a43cd0ef2bbaca41a26486203135b18bc2815caa7a95ac22c7c99300213f3","RepoDigests":null,"RepoTags":["node-docker:latest"],"SharedSize":-1,"Size":944022643,"VirtualSize":944022643},{"Containers":-1,"Created":1661753988,"Id":"sha256:8b3cb43eac76738695a5d1b4437dd4d595f1104feaa93726adc1b37d524936b8","Labels":{"maintainer":"PostGIS Project - https://postgis.net"},"ParentId":"","RepoDigests":["postgis/postgis@sha256:16e2fdabd22f3969fbb79cd84ac78f387acae678ffd03e266d8d49ba729157e7"],"RepoTags":["postgis/postgis:10-2.5-alpine"],"SharedSize":-1,"Size":214918221,"VirtualSize":214918221},{"Containers":-1,"Created":1661690872,"Id":"sha256:ef39a37f053855295f8857780c010f885baded96b4d36d768fbfa665a1c932f4","Labels":{"authors":"LocalStack Contributors","description":"LocalStack Docker image","maintainer":"LocalStack Team (info@localstack.cloud)"},"ParentId":"","RepoDigests":["localstack/localstack@sha256:9e09f84f5a4c6ed86da86c4a55606bed44a7ce6c6c30aff5637609ba5703c77f"],"RepoTags":["localstack/localstack:latest"],"SharedSize":-1,"Size":1407796627,"VirtualSize":1407796627},{"Containers":-1,"Created":1661551046,"Id":"sha256:70325c69f1fe76e7f4e62e62fb5ef4e76acb45935075cec7b4cb42a928fef78a","Labels":null,"ParentId":"","RepoDigests":["mysql@sha256:00f8c8d24e53810771fcb9e8dc8cdff3bd11ef8cddbf13f4e1443a027c5bf617"],"RepoTags":["mysql:latest"],"SharedSize":-1,"Size":446648760,"VirtualSize":446648760},{"Containers":-1,"Created":1661454281,"Id":"sha256:a3c1334134aafd75500fbfe5cddbc0bde4d628725cb074bf988edbbad2cf0acc","Labels":null,"ParentId":"","RepoDigests":["mongo@sha256:3f5930850894e023a36a670412445991dbe814c6fc356155ba933137c37e9a42"],"RepoTags":["mongo:latest"],"SharedSize":-1,"Size":693171547,"VirtualSize":693171547},{"Containers":-1,"Created":1661353642,"Id":"sha256:8b00c1dea37595b8b4a4fe959e19ef2d353a93e8554a23f23c6127057f9e346f","Labels":{"maintainer":"PostGIS Project - https://postgis.net"},"ParentId":"","RepoDigests":["postgis/postgis@sha256:2b3bdd80f9c7319c483cc7735d51065f0e7b5b916e2e056c2d9a8a9985e82553"],"RepoTags":["postgis/postgis:latest"],"SharedSize":-1,"Size":574494979,"VirtualSize":574494979},{"Containers":-1,"Created":1659419532,"Id":"sha256:47a932d998b743b9b0bcce55aa8ede77de94a6a183c8a67dec9d5e3b8ce0faa7","Labels":null,"ParentId":"","RepoDigests":["openjdk@sha256:99bac5bf83633e3c7399aed725c8415e7b569b54e03e4599e580fc9cdb7c21ab"],"RepoTags":["openjdk:11"],"SharedSize":-1,"Size":654131060,"VirtualSize":654131060},{"Containers":-1,"Created":1659017178,"Id":"sha256:7ac27de2f0c441174e7e12a105f876493b902ffd7bbb2a3646aa929c08cc3806","Labels":null,"ParentId":"","RepoDigests":["testcontainers/ryuk@sha256:0c8faa0a3ad1e154f9d8d5d78627b40d7359ff3f7d3f98556aa32157ad8fd924"],"RepoTags":["testcontainers/ryuk:0.3.4"],"SharedSize":-1,"Size":11957841,"VirtualSize":11957841},{"Containers":-1,"Created":1634200477,"Id":"sha256:64f4b02dc9864d9621d248e55835408a03b3cd8239b790e610c71c29ea45a3b9","Labels":null,"ParentId":"","RepoDigests":["testcontainers/ryuk@sha256:d50c04005142e165182b2e408d0c76f3cc38ca4db4af14125ce1b938820e5cef"],"RepoTags":["testcontainers/ryuk:0.3.3"],"SharedSize":-1,"Size":11963843,"VirtualSize":11963843},{"Containers":-1,"Created":1632440877,"Id":"sha256:feb5d9fea6a5e9606aa995e879d862b825965ba48de054caab5ef356dc6b3412","Labels":null,"ParentId":"","RepoDigests":["hello-world@sha256:aa0cc8055b82dc2509bed2e19b275c8f463506616377219d9642221ab53cf9fe"],"RepoTags":["hello-world:latest"],"SharedSize":-1,"Size":13256,"VirtualSize":13256},{"Containers":-1,"Created":1592512311,"Id":"sha256:f5be1883c8e00843c9f799b08254d6b92fe6f4b0fef98e335052277d54f9e6aa","Labels":null,"ParentId":"","RepoDigests":["node@sha256:2b85f4981f92ee034b51a3c8bb22dbb451d650d5c12b6439a169f8adc750e4b6"],"RepoTags":["node:12.18.1"],"SharedSize":-1,"Size":917953162,"VirtualSize":917953162},{"Containers":-1,"Created":1591428546,"Id":"sha256:03cb4444a82d699511e9692ca346e10cf2fa2911d0d1cac9aed31993eccf2f91","Labels":null,"ParentId":"","RepoDigests":["testcontainers/ryuk@sha256:539addd152cc4fc2b6b5bba7fd15b32086e82f558ca09402a75b02f8d80374cb"],"RepoTags":["testcontainers/ryuk:0.3.0"],"SharedSize":-1,"Size":11934193,"VirtualSize":11934193},{"Containers":-1,"Created":1553135828,"Id":"sha256:d8b6973b1142cff2120ed25e952344f03cb7e72c402b4ae9ada07beb3d093406","Labels":null,"ParentId":"","RepoDigests":["mdillon/postgis@sha256:e61a4a6c162e29c7ecba87bdd1df2503803d8f2b5278ec986b1b74943c53e4f2"],"RepoTags":["mdillon/postgis:10"],"SharedSize":-1,"Size":624837749,"VirtualSize":624837749}][\n]"
11:43:21.836 [Test worker] DEBUG com.github.dockerjava.zerodep.shaded.org.apache.hc.client5.http.wire - http-outgoing-0 << "[\r][\n]"
11:43:21.836 [Test worker] DEBUG com.github.dockerjava.zerodep.shaded.org.apache.hc.client5.http.wire - http-outgoing-0 << "0[\r][\n]"
11:43:21.836 [Test worker] DEBUG com.github.dockerjava.zerodep.shaded.org.apache.hc.client5.http.wire - http-outgoing-0 << "[\r][\n]"
11:43:21.836 [Test worker] DEBUG com.github.dockerjava.zerodep.shaded.org.apache.hc.client5.http.impl.classic.InternalHttpClient - ep-00000002: releasing valid endpoint
11:43:21.836 [Test worker] DEBUG com.github.dockerjava.zerodep.shaded.org.apache.hc.client5.http.impl.io.PoolingHttpClientConnectionManager - ep-00000002: releasing endpoint
11:43:21.836 [Test worker] DEBUG com.github.dockerjava.zerodep.shaded.org.apache.hc.client5.http.impl.io.PoolingHttpClientConnectionManager - ep-00000002: connection http-outgoing-0 can be kept alive for 3 MINUTES
11:43:21.836 [Test worker] DEBUG com.github.dockerjava.zerodep.shaded.org.apache.hc.client5.http.impl.io.PoolingHttpClientConnectionManager - ep-00000002: connection released [route: {}->unix://localhost:2375][total available: 1; route allocated: 1 of 2147483647; total allocated: 1 of 2147483647]
11:43:21.838 [Test worker] DEBUG org.testcontainers.images.LocalImagesCache - repoTags is null, skipping image: Image(created=1666726631, id=sha256:d8644f660df0e5af6a7c882c98a253788da4b85aa33723136277c135fbe9188b, parentId=, repoTags=null, repoDigests=[kindest/node@sha256:f52781bc0d7a19fb6c405c2af83abfeb311f130707a0e219175677e366cc45d1], size=898064423, virtualSize=898064423, sharedSize=-1, labels={}, containers=-1)
11:43:21.839 [Test worker] DEBUG org.testcontainers.images.AbstractImagePullPolicy - Using locally available and not pulling image: testcontainers/ryuk:0.3.3
11:43:21.839 [Test worker] DEBUG ]]>&#x1f433;<![CDATA[ [testcontainers/ryuk:0.3.3] - Starting container: testcontainers/ryuk:0.3.3
11:43:21.840 [Test worker] DEBUG ]]>&#x1f433;<![CDATA[ [testcontainers/ryuk:0.3.3] - Trying to start container: testcontainers/ryuk:0.3.3 (attempt 1/1)
11:43:21.840 [Test worker] DEBUG ]]>&#x1f433;<![CDATA[ [testcontainers/ryuk:0.3.3] - Starting container: testcontainers/ryuk:0.3.3
11:43:21.840 [Test worker] INFO ]]>&#x1f433;<![CDATA[ [testcontainers/ryuk:0.3.3] - Creating container for image: testcontainers/ryuk:0.3.3
11:43:21.844 [Test worker] DEBUG org.testcontainers.utility.RegistryAuthLocator - Looking up auth config for image: testcontainers/ryuk:0.3.3 at registry: https://index.docker.io/v1/
11:43:21.845 [Test worker] DEBUG org.testcontainers.utility.RegistryAuthLocator - RegistryAuthLocator has configFile: /home/luca/.docker/config.json (does not exist) and commandPathPrefix: 
11:43:21.845 [Test worker] INFO org.testcontainers.utility.RegistryAuthLocator - Failure when attempting to lookup auth config. Please ignore if you don't have images in an authenticated registry. Details: (dockerImageName: testcontainers/ryuk:0.3.3, configFile: /home/luca/.docker/config.json. Falling back to docker-java default behaviour. Exception message: /home/luca/.docker/config.json (No such file or directory)
11:43:21.845 [Test worker] DEBUG org.testcontainers.utility.RegistryAuthLocator - No matching Auth Configs - falling back to defaultAuthConfig [null]
11:43:21.845 [Test worker] DEBUG org.testcontainers.dockerclient.AuthDelegatingDockerClientConfig - Effective auth config [null]
11:43:21.851 [Test worker] DEBUG org.testcontainers.shaded.com.github.dockerjava.core.command.AbstrDockerCmd - Cmd: org.testcontainers.shaded.com.github.dockerjava.core.command.CreateContainerCmdImpl@1d15c0a1[aliases=<null>,argsEscaped=<null>,attachStderr=<null>,attachStdin=<null>,attachStdout=<null>,authConfig=<null>,cmd={},domainName=<null>,entrypoint=<null>,env={},exposedPorts=ExposedPorts(exposedPorts=[8080/tcp]),healthcheck=<null>,hostConfig=HostConfig(binds=[/var/run/docker.sock:/var/run/docker.sock:rw], blkioWeight=null, blkioWeightDevice=null, blkioDeviceReadBps=null, blkioDeviceWriteBps=null, blkioDeviceReadIOps=null, blkioDeviceWriteIOps=null, memorySwappiness=null, nanoCPUs=null, capAdd=null, capDrop=null, containerIDFile=null, cpuPeriod=null, cpuRealtimePeriod=null, cpuRealtimeRuntime=null, cpuShares=null, cpuQuota=null, cpusetCpus=null, cpusetMems=null, devices=null, deviceCgroupRules=null, deviceRequests=null, diskQuota=null, dns=null, dnsOptions=null, dnsSearch=null, extraHosts=[], groupAdd=null, ipcMode=null, cgroup=null, links=[], logConfig=LogConfig(type=null, config=null), lxcConf=null, memory=null, memorySwap=null, memoryReservation=null, kernelMemory=null, networkMode=null, oomKillDisable=null, init=null, autoRemove=true, oomScoreAdj=null, portBindings={8080/tcp=[Lcom.github.dockerjava.api.model.Ports$Binding;@49c099b}, privileged=false, publishAllPorts=null, readonlyRootfs=null, restartPolicy=null, ulimits=null, cpuCount=null, cpuPercent=null, ioMaximumIOps=null, ioMaximumBandwidth=null, volumesFrom=[], mounts=null, pidMode=null, isolation=null, securityOpts=null, storageOpt=null, cgroupParent=null, volumeDriver=null, shmSize=null, pidsLimit=null, runtime=null, tmpFs=null, utSMode=null, usernsMode=null, sysctls=null, consoleSize=null, cgroupnsMode=null),hostName=<null>,image=testcontainers/ryuk:0.3.3,ipv4Address=<null>,ipv6Address=<null>,labels={org.testcontainers=true},macAddress=<null>,name=testcontainers-ryuk-b7f6c99f-5b0f-49a9-8796-94a8ae81f0d8,networkDisabled=<null>,networkingConfig=<null>,onBuild=<null>,platform=<null>,portSpecs=<null>,shell=<null>,stdInOnce=<null>,stdinOpen=<null>,stopSignal=<null>,stopTimeout=<null>,tty=<null>,user=<null>,volumes=Volumes(volumes=[]),workingDir=<null>]
11:43:21.912 [Test worker] DEBUG com.github.dockerjava.zerodep.shaded.org.apache.hc.client5.http.impl.classic.InternalHttpClient - ex-00000004: preparing request execution
11:43:21.912 [Test worker] DEBUG com.github.dockerjava.zerodep.shaded.org.apache.hc.client5.http.protocol.RequestAddCookies - Cookie spec selected: strict
11:43:21.913 [Test worker] DEBUG com.github.dockerjava.zerodep.shaded.org.apache.hc.client5.http.protocol.RequestAuthCache - Auth cache not set in the context
11:43:21.913 [Test worker] DEBUG com.github.dockerjava.zerodep.shaded.org.apache.hc.client5.http.impl.classic.ProtocolExec - ex-00000004: target auth state: UNCHALLENGED
11:43:21.913 [Test worker] DEBUG com.github.dockerjava.zerodep.shaded.org.apache.hc.client5.http.impl.classic.ProtocolExec - ex-00000004: proxy auth state: UNCHALLENGED
11:43:21.913 [Test worker] DEBUG com.github.dockerjava.zerodep.shaded.org.apache.hc.client5.http.impl.classic.ConnectExec - ex-00000004: acquiring connection with route {}->unix://localhost:2375
11:43:21.913 [Test worker] DEBUG com.github.dockerjava.zerodep.shaded.org.apache.hc.client5.http.impl.classic.InternalHttpClient - ex-00000004: acquiring endpoint (3 MINUTES)
11:43:21.913 [Test worker] DEBUG com.github.dockerjava.zerodep.shaded.org.apache.hc.client5.http.impl.io.PoolingHttpClientConnectionManager - ex-00000004: endpoint lease request (3 MINUTES) [route: {}->unix://localhost:2375][total available: 1; route allocated: 1 of 2147483647; total allocated: 1 of 2147483647]
11:43:21.913 [Test worker] DEBUG com.github.dockerjava.zerodep.shaded.org.apache.hc.client5.http.impl.io.PoolingHttpClientConnectionManager - ex-00000004: endpoint leased [route: {}->unix://localhost:2375][total available: 0; route allocated: 1 of 2147483647; total allocated: 1 of 2147483647]
11:43:21.913 [Test worker] DEBUG com.github.dockerjava.zerodep.shaded.org.apache.hc.client5.http.impl.io.PoolingHttpClientConnectionManager - ex-00000004: acquired ep-00000003
11:43:21.913 [Test worker] DEBUG com.github.dockerjava.zerodep.shaded.org.apache.hc.client5.http.impl.classic.InternalHttpClient - ex-00000004: acquired endpoint ep-00000003
11:43:21.913 [Test worker] DEBUG com.github.dockerjava.zerodep.shaded.org.apache.hc.client5.http.impl.classic.MainClientExec - ex-00000004: executing POST /v1.32/containers/create?name=testcontainers-ryuk-b7f6c99f-5b0f-49a9-8796-94a8ae81f0d8 HTTP/1.1
11:43:21.914 [Test worker] DEBUG com.github.dockerjava.zerodep.shaded.org.apache.hc.client5.http.impl.classic.InternalHttpClient - ep-00000003: start execution ex-00000004
11:43:21.914 [Test worker] DEBUG com.github.dockerjava.zerodep.shaded.org.apache.hc.client5.http.impl.io.PoolingHttpClientConnectionManager - ep-00000003: executing exchange ex-00000004 over http-outgoing-0
11:43:21.914 [Test worker] DEBUG com.github.dockerjava.zerodep.shaded.org.apache.hc.client5.http.headers - http-outgoing-0 >> POST /v1.32/containers/create?name=testcontainers-ryuk-b7f6c99f-5b0f-49a9-8796-94a8ae81f0d8 HTTP/1.1
11:43:21.914 [Test worker] DEBUG com.github.dockerjava.zerodep.shaded.org.apache.hc.client5.http.headers - http-outgoing-0 >> accept: application/json
11:43:21.914 [Test worker] DEBUG com.github.dockerjava.zerodep.shaded.org.apache.hc.client5.http.headers - http-outgoing-0 >> content-type: application/json
11:43:21.914 [Test worker] DEBUG com.github.dockerjava.zerodep.shaded.org.apache.hc.client5.http.headers - http-outgoing-0 >> x-tc-sid: b7f6c99f-5b0f-49a9-8796-94a8ae81f0d8
11:43:21.914 [Test worker] DEBUG com.github.dockerjava.zerodep.shaded.org.apache.hc.client5.http.headers - http-outgoing-0 >> Accept-Encoding: gzip, x-gzip, deflate
11:43:21.914 [Test worker] DEBUG com.github.dockerjava.zerodep.shaded.org.apache.hc.client5.http.headers - http-outgoing-0 >> Content-Length: 1884
11:43:21.914 [Test worker] DEBUG com.github.dockerjava.zerodep.shaded.org.apache.hc.client5.http.headers - http-outgoing-0 >> Host: localhost:2375
11:43:21.914 [Test worker] DEBUG com.github.dockerjava.zerodep.shaded.org.apache.hc.client5.http.headers - http-outgoing-0 >> Connection: keep-alive
11:43:21.914 [Test worker] DEBUG com.github.dockerjava.zerodep.shaded.org.apache.hc.client5.http.headers - http-outgoing-0 >> User-Agent: Apache-HttpClient/5.0.3 (Java/17.0.6)
11:43:21.915 [Test worker] DEBUG com.github.dockerjava.zerodep.shaded.org.apache.hc.client5.http.wire - http-outgoing-0 >> "POST /v1.32/containers/create?name=testcontainers-ryuk-b7f6c99f-5b0f-49a9-8796-94a8ae81f0d8 HTTP/1.1[\r][\n]"
11:43:21.915 [Test worker] DEBUG com.github.dockerjava.zerodep.shaded.org.apache.hc.client5.http.wire - http-outgoing-0 >> "accept: application/json[\r][\n]"
11:43:21.915 [Test worker] DEBUG com.github.dockerjava.zerodep.shaded.org.apache.hc.client5.http.wire - http-outgoing-0 >> "content-type: application/json[\r][\n]"
11:43:21.915 [Test worker] DEBUG com.github.dockerjava.zerodep.shaded.org.apache.hc.client5.http.wire - http-outgoing-0 >> "x-tc-sid: b7f6c99f-5b0f-49a9-8796-94a8ae81f0d8[\r][\n]"
11:43:21.915 [Test worker] DEBUG com.github.dockerjava.zerodep.shaded.org.apache.hc.client5.http.wire - http-outgoing-0 >> "Accept-Encoding: gzip, x-gzip, deflate[\r][\n]"
11:43:21.915 [Test worker] DEBUG com.github.dockerjava.zerodep.shaded.org.apache.hc.client5.http.wire - http-outgoing-0 >> "Content-Length: 1884[\r][\n]"
11:43:21.915 [Test worker] DEBUG com.github.dockerjava.zerodep.shaded.org.apache.hc.client5.http.wire - http-outgoing-0 >> "Host: localhost:2375[\r][\n]"
11:43:21.915 [Test worker] DEBUG com.github.dockerjava.zerodep.shaded.org.apache.hc.client5.http.wire - http-outgoing-0 >> "Connection: keep-alive[\r][\n]"
11:43:21.915 [Test worker] DEBUG com.github.dockerjava.zerodep.shaded.org.apache.hc.client5.http.wire - http-outgoing-0 >> "User-Agent: Apache-HttpClient/5.0.3 (Java/17.0.6)[\r][\n]"
11:43:21.915 [Test worker] DEBUG com.github.dockerjava.zerodep.shaded.org.apache.hc.client5.http.wire - http-outgoing-0 >> "[\r][\n]"
11:43:21.915 [Test worker] DEBUG com.github.dockerjava.zerodep.shaded.org.apache.hc.client5.http.wire - http-outgoing-0 >> "{"Hostname":null,"Domainname":null,"User":null,"AttachStdin":null,"AttachStdout":null,"AttachStderr":null,"PortSpecs":null,"Tty":null,"OpenStdin":null,"StdinOnce":null,"Env":[],"Cmd":[],"Healthcheck":null,"ArgsEscaped":null,"Entrypoint":null,"Image":"testcontainers/ryuk:0.3.3","Volumes":{},"WorkingDir":null,"MacAddress":null,"OnBuild":null,"NetworkDisabled":null,"ExposedPorts":{"8080/tcp":{}},"StopSignal":null,"StopTimeout":null,"HostConfig":{"Binds":["/var/run/docker.sock:/var/run/docker.sock:rw"],"BlkioWeight":null,"BlkioWeightDevice":null,"BlkioDeviceReadBps":null,"BlkioDeviceWriteBps":null,"BlkioDeviceReadIOps":null,"BlkioDeviceWriteIOps":null,"MemorySwappiness":null,"NanoCpus":null,"CapAdd":null,"CapDrop":null,"ContainerIDFile":null,"CpuPeriod":null,"CpuRealtimePeriod":null,"CpuRealtimeRuntime":null,"CpuShares":null,"CpuQuota":null,"CpusetCpus":null,"CpusetMems":null,"Devices":null,"DeviceCgroupRules":null,"DeviceRequests":null,"DiskQuota":null,"Dns":null,"DnsOptions":null,"DnsSearch":null,"ExtraHosts":[],"GroupAdd":null,"IpcMode":null,"Cgroup":null,"Links":[],"LogConfig":null,"LxcConf":null,"Memory":null,"MemorySwap":null,"MemoryReservation":null,"KernelMemory":null,"NetworkMode":null,"OomKillDisable":null,"Init":null,"AutoRemove":true,"OomScoreAdj":null,"PortBindings":{"8080/tcp":[{"HostIp":"","HostPort":""}]},"Privileged":false,"PublishAllPorts":null,"ReadonlyRootfs":null,"RestartPolicy":null,"Ulimits":null,"CpuCount":null,"CpuPercent":null,"IOMaximumIOps":null,"IOMaximumBandwidth":null,"VolumesFrom":[],"Mounts":null,"PidMode":null,"Isolation":null,"SecurityOpt":null,"StorageOpt":null,"CgroupParent":null,"VolumeDriver":null,"ShmSize":null,"PidsLimit":null,"Runtime":null,"Tmpfs":null,"UTSMode":null,"UsernsMode":null,"Sysctls":null,"ConsoleSize":null,"CgroupnsMode":null},"Labels":{"org.testcontainers":"true"},"Shell":null,"NetworkingConfig":null}"
11:43:21.932 [Test worker] DEBUG com.github.dockerjava.zerodep.shaded.org.apache.hc.client5.http.wire - http-outgoing-0 << "HTTP/1.1 201 Created[\r][\n]"
11:43:21.932 [Test worker] DEBUG com.github.dockerjava.zerodep.shaded.org.apache.hc.client5.http.wire - http-outgoing-0 << "Api-Version: 1.42[\r][\n]"
11:43:21.932 [Test worker] DEBUG com.github.dockerjava.zerodep.shaded.org.apache.hc.client5.http.wire - http-outgoing-0 << "Content-Type: application/json[\r][\n]"
11:43:21.932 [Test worker] DEBUG com.github.dockerjava.zerodep.shaded.org.apache.hc.client5.http.wire - http-outgoing-0 << "Docker-Experimental: false[\r][\n]"
11:43:21.932 [Test worker] DEBUG com.github.dockerjava.zerodep.shaded.org.apache.hc.client5.http.wire - http-outgoing-0 << "Ostype: linux[\r][\n]"
11:43:21.932 [Test worker] DEBUG com.github.dockerjava.zerodep.shaded.org.apache.hc.client5.http.wire - http-outgoing-0 << "Server: Docker/23.0.2 (linux)[\r][\n]"
11:43:21.932 [Test worker] DEBUG com.github.dockerjava.zerodep.shaded.org.apache.hc.client5.http.wire - http-outgoing-0 << "Date: Wed, 05 Apr 2023 09:43:21 GMT[\r][\n]"
11:43:21.932 [Test worker] DEBUG com.github.dockerjava.zerodep.shaded.org.apache.hc.client5.http.wire - http-outgoing-0 << "Content-Length: 88[\r][\n]"
11:43:21.932 [Test worker] DEBUG com.github.dockerjava.zerodep.shaded.org.apache.hc.client5.http.wire - http-outgoing-0 << "[\r][\n]"
11:43:21.932 [Test worker] DEBUG com.github.dockerjava.zerodep.shaded.org.apache.hc.client5.http.wire - http-outgoing-0 << "{"Id":"28e30e874f297a45953cb97b2c78048afe4f78cdffe46d34f6e50033f1316710","Warnings":[]}[\n]"
11:43:21.932 [Test worker] DEBUG com.github.dockerjava.zerodep.shaded.org.apache.hc.client5.http.headers - http-outgoing-0 << HTTP/1.1 201 Created
11:43:21.933 [Test worker] DEBUG com.github.dockerjava.zerodep.shaded.org.apache.hc.client5.http.headers - http-outgoing-0 << Api-Version: 1.42
11:43:21.933 [Test worker] DEBUG com.github.dockerjava.zerodep.shaded.org.apache.hc.client5.http.headers - http-outgoing-0 << Content-Type: application/json
11:43:21.933 [Test worker] DEBUG com.github.dockerjava.zerodep.shaded.org.apache.hc.client5.http.headers - http-outgoing-0 << Docker-Experimental: false
11:43:21.933 [Test worker] DEBUG com.github.dockerjava.zerodep.shaded.org.apache.hc.client5.http.headers - http-outgoing-0 << Ostype: linux
11:43:21.933 [Test worker] DEBUG com.github.dockerjava.zerodep.shaded.org.apache.hc.client5.http.headers - http-outgoing-0 << Server: Docker/23.0.2 (linux)
11:43:21.933 [Test worker] DEBUG com.github.dockerjava.zerodep.shaded.org.apache.hc.client5.http.headers - http-outgoing-0 << Date: Wed, 05 Apr 2023 09:43:21 GMT
11:43:21.933 [Test worker] DEBUG com.github.dockerjava.zerodep.shaded.org.apache.hc.client5.http.headers - http-outgoing-0 << Content-Length: 88
11:43:21.933 [Test worker] DEBUG com.github.dockerjava.zerodep.shaded.org.apache.hc.client5.http.impl.classic.MainClientExec - ex-00000004: connection can be kept alive for 3 MINUTES
11:43:21.935 [Test worker] DEBUG com.github.dockerjava.zerodep.shaded.org.apache.hc.client5.http.impl.classic.InternalHttpClient - ep-00000003: releasing valid endpoint
11:43:21.936 [Test worker] DEBUG com.github.dockerjava.zerodep.shaded.org.apache.hc.client5.http.impl.io.PoolingHttpClientConnectionManager - ep-00000003: releasing endpoint
11:43:21.936 [Test worker] DEBUG com.github.dockerjava.zerodep.shaded.org.apache.hc.client5.http.impl.io.PoolingHttpClientConnectionManager - ep-00000003: connection http-outgoing-0 can be kept alive for 3 MINUTES
11:43:21.936 [Test worker] DEBUG com.github.dockerjava.zerodep.shaded.org.apache.hc.client5.http.impl.io.PoolingHttpClientConnectionManager - ep-00000003: connection released [route: {}->unix://localhost:2375][total available: 1; route allocated: 1 of 2147483647; total allocated: 1 of 2147483647]
11:43:21.938 [Test worker] INFO ]]>&#x1f433;<![CDATA[ [testcontainers/ryuk:0.3.3] - Container testcontainers/ryuk:0.3.3 is starting: 28e30e874f297a45953cb97b2c78048afe4f78cdffe46d34f6e50033f1316710
11:43:21.939 [Test worker] DEBUG org.testcontainers.shaded.com.github.dockerjava.core.command.AbstrDockerCmd - Cmd: 28e30e874f297a45953cb97b2c78048afe4f78cdffe46d34f6e50033f1316710
11:43:21.940 [Test worker] DEBUG com.github.dockerjava.zerodep.shaded.org.apache.hc.client5.http.impl.classic.InternalHttpClient - ex-00000005: preparing request execution
11:43:21.940 [Test worker] DEBUG com.github.dockerjava.zerodep.shaded.org.apache.hc.client5.http.protocol.RequestAddCookies - Cookie spec selected: strict
11:43:21.940 [Test worker] DEBUG com.github.dockerjava.zerodep.shaded.org.apache.hc.client5.http.protocol.RequestAuthCache - Auth cache not set in the context
11:43:21.940 [Test worker] DEBUG com.github.dockerjava.zerodep.shaded.org.apache.hc.client5.http.impl.classic.ProtocolExec - ex-00000005: target auth state: UNCHALLENGED
11:43:21.940 [Test worker] DEBUG com.github.dockerjava.zerodep.shaded.org.apache.hc.client5.http.impl.classic.ProtocolExec - ex-00000005: proxy auth state: UNCHALLENGED
11:43:21.940 [Test worker] DEBUG com.github.dockerjava.zerodep.shaded.org.apache.hc.client5.http.impl.classic.ConnectExec - ex-00000005: acquiring connection with route {}->unix://localhost:2375
11:43:21.940 [Test worker] DEBUG com.github.dockerjava.zerodep.shaded.org.apache.hc.client5.http.impl.classic.InternalHttpClient - ex-00000005: acquiring endpoint (3 MINUTES)
11:43:21.940 [Test worker] DEBUG com.github.dockerjava.zerodep.shaded.org.apache.hc.client5.http.impl.io.PoolingHttpClientConnectionManager - ex-00000005: endpoint lease request (3 MINUTES) [route: {}->unix://localhost:2375][total available: 1; route allocated: 1 of 2147483647; total allocated: 1 of 2147483647]
11:43:21.941 [Test worker] DEBUG com.github.dockerjava.zerodep.shaded.org.apache.hc.client5.http.impl.io.PoolingHttpClientConnectionManager - ex-00000005: endpoint leased [route: {}->unix://localhost:2375][total available: 0; route allocated: 1 of 2147483647; total allocated: 1 of 2147483647]
11:43:21.941 [Test worker] DEBUG com.github.dockerjava.zerodep.shaded.org.apache.hc.client5.http.impl.io.PoolingHttpClientConnectionManager - ex-00000005: acquired ep-00000004
11:43:21.941 [Test worker] DEBUG com.github.dockerjava.zerodep.shaded.org.apache.hc.client5.http.impl.classic.InternalHttpClient - ex-00000005: acquired endpoint ep-00000004
11:43:21.941 [Test worker] DEBUG com.github.dockerjava.zerodep.shaded.org.apache.hc.client5.http.impl.classic.MainClientExec - ex-00000005: executing POST /v1.32/containers/28e30e874f297a45953cb97b2c78048afe4f78cdffe46d34f6e50033f1316710/start HTTP/1.1
11:43:21.941 [Test worker] DEBUG com.github.dockerjava.zerodep.shaded.org.apache.hc.client5.http.impl.classic.InternalHttpClient - ep-00000004: start execution ex-00000005
11:43:21.941 [Test worker] DEBUG com.github.dockerjava.zerodep.shaded.org.apache.hc.client5.http.impl.io.PoolingHttpClientConnectionManager - ep-00000004: executing exchange ex-00000005 over http-outgoing-0
11:43:21.941 [Test worker] DEBUG com.github.dockerjava.zerodep.shaded.org.apache.hc.client5.http.headers - http-outgoing-0 >> POST /v1.32/containers/28e30e874f297a45953cb97b2c78048afe4f78cdffe46d34f6e50033f1316710/start HTTP/1.1
11:43:21.941 [Test worker] DEBUG com.github.dockerjava.zerodep.shaded.org.apache.hc.client5.http.headers - http-outgoing-0 >> accept: application/json
11:43:21.941 [Test worker] DEBUG com.github.dockerjava.zerodep.shaded.org.apache.hc.client5.http.headers - http-outgoing-0 >> content-type: application/json
11:43:21.941 [Test worker] DEBUG com.github.dockerjava.zerodep.shaded.org.apache.hc.client5.http.headers - http-outgoing-0 >> x-tc-sid: b7f6c99f-5b0f-49a9-8796-94a8ae81f0d8
11:43:21.941 [Test worker] DEBUG com.github.dockerjava.zerodep.shaded.org.apache.hc.client5.http.headers - http-outgoing-0 >> Accept-Encoding: gzip, x-gzip, deflate
11:43:21.941 [Test worker] DEBUG com.github.dockerjava.zerodep.shaded.org.apache.hc.client5.http.headers - http-outgoing-0 >> Host: localhost:2375
11:43:21.942 [Test worker] DEBUG com.github.dockerjava.zerodep.shaded.org.apache.hc.client5.http.headers - http-outgoing-0 >> Connection: keep-alive
11:43:21.942 [Test worker] DEBUG com.github.dockerjava.zerodep.shaded.org.apache.hc.client5.http.headers - http-outgoing-0 >> User-Agent: Apache-HttpClient/5.0.3 (Java/17.0.6)
11:43:21.942 [Test worker] DEBUG com.github.dockerjava.zerodep.shaded.org.apache.hc.client5.http.wire - http-outgoing-0 >> "POST /v1.32/containers/28e30e874f297a45953cb97b2c78048afe4f78cdffe46d34f6e50033f1316710/start HTTP/1.1[\r][\n]"
11:43:21.942 [Test worker] DEBUG com.github.dockerjava.zerodep.shaded.org.apache.hc.client5.http.wire - http-outgoing-0 >> "accept: application/json[\r][\n]"
11:43:21.942 [Test worker] DEBUG com.github.dockerjava.zerodep.shaded.org.apache.hc.client5.http.wire - http-outgoing-0 >> "content-type: application/json[\r][\n]"
11:43:21.942 [Test worker] DEBUG com.github.dockerjava.zerodep.shaded.org.apache.hc.client5.http.wire - http-outgoing-0 >> "x-tc-sid: b7f6c99f-5b0f-49a9-8796-94a8ae81f0d8[\r][\n]"
11:43:21.942 [Test worker] DEBUG com.github.dockerjava.zerodep.shaded.org.apache.hc.client5.http.wire - http-outgoing-0 >> "Accept-Encoding: gzip, x-gzip, deflate[\r][\n]"
11:43:21.942 [Test worker] DEBUG com.github.dockerjava.zerodep.shaded.org.apache.hc.client5.http.wire - http-outgoing-0 >> "Host: localhost:2375[\r][\n]"
11:43:21.942 [Test worker] DEBUG com.github.dockerjava.zerodep.shaded.org.apache.hc.client5.http.wire - http-outgoing-0 >> "Connection: keep-alive[\r][\n]"
11:43:21.942 [Test worker] DEBUG com.github.dockerjava.zerodep.shaded.org.apache.hc.client5.http.wire - http-outgoing-0 >> "User-Agent: Apache-HttpClient/5.0.3 (Java/17.0.6)[\r][\n]"
11:43:21.942 [Test worker] DEBUG com.github.dockerjava.zerodep.shaded.org.apache.hc.client5.http.wire - http-outgoing-0 >> "[\r][\n]"
11:43:22.236 [Test worker] DEBUG com.github.dockerjava.zerodep.shaded.org.apache.hc.client5.http.wire - http-outgoing-0 << "HTTP/1.1 204 No Content[\r][\n]"
11:43:22.237 [Test worker] DEBUG com.github.dockerjava.zerodep.shaded.org.apache.hc.client5.http.wire - http-outgoing-0 << "Api-Version: 1.42[\r][\n]"
11:43:22.237 [Test worker] DEBUG com.github.dockerjava.zerodep.shaded.org.apache.hc.client5.http.wire - http-outgoing-0 << "Docker-Experimental: false[\r][\n]"
11:43:22.237 [Test worker] DEBUG com.github.dockerjava.zerodep.shaded.org.apache.hc.client5.http.wire - http-outgoing-0 << "Ostype: linux[\r][\n]"
11:43:22.237 [Test worker] DEBUG com.github.dockerjava.zerodep.shaded.org.apache.hc.client5.http.wire - http-outgoing-0 << "Server: Docker/23.0.2 (linux)[\r][\n]"
11:43:22.237 [Test worker] DEBUG com.github.dockerjava.zerodep.shaded.org.apache.hc.client5.http.wire - http-outgoing-0 << "Date: Wed, 05 Apr 2023 09:43:22 GMT[\r][\n]"
11:43:22.237 [Test worker] DEBUG com.github.dockerjava.zerodep.shaded.org.apache.hc.client5.http.wire - http-outgoing-0 << "[\r][\n]"
11:43:22.237 [Test worker] DEBUG com.github.dockerjava.zerodep.shaded.org.apache.hc.client5.http.headers - http-outgoing-0 << HTTP/1.1 204 No Content
11:43:22.237 [Test worker] DEBUG com.github.dockerjava.zerodep.shaded.org.apache.hc.client5.http.headers - http-outgoing-0 << Api-Version: 1.42
11:43:22.237 [Test worker] DEBUG com.github.dockerjava.zerodep.shaded.org.apache.hc.client5.http.headers - http-outgoing-0 << Docker-Experimental: false
11:43:22.237 [Test worker] DEBUG com.github.dockerjava.zerodep.shaded.org.apache.hc.client5.http.headers - http-outgoing-0 << Ostype: linux
11:43:22.237 [Test worker] DEBUG com.github.dockerjava.zerodep.shaded.org.apache.hc.client5.http.headers - http-outgoing-0 << Server: Docker/23.0.2 (linux)
11:43:22.237 [Test worker] DEBUG com.github.dockerjava.zerodep.shaded.org.apache.hc.client5.http.headers - http-outgoing-0 << Date: Wed, 05 Apr 2023 09:43:22 GMT
11:43:22.238 [Test worker] DEBUG com.github.dockerjava.zerodep.shaded.org.apache.hc.client5.http.impl.classic.MainClientExec - ex-00000005: connection can be kept alive for 3 MINUTES
11:43:22.238 [Test worker] DEBUG com.github.dockerjava.zerodep.shaded.org.apache.hc.client5.http.impl.classic.InternalHttpClient - ep-00000004: releasing valid endpoint
11:43:22.238 [Test worker] DEBUG com.github.dockerjava.zerodep.shaded.org.apache.hc.client5.http.impl.io.PoolingHttpClientConnectionManager - ep-00000004: releasing endpoint
11:43:22.238 [Test worker] DEBUG com.github.dockerjava.zerodep.shaded.org.apache.hc.client5.http.impl.io.PoolingHttpClientConnectionManager - ep-00000004: connection http-outgoing-0 can be kept alive for 3 MINUTES
11:43:22.238 [Test worker] DEBUG com.github.dockerjava.zerodep.shaded.org.apache.hc.client5.http.impl.io.PoolingHttpClientConnectionManager - ep-00000004: connection released [route: {}->unix://localhost:2375][total available: 1; route allocated: 1 of 2147483647; total allocated: 1 of 2147483647]
11:43:22.243 [Test worker] DEBUG org.testcontainers.shaded.com.github.dockerjava.core.command.AbstrDockerCmd - Cmd: 28e30e874f297a45953cb97b2c78048afe4f78cdffe46d34f6e50033f1316710,false
11:43:22.244 [Test worker] DEBUG org.testcontainers.shaded.com.github.dockerjava.core.exec.InspectContainerCmdExec - GET: DefaultWebTarget{path=[/containers/28e30e874f297a45953cb97b2c78048afe4f78cdffe46d34f6e50033f1316710/json], queryParams={}}
11:43:22.244 [Test worker] DEBUG com.github.dockerjava.zerodep.shaded.org.apache.hc.client5.http.impl.classic.InternalHttpClient - ex-00000006: preparing request execution
11:43:22.244 [Test worker] DEBUG com.github.dockerjava.zerodep.shaded.org.apache.hc.client5.http.protocol.RequestAddCookies - Cookie spec selected: strict
11:43:22.244 [Test worker] DEBUG com.github.dockerjava.zerodep.shaded.org.apache.hc.client5.http.protocol.RequestAuthCache - Auth cache not set in the context
11:43:22.244 [Test worker] DEBUG com.github.dockerjava.zerodep.shaded.org.apache.hc.client5.http.impl.classic.ProtocolExec - ex-00000006: target auth state: UNCHALLENGED
11:43:22.245 [Test worker] DEBUG com.github.dockerjava.zerodep.shaded.org.apache.hc.client5.http.impl.classic.ProtocolExec - ex-00000006: proxy auth state: UNCHALLENGED
11:43:22.245 [Test worker] DEBUG com.github.dockerjava.zerodep.shaded.org.apache.hc.client5.http.impl.classic.ConnectExec - ex-00000006: acquiring connection with route {}->unix://localhost:2375
11:43:22.245 [Test worker] DEBUG com.github.dockerjava.zerodep.shaded.org.apache.hc.client5.http.impl.classic.InternalHttpClient - ex-00000006: acquiring endpoint (3 MINUTES)
11:43:22.245 [Test worker] DEBUG com.github.dockerjava.zerodep.shaded.org.apache.hc.client5.http.impl.io.PoolingHttpClientConnectionManager - ex-00000006: endpoint lease request (3 MINUTES) [route: {}->unix://localhost:2375][total available: 1; route allocated: 1 of 2147483647; total allocated: 1 of 2147483647]
11:43:22.245 [Test worker] DEBUG com.github.dockerjava.zerodep.shaded.org.apache.hc.client5.http.impl.io.PoolingHttpClientConnectionManager - ex-00000006: endpoint leased [route: {}->unix://localhost:2375][total available: 0; route allocated: 1 of 2147483647; total allocated: 1 of 2147483647]
11:43:22.245 [Test worker] DEBUG com.github.dockerjava.zerodep.shaded.org.apache.hc.client5.http.impl.io.PoolingHttpClientConnectionManager - ex-00000006: acquired ep-00000005
11:43:22.245 [Test worker] DEBUG com.github.dockerjava.zerodep.shaded.org.apache.hc.client5.http.impl.classic.InternalHttpClient - ex-00000006: acquired endpoint ep-00000005
11:43:22.245 [Test worker] DEBUG com.github.dockerjava.zerodep.shaded.org.apache.hc.client5.http.impl.classic.MainClientExec - ex-00000006: executing GET /v1.32/containers/28e30e874f297a45953cb97b2c78048afe4f78cdffe46d34f6e50033f1316710/json HTTP/1.1
11:43:22.245 [Test worker] DEBUG com.github.dockerjava.zerodep.shaded.org.apache.hc.client5.http.impl.classic.InternalHttpClient - ep-00000005: start execution ex-00000006
11:43:22.245 [Test worker] DEBUG com.github.dockerjava.zerodep.shaded.org.apache.hc.client5.http.impl.io.PoolingHttpClientConnectionManager - ep-00000005: executing exchange ex-00000006 over http-outgoing-0
11:43:22.246 [Test worker] DEBUG com.github.dockerjava.zerodep.shaded.org.apache.hc.client5.http.headers - http-outgoing-0 >> GET /v1.32/containers/28e30e874f297a45953cb97b2c78048afe4f78cdffe46d34f6e50033f1316710/json HTTP/1.1
11:43:22.246 [Test worker] DEBUG com.github.dockerjava.zerodep.shaded.org.apache.hc.client5.http.headers - http-outgoing-0 >> accept: application/json
11:43:22.246 [Test worker] DEBUG com.github.dockerjava.zerodep.shaded.org.apache.hc.client5.http.headers - http-outgoing-0 >> x-tc-sid: b7f6c99f-5b0f-49a9-8796-94a8ae81f0d8
11:43:22.246 [Test worker] DEBUG com.github.dockerjava.zerodep.shaded.org.apache.hc.client5.http.headers - http-outgoing-0 >> Accept-Encoding: gzip, x-gzip, deflate
11:43:22.246 [Test worker] DEBUG com.github.dockerjava.zerodep.shaded.org.apache.hc.client5.http.headers - http-outgoing-0 >> Host: localhost:2375
11:43:22.246 [Test worker] DEBUG com.github.dockerjava.zerodep.shaded.org.apache.hc.client5.http.headers - http-outgoing-0 >> Connection: keep-alive
11:43:22.246 [Test worker] DEBUG com.github.dockerjava.zerodep.shaded.org.apache.hc.client5.http.headers - http-outgoing-0 >> User-Agent: Apache-HttpClient/5.0.3 (Java/17.0.6)
11:43:22.246 [Test worker] DEBUG com.github.dockerjava.zerodep.shaded.org.apache.hc.client5.http.wire - http-outgoing-0 >> "GET /v1.32/containers/28e30e874f297a45953cb97b2c78048afe4f78cdffe46d34f6e50033f1316710/json HTTP/1.1[\r][\n]"
11:43:22.246 [Test worker] DEBUG com.github.dockerjava.zerodep.shaded.org.apache.hc.client5.http.wire - http-outgoing-0 >> "accept: application/json[\r][\n]"
11:43:22.246 [Test worker] DEBUG com.github.dockerjava.zerodep.shaded.org.apache.hc.client5.http.wire - http-outgoing-0 >> "x-tc-sid: b7f6c99f-5b0f-49a9-8796-94a8ae81f0d8[\r][\n]"
11:43:22.246 [Test worker] DEBUG com.github.dockerjava.zerodep.shaded.org.apache.hc.client5.http.wire - http-outgoing-0 >> "Accept-Encoding: gzip, x-gzip, deflate[\r][\n]"
11:43:22.246 [Test worker] DEBUG com.github.dockerjava.zerodep.shaded.org.apache.hc.client5.http.wire - http-outgoing-0 >> "Host: localhost:2375[\r][\n]"
11:43:22.246 [Test worker] DEBUG com.github.dockerjava.zerodep.shaded.org.apache.hc.client5.http.wire - http-outgoing-0 >> "Connection: keep-alive[\r][\n]"
11:43:22.246 [Test worker] DEBUG com.github.dockerjava.zerodep.shaded.org.apache.hc.client5.http.wire - http-outgoing-0 >> "User-Agent: Apache-HttpClient/5.0.3 (Java/17.0.6)[\r][\n]"
11:43:22.246 [Test worker] DEBUG com.github.dockerjava.zerodep.shaded.org.apache.hc.client5.http.wire - http-outgoing-0 >> "[\r][\n]"
11:43:22.247 [Test worker] DEBUG com.github.dockerjava.zerodep.shaded.org.apache.hc.client5.http.wire - http-outgoing-0 << "HTTP/1.1 200 OK[\r][\n]"
11:43:22.247 [Test worker] DEBUG com.github.dockerjava.zerodep.shaded.org.apache.hc.client5.http.wire - http-outgoing-0 << "Api-Version: 1.42[\r][\n]"
11:43:22.247 [Test worker] DEBUG com.github.dockerjava.zerodep.shaded.org.apache.hc.client5.http.wire - http-outgoing-0 << "Content-Type: application/json[\r][\n]"
11:43:22.247 [Test worker] DEBUG com.github.dockerjava.zerodep.shaded.org.apache.hc.client5.http.wire - http-outgoing-0 << "Docker-Experimental: false[\r][\n]"
11:43:22.247 [Test worker] DEBUG com.github.dockerjava.zerodep.shaded.org.apache.hc.client5.http.wire - http-outgoing-0 << "Ostype: linux[\r][\n]"
11:43:22.247 [Test worker] DEBUG com.github.dockerjava.zerodep.shaded.org.apache.hc.client5.http.wire - http-outgoing-0 << "Server: Docker/23.0.2 (linux)[\r][\n]"
11:43:22.247 [Test worker] DEBUG com.github.dockerjava.zerodep.shaded.org.apache.hc.client5.http.wire - http-outgoing-0 << "Date: Wed, 05 Apr 2023 09:43:22 GMT[\r][\n]"
11:43:22.247 [Test worker] DEBUG com.github.dockerjava.zerodep.shaded.org.apache.hc.client5.http.wire - http-outgoing-0 << "Transfer-Encoding: chunked[\r][\n]"
11:43:22.247 [Test worker] DEBUG com.github.dockerjava.zerodep.shaded.org.apache.hc.client5.http.wire - http-outgoing-0 << "[\r][\n]"
11:43:22.248 [Test worker] DEBUG com.github.dockerjava.zerodep.shaded.org.apache.hc.client5.http.wire - http-outgoing-0 << "13e6[\r][\n]"
11:43:22.248 [Test worker] DEBUG com.github.dockerjava.zerodep.shaded.org.apache.hc.client5.http.wire - http-outgoing-0 << "{"Id":"28e30e874f297a45953cb97b2c78048afe4f78cdffe46d34f6e50033f1316710","Created":"2023-04-05T09:43:21.916773668Z","Path":"/app","Args":[],"State":{"Status":"running","Running":true,"Paused":false,"Restarting":false,"OOMKilled":false,"Dead":false,"Pid":71888,"ExitCode":0,"Error":"","StartedAt":"2023-04-05T09:43:22.234986Z","FinishedAt":"0001-01-01T00:00:00Z"},"Image":"sha256:64f4b02dc9864d9621d248e55835408a03b3cd8239b790e610c71c29ea45a3b9","ResolvConfPath":"/var/lib/docker/containers/28e30e874f297a45953cb97b2c78048afe4f78cdffe46d34f6e50033f1316710/resolv.conf","HostnamePath":"/var/lib/docker/containers/28e30e874f297a45953cb97b2c78048afe4f78cdffe46d34f6e50033f1316710/hostname","HostsPath":"/var/lib/docker/containers/28e30e874f297a45953cb97b2c78048afe4f78cdffe46d34f6e50033f1316710/hosts","LogPath":"/var/lib/docker/containers/28e30e874f297a45953cb97b2c78048afe4f78cdffe46d34f6e50033f1316710/28e30e874f297a45953cb97b2c78048afe4f78cdffe46d34f6e50033f1316710-json.log","Name":"/testcontainers-ryuk-b7f6c99f-5b0f-49a9-8796-94a8ae81f0d8","RestartCount":0,"Driver":"overlay2","Platform":"linux","MountLabel":"","ProcessLabel":"","AppArmorProfile":"","ExecIDs":null,"HostConfig":{"Binds":["/var/run/docker.sock:/var/run/docker.sock:rw"],"ContainerIDFile":"","LogConfig":{"Type":"json-file","Config":{}},"NetworkMode":"default","PortBindings":{"8080/tcp":[{"HostIp":"","HostPort":""}]},"RestartPolicy":{"Name":"","MaximumRetryCount":0},"AutoRemove":true,"VolumeDriver":"","VolumesFrom":[],"ConsoleSize":[0,0],"CapAdd":null,"CapDrop":null,"CgroupnsMode":"private","Dns":null,"DnsOptions":null,"DnsSearch":null,"ExtraHosts":[],"GroupAdd":null,"IpcMode":"shareable","Cgroup":"","Links":null,"OomScoreAdj":0,"PidMode":"","Privileged":false,"PublishAllPorts":false,"ReadonlyRootfs":false,"SecurityOpt":null,"UTSMode":"","UsernsMode":"","ShmSize":67108864,"Runtime":"runc","Isolation":"","CpuShares":0,"Memory":0,"NanoCpus":0,"CgroupParent":"","BlkioWeight":0,"BlkioWeightDevice":null,"BlkioDeviceReadBps":null,"BlkioDeviceWriteBps":null,"BlkioDeviceReadIOps":null,"BlkioDeviceWriteIOps":null,"CpuPeriod":0,"CpuQuota":0,"CpuRealtimePeriod":0,"CpuRealtimeRuntime":0,"CpusetCpus":"","CpusetMems":"","Devices":null,"DeviceCgroupRules":null,"DeviceRequests":null,"MemoryReservation":0,"MemorySwap":0,"MemorySwappiness":null,"OomKillDisable":null,"PidsLimit":null,"Ulimits":null,"CpuCount":0,"CpuPercent":0,"IOMaximumIOps":0,"IOMaximumBandwidth":0,"MaskedPaths":["/proc/asound","/proc/acpi","/proc/kcore","/proc/keys","/proc/latency_stats","/proc/timer_list","/proc/timer_stats","/proc/sched_debug","/proc/scsi","/sys/firmware"],"ReadonlyPaths":["/proc/bus","/proc/fs","/proc/irq","/proc/sys","/proc/sysrq-trigger"]},"GraphDriver":{"Data":{"LowerDir":"/var/lib/docker/overlay2/9c44444d71ee569cf37170e532976dd6e4883507043eea444ea7075c28da4daf-init/diff:/var/lib/docker/overlay2/55b56613d491fd005b6d40a37082f50093945091a942c0aa9f1bdb75d41c1eca/diff:/var/lib/docker/overlay2/2c887a94d3ed2cfc6a44616dea169fa3f67963596b089a7aca22a342e1d80e10/diff:/var/lib/docker/overlay2/9f56625aa9acc3f8ba14c5f07e03d00c616b4b06a167dcd3186fb8cc3ceea4ea/diff","MergedDir":"/var/lib/docker/overlay2/9c44444d71ee569cf37170e532976dd6e4883507043eea444ea7075c28da4daf/merged","UpperDir":"/var/lib/docker/overlay2/9c44444d71ee569cf37170e532976dd6e4883507043eea444ea7075c28da4daf/diff","WorkDir":"/var/lib/docker/overlay2/9c44444d71ee569cf37170e532976dd6e4883507043eea444ea7075c28da4daf/work"},"Name":"overlay2"},"Mounts":[{"Type":"bind","Source":"/var/run/docker.sock","Destination":"/var/run/docker.sock","Mode":"rw","RW":true,"Propagation":"rprivate"}],"Config":{"Hostname":"28e30e874f29","Domainname":"","User":"","AttachStdin":false,"AttachStdout":false,"AttachStderr":false,"ExposedPorts":{"8080/tcp":{}},"Tty":false,"OpenStdin":false,"StdinOnce":false,"Env":["PATH=/usr/local/sbin:/usr/local/bin:/usr/sbin:/usr/bin:/sbin:/bin"],"Cmd":["/app"],"Image":"testcontainers/ryuk:0.3.3","Volumes":null,"WorkingDir":"","Entrypoint":null,"OnBuild":null,"Labels":{"org.testcontainers":"true"}},"NetworkSettings":{"Bridge":"","SandboxID":"6166c4a96241c2b3f3a49cd3731511905032ec4f60b61c5780e8b8af9724c4f2","HairpinMode":false,"LinkLocalIPv6Address":"","LinkLocalIPv6PrefixLen":0,"Ports":{"8080/tcp":[{"HostIp":"0.0.0.0","HostPort":"32800"},{"HostIp":"::","HostPort":"32800"}]},"SandboxKey":"/var/run/docker/netns/6166c4a96241","SecondaryIPAddresses":null,"SecondaryIPv6Addresses":null,"EndpointID":"8d1022e9004d2c5c5b444fb0d4e1063c39bd970739ff318c48e5f946bc08c517","Gateway":"172.17.0.1","GlobalIPv6Address":"","GlobalIPv6PrefixLen":0,"IPAddress":"172.17.0.2","IPPrefixLen":16,"IPv6Gateway":"","MacAddress":"02:42:ac:11:00:02","Networks":{"bridge":{"IPAMConfig":null,"Links":null,"Aliases":null,"NetworkID":"1fdc03a63739761e3484ec01555a4a41a93885968a8881851c366d521acc95ee","EndpointID":"8d1022e9004d2c5c5b444fb0d4e1063c39bd970739ff318c48e5f946bc08c517","Gateway":"172.17.0.1","IPAddress":"172.17.0.2","IPPrefixLen":16,"IPv6Gateway":"","GlobalIPv6Address":"","GlobalIPv6PrefixLen":0,"MacAddress":"02:42:ac:11:00:02","DriverOpts":null}}}}[\n]"
11:43:22.248 [Test worker] DEBUG com.github.dockerjava.zerodep.shaded.org.apache.hc.client5.http.wire - http-outgoing-0 << "[\r][\n]"
11:43:22.248 [Test worker] DEBUG com.github.dockerjava.zerodep.shaded.org.apache.hc.client5.http.wire - http-outgoing-0 << "0[\r][\n]"
11:43:22.248 [Test worker] DEBUG com.github.dockerjava.zerodep.shaded.org.apache.hc.client5.http.wire - http-outgoing-0 << "[\r][\n]"
11:43:22.249 [Test worker] DEBUG com.github.dockerjava.zerodep.shaded.org.apache.hc.client5.http.headers - http-outgoing-0 << HTTP/1.1 200 OK
11:43:22.249 [Test worker] DEBUG com.github.dockerjava.zerodep.shaded.org.apache.hc.client5.http.headers - http-outgoing-0 << Api-Version: 1.42
11:43:22.249 [Test worker] DEBUG com.github.dockerjava.zerodep.shaded.org.apache.hc.client5.http.headers - http-outgoing-0 << Content-Type: application/json
11:43:22.249 [Test worker] DEBUG com.github.dockerjava.zerodep.shaded.org.apache.hc.client5.http.headers - http-outgoing-0 << Docker-Experimental: false
11:43:22.249 [Test worker] DEBUG com.github.dockerjava.zerodep.shaded.org.apache.hc.client5.http.headers - http-outgoing-0 << Ostype: linux
11:43:22.249 [Test worker] DEBUG com.github.dockerjava.zerodep.shaded.org.apache.hc.client5.http.headers - http-outgoing-0 << Server: Docker/23.0.2 (linux)
11:43:22.249 [Test worker] DEBUG com.github.dockerjava.zerodep.shaded.org.apache.hc.client5.http.headers - http-outgoing-0 << Date: Wed, 05 Apr 2023 09:43:22 GMT
11:43:22.249 [Test worker] DEBUG com.github.dockerjava.zerodep.shaded.org.apache.hc.client5.http.headers - http-outgoing-0 << Transfer-Encoding: chunked
11:43:22.249 [Test worker] DEBUG com.github.dockerjava.zerodep.shaded.org.apache.hc.client5.http.impl.classic.MainClientExec - ex-00000006: connection can be kept alive for 3 MINUTES
11:43:22.319 [Test worker] DEBUG com.github.dockerjava.zerodep.shaded.org.apache.hc.client5.http.impl.classic.InternalHttpClient - ep-00000005: releasing valid endpoint
11:43:22.319 [Test worker] DEBUG com.github.dockerjava.zerodep.shaded.org.apache.hc.client5.http.impl.io.PoolingHttpClientConnectionManager - ep-00000005: releasing endpoint
11:43:22.319 [Test worker] DEBUG com.github.dockerjava.zerodep.shaded.org.apache.hc.client5.http.impl.io.PoolingHttpClientConnectionManager - ep-00000005: connection http-outgoing-0 can be kept alive for 3 MINUTES
11:43:22.320 [Test worker] DEBUG com.github.dockerjava.zerodep.shaded.org.apache.hc.client5.http.impl.io.PoolingHttpClientConnectionManager - ep-00000005: connection released [route: {}->unix://localhost:2375][total available: 1; route allocated: 1 of 2147483647; total allocated: 1 of 2147483647]
11:43:22.326 [docker-java-stream--342875180] DEBUG com.github.dockerjava.zerodep.shaded.org.apache.hc.client5.http.impl.classic.InternalHttpClient - ex-00000007: preparing request execution
11:43:22.327 [docker-java-stream--342875180] DEBUG com.github.dockerjava.zerodep.shaded.org.apache.hc.client5.http.protocol.RequestAddCookies - Cookie spec selected: strict
11:43:22.327 [docker-java-stream--342875180] DEBUG com.github.dockerjava.zerodep.shaded.org.apache.hc.client5.http.protocol.RequestAuthCache - Auth cache not set in the context
11:43:22.327 [docker-java-stream--342875180] DEBUG com.github.dockerjava.zerodep.shaded.org.apache.hc.client5.http.impl.classic.ProtocolExec - ex-00000007: target auth state: UNCHALLENGED
11:43:22.327 [docker-java-stream--342875180] DEBUG com.github.dockerjava.zerodep.shaded.org.apache.hc.client5.http.impl.classic.ProtocolExec - ex-00000007: proxy auth state: UNCHALLENGED
11:43:22.327 [docker-java-stream--342875180] DEBUG com.github.dockerjava.zerodep.shaded.org.apache.hc.client5.http.impl.classic.ConnectExec - ex-00000007: acquiring connection with route {}->unix://localhost:2375
11:43:22.327 [docker-java-stream--342875180] DEBUG com.github.dockerjava.zerodep.shaded.org.apache.hc.client5.http.impl.classic.InternalHttpClient - ex-00000007: acquiring endpoint (3 MINUTES)
11:43:22.327 [docker-java-stream--342875180] DEBUG com.github.dockerjava.zerodep.shaded.org.apache.hc.client5.http.impl.io.PoolingHttpClientConnectionManager - ex-00000007: endpoint lease request (3 MINUTES) [route: {}->unix://localhost:2375][total available: 1; route allocated: 1 of 2147483647; total allocated: 1 of 2147483647]
11:43:22.327 [docker-java-stream--342875180] DEBUG com.github.dockerjava.zerodep.shaded.org.apache.hc.client5.http.impl.io.PoolingHttpClientConnectionManager - ex-00000007: endpoint leased [route: {}->unix://localhost:2375][total available: 0; route allocated: 1 of 2147483647; total allocated: 1 of 2147483647]
11:43:22.327 [docker-java-stream--342875180] DEBUG com.github.dockerjava.zerodep.shaded.org.apache.hc.client5.http.impl.io.PoolingHttpClientConnectionManager - ex-00000007: acquired ep-00000006
11:43:22.327 [docker-java-stream--342875180] DEBUG com.github.dockerjava.zerodep.shaded.org.apache.hc.client5.http.impl.classic.InternalHttpClient - ex-00000007: acquired endpoint ep-00000006
11:43:22.327 [docker-java-stream--342875180] DEBUG com.github.dockerjava.zerodep.shaded.org.apache.hc.client5.http.impl.classic.MainClientExec - ex-00000007: executing GET /v1.32/containers/28e30e874f297a45953cb97b2c78048afe4f78cdffe46d34f6e50033f1316710/logs?stdout=true&stderr=true&follow=true&since=0 HTTP/1.1
11:43:22.327 [docker-java-stream--342875180] DEBUG com.github.dockerjava.zerodep.shaded.org.apache.hc.client5.http.impl.classic.InternalHttpClient - ep-00000006: start execution ex-00000007
11:43:22.328 [docker-java-stream--342875180] DEBUG com.github.dockerjava.zerodep.shaded.org.apache.hc.client5.http.impl.io.PoolingHttpClientConnectionManager - ep-00000006: executing exchange ex-00000007 over http-outgoing-0
11:43:22.328 [docker-java-stream--342875180] DEBUG com.github.dockerjava.zerodep.shaded.org.apache.hc.client5.http.headers - http-outgoing-0 >> GET /v1.32/containers/28e30e874f297a45953cb97b2c78048afe4f78cdffe46d34f6e50033f1316710/logs?stdout=true&stderr=true&follow=true&since=0 HTTP/1.1
11:43:22.328 [docker-java-stream--342875180] DEBUG com.github.dockerjava.zerodep.shaded.org.apache.hc.client5.http.headers - http-outgoing-0 >> x-tc-sid: b7f6c99f-5b0f-49a9-8796-94a8ae81f0d8
11:43:22.328 [docker-java-stream--342875180] DEBUG com.github.dockerjava.zerodep.shaded.org.apache.hc.client5.http.headers - http-outgoing-0 >> Accept-Encoding: gzip, x-gzip, deflate
11:43:22.328 [docker-java-stream--342875180] DEBUG com.github.dockerjava.zerodep.shaded.org.apache.hc.client5.http.headers - http-outgoing-0 >> Host: localhost:2375
11:43:22.328 [docker-java-stream--342875180] DEBUG com.github.dockerjava.zerodep.shaded.org.apache.hc.client5.http.headers - http-outgoing-0 >> Connection: keep-alive
11:43:22.328 [docker-java-stream--342875180] DEBUG com.github.dockerjava.zerodep.shaded.org.apache.hc.client5.http.headers - http-outgoing-0 >> User-Agent: Apache-HttpClient/5.0.3 (Java/17.0.6)
11:43:22.328 [docker-java-stream--342875180] DEBUG com.github.dockerjava.zerodep.shaded.org.apache.hc.client5.http.wire - http-outgoing-0 >> "GET /v1.32/containers/28e30e874f297a45953cb97b2c78048afe4f78cdffe46d34f6e50033f1316710/logs?stdout=true&stderr=true&follow=true&since=0 HTTP/1.1[\r][\n]"
11:43:22.328 [docker-java-stream--342875180] DEBUG com.github.dockerjava.zerodep.shaded.org.apache.hc.client5.http.wire - http-outgoing-0 >> "x-tc-sid: b7f6c99f-5b0f-49a9-8796-94a8ae81f0d8[\r][\n]"
11:43:22.328 [docker-java-stream--342875180] DEBUG com.github.dockerjava.zerodep.shaded.org.apache.hc.client5.http.wire - http-outgoing-0 >> "Accept-Encoding: gzip, x-gzip, deflate[\r][\n]"
11:43:22.328 [docker-java-stream--342875180] DEBUG com.github.dockerjava.zerodep.shaded.org.apache.hc.client5.http.wire - http-outgoing-0 >> "Host: localhost:2375[\r][\n]"
11:43:22.328 [docker-java-stream--342875180] DEBUG com.github.dockerjava.zerodep.shaded.org.apache.hc.client5.http.wire - http-outgoing-0 >> "Connection: keep-alive[\r][\n]"
11:43:22.328 [docker-java-stream--342875180] DEBUG com.github.dockerjava.zerodep.shaded.org.apache.hc.client5.http.wire - http-outgoing-0 >> "User-Agent: Apache-HttpClient/5.0.3 (Java/17.0.6)[\r][\n]"
11:43:22.328 [docker-java-stream--342875180] DEBUG com.github.dockerjava.zerodep.shaded.org.apache.hc.client5.http.wire - http-outgoing-0 >> "[\r][\n]"
11:43:22.329 [docker-java-stream--342875180] DEBUG com.github.dockerjava.zerodep.shaded.org.apache.hc.client5.http.wire - http-outgoing-0 << "HTTP/1.1 200 OK[\r][\n]"
11:43:22.329 [docker-java-stream--342875180] DEBUG com.github.dockerjava.zerodep.shaded.org.apache.hc.client5.http.wire - http-outgoing-0 << "Api-Version: 1.42[\r][\n]"
11:43:22.329 [docker-java-stream--342875180] DEBUG com.github.dockerjava.zerodep.shaded.org.apache.hc.client5.http.wire - http-outgoing-0 << "Content-Type: application/vnd.docker.raw-stream[\r][\n]"
11:43:22.329 [docker-java-stream--342875180] DEBUG com.github.dockerjava.zerodep.shaded.org.apache.hc.client5.http.wire - http-outgoing-0 << "Docker-Experimental: false[\r][\n]"
11:43:22.329 [docker-java-stream--342875180] DEBUG com.github.dockerjava.zerodep.shaded.org.apache.hc.client5.http.wire - http-outgoing-0 << "Ostype: linux[\r][\n]"
11:43:22.329 [docker-java-stream--342875180] DEBUG com.github.dockerjava.zerodep.shaded.org.apache.hc.client5.http.wire - http-outgoing-0 << "Server: Docker/23.0.2 (linux)[\r][\n]"
11:43:22.329 [docker-java-stream--342875180] DEBUG com.github.dockerjava.zerodep.shaded.org.apache.hc.client5.http.wire - http-outgoing-0 << "Date: Wed, 05 Apr 2023 09:43:22 GMT[\r][\n]"
11:43:22.329 [docker-java-stream--342875180] DEBUG com.github.dockerjava.zerodep.shaded.org.apache.hc.client5.http.wire - http-outgoing-0 << "Transfer-Encoding: chunked[\r][\n]"
11:43:22.329 [docker-java-stream--342875180] DEBUG com.github.dockerjava.zerodep.shaded.org.apache.hc.client5.http.wire - http-outgoing-0 << "[\r][\n]"
11:43:22.329 [docker-java-stream--342875180] DEBUG com.github.dockerjava.zerodep.shaded.org.apache.hc.client5.http.headers - http-outgoing-0 << HTTP/1.1 200 OK
11:43:22.329 [docker-java-stream--342875180] DEBUG com.github.dockerjava.zerodep.shaded.org.apache.hc.client5.http.headers - http-outgoing-0 << Api-Version: 1.42
11:43:22.329 [docker-java-stream--342875180] DEBUG com.github.dockerjava.zerodep.shaded.org.apache.hc.client5.http.headers - http-outgoing-0 << Content-Type: application/vnd.docker.raw-stream
11:43:22.329 [docker-java-stream--342875180] DEBUG com.github.dockerjava.zerodep.shaded.org.apache.hc.client5.http.headers - http-outgoing-0 << Docker-Experimental: false
11:43:22.329 [docker-java-stream--342875180] DEBUG com.github.dockerjava.zerodep.shaded.org.apache.hc.client5.http.headers - http-outgoing-0 << Ostype: linux
11:43:22.329 [docker-java-stream--342875180] DEBUG com.github.dockerjava.zerodep.shaded.org.apache.hc.client5.http.headers - http-outgoing-0 << Server: Docker/23.0.2 (linux)
11:43:22.329 [docker-java-stream--342875180] DEBUG com.github.dockerjava.zerodep.shaded.org.apache.hc.client5.http.headers - http-outgoing-0 << Date: Wed, 05 Apr 2023 09:43:22 GMT
11:43:22.329 [docker-java-stream--342875180] DEBUG com.github.dockerjava.zerodep.shaded.org.apache.hc.client5.http.headers - http-outgoing-0 << Transfer-Encoding: chunked
11:43:22.330 [docker-java-stream--342875180] DEBUG com.github.dockerjava.zerodep.shaded.org.apache.hc.client5.http.impl.classic.MainClientExec - ex-00000007: connection can be kept alive for 3 MINUTES
11:43:22.330 [docker-java-stream--342875180] DEBUG com.github.dockerjava.zerodep.shaded.org.apache.hc.client5.http.wire - http-outgoing-0 << "2e[\r][\n]"
11:43:22.331 [docker-java-stream--342875180] DEBUG com.github.dockerjava.zerodep.shaded.org.apache.hc.client5.http.wire - http-outgoing-0 << "[0x2][0x0][0x0][0x0][0x0][0x0][0x0]&2023/04/05 09:43:22 Pinging Docker...[\n]"
11:43:22.331 [docker-java-stream--342875180] DEBUG com.github.dockerjava.zerodep.shaded.org.apache.hc.client5.http.wire - http-outgoing-0 << "[\r][\n]"
11:43:22.331 [docker-java-stream--342875180] DEBUG com.github.dockerjava.zerodep.shaded.org.apache.hc.client5.http.wire - http-outgoing-0 << "38[\r][\n]"
11:43:22.331 [docker-java-stream--342875180] DEBUG com.github.dockerjava.zerodep.shaded.org.apache.hc.client5.http.wire - http-outgoing-0 << "[0x2][0x0][0x0][0x0][0x0][0x0][0x0]02023/04/05 09:43:22 Docker daemon is available![\n]"
11:43:22.331 [docker-java-stream--342875180] DEBUG com.github.dockerjava.zerodep.shaded.org.apache.hc.client5.http.wire - http-outgoing-0 << "[\r][\n]"
11:43:22.331 [docker-java-stream--342875180] DEBUG com.github.dockerjava.zerodep.shaded.org.apache.hc.client5.http.wire - http-outgoing-0 << "35[\r][\n]"
11:43:22.331 [docker-java-stream--342875180] DEBUG com.github.dockerjava.zerodep.shaded.org.apache.hc.client5.http.wire - http-outgoing-0 << "[0x2][0x0][0x0][0x0][0x0][0x0][0x0]-2023/04/05 09:43:22 Starting on port 8080...[\n]"
11:43:22.331 [docker-java-stream--342875180] DEBUG com.github.dockerjava.zerodep.shaded.org.apache.hc.client5.http.wire - http-outgoing-0 << "[\r][\n]"
11:43:22.331 [docker-java-stream--342875180] DEBUG com.github.dockerjava.zerodep.shaded.org.apache.hc.client5.http.wire - http-outgoing-0 << "25[\r][\n]"
11:43:22.331 [docker-java-stream--342875180] DEBUG com.github.dockerjava.zerodep.shaded.org.apache.hc.client5.http.wire - http-outgoing-0 << "[0x2][0x0][0x0][0x0][0x0][0x0][0x0][0x1d]2023/04/05 09:43:22 Started![\n]"
11:43:22.331 [docker-java-stream--342875180] DEBUG com.github.dockerjava.zerodep.shaded.org.apache.hc.client5.http.wire - http-outgoing-0 << "[\r][\n]"
11:43:22.332 [Test worker] DEBUG org.testcontainers.containers.output.WaitingConsumer - STDERR: 2023/04/05 09:43:22 Pinging Docker...
11:43:22.333 [Test worker] DEBUG org.testcontainers.containers.output.WaitingConsumer - STDERR: 2023/04/05 09:43:22 Started!
11:43:22.333 [Test worker] DEBUG com.github.dockerjava.zerodep.shaded.org.apache.hc.client5.http.impl.classic.InternalHttpClient - ep-00000006: cancel
11:43:22.333 [docker-java-stream--342875180] DEBUG com.github.dockerjava.zerodep.shaded.org.apache.hc.client5.http.wire - http-outgoing-0 << "[read] I/O error: null"
11:43:22.334 [docker-java-stream--342875180] DEBUG com.github.dockerjava.zerodep.shaded.org.apache.hc.client5.http.wire - http-outgoing-0 << "[read] I/O error: null"
11:43:22.334 [Test worker] DEBUG com.github.dockerjava.zerodep.shaded.org.apache.hc.client5.http.impl.io.DefaultManagedHttpClientConnection - http-outgoing-0: close connection IMMEDIATE
11:43:22.334 [Test worker] DEBUG com.github.dockerjava.zerodep.shaded.org.apache.hc.client5.http.impl.classic.InternalHttpClient - ep-00000006: endpoint closed
11:43:22.334 [Test worker] DEBUG com.github.dockerjava.zerodep.shaded.org.apache.hc.client5.http.impl.classic.InternalHttpClient - ep-00000006: discarding endpoint
11:43:22.334 [Test worker] DEBUG com.github.dockerjava.zerodep.shaded.org.apache.hc.client5.http.impl.io.PoolingHttpClientConnectionManager - ep-00000006: releasing endpoint
11:43:22.334 [Test worker] DEBUG com.github.dockerjava.zerodep.shaded.org.apache.hc.client5.http.impl.io.PoolingHttpClientConnectionManager - ep-00000006: connection is not kept alive
11:43:22.334 [Test worker] DEBUG com.github.dockerjava.zerodep.shaded.org.apache.hc.client5.http.impl.io.PoolingHttpClientConnectionManager - ep-00000006: connection released [route: {}->unix://localhost:2375][total available: 0; route allocated: 0 of 2147483647; total allocated: 0 of 2147483647]
11:43:22.335 [Test worker] INFO ]]>&#x1f433;<![CDATA[ [testcontainers/ryuk:0.3.3] - Container testcontainers/ryuk:0.3.3 started in PT0.544262976S
11:43:22.336 [docker-java-stream--342875180] DEBUG com.github.dockerjava.zerodep.ApacheDockerHttpClientImpl$ApacheResponse - Failed to close the response
java.nio.channels.ClosedChannelException: null
	at java.base/sun.nio.ch.SocketChannelImpl.ensureOpenAndConnected(SocketChannelImpl.java:215)
	at java.base/sun.nio.ch.SocketChannelImpl.read(SocketChannelImpl.java:403)
	at java.base/sun.nio.ch.ChannelInputStream.read(ChannelInputStream.java:59)
	at java.base/sun.nio.ch.ChannelInputStream.read(ChannelInputStream.java:107)
	at java.base/sun.nio.ch.ChannelInputStream.read(ChannelInputStream.java:101)
	at com.github.dockerjava.zerodep.shaded.org.apache.hc.client5.http.impl.io.LoggingInputStream.read(LoggingInputStream.java:81)
	at com.github.dockerjava.zerodep.shaded.org.apache.hc.core5.http.impl.io.SessionInputBufferImpl.fillBuffer(SessionInputBufferImpl.java:149)
	at com.github.dockerjava.zerodep.shaded.org.apache.hc.core5.http.impl.io.SessionInputBufferImpl.readLine(SessionInputBufferImpl.java:280)
	at com.github.dockerjava.zerodep.shaded.org.apache.hc.core5.http.impl.io.ChunkedInputStream.getChunkSize(ChunkedInputStream.java:261)
	at com.github.dockerjava.zerodep.shaded.org.apache.hc.core5.http.impl.io.ChunkedInputStream.nextChunk(ChunkedInputStream.java:222)
	at com.github.dockerjava.zerodep.shaded.org.apache.hc.core5.http.impl.io.ChunkedInputStream.read(ChunkedInputStream.java:147)
	at com.github.dockerjava.zerodep.shaded.org.apache.hc.core5.http.impl.io.ChunkedInputStream.close(ChunkedInputStream.java:314)
	at com.github.dockerjava.zerodep.shaded.org.apache.hc.core5.io.Closer.close(Closer.java:48)
	at com.github.dockerjava.zerodep.shaded.org.apache.hc.core5.http.impl.io.IncomingHttpEntity.close(IncomingHttpEntity.java:111)
	at com.github.dockerjava.zerodep.shaded.org.apache.hc.core5.http.io.entity.HttpEntityWrapper.close(HttpEntityWrapper.java:120)
	at com.github.dockerjava.zerodep.shaded.org.apache.hc.core5.io.Closer.close(Closer.java:48)
	at com.github.dockerjava.zerodep.shaded.org.apache.hc.core5.http.message.BasicClassicHttpResponse.close(BasicClassicHttpResponse.java:93)
	at com.github.dockerjava.zerodep.shaded.org.apache.hc.client5.http.impl.classic.CloseableHttpResponse.close(CloseableHttpResponse.java:200)
	at com.github.dockerjava.zerodep.ApacheDockerHttpClientImpl$ApacheResponse.close(ApacheDockerHttpClientImpl.java:256)
	at org.testcontainers.shaded.com.github.dockerjava.core.DefaultInvocationBuilder.lambda$executeAndStream$1(DefaultInvocationBuilder.java:277)
	at java.base/java.lang.Thread.run(Thread.java:833)
11:43:22.341 [testcontainers-ryuk] DEBUG org.testcontainers.utility.ResourceReaper - Sending 'label=org.testcontainers%3Dtrue&label=org.testcontainers.sessionId%3Db7f6c99f-5b0f-49a9-8796-94a8ae81f0d8' to Ryuk
11:43:22.342 [testcontainers-ryuk] DEBUG org.testcontainers.utility.RyukResourceReaper - Received 'ACK' from Ryuk
11:43:22.342 [Test worker] INFO org.testcontainers.utility.RyukResourceReaper - Ryuk started - will monitor and terminate Testcontainers containers on JVM exit
11:43:22.342 [Test worker] DEBUG org.testcontainers.DockerClientFactory - Checks are enabled
11:43:22.343 [Test worker] INFO org.testcontainers.DockerClientFactory - Checking the system...
11:43:22.343 [Test worker] INFO org.testcontainers.DockerClientFactory - ✔︎ Docker server version should be at least 1.6.0
11:43:22.344 [Test worker] DEBUG org.testcontainers.utility.PrefixingImageNameSubstitutor - No prefix is configured
11:43:22.344 [Test worker] DEBUG org.testcontainers.utility.ImageNameSubstitutor - Did not find a substitute image for localstack/localstack:latest (using image substitutor: DefaultImageNameSubstitutor (composite of 'ConfigurationFileImageNameSubstitutor' and 'PrefixingImageNameSubstitutor'))
11:43:22.344 [Test worker] DEBUG org.testcontainers.images.AbstractImagePullPolicy - Using locally available and not pulling image: localstack/localstack:latest
11:43:22.344 [Test worker] INFO ]]>&#x1f433;<![CDATA[ [localstack/localstack:latest] - HOSTNAME_EXTERNAL environment variable set to localhost (to match host-routable address for container)
11:43:22.345 [Test worker] DEBUG ]]>&#x1f433;<![CDATA[ [localstack/localstack:latest] - Starting container: localstack/localstack:latest
11:43:22.346 [Test worker] DEBUG ]]>&#x1f433;<![CDATA[ [localstack/localstack:latest] - Trying to start container: localstack/localstack:latest (attempt 1/1)
11:43:22.346 [Test worker] DEBUG ]]>&#x1f433;<![CDATA[ [localstack/localstack:latest] - Starting container: localstack/localstack:latest
11:43:22.346 [Test worker] INFO ]]>&#x1f433;<![CDATA[ [localstack/localstack:latest] - Creating container for image: localstack/localstack:latest
11:43:22.346 [Test worker] DEBUG org.testcontainers.utility.RegistryAuthLocator - Looking up auth config for image: localstack/localstack:latest at registry: https://index.docker.io/v1/
11:43:22.346 [Test worker] DEBUG org.testcontainers.utility.RegistryAuthLocator - No matching Auth Configs - falling back to defaultAuthConfig [null]
11:43:22.346 [Test worker] DEBUG org.testcontainers.dockerclient.AuthDelegatingDockerClientConfig - Effective auth config [null]
11:43:22.348 [Test worker] DEBUG org.testcontainers.utility.PrefixingImageNameSubstitutor - No prefix is configured
11:43:22.348 [Test worker] DEBUG org.testcontainers.utility.ImageNameSubstitutor - Did not find a substitute image for alpine:3.14 (using image substitutor: DefaultImageNameSubstitutor (composite of 'ConfigurationFileImageNameSubstitutor' and 'PrefixingImageNameSubstitutor'))
11:43:22.348 [Test worker] DEBUG org.testcontainers.images.AbstractImagePullPolicy - Using locally available and not pulling image: alpine:3.14
11:43:22.348 [Test worker] DEBUG org.testcontainers.utility.RegistryAuthLocator - Looking up auth config for image: alpine:3.14 at registry: https://index.docker.io/v1/
11:43:22.348 [Test worker] DEBUG org.testcontainers.utility.RegistryAuthLocator - No matching Auth Configs - falling back to defaultAuthConfig [null]
11:43:22.348 [Test worker] DEBUG org.testcontainers.dockerclient.AuthDelegatingDockerClientConfig - Effective auth config [null]
11:43:22.351 [Test worker] DEBUG org.testcontainers.utility.MountableFile - Copying classpath resource(s) from jar:file:/home/luca/.m2/repository/org/testcontainers/testcontainers/1.17.3/testcontainers-1.17.3.jar!/org/testcontainers/utility/ResourceReaper.class to /tmp/.testcontainers-tmp-5850931671228405969 to permit Docker to bind
11:43:22.351 [Test worker] DEBUG org.testcontainers.utility.MountableFile - Copying resource org/testcontainers/utility/ResourceReaper.class from JAR file /home/luca/.m2/repository/org/testcontainers/testcontainers/1.17.3/testcontainers-1.17.3.jar
11:43:22.355 [Test worker] DEBUG org.testcontainers.shaded.com.github.dockerjava.core.command.AbstrDockerCmd - Cmd: org.testcontainers.shaded.com.github.dockerjava.core.command.CreateContainerCmdImpl@14c99bf6[aliases=<null>,argsEscaped=<null>,attachStderr=<null>,attachStdin=<null>,attachStdout=<null>,authConfig=<null>,cmd=<null>,domainName=<null>,entrypoint=<null>,env=<null>,exposedPorts=ExposedPorts(exposedPorts=[]),healthcheck=<null>,hostConfig=HostConfig(binds=[/tmp/.testcontainers-tmp-5850931671228405969:/dummy:ro], blkioWeight=null, blkioWeightDevice=null, blkioDeviceReadBps=null, blkioDeviceWriteBps=null, blkioDeviceReadIOps=null, blkioDeviceWriteIOps=null, memorySwappiness=null, nanoCPUs=null, capAdd=null, capDrop=null, containerIDFile=null, cpuPeriod=null, cpuRealtimePeriod=null, cpuRealtimeRuntime=null, cpuShares=null, cpuQuota=null, cpusetCpus=null, cpusetMems=null, devices=null, deviceCgroupRules=null, deviceRequests=null, diskQuota=null, dns=null, dnsOptions=null, dnsSearch=null, extraHosts=null, groupAdd=null, ipcMode=null, cgroup=null, links=[], logConfig=LogConfig(type=null, config=null), lxcConf=null, memory=null, memorySwap=null, memoryReservation=null, kernelMemory=null, networkMode=null, oomKillDisable=null, init=null, autoRemove=null, oomScoreAdj=null, portBindings=null, privileged=null, publishAllPorts=null, readonlyRootfs=null, restartPolicy=null, ulimits=null, cpuCount=null, cpuPercent=null, ioMaximumIOps=null, ioMaximumBandwidth=null, volumesFrom=null, mounts=null, pidMode=null, isolation=null, securityOpts=null, storageOpt=null, cgroupParent=null, volumeDriver=null, shmSize=null, pidsLimit=null, runtime=null, tmpFs=null, utSMode=null, usernsMode=null, sysctls=null, consoleSize=null, cgroupnsMode=null),hostName=<null>,image=alpine:3.14,ipv4Address=<null>,ipv6Address=<null>,labels={org.testcontainers=true, org.testcontainers.sessionId=b7f6c99f-5b0f-49a9-8796-94a8ae81f0d8},macAddress=<null>,name=<null>,networkDisabled=<null>,networkingConfig=<null>,onBuild=<null>,platform=<null>,portSpecs=<null>,shell=<null>,stdInOnce=<null>,stdinOpen=<null>,stopSignal=<null>,stopTimeout=<null>,tty=<null>,user=<null>,volumes=Volumes(volumes=[]),workingDir=<null>]
11:43:22.357 [Test worker] DEBUG com.github.dockerjava.zerodep.shaded.org.apache.hc.client5.http.impl.classic.InternalHttpClient - ex-00000008: preparing request execution
11:43:22.358 [Test worker] DEBUG com.github.dockerjava.zerodep.shaded.org.apache.hc.client5.http.protocol.RequestAddCookies - Cookie spec selected: strict
11:43:22.358 [Test worker] DEBUG com.github.dockerjava.zerodep.shaded.org.apache.hc.client5.http.protocol.RequestAuthCache - Auth cache not set in the context
11:43:22.358 [Test worker] DEBUG com.github.dockerjava.zerodep.shaded.org.apache.hc.client5.http.impl.classic.ProtocolExec - ex-00000008: target auth state: UNCHALLENGED
11:43:22.358 [Test worker] DEBUG com.github.dockerjava.zerodep.shaded.org.apache.hc.client5.http.impl.classic.ProtocolExec - ex-00000008: proxy auth state: UNCHALLENGED
11:43:22.358 [Test worker] DEBUG com.github.dockerjava.zerodep.shaded.org.apache.hc.client5.http.impl.classic.ConnectExec - ex-00000008: acquiring connection with route {}->unix://localhost:2375
11:43:22.358 [Test worker] DEBUG com.github.dockerjava.zerodep.shaded.org.apache.hc.client5.http.impl.classic.InternalHttpClient - ex-00000008: acquiring endpoint (3 MINUTES)
11:43:22.358 [Test worker] DEBUG com.github.dockerjava.zerodep.shaded.org.apache.hc.client5.http.impl.io.PoolingHttpClientConnectionManager - ex-00000008: endpoint lease request (3 MINUTES) [route: {}->unix://localhost:2375][total available: 0; route allocated: 0 of 2147483647; total allocated: 0 of 2147483647]
11:43:22.358 [Test worker] DEBUG com.github.dockerjava.zerodep.shaded.org.apache.hc.client5.http.impl.io.PoolingHttpClientConnectionManager - ex-00000008: endpoint leased [route: {}->unix://localhost:2375][total available: 0; route allocated: 1 of 2147483647; total allocated: 1 of 2147483647]
11:43:22.358 [Test worker] DEBUG com.github.dockerjava.zerodep.shaded.org.apache.hc.client5.http.impl.io.PoolingHttpClientConnectionManager - ex-00000008: acquired ep-00000007
11:43:22.358 [Test worker] DEBUG com.github.dockerjava.zerodep.shaded.org.apache.hc.client5.http.impl.classic.InternalHttpClient - ex-00000008: acquired endpoint ep-00000007
11:43:22.359 [Test worker] DEBUG com.github.dockerjava.zerodep.shaded.org.apache.hc.client5.http.impl.classic.ConnectExec - ex-00000008: opening connection {}->unix://localhost:2375
11:43:22.359 [Test worker] DEBUG com.github.dockerjava.zerodep.shaded.org.apache.hc.client5.http.impl.classic.InternalHttpClient - ep-00000007: connecting endpoint (3 MINUTES)
11:43:22.359 [Test worker] DEBUG com.github.dockerjava.zerodep.shaded.org.apache.hc.client5.http.impl.io.PoolingHttpClientConnectionManager - ep-00000007: connecting endpoint to unix://localhost:2375 (3 MINUTES)
11:43:22.359 [Test worker] DEBUG com.github.dockerjava.zerodep.shaded.org.apache.hc.client5.http.impl.io.DefaultHttpClientConnectionOperator - http-outgoing-1: connecting to localhost/127.0.0.1:2375
11:43:22.359 [Test worker] DEBUG com.github.dockerjava.zerodep.shaded.org.apache.hc.client5.http.impl.io.DefaultHttpClientConnectionOperator - http-outgoing-1: connection established /var/run/docker.sock<->/var/run/docker.sock
11:43:22.359 [Test worker] DEBUG com.github.dockerjava.zerodep.shaded.org.apache.hc.client5.http.impl.io.PoolingHttpClientConnectionManager - ep-00000007: connected http-outgoing-1
11:43:22.359 [Test worker] DEBUG com.github.dockerjava.zerodep.shaded.org.apache.hc.client5.http.impl.classic.InternalHttpClient - ep-00000007: endpoint connected
11:43:22.359 [Test worker] DEBUG com.github.dockerjava.zerodep.shaded.org.apache.hc.client5.http.impl.classic.MainClientExec - ex-00000008: executing POST /v1.32/containers/create HTTP/1.1
11:43:22.359 [Test worker] DEBUG com.github.dockerjava.zerodep.shaded.org.apache.hc.client5.http.impl.classic.InternalHttpClient - ep-00000007: start execution ex-00000008
11:43:22.360 [Test worker] DEBUG com.github.dockerjava.zerodep.shaded.org.apache.hc.client5.http.impl.io.PoolingHttpClientConnectionManager - ep-00000007: executing exchange ex-00000008 over http-outgoing-1
11:43:22.360 [Test worker] DEBUG com.github.dockerjava.zerodep.shaded.org.apache.hc.client5.http.headers - http-outgoing-1 >> POST /v1.32/containers/create HTTP/1.1
11:43:22.360 [Test worker] DEBUG com.github.dockerjava.zerodep.shaded.org.apache.hc.client5.http.headers - http-outgoing-1 >> accept: application/json
11:43:22.360 [Test worker] DEBUG com.github.dockerjava.zerodep.shaded.org.apache.hc.client5.http.headers - http-outgoing-1 >> content-type: application/json
11:43:22.360 [Test worker] DEBUG com.github.dockerjava.zerodep.shaded.org.apache.hc.client5.http.headers - http-outgoing-1 >> x-tc-sid: b7f6c99f-5b0f-49a9-8796-94a8ae81f0d8
11:43:22.360 [Test worker] DEBUG com.github.dockerjava.zerodep.shaded.org.apache.hc.client5.http.headers - http-outgoing-1 >> Accept-Encoding: gzip, x-gzip, deflate
11:43:22.360 [Test worker] DEBUG com.github.dockerjava.zerodep.shaded.org.apache.hc.client5.http.headers - http-outgoing-1 >> Content-Length: 1908
11:43:22.360 [Test worker] DEBUG com.github.dockerjava.zerodep.shaded.org.apache.hc.client5.http.headers - http-outgoing-1 >> Host: localhost:2375
11:43:22.360 [Test worker] DEBUG com.github.dockerjava.zerodep.shaded.org.apache.hc.client5.http.headers - http-outgoing-1 >> Connection: keep-alive
11:43:22.360 [Test worker] DEBUG com.github.dockerjava.zerodep.shaded.org.apache.hc.client5.http.headers - http-outgoing-1 >> User-Agent: Apache-HttpClient/5.0.3 (Java/17.0.6)
11:43:22.360 [Test worker] DEBUG com.github.dockerjava.zerodep.shaded.org.apache.hc.client5.http.wire - http-outgoing-1 >> "POST /v1.32/containers/create HTTP/1.1[\r][\n]"
11:43:22.360 [Test worker] DEBUG com.github.dockerjava.zerodep.shaded.org.apache.hc.client5.http.wire - http-outgoing-1 >> "accept: application/json[\r][\n]"
11:43:22.360 [Test worker] DEBUG com.github.dockerjava.zerodep.shaded.org.apache.hc.client5.http.wire - http-outgoing-1 >> "content-type: application/json[\r][\n]"
11:43:22.360 [Test worker] DEBUG com.github.dockerjava.zerodep.shaded.org.apache.hc.client5.http.wire - http-outgoing-1 >> "x-tc-sid: b7f6c99f-5b0f-49a9-8796-94a8ae81f0d8[\r][\n]"
11:43:22.360 [Test worker] DEBUG com.github.dockerjava.zerodep.shaded.org.apache.hc.client5.http.wire - http-outgoing-1 >> "Accept-Encoding: gzip, x-gzip, deflate[\r][\n]"
11:43:22.360 [Test worker] DEBUG com.github.dockerjava.zerodep.shaded.org.apache.hc.client5.http.wire - http-outgoing-1 >> "Content-Length: 1908[\r][\n]"
11:43:22.361 [Test worker] DEBUG com.github.dockerjava.zerodep.shaded.org.apache.hc.client5.http.wire - http-outgoing-1 >> "Host: localhost:2375[\r][\n]"
11:43:22.361 [Test worker] DEBUG com.github.dockerjava.zerodep.shaded.org.apache.hc.client5.http.wire - http-outgoing-1 >> "Connection: keep-alive[\r][\n]"
11:43:22.361 [Test worker] DEBUG com.github.dockerjava.zerodep.shaded.org.apache.hc.client5.http.wire - http-outgoing-1 >> "User-Agent: Apache-HttpClient/5.0.3 (Java/17.0.6)[\r][\n]"
11:43:22.361 [Test worker] DEBUG com.github.dockerjava.zerodep.shaded.org.apache.hc.client5.http.wire - http-outgoing-1 >> "[\r][\n]"
11:43:22.361 [Test worker] DEBUG com.github.dockerjava.zerodep.shaded.org.apache.hc.client5.http.wire - http-outgoing-1 >> "{"Hostname":null,"Domainname":null,"User":null,"AttachStdin":null,"AttachStdout":null,"AttachStderr":null,"PortSpecs":null,"Tty":null,"OpenStdin":null,"StdinOnce":null,"Env":null,"Cmd":null,"Healthcheck":null,"ArgsEscaped":null,"Entrypoint":null,"Image":"alpine:3.14","Volumes":{},"WorkingDir":null,"MacAddress":null,"OnBuild":null,"NetworkDisabled":null,"ExposedPorts":{},"StopSignal":null,"StopTimeout":null,"HostConfig":{"Binds":["/tmp/.testcontainers-tmp-5850931671228405969:/dummy:ro"],"BlkioWeight":null,"BlkioWeightDevice":null,"BlkioDeviceReadBps":null,"BlkioDeviceWriteBps":null,"BlkioDeviceReadIOps":null,"BlkioDeviceWriteIOps":null,"MemorySwappiness":null,"NanoCpus":null,"CapAdd":null,"CapDrop":null,"ContainerIDFile":null,"CpuPeriod":null,"CpuRealtimePeriod":null,"CpuRealtimeRuntime":null,"CpuShares":null,"CpuQuota":null,"CpusetCpus":null,"CpusetMems":null,"Devices":null,"DeviceCgroupRules":null,"DeviceRequests":null,"DiskQuota":null,"Dns":null,"DnsOptions":null,"DnsSearch":null,"ExtraHosts":null,"GroupAdd":null,"IpcMode":null,"Cgroup":null,"Links":null,"LogConfig":null,"LxcConf":null,"Memory":null,"MemorySwap":null,"MemoryReservation":null,"KernelMemory":null,"NetworkMode":null,"OomKillDisable":null,"Init":null,"AutoRemove":null,"OomScoreAdj":null,"PortBindings":null,"Privileged":null,"PublishAllPorts":null,"ReadonlyRootfs":null,"RestartPolicy":null,"Ulimits":null,"CpuCount":null,"CpuPercent":null,"IOMaximumIOps":null,"IOMaximumBandwidth":null,"VolumesFrom":null,"Mounts":null,"PidMode":null,"Isolation":null,"SecurityOpt":null,"StorageOpt":null,"CgroupParent":null,"VolumeDriver":null,"ShmSize":null,"PidsLimit":null,"Runtime":null,"Tmpfs":null,"UTSMode":null,"UsernsMode":null,"Sysctls":null,"ConsoleSize":null,"CgroupnsMode":null},"Labels":{"org.testcontainers":"true","org.testcontainers.sessionId":"b7f6c99f-5b0f-49a9-8796-94a8ae81f0d8"},"Shell":null,"NetworkingConfig":null}"
11:43:22.370 [Test worker] DEBUG com.github.dockerjava.zerodep.shaded.org.apache.hc.client5.http.wire - http-outgoing-1 << "HTTP/1.1 201 Created[\r][\n]"
11:43:22.370 [Test worker] DEBUG com.github.dockerjava.zerodep.shaded.org.apache.hc.client5.http.wire - http-outgoing-1 << "Api-Version: 1.42[\r][\n]"
11:43:22.370 [Test worker] DEBUG com.github.dockerjava.zerodep.shaded.org.apache.hc.client5.http.wire - http-outgoing-1 << "Content-Type: application/json[\r][\n]"
11:43:22.370 [Test worker] DEBUG com.github.dockerjava.zerodep.shaded.org.apache.hc.client5.http.wire - http-outgoing-1 << "Docker-Experimental: false[\r][\n]"
11:43:22.370 [Test worker] DEBUG com.github.dockerjava.zerodep.shaded.org.apache.hc.client5.http.wire - http-outgoing-1 << "Ostype: linux[\r][\n]"
11:43:22.370 [Test worker] DEBUG com.github.dockerjava.zerodep.shaded.org.apache.hc.client5.http.wire - http-outgoing-1 << "Server: Docker/23.0.2 (linux)[\r][\n]"
11:43:22.370 [Test worker] DEBUG com.github.dockerjava.zerodep.shaded.org.apache.hc.client5.http.wire - http-outgoing-1 << "Date: Wed, 05 Apr 2023 09:43:22 GMT[\r][\n]"
11:43:22.370 [Test worker] DEBUG com.github.dockerjava.zerodep.shaded.org.apache.hc.client5.http.wire - http-outgoing-1 << "Content-Length: 88[\r][\n]"
11:43:22.370 [Test worker] DEBUG com.github.dockerjava.zerodep.shaded.org.apache.hc.client5.http.wire - http-outgoing-1 << "[\r][\n]"
11:43:22.370 [Test worker] DEBUG com.github.dockerjava.zerodep.shaded.org.apache.hc.client5.http.wire - http-outgoing-1 << "{"Id":"27fe80320bcfc7da1b0aeec8199648de6f23a81977aab7c97889f5d94186bd50","Warnings":[]}[\n]"
11:43:22.371 [Test worker] DEBUG com.github.dockerjava.zerodep.shaded.org.apache.hc.client5.http.headers - http-outgoing-1 << HTTP/1.1 201 Created
11:43:22.371 [Test worker] DEBUG com.github.dockerjava.zerodep.shaded.org.apache.hc.client5.http.headers - http-outgoing-1 << Api-Version: 1.42
11:43:22.371 [Test worker] DEBUG com.github.dockerjava.zerodep.shaded.org.apache.hc.client5.http.headers - http-outgoing-1 << Content-Type: application/json
11:43:22.371 [Test worker] DEBUG com.github.dockerjava.zerodep.shaded.org.apache.hc.client5.http.headers - http-outgoing-1 << Docker-Experimental: false
11:43:22.371 [Test worker] DEBUG com.github.dockerjava.zerodep.shaded.org.apache.hc.client5.http.headers - http-outgoing-1 << Ostype: linux
11:43:22.371 [Test worker] DEBUG com.github.dockerjava.zerodep.shaded.org.apache.hc.client5.http.headers - http-outgoing-1 << Server: Docker/23.0.2 (linux)
11:43:22.371 [Test worker] DEBUG com.github.dockerjava.zerodep.shaded.org.apache.hc.client5.http.headers - http-outgoing-1 << Date: Wed, 05 Apr 2023 09:43:22 GMT
11:43:22.371 [Test worker] DEBUG com.github.dockerjava.zerodep.shaded.org.apache.hc.client5.http.headers - http-outgoing-1 << Content-Length: 88
11:43:22.371 [Test worker] DEBUG com.github.dockerjava.zerodep.shaded.org.apache.hc.client5.http.impl.classic.MainClientExec - ex-00000008: connection can be kept alive for 3 MINUTES
11:43:22.372 [Test worker] DEBUG com.github.dockerjava.zerodep.shaded.org.apache.hc.client5.http.impl.classic.InternalHttpClient - ep-00000007: releasing valid endpoint
11:43:22.372 [Test worker] DEBUG com.github.dockerjava.zerodep.shaded.org.apache.hc.client5.http.impl.io.PoolingHttpClientConnectionManager - ep-00000007: releasing endpoint
11:43:22.372 [Test worker] DEBUG com.github.dockerjava.zerodep.shaded.org.apache.hc.client5.http.impl.io.PoolingHttpClientConnectionManager - ep-00000007: connection http-outgoing-1 can be kept alive for 3 MINUTES
11:43:22.372 [Test worker] DEBUG com.github.dockerjava.zerodep.shaded.org.apache.hc.client5.http.impl.io.PoolingHttpClientConnectionManager - ep-00000007: connection released [route: {}->unix://localhost:2375][total available: 1; route allocated: 1 of 2147483647; total allocated: 1 of 2147483647]
11:43:22.372 [Test worker] DEBUG org.testcontainers.shaded.com.github.dockerjava.core.command.AbstrDockerCmd - Cmd: 27fe80320bcfc7da1b0aeec8199648de6f23a81977aab7c97889f5d94186bd50
11:43:22.372 [Test worker] DEBUG com.github.dockerjava.zerodep.shaded.org.apache.hc.client5.http.impl.classic.InternalHttpClient - ex-00000009: preparing request execution
11:43:22.373 [Test worker] DEBUG com.github.dockerjava.zerodep.shaded.org.apache.hc.client5.http.protocol.RequestAddCookies - Cookie spec selected: strict
11:43:22.373 [Test worker] DEBUG com.github.dockerjava.zerodep.shaded.org.apache.hc.client5.http.protocol.RequestAuthCache - Auth cache not set in the context
11:43:22.373 [Test worker] DEBUG com.github.dockerjava.zerodep.shaded.org.apache.hc.client5.http.impl.classic.ProtocolExec - ex-00000009: target auth state: UNCHALLENGED
11:43:22.373 [Test worker] DEBUG com.github.dockerjava.zerodep.shaded.org.apache.hc.client5.http.impl.classic.ProtocolExec - ex-00000009: proxy auth state: UNCHALLENGED
11:43:22.373 [Test worker] DEBUG com.github.dockerjava.zerodep.shaded.org.apache.hc.client5.http.impl.classic.ConnectExec - ex-00000009: acquiring connection with route {}->unix://localhost:2375
11:43:22.373 [Test worker] DEBUG com.github.dockerjava.zerodep.shaded.org.apache.hc.client5.http.impl.classic.InternalHttpClient - ex-00000009: acquiring endpoint (3 MINUTES)
11:43:22.373 [Test worker] DEBUG com.github.dockerjava.zerodep.shaded.org.apache.hc.client5.http.impl.io.PoolingHttpClientConnectionManager - ex-00000009: endpoint lease request (3 MINUTES) [route: {}->unix://localhost:2375][total available: 1; route allocated: 1 of 2147483647; total allocated: 1 of 2147483647]
11:43:22.373 [Test worker] DEBUG com.github.dockerjava.zerodep.shaded.org.apache.hc.client5.http.impl.io.PoolingHttpClientConnectionManager - ex-00000009: endpoint leased [route: {}->unix://localhost:2375][total available: 0; route allocated: 1 of 2147483647; total allocated: 1 of 2147483647]
11:43:22.373 [Test worker] DEBUG com.github.dockerjava.zerodep.shaded.org.apache.hc.client5.http.impl.io.PoolingHttpClientConnectionManager - ex-00000009: acquired ep-00000008
11:43:22.373 [Test worker] DEBUG com.github.dockerjava.zerodep.shaded.org.apache.hc.client5.http.impl.classic.InternalHttpClient - ex-00000009: acquired endpoint ep-00000008
11:43:22.373 [Test worker] DEBUG com.github.dockerjava.zerodep.shaded.org.apache.hc.client5.http.impl.classic.MainClientExec - ex-00000009: executing POST /v1.32/containers/27fe80320bcfc7da1b0aeec8199648de6f23a81977aab7c97889f5d94186bd50/start HTTP/1.1
11:43:22.374 [Test worker] DEBUG com.github.dockerjava.zerodep.shaded.org.apache.hc.client5.http.impl.classic.InternalHttpClient - ep-00000008: start execution ex-00000009
11:43:22.374 [Test worker] DEBUG com.github.dockerjava.zerodep.shaded.org.apache.hc.client5.http.impl.io.PoolingHttpClientConnectionManager - ep-00000008: executing exchange ex-00000009 over http-outgoing-1
11:43:22.374 [Test worker] DEBUG com.github.dockerjava.zerodep.shaded.org.apache.hc.client5.http.headers - http-outgoing-1 >> POST /v1.32/containers/27fe80320bcfc7da1b0aeec8199648de6f23a81977aab7c97889f5d94186bd50/start HTTP/1.1
11:43:22.374 [Test worker] DEBUG com.github.dockerjava.zerodep.shaded.org.apache.hc.client5.http.headers - http-outgoing-1 >> accept: application/json
11:43:22.374 [Test worker] DEBUG com.github.dockerjava.zerodep.shaded.org.apache.hc.client5.http.headers - http-outgoing-1 >> content-type: application/json
11:43:22.374 [Test worker] DEBUG com.github.dockerjava.zerodep.shaded.org.apache.hc.client5.http.headers - http-outgoing-1 >> x-tc-sid: b7f6c99f-5b0f-49a9-8796-94a8ae81f0d8
11:43:22.374 [Test worker] DEBUG com.github.dockerjava.zerodep.shaded.org.apache.hc.client5.http.headers - http-outgoing-1 >> Accept-Encoding: gzip, x-gzip, deflate
11:43:22.374 [Test worker] DEBUG com.github.dockerjava.zerodep.shaded.org.apache.hc.client5.http.headers - http-outgoing-1 >> Host: localhost:2375
11:43:22.374 [Test worker] DEBUG com.github.dockerjava.zerodep.shaded.org.apache.hc.client5.http.headers - http-outgoing-1 >> Connection: keep-alive
11:43:22.374 [Test worker] DEBUG com.github.dockerjava.zerodep.shaded.org.apache.hc.client5.http.headers - http-outgoing-1 >> User-Agent: Apache-HttpClient/5.0.3 (Java/17.0.6)
11:43:22.374 [Test worker] DEBUG com.github.dockerjava.zerodep.shaded.org.apache.hc.client5.http.wire - http-outgoing-1 >> "POST /v1.32/containers/27fe80320bcfc7da1b0aeec8199648de6f23a81977aab7c97889f5d94186bd50/start HTTP/1.1[\r][\n]"
11:43:22.374 [Test worker] DEBUG com.github.dockerjava.zerodep.shaded.org.apache.hc.client5.http.wire - http-outgoing-1 >> "accept: application/json[\r][\n]"
11:43:22.374 [Test worker] DEBUG com.github.dockerjava.zerodep.shaded.org.apache.hc.client5.http.wire - http-outgoing-1 >> "content-type: application/json[\r][\n]"
11:43:22.374 [Test worker] DEBUG com.github.dockerjava.zerodep.shaded.org.apache.hc.client5.http.wire - http-outgoing-1 >> "x-tc-sid: b7f6c99f-5b0f-49a9-8796-94a8ae81f0d8[\r][\n]"
11:43:22.374 [Test worker] DEBUG com.github.dockerjava.zerodep.shaded.org.apache.hc.client5.http.wire - http-outgoing-1 >> "Accept-Encoding: gzip, x-gzip, deflate[\r][\n]"
11:43:22.374 [Test worker] DEBUG com.github.dockerjava.zerodep.shaded.org.apache.hc.client5.http.wire - http-outgoing-1 >> "Host: localhost:2375[\r][\n]"
11:43:22.375 [Test worker] DEBUG com.github.dockerjava.zerodep.shaded.org.apache.hc.client5.http.wire - http-outgoing-1 >> "Connection: keep-alive[\r][\n]"
11:43:22.375 [Test worker] DEBUG com.github.dockerjava.zerodep.shaded.org.apache.hc.client5.http.wire - http-outgoing-1 >> "User-Agent: Apache-HttpClient/5.0.3 (Java/17.0.6)[\r][\n]"
11:43:22.375 [Test worker] DEBUG com.github.dockerjava.zerodep.shaded.org.apache.hc.client5.http.wire - http-outgoing-1 >> "[\r][\n]"
11:43:22.626 [Test worker] DEBUG com.github.dockerjava.zerodep.shaded.org.apache.hc.client5.http.wire - http-outgoing-1 << "HTTP/1.1 204 No Content[\r][\n]"
11:43:22.626 [Test worker] DEBUG com.github.dockerjava.zerodep.shaded.org.apache.hc.client5.http.wire - http-outgoing-1 << "Api-Version: 1.42[\r][\n]"
11:43:22.626 [Test worker] DEBUG com.github.dockerjava.zerodep.shaded.org.apache.hc.client5.http.wire - http-outgoing-1 << "Docker-Experimental: false[\r][\n]"
11:43:22.626 [Test worker] DEBUG com.github.dockerjava.zerodep.shaded.org.apache.hc.client5.http.wire - http-outgoing-1 << "Ostype: linux[\r][\n]"
11:43:22.626 [Test worker] DEBUG com.github.dockerjava.zerodep.shaded.org.apache.hc.client5.http.wire - http-outgoing-1 << "Server: Docker/23.0.2 (linux)[\r][\n]"
11:43:22.626 [Test worker] DEBUG com.github.dockerjava.zerodep.shaded.org.apache.hc.client5.http.wire - http-outgoing-1 << "Date: Wed, 05 Apr 2023 09:43:22 GMT[\r][\n]"
11:43:22.626 [Test worker] DEBUG com.github.dockerjava.zerodep.shaded.org.apache.hc.client5.http.wire - http-outgoing-1 << "[\r][\n]"
11:43:22.626 [Test worker] DEBUG com.github.dockerjava.zerodep.shaded.org.apache.hc.client5.http.headers - http-outgoing-1 << HTTP/1.1 204 No Content
11:43:22.626 [Test worker] DEBUG com.github.dockerjava.zerodep.shaded.org.apache.hc.client5.http.headers - http-outgoing-1 << Api-Version: 1.42
11:43:22.626 [Test worker] DEBUG com.github.dockerjava.zerodep.shaded.org.apache.hc.client5.http.headers - http-outgoing-1 << Docker-Experimental: false
11:43:22.626 [Test worker] DEBUG com.github.dockerjava.zerodep.shaded.org.apache.hc.client5.http.headers - http-outgoing-1 << Ostype: linux
11:43:22.626 [Test worker] DEBUG com.github.dockerjava.zerodep.shaded.org.apache.hc.client5.http.headers - http-outgoing-1 << Server: Docker/23.0.2 (linux)
11:43:22.627 [Test worker] DEBUG com.github.dockerjava.zerodep.shaded.org.apache.hc.client5.http.headers - http-outgoing-1 << Date: Wed, 05 Apr 2023 09:43:22 GMT
11:43:22.627 [Test worker] DEBUG com.github.dockerjava.zerodep.shaded.org.apache.hc.client5.http.impl.classic.MainClientExec - ex-00000009: connection can be kept alive for 3 MINUTES
11:43:22.627 [Test worker] DEBUG com.github.dockerjava.zerodep.shaded.org.apache.hc.client5.http.impl.classic.InternalHttpClient - ep-00000008: releasing valid endpoint
11:43:22.627 [Test worker] DEBUG com.github.dockerjava.zerodep.shaded.org.apache.hc.client5.http.impl.io.PoolingHttpClientConnectionManager - ep-00000008: releasing endpoint
11:43:22.627 [Test worker] DEBUG com.github.dockerjava.zerodep.shaded.org.apache.hc.client5.http.impl.io.PoolingHttpClientConnectionManager - ep-00000008: connection http-outgoing-1 can be kept alive for 3 MINUTES
11:43:22.627 [Test worker] DEBUG com.github.dockerjava.zerodep.shaded.org.apache.hc.client5.http.impl.io.PoolingHttpClientConnectionManager - ep-00000008: connection released [route: {}->unix://localhost:2375][total available: 1; route allocated: 1 of 2147483647; total allocated: 1 of 2147483647]
11:43:22.628 [Test worker] DEBUG org.testcontainers.shaded.com.github.dockerjava.core.command.AbstrDockerCmd - Cmd: 27fe80320bcfc7da1b0aeec8199648de6f23a81977aab7c97889f5d94186bd50,.,/dummy
11:43:22.630 [Test worker] DEBUG com.github.dockerjava.zerodep.shaded.org.apache.hc.client5.http.impl.classic.InternalHttpClient - ex-0000000A: preparing request execution
11:43:22.630 [Test worker] DEBUG com.github.dockerjava.zerodep.shaded.org.apache.hc.client5.http.protocol.RequestAddCookies - Cookie spec selected: strict
11:43:22.630 [Test worker] DEBUG com.github.dockerjava.zerodep.shaded.org.apache.hc.client5.http.protocol.RequestAuthCache - Auth cache not set in the context
11:43:22.630 [Test worker] DEBUG com.github.dockerjava.zerodep.shaded.org.apache.hc.client5.http.impl.classic.ProtocolExec - ex-0000000A: target auth state: UNCHALLENGED
11:43:22.630 [Test worker] DEBUG com.github.dockerjava.zerodep.shaded.org.apache.hc.client5.http.impl.classic.ProtocolExec - ex-0000000A: proxy auth state: UNCHALLENGED
11:43:22.630 [Test worker] DEBUG com.github.dockerjava.zerodep.shaded.org.apache.hc.client5.http.impl.classic.ConnectExec - ex-0000000A: acquiring connection with route {}->unix://localhost:2375
11:43:22.630 [Test worker] DEBUG com.github.dockerjava.zerodep.shaded.org.apache.hc.client5.http.impl.classic.InternalHttpClient - ex-0000000A: acquiring endpoint (3 MINUTES)
11:43:22.630 [Test worker] DEBUG com.github.dockerjava.zerodep.shaded.org.apache.hc.client5.http.impl.io.PoolingHttpClientConnectionManager - ex-0000000A: endpoint lease request (3 MINUTES) [route: {}->unix://localhost:2375][total available: 1; route allocated: 1 of 2147483647; total allocated: 1 of 2147483647]
11:43:22.630 [Test worker] DEBUG com.github.dockerjava.zerodep.shaded.org.apache.hc.client5.http.impl.io.PoolingHttpClientConnectionManager - ex-0000000A: endpoint leased [route: {}->unix://localhost:2375][total available: 0; route allocated: 1 of 2147483647; total allocated: 1 of 2147483647]
11:43:22.631 [Test worker] DEBUG com.github.dockerjava.zerodep.shaded.org.apache.hc.client5.http.impl.io.PoolingHttpClientConnectionManager - ex-0000000A: acquired ep-00000009
11:43:22.631 [Test worker] DEBUG com.github.dockerjava.zerodep.shaded.org.apache.hc.client5.http.impl.classic.InternalHttpClient - ex-0000000A: acquired endpoint ep-00000009
11:43:22.631 [Test worker] DEBUG com.github.dockerjava.zerodep.shaded.org.apache.hc.client5.http.impl.classic.MainClientExec - ex-0000000A: executing GET /v1.32/containers/27fe80320bcfc7da1b0aeec8199648de6f23a81977aab7c97889f5d94186bd50/archive?path=%2Fdummy HTTP/1.1
11:43:22.631 [Test worker] DEBUG com.github.dockerjava.zerodep.shaded.org.apache.hc.client5.http.impl.classic.InternalHttpClient - ep-00000009: start execution ex-0000000A
11:43:22.631 [Test worker] DEBUG com.github.dockerjava.zerodep.shaded.org.apache.hc.client5.http.impl.io.PoolingHttpClientConnectionManager - ep-00000009: executing exchange ex-0000000A over http-outgoing-1
11:43:22.631 [Test worker] DEBUG com.github.dockerjava.zerodep.shaded.org.apache.hc.client5.http.headers - http-outgoing-1 >> GET /v1.32/containers/27fe80320bcfc7da1b0aeec8199648de6f23a81977aab7c97889f5d94186bd50/archive?path=%2Fdummy HTTP/1.1
11:43:22.631 [Test worker] DEBUG com.github.dockerjava.zerodep.shaded.org.apache.hc.client5.http.headers - http-outgoing-1 >> accept: application/x-tar
11:43:22.631 [Test worker] DEBUG com.github.dockerjava.zerodep.shaded.org.apache.hc.client5.http.headers - http-outgoing-1 >> x-tc-sid: b7f6c99f-5b0f-49a9-8796-94a8ae81f0d8
11:43:22.631 [Test worker] DEBUG com.github.dockerjava.zerodep.shaded.org.apache.hc.client5.http.headers - http-outgoing-1 >> Accept-Encoding: gzip, x-gzip, deflate
11:43:22.631 [Test worker] DEBUG com.github.dockerjava.zerodep.shaded.org.apache.hc.client5.http.headers - http-outgoing-1 >> Host: localhost:2375
11:43:22.631 [Test worker] DEBUG com.github.dockerjava.zerodep.shaded.org.apache.hc.client5.http.headers - http-outgoing-1 >> Connection: keep-alive
11:43:22.631 [Test worker] DEBUG com.github.dockerjava.zerodep.shaded.org.apache.hc.client5.http.headers - http-outgoing-1 >> User-Agent: Apache-HttpClient/5.0.3 (Java/17.0.6)
11:43:22.631 [Test worker] DEBUG com.github.dockerjava.zerodep.shaded.org.apache.hc.client5.http.wire - http-outgoing-1 >> "GET /v1.32/containers/27fe80320bcfc7da1b0aeec8199648de6f23a81977aab7c97889f5d94186bd50/archive?path=%2Fdummy HTTP/1.1[\r][\n]"
11:43:22.631 [Test worker] DEBUG com.github.dockerjava.zerodep.shaded.org.apache.hc.client5.http.wire - http-outgoing-1 >> "accept: application/x-tar[\r][\n]"
11:43:22.631 [Test worker] DEBUG com.github.dockerjava.zerodep.shaded.org.apache.hc.client5.http.wire - http-outgoing-1 >> "x-tc-sid: b7f6c99f-5b0f-49a9-8796-94a8ae81f0d8[\r][\n]"
11:43:22.631 [Test worker] DEBUG com.github.dockerjava.zerodep.shaded.org.apache.hc.client5.http.wire - http-outgoing-1 >> "Accept-Encoding: gzip, x-gzip, deflate[\r][\n]"
11:43:22.631 [Test worker] DEBUG com.github.dockerjava.zerodep.shaded.org.apache.hc.client5.http.wire - http-outgoing-1 >> "Host: localhost:2375[\r][\n]"
11:43:22.631 [Test worker] DEBUG com.github.dockerjava.zerodep.shaded.org.apache.hc.client5.http.wire - http-outgoing-1 >> "Connection: keep-alive[\r][\n]"
11:43:22.631 [Test worker] DEBUG com.github.dockerjava.zerodep.shaded.org.apache.hc.client5.http.wire - http-outgoing-1 >> "User-Agent: Apache-HttpClient/5.0.3 (Java/17.0.6)[\r][\n]"
11:43:22.632 [Test worker] DEBUG com.github.dockerjava.zerodep.shaded.org.apache.hc.client5.http.wire - http-outgoing-1 >> "[\r][\n]"
11:43:22.807 [Test worker] DEBUG com.github.dockerjava.zerodep.shaded.org.apache.hc.client5.http.wire - http-outgoing-1 << "HTTP/1.1 200 OK[\r][\n]"
11:43:22.807 [Test worker] DEBUG com.github.dockerjava.zerodep.shaded.org.apache.hc.client5.http.wire - http-outgoing-1 << "Api-Version: 1.42[\r][\n]"
11:43:22.807 [Test worker] DEBUG com.github.dockerjava.zerodep.shaded.org.apache.hc.client5.http.wire - http-outgoing-1 << "Content-Encoding: gzip[\r][\n]"
11:43:22.807 [Test worker] DEBUG com.github.dockerjava.zerodep.shaded.org.apache.hc.client5.http.wire - http-outgoing-1 << "Content-Type: application/x-tar[\r][\n]"
11:43:22.807 [Test worker] DEBUG com.github.dockerjava.zerodep.shaded.org.apache.hc.client5.http.wire - http-outgoing-1 << "Docker-Experimental: false[\r][\n]"
11:43:22.807 [Test worker] DEBUG com.github.dockerjava.zerodep.shaded.org.apache.hc.client5.http.wire - http-outgoing-1 << "Ostype: linux[\r][\n]"
11:43:22.807 [Test worker] DEBUG com.github.dockerjava.zerodep.shaded.org.apache.hc.client5.http.wire - http-outgoing-1 << "Server: Docker/23.0.2 (linux)[\r][\n]"
11:43:22.807 [Test worker] DEBUG com.github.dockerjava.zerodep.shaded.org.apache.hc.client5.http.wire - http-outgoing-1 << "X-Docker-Container-Path-Stat: eyJuYW1lIjoiZHVtbXkiLCJzaXplIjoxNDA3OSwibW9kZSI6NDIwLCJtdGltZSI6IjIwMjMtMDQtMDVUMTE6NDM6MjIuMzQ4MzQ0ODc1KzAyOjAwIiwibGlua1RhcmdldCI6IiJ9[\r][\n]"
11:43:22.807 [Test worker] DEBUG com.github.dockerjava.zerodep.shaded.org.apache.hc.client5.http.wire - http-outgoing-1 << "Date: Wed, 05 Apr 2023 09:43:22 GMT[\r][\n]"
11:43:22.807 [Test worker] DEBUG com.github.dockerjava.zerodep.shaded.org.apache.hc.client5.http.wire - http-outgoing-1 << "Transfer-Encoding: chunked[\r][\n]"
11:43:22.807 [Test worker] DEBUG com.github.dockerjava.zerodep.shaded.org.apache.hc.client5.http.wire - http-outgoing-1 << "[\r][\n]"
11:43:22.807 [Test worker] DEBUG com.github.dockerjava.zerodep.shaded.org.apache.hc.client5.http.wire - http-outgoing-1 << "800[\r][\n]"
11:43:22.808 [Test worker] DEBUG com.github.dockerjava.zerodep.shaded.org.apache.hc.client5.http.wire - http-outgoing-1 << "[0x1f][0xffffff8b][0x8][0x0][0x0][0x0][0x0][0x0][0x0][0xffffffff][0xffffffec]{wx[0x1c][0xffffffd5][0xffffffb9][0xfffffff7][0xffffffef]7[0xffffffbb][0xffffffda][0xffffff91]v[0xffffffc7]V[0xffffffb3][0xffffffe5]n[0xffffffaf][0xffffffbb][0xffffff9a]-[0xffffffb9][0x13][0xffffffaf][0xfffffff1]E[0xffffff96]d[X[0xffffff92][0xffffffb9][0xffffff92]-#[0xffffffe7]r[0xffffffcd]hw,-^[0xffffffcd],[0xffffffbb][0xffffffb3][0xffffffb6]E[0xffffffb9][0xffffffb9][0xfffffff7][0xffffffe6][0xffffff92]KI%[0x9][0xffffff89]!@[0x1c]HL [0x10],[0xffffff83],[0xffffffd9][0x14]'[0xffffffa4][0x12]HHBB:[0xffffffa9][0xffffffa4]:[0xffffffa4][0xffffff92][0xffffffe0][0x0][0xfffffffe][0xffffff9e]33[[0xffffffb5][0x12].[0xffffffe1]{[0xffffffbe][0xffffffef]y[0xffffff98]?43[0xffffffef]9[0xffffffe7][0xffffffed][0xffffffed][0xffffff9c]Y[0xffffff85][0x12][0xfffffffd][0xfffffffd][0x3]xc[0xffffffaf][0xfffffffa]e[0xfffffff5][0xfffffff5][0xffffffab]W[0xffffffae]D}}[0xfffffffd][0xffffffb2]5[0xffffffab][0xffffffea]3[0xffffffef][0xfffffff5][0xfffffff5][0xfffffff5]+V[0xffffffac]X[0xffffffb3][0x6][0xffffffcb]V[0xffffffae]\[0xffffffb6]b[0xfffffff9][0xffffffca]e[0xffffffcb][0xffffffd7],[0x17][0xfffffff3]W[0xffffffac]Y[0xe][0x7f][0xfffffffd][0x1b][0xffffffcc][0xffffff97]u%[0xffffffe2][0xffffffa6][0x1a]C[0xfffffffd]y[0xffffffd3][0xffffffb2][0xffffff85][0xffffffa9]O[0xffffffdd][0xffffffff]?[0xffffffb9][0xffffff9e]|[0xffffffed][0xffffffd8]c[0x0]VJ5D[0xffffff95][0x11][0xffffffeb][0xffffffad]3[0xffffffb5][0xffffffb8][0x19]4tS[\r][0xffffffeb]Z,^[0xffffff97]0[0xffffffc3][0xffffff91][0xffffffb0]9P[0xffffffd7][0xffffffa1][0xffffffc5][0xffffff8d]D,[0xffffffa8]uhjT[0xffffff8b][0xffffffc9] Qr[0xffffff85][0xffffffba]W[0xffffffad][0xffffff8b][0xffffffa8]zo[0xffffffdd][0xffffffd6][0xffffff9e]+[0xffffffb4][0xffffffa0])[0xffffffc3]E[0xffffff94]g[0xffffffcf]\*&[0x11][0x17][0xffffff9c]1[0xffffffea][0x5][0x1b][0xffffffc3][0x11]S[0xffffff8b]uh[0xffffffbd][0xffffffe1][0xffffffb8][0x19][0x1b][0xffffff90][0xffffffe1]!&f[0xffffffc3][0xffffff88]r[0xffffff8b][0xffffffb4]@P[0xffffffd7][0xffffffa6]F[0x17]4[0xffffffeb][0xffffffd6][0xffffffcc]"bB[0xffffffd6][0xffffff80][0xc][0x1f]Q`[0xffffff8d][0x12]s[0xffffffd3]C[\r]=q3[0xffffffa6][0x6]M[0xffffffb1][0xffffffb6]3[0xffffffdc][0x1f][0xffffff8d]h[0xe][0xffffff86][0xffffff89][0xffffffc4][0xffffffe4][0xffffffbc][0xffffffd3]d[0xffffff94][0x10][0xffffffbe][0xffffff8c][0xffffffb9]DK[0xffffffd0][0xffffffe8][0xffffffaf][0xffffffeb][\r][0xffffff9b]}[0xffffff89][0xffffff9e][0xffffffba][0xffffff90][0x11][0xffffffdc][0xffffffa3][0xffffffc5][0xffffffac][0xffffff95]j4\[0x17]4[0xfffffffa][0xfffffffb]U=T[0xffffffd7][0xffffffa2][0xffffffc7][0xffffffa3]Z[0xffffffd0]lL[0xffffffca][0xffffffdc][0xffffffa1][0xffffffc5][0xffffffa3][0xffffff86][0x1e][0xffffffd7][0x16][0xffffffa4] [0xffffff9d][0xffffffa6]jj2[0xffffffca][0xffffff89][0xffffffb5][0xffffffe7][0xffffff8e]N[0xffffffc6]dbb6Nba[0xffffffda]<a}[0xffffffaf][0xffffffb1]G[0xffffffab]k[0xffffffd3][0xffffffcc]>#[0xffffffb4]Y[0xffffffd5]C[0x11]-[0xffffffbe][0xffffffa0][0xffffffd5]0[0xfffffff6]$[0xffffffa2]2[0xffffffa6][0x12][0xffffffb3][0xffffffc7][0xffffff9f]*c:[0xffffffe1][0xffffffb1][0xffffffe7][0x13][0xffffffae][0xffffff88][0xffffffd1]K[0xffffff94][0xffffffb5][\n]"
11:43:22.808 [Test worker] DEBUG com.github.dockerjava.zerodep.shaded.org.apache.hc.client5.http.wire - http-outgoing-1 << "[0xffffff8b][0xffffffc6]#[0xffffffbb]W^Q[0xffffffd7]j[0xfffffff4][0xfffffff6]j[0xffffffb1][0xffffff80][0xffffff98][0xffffffb3]u[0xffffffd3][0xffffffa6][0xffffffe6][0xe]bB[C[0xffffffc7][0xffffff96][0xffffffe6][0xffffff8e]][0xffffffad][\r][0x1b][0xffffff9a][;[0xffffff89][0xffffffe2][0xffffffd6],[0xffffffbb][0x4][0xffffff88]U[0xffffffd9][0xffffff90]u[0xffffffad]i[0x16]:[0xffffffcd]XX[0xffffffef][\r][0xffffff8c][0xffffff86][0xffffffac][0xf][0x10][0xffffffde][0xffffffa6][0xffffffe6][0xffffff86]m[0xffffff9b]w[0xffffffb5]o[0xffffffdd][0xffffffd6]L[0xffffff94]d i[\r][0xffffffc7][0xffffffcd][0x0][0xffffffb1]+[0x7][0xffffffb4]n[0xffffff9c][0xfffffff7][0xffffff94][0xffffffeb][0xffffff9c]![0xfffffff5][0xfffffff5][0x16][0x7][0xffffff85]a=n[0xffffffaa]zP#jZ[0xffffffcf][0xffffffd8][0xffffffad][0x3][0xffffff84]b[0xffffff9b][0xffffffb5]1[0x12][0xffffffd6]t[0xffffff93][0xffffffa8]l[0x1d][0xffffffdb][0xffffffe2]M[0x19]3[0x3][0xffffffc4][0xffffffa4][0xffffff98][0xffffffe5][0xfffffff9]ZL[0xb][0xffffffa5][0xffffffac][0x1c]'[0xffffffca][0xffffffd2][0xffffffe0]v[0xffffffcd][0xffffffdc]g[0xffffffc4][0xfffffff6][0xffffffc4][0xffffffb3]U[0xffffffdd][0xffffffa9][0xffffff89][0xffffffd5][0xfffffff3][0xffffffb3]!y[0xffffff84][0x15]b[0xffffff95][0xffffffa4][0xffffff91][0xffffffb5][0xfffffff4][0xffffffab][0xffffffbd]Z[0xffffff9c]([0xffffffea]3[0xffffff8c]=-[0xfffffff1]N[0xffffffcd][0x14][0xffffffa2][0xffffffa6][0xffffff91][0x4][\r]=[0xffffff98][0xffffff88][0xffffffc5]4[0xffffffdd][0xffffffac]SM[0xffffffa3]?[0x1c][0xffffffac]k[0xffffffb0]n[0x1b][0xc]#[0xffffffa2][0xffffffa9][0xffffffba]p[0xffffff84]ua=l[0xffffffae]'\[0xffffff95]U][\n]"
11:43:22.808 [Test worker] DEBUG com.github.dockerjava.zerodep.shaded.org.apache.hc.client5.http.wire - http-outgoing-1 << "[0xffffff96]a[0xffffffb9][0x17]n[0xffffffac] [0x16][0xffffffe5]QX[0xffffffa6][0xffffffb0][0x1b][0xffffffd5][0xffffffa0]i[0xffffff88]H\Ex#[0xffffffea]U[0x3]ImUWV[0xffffff9d][0xffffffa9][0xffffffbe][0x14][0xffffffac][0xffffffc1][0x5]^[0xffffffac][0xffffffc6][[0x14]T[0xffffffa2][0xffffffaa][0x8][0x12][0x2][0xffffffc4][0xffffffa2][0xffffffbc][0xfffffffc]7[0xffffffa6][0x1e]7[0xffffffab][0xfffffff1]>+[0xffffffd0]/[0xfffffff4]b=V([0xffffffa8][0xffffffc6]\[0xffffffb1][0xfffffff4][0xffffffa2][0xfffffffc][0xffffffc9]+[0xffffffde][0xffffffa7][0xffffff86][0xffffffb4]P[0xffffff9d][0xffffffc5][0xffffff92]a[0xfffffff4]F4+J[\r][0xffffffbd].hD"Z[0xffffffd0][0x14][0xffffff9a][0xffffff8e][0xffffffcb][0xffffffd8]@L[0xffffffd2][0xffffffb5]}[0xffffffd9]d,[0xffffff85][0xffffff96]VV[0xffffffe5]XJA[0x13][0xffffff9a][0xffffffbd]h[0xffffffc4]F[0x5]5[0xffffffa8][0x15][0xffffffc4]7+Xj?]LT[0xffffff9d][0xffffffb1][0x5]d[0xffffffb4][0x12][0xffffffee][0xffffffca][0xffffff9d][0xffffffb6][0xffffffee][0xffffffdb][0xffffffbd]h[0xffffffc3]V[0x5]u[0xffffffa8][0x17][0xffffff98][0xfffffffe][0xffffff95]p[0xffffff9b]}[0xffffffe1]8[0xffffffb1][0xffffffa4][0xffffffb2][0xffffffea],[0x1c]X[0xffffffc1]",[0x16][0x8][0xffffffb6][0x13]3[0xffffffb7]5wnk[0xffffffdc][0xffffffda][0xffffffbe][0xffffffad][0xffffffa1][0xffffffa5][0xffffffbd][0xffffffb9][0xffffffa3]sWG[0xfffffff7][0xfffffff6]-[0xffffffbb][0xffffff9a]Z:[0x1b]6[0xffffffb4]67[0x15]bGVq[0xffffffe8][0x1c][0xffffff88][0xffffff9b]Z[0xffffffbf][0xffffff8c]n[0xffffffc2][0xffffffd3][0xffffffab][0xffffff99][0xffffff9a][0xffffffbe][0xffffff97]XT9[0xffffffda][0xb][0xffffffab]F[0xffffff83][0x14][0xffffffbc][0x15][0xffffffff][0xffffffe6][0xffffffc5]N\F[0xffffff94][0xffffffa6]GSb[0xffffffee]"[0xffffff94][0xffffffa8][0x1a][0xffffff8b]k[0xe][0xffffff84][0xffffff98][0xffffff9c][0xf][0xfffffff1]N[0x5]*z[0xffffffbc][0xffffffb8][0x1c]Ab[0xffffffc9]x"[0xf]$[0xfffffff6][0xffffffe4]V:[0xffffffcd][0xffffff8b][0xffffffdd][0xffffffc2]u[0xffffffeb][0xffffffc7]YwqW[0xffffffdb]f[0xffffffc3][0x18][0xffffffb5][0xffffffb4][0xffffffcf][0xffffff8b][0xffffffb0]X*'[0xffffffe2][0xffffff9a]@Mp'11[0xffffffaa][0xffffffc5]v[0x1b][0xffffffb1][0xfffffffe]F[0xffffffc1][0xffffffb1][0xffffffc8][0xffffffa8][0x15][0x19],7i[0xffffffd1][0xffffff98][0x16]TM-[0x14] [0x16]g[\n]"
11:43:22.808 [Test worker] DEBUG com.github.dockerjava.zerodep.shaded.org.apache.hc.client5.http.wire - http-outgoing-1 << "c[0xffffffd7][0xffffffd8][0xffffffc0]hHUW[0x9][0xc][0xffffffa2]8[0xffffffa6][0xfffffff5][0x1b]{[0xffffffb5]T[0xffffff82][0xffffffc8]Y>f^[0x13]Nr%b^H[0xffffff88][0x17][0xffffffcb]0K[0x10]#[0xffffffe6][0xffffff8d][0xffffffaa][0x8][0xffffffad]j[0x7f]OHm[0xffffffd3]Luw2F[0xfffffff7][0x11][0xffffffbe][0xfffffffe]4[0xffffff80]x*[0xffffff93][0xffffffe0]8E'[0xf][0x17]c-[0xffffffdc]6[0x10][0xffffffd5][0xffffffce]m[0xffffffd0]&9[0xfffffffe][0xffffffda][0xffffffaa][0xffffffd1][0xffffffa3][0xffffff8d]j$[0xffffffd2][0x19]6[0xffffffb5][0xffffff80][0xffffff82][0x1]\[0xffffffe5][0xffffffc5]~\][0xffffffec][0xffffffc1]5[0xffffff84]G[\r][0x6][0xffffffb5][0xffffffa8]I[0xffffffb4]V[0xffffff9e]E[0xffffffd4]d[0x6][0xfffffff9][0xffffffee][0xffffff84][0x1e]4[0xffffffc3][0xffffff86]^[0xffffffb7]![0xffffffdc]h[0xffffffe8][0xfffffff1]D[0xffffffbf][0x15]U[0xffffffff][0xffffff81][0xffffffb7][0xffffff95][0x1][0xfffffff8]OB[0xffffffde]m[0xffffffc4][0xffffff9a][0xffffffd5]`[0x1f]1[0xffffffaf][0xfffffff2]u[0xffffff96][0x9][0xffffffa3][0xfffffffd]7[0xffffffde][0xffffffee][0xffffff83][0xffffff82][0xffffffff][0xffffffc9]q[0xfffffffa][0xc][0xffffffaf]x[0x7]1[0xffffffc1][0xfffffff6][\n]"
11:43:22.808 [Test worker] DEBUG com.github.dockerjava.zerodep.shaded.org.apache.hc.client5.http.wire - http-outgoing-1 << "[0xffffffa7]>[0xffffff8c][0x11][0x1f]][\n]"
11:43:22.809 [Test worker] DEBUG com.github.dockerjava.zerodep.shaded.org.apache.hc.client5.http.wire - http-outgoing-1 << "[0xffffffae][0xffffffc7][\r][0xffffffc2][0x3]n,[0xffffff96]qS[0x9]n .>o)[0xffffffb3]d|w[0x19][0xffffff88][0xfffffff7]d5h[0xffffff9d][0xffffff9a])[0xffffffe3]}[0xffffff84]?[0xffffffaf][0xffffffb0]9[0xffffffa2][0xffffffbe][0xffffffdf][0xffffff87][0xffffff9b][0xfffffff1][0x1][0xffffffc2]g[0xffffffcb]c[0xffffff95]([0x5][0xffffffb7][0xffffffd8]\[0x7f][0xffffffa8]X[0xffffffc6][0xffffff87][0xffffffcb] [0x9][0x2]S[0xffffff93]u[0xffffffcc][0xffffffee][0x19]7[0x1a][0xffffffb1]T[0xffffff9c][0xffffff95]W[0xffffffe6][0xfffffff6][0xb]U][0xffffffc4]%[0xffffffb9][0xffffffd0][0xfffffff3]k[0x11][0x4][0xffffffbb][0xfffffff3][0xffffffb1]@$[0xffffffca];[0xffffff88][0xffffff89][0xffffffd9][0xffffffa8]e|[0xffffff94]p[0xffffffa9][0xffffffa1][0xffffffd0][0x18]6[0xffffffdb][0xffffffa9][0xffffffe0]c[0xffffffb8][0xffffffcb][0xffffff87][0xffffff83][0xffffffb8][0xffffff9b]([0xffffffd2][\r]3[0xffffffbc]{[0xffffffa0]![0x12]Q[0xfffffff0][0x9][0xffffffbb][0xffffff82][0x1e]J[0xffffffb6][0xffffffbe][0xffffffd6][0xffffffaa]m}1c[0xffffff9f][0xffffffda][0x13][0xffffffd1]d|[0xffffff92][0xfffffff0][0xffffffec][0xffffffb6][0x4]&[0xffffffda][0xfffffffe][0xffffffa9][0xfffffff2][0x10][0xffffffb3][0xffffff93][0x1a]mU{[0xffffffb4]H|[0xffffffb4]^[0xffffffcb]*s[0xffffffda];[0xffffffa1][0xffffffd6][0xb]*[0xffffffcf][0xffffffa9][0xffffffc3][0x13]K[0xb]5[0xffffffc1]a[0xffffffa7]f*x[0x10][0xffffffcd][0xffffffc2][0xffffffc7][0xf][0x13][0xffffff9e][0xffffffb8][0x19][0xffffffd3][0xffffffd4]~bFV[0xffffffe1][0xffffffb4][0xffffffa1]b[0xffffffbd][0xffffffa6][0xfffffff6][0x7][0x14][0x1c][0xffffffc1]C[0xffffffc2]S[0x1e][0xffffffce])1I[0x5][0xffffff8f][0x6][0xffffff95][0xffffffe0]([0xffffffb1]8be[0xffffffb7][0x5][0xffffffe3]K[0xffffffba]`[0x19][0xffffffb1][0xffffffb6]2[0xffffff9f]6[0xffffffb3][0x2]`[0xffffff8c][0xffffffdd]E@[0xffffffc1][0x8][0xffffff8e][0x9]w=^[0xffffffec][0xffffffc1]#%8F[0x14][0xffffffa8][0xffffffd1]hd[0xffffff80][0xffffff98]S[0xffffff99]7[0xffffff82]6:[0xf][0x1][0x5][0xffffff8f][0xffffffe3]D[0x19]\[0xfffffff8][0xc]1e[0xc][0xffffffe1]e<A[0xffffffb8][0xfffffffa][0xffffffd5]h[0xffffff8e][0xffffffee]Gc[0x1b]O[0x7f][0xffffff9f][0xffffffc7][0x17]|[0xfffffff8][0x1c][0xffffffbe]H[0xffffffcc][0x18]5[0xffffffa9][0xffffffd1]nm[0xffffff8c]X\[0xffffffc6][0xffffff97][0x9][0xffffff8f]i[0x8][0xfffffff7]"f[0xffffffe7][0xffffffb3]Hjr@[0xffffffc1]W[0xfffffff0][0xffffff94][0x17]O[0xffffffe2]iBv[0xffffffda]#[0xffffffa2][0xffffffbe]r[0xffffffbc]5y[0xc][0xffffffa5][0xffffffe0]kxF[0xfffffff0][0xfffffff6]u[0x5][0xffffffb7][0xffffffe1]#B[0xffffff91][0xffffffdf]$<[0x11][0xffffffcb]T[0xffffffc4][0xffffff8c][0xffffffa4][0xffffffed]R[0x5]0[0xffffffd3]E[0xffffffe5][0xffffffb8]f[0xffffff8a][\n]"
11:43:22.809 [Test worker] DEBUG com.github.dockerjava.zerodep.shaded.org.apache.hc.client5.http.wire - http-outgoing-1 << "[0xffffffad][0xffffffe0]9[0x11]I[0x12][0xffffffbe]C[0xffffffb8][0xffffffa2][0x9]3[0xffffffad][0xffffffab][0xffffffd7][0xffffffa9][0xffffffb1][0xfffffff9][0xfffffff8][0xfffffff9][0x1e][0xffffffbe]/[0xffffff9c][0xfffffff3][0x7][0xffffff84]/[0xffffff95]"[Bbo4[0xffffffca][0xffffffb1][0xffffff89][0xffffffa2][0xffffffb0]HY[0xffffffed]j[0xffffffbf]FT[0xffffffc4]M#[0xffffffda][0xffffffa0][0xffffff87]:r+[0xffffffb6][0xffffffab]W8[0xfffffffd]OqT[0xffffffe0][0xfffffffd]Yv[0x17]e![0xffffff92][0xfffffff1][0xb][0xffffffc2]c[0xffffffe7]@[0x5][0xffffffbf][0xffffffb4]'[0xfffffffe][0xffffff8a]X5vo[0xffffffac][0xffffffed][0x17]eK8@[0xffffffbb]an4[0x12]z[0xffffffa8]9[0x9][0xffffff91][0xfffffff1][0xffffff9b][0xffffffac][0xffffff84][0xffffff92]1[0xfffffff0];b[0xffffffd1][0xffffff99][0xfffffff5][0xffffffdb]2~O[0xffffff94][0xffffff87]s[0xfffffff6][0xffffffa6][0xffffff8d][0xfffffffd]!bK[0xffffffde].[0xffffffef][0xffffffec]7[0xffffffba][0xffffff8d][0xfffffffd][0xffffffa1][0xffffff80][0xffffff82]?[0xffffffe0][0xffffff8f]>[0xffffffbc][0xffffff88]?[0xffffff8d]+[0xffffffed]8(d[0xfffffffc][0xffffff85]pk[0xfffffffb][0xffffffb5] [0xffffffb1]~[0xffffffdc][0xffffffed][0xffffffc4][0xffffffeb]m[0xffffffb8][0x3][\n]"
11:43:22.809 [Test worker] DEBUG com.github.dockerjava.zerodep.shaded.org.apache.hc.client5.http.wire - http-outgoing-1 << "^[0xffffffc2][0xffffffdf]|[0xfffffff8]+[0xfffffffe]N[0x14][0xfffffff6]j[0xffffffa6][0xffffffb3][0xffffffe5]n;/[0xffffffac]9[0xffffffa7][0x2][0x1][0x5][0xffffffa7][0xfffffff0][0xf]/*[0xfffffff0][\n]"
11:43:22.809 [Test worker] DEBUG com.github.dockerjava.zerodep.shaded.org.apache.hc.client5.http.wire - http-outgoing-1 << "[0xffffffe1][0xffffffde][0xffffffd6][0xffffffb1][0xffffffbd][0xffffff99](o[0x1d][0xffffffd5][0x4][0x7][0x14][0xffffffbc][0xffffff86][0xffffffd3]E[0xffffffb8][0xffffff9c] [0xffffffbc][0xffffffbd][0xffffff9a][0xffffffd9][0xffffff91][0xffffffd0][0xfffffff5][0xffffffb0][0xffffffde]+*LU[0xffffffbe][0xffffffe9][0xffffff94][0xffffffe8][0xfffffff2]b[0x12][0xffffffdd][0xffffff84]G[0xffffffbb]2[0xffffffa1]F[0xffffffe2][\n]"
11:43:22.809 [Test worker] DEBUG com.github.dockerjava.zerodep.shaded.org.apache.hc.client5.http.wire - http-outgoing-1 << "=[0xffffffb8][0xffffffcb][0xffffff8b][0xffffffcb])+[0xffffff98][0xffffff83][0xffffffd9]E[0xffffff90]XDl[0xffffffd8][0xffffffa1][0xffffffc6][0xfffffffd][0xffffffbd]FX[0xffffffef][0xfffffff5][0xffffff9b][0xffffff86]_x[0xffffffac]?[0xffffffe5][0xffffffe5][0xfffffffe][0xffffff9e][0xffffff84][0xffffffe9][0xf][0xffffff9b]~5[0x1a]U[0xffffffc5].$2[0xffffffe0][0xffffffd7][\r][0x7f][0xffffffc4][0xffffffd0]{[0xffffffb5][0xffffff98]_[0xffffffdb][0x1f][0xffffff8e][0xffffff9b][0xfffffff1][0xffffffb5][0xfffffffe][0xffffffab][0xffffffaf]-[0xffffffa4][0xffffff8f]([0xffffffc9]=([0xffffff90]9[0xffffff81]([0x10])R{[0xffffffdd][0x1e]5[0xffffffd5][0xffffffcc](,f[0xffffff89][0xffffff8f][0x13]YJ[0xffffffdc][0xffffffd0][0x1c][0xffffff8b][0x19]1[0xffffffbf][0xffffffa6][0x7][0xffffff8d][0xffffff84]n[0xffffffed]X[0xfffffffd][0xfffffffb][0xfffffffa]4[0xffffffdd][0x1f][0xffffffec][0xffffffd3][0xffffff82]{[0x4][0xffffffbf]i>w[0x1b]1[0x7f][0xffffffbc]/a[0xffffff86][0xffffff8c]}[0xffffffba][0xffffffbf][0xffffffb2][0xffffffa5]IpU[0xffffffe5]_"x[0xffffffef]W[0x5][0xffffffd3][0xffffffa6][0xffffffbf]O[0xffffffdd][0xffffffab][0xfffffff9]{4M[0xffffffb7]d[0xffffff8c]j[0xffffffa1]Z[0xffffffbf][0x11][0xffffffb3]F[0xffffffd5]HLSC[0x3][0xfffffffe][0x1e]-9[0xffffffb4][0xffffffd4][0xffffffdf]a[0x18][0xffffffa6]?[0xffffffa8]&[0xffffffe2][0xffffff9a]-`9[0x11]8[0xffffff9b][0xffffffed]a[\r][\n]"
11:43:22.809 [Test worker] DEBUG com.github.dockerjava.zerodep.shaded.org.apache.hc.client5.http.wire - http-outgoing-1 << "800[\r][\n]"
11:43:22.809 [Test worker] DEBUG com.github.dockerjava.zerodep.shaded.org.apache.hc.client5.http.wire - http-outgoing-1 << "[0xffffff8f][0x1a][0xffffffd7][0xffffffd2][0xffffff85];.s2[0xffffffa1][0x8][0xffffffab][0x19][0xffffff86][0xffffffd9]([0xffffffd0][0x12][0xffffffb5][0xffffff99]*IM[0xffffffcd]JAi[0xffffffa8][0xffffffc2])[0xffffff9c][0xffffffea]e[0x5][0xffffffa7][0xffffffd9][0xffffffd6]o[0xffffffd3][0xffffffe2]q[0xffffffb5]W#&U[0xffffffe6][0xffffffdb]Oq[0x6]gzq/g[0x11]o9#[0xffffffcd][0xffffff8f]e[0xffffff8b]9[0xffffffc2][0x16]~[0xffffffa2][0xffffffa2]Sh&K[0xffffffe9][0xffffffb6]b[0xffffffe6][0x11]%{[0xffffffc2][0xffffff91]HvF[0xffffffd8]|[0xffffff8e][0x19]aK[0xe][0xffffffa6][0xffffff80][0xffffffc2][0x5]\[0xffffffe8][0xffffffc3][0xffffff8b]\D,?[0xfffffffb][0xfffffff5]2+E[0xffffffdf][0xffffff92][0xffffffa9][0xffffffa2].#,[0xffffffb2][0xffffffcc]K[0xffffffac][0xfffffff6][0xffffffb1][0xffffff8a]5[0xffffffc4][0xffffffe4]N[0xffffffdb][0xffffffe8][0xffffffb9][0xffffff92]-![0xffffffae][0x19][0xffffffed][0xffffff81][0xffffffc2][0xffffffcb]L[0xffffffa1][0x7][0xffffffcb][0xffffffd5][0xffffffd2][0x1e][0xfffffff8]F8][0x1d][0xffffffd1][0xffffff94][0x15][0xffffff9d]vA8[0xffffff87][0xfffffff8]\FTXU([0xffffff8f][0x5]WX'LY[0x15][0xffffffca][0xffffffb2][0xffffffe1][0xffffffc5][0xffffffe7]h[0xffffffc3][0xffffff8e]Q[0xffffffb8][0x2][\n]"
11:43:22.809 [Test worker] DEBUG com.github.dockerjava.zerodep.shaded.org.apache.hc.client5.http.wire - http-outgoing-1 << "Wq[0xffffffb5][0xffffffb0][0xffffffe2][0x1a]B[0xffffffde][0xffffffab]F[0x12][0xffffffda][0xffffffd6][0xffffffdd]DE[0xffffffe5][0xffffffce][0xfffffffc][0xffffff99][0xffffffeb]-\+[0xffffffd2]T[0xffffff80]Xy.[0xffffffe4]d^H[0xffffff94][0xffffffee][0xb][0xffffff9b]}[0xfffffff6]X[0xffffff97][0x11]I[0xfffffff4]k[0xfffffff1][0xffffff9c]:[0xffffff95]$w[0xffffffce]"[0xfffffffd][0xb]/[0xfffffff2]q=[0x1b][0xffffff88]"Ak[0xffffffa3][0x11][0xb]j[\n]"
11:43:22.810 [Test worker] DEBUG com.github.dockerjava.zerodep.shaded.org.apache.hc.client5.http.wire - http-outgoing-1 << "[0x1b]mh[0xffffff93][0xfffffff8]SC,[0xffffffb5][0xffffff97]f8[0xffffff97]_[0xffffffd5]C~5[0x1e]7[0xffffff82]a[0xffffffb1][0xfffffffd][0xfffffff7][0xffffffef][0xffffffb5][0xffffffb8][0xffffffab][0xffffff8c]W[0xffffffd9][0xffffffd6][0xffffffd8]D[0x14][0xffffff84][0xffffffb4][0xffffff9e]D[0xffffffaf][0xffffffc2][0x16];[0x13]^LLH[0xfffffff7][0x1d][0xfffffffa]n[0xffffff83]Xw>E[0xffffff8d][0xffffff90]c[0xffffffc9][0xffffffda]A[0xffffff8d]X3[0xe][0xffffffb2]q[0xffffff9a][0xffffff8a][0x0]1[0xffffffb9]5OO[0x11][0xffffffc8][0xffffffe8][0xffffffd1][0xffffff9c][0xffffffed]hK([0xffffffdd][0xffffffa3][0xffffff89][0xffffffae][0xfffffffd]nB[\n]"
11:43:22.810 [Test worker] DEBUG com.github.dockerjava.zerodep.shaded.org.apache.hc.client5.http.wire - http-outgoing-1 << "[0xffffff87][0xffffff88][0xffffffd2][0xffffffac]M[0xffffffeb][0xffffff86][0x1][0xffffffd1]T[0x15]G[0xffffffc2]q3y[0xffffffcc]i[0xfffffff9][0xffffffe1][0xffffffaa]3[0xffffffaa][0xffffffb6][0xffffffad][0xffffffd9][0xffffffcb][0x2][\n]"
11:43:22.810 [Test worker] DEBUG com.github.dockerjava.zerodep.shaded.org.apache.hc.client5.http.wire - http-outgoing-1 << "[0xffffffbb][0xffffffb8]C[0xffffffb8][0xffffffdc][0xffffffa5][0xffffffc4][0xffffffb2][0xffffffb3]^.s'[0xffffffa1][0x8][0xffffffb3][0xffffffb6][0xffffff84]6:[0xfffffffb][0xffffffad][0xffffffcd][0xffffff95]o=[0xffffffb7][0xffffff80][0x18][0xffffffcd][0xffffffda][0xffffffbf][0xfffffff1]2[0x1f][0xffffffdf][0xffffffca][0x7f][0xffffffcf]M[0xffffffdf][0xffffffa9][0xffffff96][0xfffffff3]%^.&[0xffffffa8][0xffffffc4][0xffffffae]1[0xffffff8a]`[0xffffffc4]0[0xffffffac][0x1a][0xffffff98][0xffffff88][0xfffffffa]u[0x1b][0xffffffb7]U[0x4]-[0xffffff8d][0xffffffaa][0x11][0x7f][0xffffffa5][0xffffffae][0xfffffff6]k[0xffffffe3]&$[[0xfffffff7][0xffffffa1]B[0x6]E[0xffffff83]y[0xffffff97][0xf]7[0xb]g([0xc][0xffffff9b]ZL5[0xffffff8d][0xffffff98][0x8][0xffffffcf][0xffffffcc]v[0xffffffbf][0xffffffc5][0xffffff81][0x7][0x14][0xfffffff6][0xffffffb2][0xffffffcf][0xffffff87][0xffffff83][0xc][0x13]e[0xffffffa3][0xffffffc7]e[0xffffffee]![0xffffffe4]>5[0xffffffde][0xffffffae][0xffffffed]7[0xffffffad][0xffffff83][0xffffffe1][0xffffff9d][\n]"
11:43:22.810 [Test worker] DEBUG com.github.dockerjava.zerodep.shaded.org.apache.hc.client5.http.wire - http-outgoing-1 << "[0xfffffffb][0xffffffa9][0xfffffffb][0x18][0xffffffa1]A[0xffffffb8]um[0xffffffbf][0xffffffa9][0xfffffff0]J!_[0xffffff84]1b[0xfffffff1][0xffffffd8][0xfffffffa][0xffffffeb]7BZ[0xffffffa4][0xffffffce][0xffffffd1][0xffffff9c]L[0xffffff93]([0xffffffe8][0xffffffd5][0xffffffcc][0xffffff96][0xffffff90][0xffffffc2][0xffffffbd][0xffffff9c][0xffffffe9]e[0xffffff82][0xfffffffb][0xffffffac][0xffffffe3][0xffffffec][0xc][0x17]:[0xffffffaf][0xffffffda][0xffffffd3][0xffffff91][0xffffff83])[0xffffffa0]p[0xffffff80]W[0x9][0x17][0xffffffba][0xfffffffa][0xffffff8c]jO[0xffffffee]z[0xffffff99][0xffffffd7][0xfffffffa][0xfffffff8][0x1f]"[0x9][0xffffff94]'[0xffffff93][0xffffff80]c);[0xffffffd2][0xffffffff][0xffffff93]h[0x1d]m[0xffffffdc]X2K'[0xffffffad]z[0x16][0xffffff96][0xfffffffc]oB[0xffffffee][0xffffffd5]L[0xffffffb1][0xfffffff9]P[0xfffffff8]?[0xffffffb6][0xffffff8e][0xffffffae]#[\n]"
11:43:22.810 [Test worker] DEBUG com.github.dockerjava.zerodep.shaded.org.apache.hc.client5.http.wire - http-outgoing-1 << "[0xfffffff5][0xffffffd4]W[0xffffff83][0xffffffc0][0xffffffa8]3[0xffffff83]3T[0xffffffbf]uB [0xffffffeb][0xffffffc9][0xffffffe3][0xffffffa5][0xfffffff1][0xfffffff4][0xffffff99][0xffffffbd][0xffffff8e](M[0xffffffe8]9[0xfffffff9][0xffffff80][0xfffffff0][0xffffff86]C[0xffffff9a]n[0xffffff86]w[0xffffff87]E`[0xffffff95][0xffffffa7]'d[0xffffffec][0xffffff91][0xffffffa6]$a[0xffffffd6][0x19]P[0xffffffe6]&[0xffffffaf][0xffffffd8]&[0xffffffd8][0xffffff92][0xffffffde]hMM[0xffffffd5]6k[0xfffffff7][0xffffffe5]7[0xffffffd5][0xffffffde]^-di[0xfffffff9][0xffffffbd][0xffffffc4][0xffffffc4][0xffffff8c][0xffffffb3]$[0xffffffcb]C6[0xffffff9e][0xffffff97][0xffffff87]$[0xfffffff1][0x4][0x14][0xffffffde][0xffffffcc][0xfffffff7][0xb][0xffffffff][0xfffffff8][0x0]Q[0x7f][0xffffffb6][0xffffffab]e[0xffffffde]Bl:[0xffffffbf][0xffffff82][0xffffff94][0xffffffc1]I#?[0xffffffec][0xffffffe3][0xffffff87]x@[0xfffffffc][0xffffffa9]I[0x1e][0x1e]d[0xffffffc8][0xffffffb7]![0x11][0xffffff8e][0xffffff84]DO[0xfffffffe][0x11]/o[0xffffffc7][\n]"
11:43:22.810 [Test worker] DEBUG com.github.dockerjava.zerodep.shaded.org.apache.hc.client5.http.wire - http-outgoing-1 << "b[0xffffffca]v]4[0xffffff96][0xffffffa2][0xffffffab][0x8]i[0x11][0xffffffcd][0xffffffd4][0x1c][0xffffffd5][0x15][0xfffffff2]N[0xffffffc2][0xffffffa3]F[0xffffffa3][0xffffff9a][0x1e]"[0xffffff96][0xffffff9c][0xffffffd1][0xfffffff9][0xffffffbd][0xffffff83]<[0xffffffa0][0xfffffff0] ?[0xffffffe6][0xffffffe5][0xffffffed][0xffffffbc][0xffffff8b](4[\r]{P[0xffffffe1][0xffffffc7][0xffffff85]'[0xffffffde][0xffffffce]O[0x10][0xffffffee]}jL'[0xffffffaa][0xffffffc7]oI3z[0xffffffe1].[0xffffff85][0xfffffff7][0xfffffff0][0xffffff93][0xffffffa2][\n]"
11:43:22.810 [Test worker] DEBUG com.github.dockerjava.zerodep.shaded.org.apache.hc.client5.http.wire - http-outgoing-1 << "[0xffffffde][0xffffff9b]]n[0xffffffd2]s[0xffffffac][0xffffffea][0xffffffd8]/[0xfffffffa][0xffffff9f][0x6]=d}r)[0xffffffa8][0xffffffdc][0xffffffb9]Sd[0xffffff9d][0xfffffffb][0xfffffff9][0xffffff80][0x17]m[0xfffffffc]t[0xffffffd6]7[0xffffff85][0xffffff8e][0xffffff84]n[0xffffff86][0xfffffffb]5[0xffffff99][0xffffff87]S[0xffffffdb]([0xfffffff1][0xffffff9e][0xffffffbb][0xffffff8d]r[0xffffffc0][0x1][0xffffff85]G[0xfffffff8][0xffffff90][0xffffff97][0xffffff83]|8k[0xffffff97][0xffffffbe][0xffffffad]Oto2[0xffffff8f][0x12]3r[0xffffffbe][0xffffff91]l[0xffffffdb][0xffffffdc][0xffffffd1][0xffffffdc][0xffffffd0][0xffffffb4]kS[0xffffffc7][0xffffffd6][0xffffffed][0xffffff97][0x10]SZs[0x17]m[0xffffff8a][0x19][0xffffff89]h@[0xffffffe1][0x8][0xffffff8f][0x15]a5[0xffffff8f][0xffffff97]`[0xffffffb9][0xffffff82]~[0xffffffeb][0xffffffb4][0xffffff82][0xffffff8f][0x15][0x17][0xfffffff0]q[0xffffffc2][0x15]K[0xffffffe8]D[0xffffffc3]9[0xffffff9c][0xffffffcc]&y[0xffffffd7][0xffffff9d]M[0xffffffc3]g[0xfffffff8][0xffffffd9]2[0xffffffb8][0xfffffff9][0x4][0xffffffb1][0xffffffb4]r[0xc]N[0xfffffff2]-[0xffffffb4]>([0xfffffff1][0xfffffff3]^[0xe][0xfffffff3][0xb]D[0xffffffb1][0x1a][\n]"
11:43:22.810 [Test worker] DEBUG com.github.dockerjava.zerodep.shaded.org.apache.hc.client5.http.wire - http-outgoing-1 << "u:[0xffffff9b][0xffffffab][0xffffffcd][0xffffff86][0xffffff91]{[0xffffffba]l#[0xffffffb3]l[0xfffffff5]%~Y[0xffffffe8][0xffffffea]I[0xffffffa2][0xffffffa8]W3[[0xffffff9d]#[0xffffff9b][0xffffffec]O`[0xfffffff6]w[0xffffffe1]5[0xffffffb9][0xffffffb0]3<7T[0xffffffe0][0xffffffb7][0xffffffbe][0xffffffd7][0xfffffff1]kDa2C[0x10]w[0xffffffe4][0xffffffd5]U[0xffffffc6][0xffffffe3]&M[0xffffffd7]b[0xffffffe1]`*[0xffffffbf][0x4][0xffffffce] [0xffffffc8][0x1a]c[0xffffff9a]jfw}g[0x12][0xffffff9b]y[0xffffff96][0x11][0x7][0xffffffcf][0xffffff96][0xffffffc1]u[0xffffffd5][0xffffffeb][0xffffffff]o[0xfffffff3]x[0x6][0xffffffcd][0xfffffff6][0xffffffe8]u2[0xffffff9f]U[0xfffffff8][0x14][0xffffff9f][0xfffffff6][0xfffffff1][[0xfffffffc][0xffffffb6][0xfffffff0][0xffffffe1]o[0x13][0xffffff9e]h[0xffffffc2]l[0xffffff88]D[0x14]~[0x17][0xf][0xfffffff8][0xffffffa0][0xfffffff0]{DQ0[0xffffff9d][0xffffffd9]W[0xffffff9c][0xffffff83]*[0xffffff88][0xfffffffa][0xffffffb3][0xffffffb5]0[0xffffffe1][\n]"
11:43:22.811 [Test worker] DEBUG com.github.dockerjava.zerodep.shaded.org.apache.hc.client5.http.wire - http-outgoing-1 << "[0xffffff8a]l[0xffffffbf][0xfffffffa]\[0xfffffff5][0xffffffe1][0xe][0xffffffeb]a[0xffffff91]N[0xffffffac][0xffffffa3][0xffffffc7]B[0xfffffffe][0xffffffd4][0xfffffffe][0xffffffae][0xffffffb9]E[0x1b]P[0xfffffff8]s^[0xffffffee][0xffffff83][0xffffff97][0xffffffbf] xa![0x7f]i[0xffffff9f][0xe]u[0xffffff89][0xffffff8d][0xffffff8d][0xffffffc2]_[0xffffffdb]c[0xffffffbf]Q[0xffffffb0][0xc][0xffffff86][0x17][0xffffffc5][0xfffffffc][0xffffff9d]hw[0xffffffcd]T[0xfffffffe][0xffffffca]9R[0x16]-[0xffffffaf]}*[0x1d]7U3[0x1c]\P[0xffffff9f]>[0x1a][0x18][0xffffffe7][0xfffffff4]9[0x13][0xffffff81]W[\r][0x6][0xffffffb5]x|A}}[0xffffffbd][0xffffffdd]Q[0xffffff8e][0xfffffffa][0xffffffcd][0xffffff86][0xffffff82]Y[0xfffffff6][0xffffff81][0xffffffcf]_[0xffffff88][0xffffffc2]u[0xffffffc1][0xffffff88][0xfffffff3][0xffffffd9]~J[0xffffffee][0xffffffc4][0xffffffe4]wy[0xfffffffe][0xffffffcd][0x9]a[0xb]J,[0xffffffcc][0xc][0xfffffff8][0xffffffc6][0xffffff88][0x1a][0xffffff8f][0x7][0xfffffff2]Q[0xffffffe1][0xffffffcb]<[0xffffffe5][0xffffffe5][0xffffffdf][0xfffffff9][0xf]bNNZ[0xffffffec]l[0xffffffee][0xffffffec]l[0xffffffd9][0xffffffda][0xffffffbe][0xffffffab][0xffffffa5][0xffffffc9][0xfffffffe][0xffffffb5][0xffffff88][0xffffffc2]W[0xfffffff1][0xffffffbc]H[0xffffff80][0xffffffaf][0x11][0xffffffde][0xfffffff4][0xffffffa0]"[0xffffffc1][0x2]K[0xffffffcc][0xfffffffa][0xffffff89][0xffffff8e]sb[0x1c]6[0xfffffff4][0xffffffb8],[0xffffffb9][0x8]%[0x1e][0xffffffd6]{#[0xffffff9a]i[0xffffffe8]mjTl[0x11][0xffffffce][0xffffffe2]p7[0xffffff95][0xffffff85][0x14][0xffffffa9]@[0xfffffff2]x%[0xffffffb7]$g[0xfffffffd][0xffffffd2][0xffffffa8]![0x16]S[0x7][0xffffffac][0xffffffaf]8R[0x11]1[0xffffffb1][0xffffffa9]yc[0xffffffc3][0xfffffff6][0xffffffd6]m[0xffffffce]o\[0x14][0xffffffc9]'[0xfffffff2][0xffffffcf]jI!<AC[0xf][0xffffffaa]&[0xffffffd1][0xffffff96][0xffffffe7][0xffffff8c][0xffffffdb]9i[0x1f]s`[0xffffff9c][0xffffffc3]yi[0xffffffa2]T[0xffffffec][0xffffffc3][0xffffffe7][0xffffffa4][0x12][0xffffff85][0x7f][0xffffffe0][0x1f][0xffffffbd][0xffffff90][0xffffffa4][0xffffffb2]b[0xffffff8f]T^[0xffffffc2]?[0xffffff96][0xffffffa1][0x0][0xffffff9f]I[0x16][0xffffffa2]4[0xffffffb3]qY[0xffffff9a]"[0xffffff8a]v[0xffffffdc]>[0xffffffa7]_[0xffffff98][0xffffffb5]Q[0xffffffc9]#[0xffffffbc][0xfffffff5]ML[0xffffff91][0xffffffa6]I[0xffffffd3][0xffffffbd][0xffffffd2]Ti[0x6]1-S[0xffffff80][0xffffffb4][0xffffffae][0xffffffed]: [0xffffffcd][0xfffffff2]J^i6Q[0xffffffd4][0x19][0xffffffee][0xffffffd5]U3[0x11][0xffffffd3][0x8]w[0xffffffa3][0x11][0xffffffd2][0xffffff88][0xffffffe2][0xffffffd6][0xffffffb0][0xffffffae][0xffffffb5]'[0xfffffffa]{[0xffffffb4][0xffffffd8]6Q9[0xffffffac][0x1f][0xc][0x5][0xffffffd5]H[0xffffff97][0x1a][0xb][0xffffff8b]w[0x7]8[0xffffffa1][0xffffffd3]T[0xffffff83]{[0xffffffda][0xffffffd4][0xffffffa8][0xfffffff3][0xffffffee]M[0x7f][0xfffffffe]&[0xffffffa6]9[0xffffffb5][0xffffffb6]+[0x1c][0xf][0xfffffff7]D[0xffffffb4][0x6]]7D [0x18]z[0xffffff9c][0xffffffa8][0xffffffc8][0xffffffc6]6[0x10]MbTZt[0x11][0xffffffa7][0xffffffc2][0x13][0xffffffc5][0xffffffce][0xffffffde][0xffffffdb]i[0x15][0xffffffc3][0xffffff8d]a1V[0xffffffb2][0xffffffc1]0[0xffffffcc][0xffffffb8][0x19]S[0xffffffa3][0xfffffff6]'[0xffffffe0]8[0xffffffe6]B[0xffffff82][0x1b][0xffffff80][0x17][0xffffffd3]E [0x0][0xffffff98][0xffffff8e]9[0xffffffce][0xffffffdd][0xffffff8f][0xffffffb9][0xffffffa0][0xffffffe4][0x7] a[0x1e][0xffffffa6]b>[0x16][0xffffffa4][0xffffffde][0x17][0xffffffc2][0xffffff8b]EX[0xc]"
11:43:22.811 [Test worker] DEBUG com.github.dockerjava.zerodep.shaded.org.apache.hc.client5.http.headers - http-outgoing-1 << HTTP/1.1 200 OK
11:43:22.811 [Test worker] DEBUG com.github.dockerjava.zerodep.shaded.org.apache.hc.client5.http.headers - http-outgoing-1 << Api-Version: 1.42
11:43:22.811 [Test worker] DEBUG com.github.dockerjava.zerodep.shaded.org.apache.hc.client5.http.headers - http-outgoing-1 << Content-Encoding: gzip
11:43:22.811 [Test worker] DEBUG com.github.dockerjava.zerodep.shaded.org.apache.hc.client5.http.headers - http-outgoing-1 << Content-Type: application/x-tar
11:43:22.811 [Test worker] DEBUG com.github.dockerjava.zerodep.shaded.org.apache.hc.client5.http.headers - http-outgoing-1 << Docker-Experimental: false
11:43:22.811 [Test worker] DEBUG com.github.dockerjava.zerodep.shaded.org.apache.hc.client5.http.headers - http-outgoing-1 << Ostype: linux
11:43:22.811 [Test worker] DEBUG com.github.dockerjava.zerodep.shaded.org.apache.hc.client5.http.headers - http-outgoing-1 << Server: Docker/23.0.2 (linux)
11:43:22.811 [Test worker] DEBUG com.github.dockerjava.zerodep.shaded.org.apache.hc.client5.http.headers - http-outgoing-1 << X-Docker-Container-Path-Stat: eyJuYW1lIjoiZHVtbXkiLCJzaXplIjoxNDA3OSwibW9kZSI6NDIwLCJtdGltZSI6IjIwMjMtMDQtMDVUMTE6NDM6MjIuMzQ4MzQ0ODc1KzAyOjAwIiwibGlua1RhcmdldCI6IiJ9
11:43:22.811 [Test worker] DEBUG com.github.dockerjava.zerodep.shaded.org.apache.hc.client5.http.headers - http-outgoing-1 << Date: Wed, 05 Apr 2023 09:43:22 GMT
11:43:22.811 [Test worker] DEBUG com.github.dockerjava.zerodep.shaded.org.apache.hc.client5.http.headers - http-outgoing-1 << Transfer-Encoding: chunked
11:43:22.811 [Test worker] DEBUG com.github.dockerjava.zerodep.shaded.org.apache.hc.client5.http.impl.classic.MainClientExec - ex-0000000A: connection can be kept alive for 3 MINUTES
11:43:22.814 [Test worker] DEBUG com.github.dockerjava.zerodep.shaded.org.apache.hc.client5.http.wire - http-outgoing-1 << "[0xffffffa0][0x4][0xffffff95][0xffffffa8][0xffffffb2]`[0xffffffd5]Y[0xfffffff3]%[0xffffffd4][0xffffffa0]6[0xfffffff5][0xffffffbe][0x4][0x12][0xffffff96][0xffffffe6][0xffffffbc][0xffffffd7][0xffffffa1][0x1e][0xffffffc0]T[0x0][0xffffffcb][0xffffffb0][0x1c][0xffffff94][0xffffffe6][0x2][0xffffff88][0xffffffc3][\r][\n]"
11:43:22.814 [Test worker] DEBUG com.github.dockerjava.zerodep.shaded.org.apache.hc.client5.http.wire - http-outgoing-1 << "H[0xfffffff5]Q[0xffffffac][0xffffffac][0x1e][0xffffffc6][0xffffffda][0xffffff87][0xffffffb1][0xffffffae][0xfffffffa]8[0xffffffd6]w[0x1f][0xffffffc5][0xffffffbf]<[0xffffff8c][0xffffff86][0xffffffea]alz[0x18]-[0xfffffff6]mK[0xfffffff5]q[0xffffffb4]u[0xffffffbb][0xffffff8e][0xffffffe2][0xffffff92][0xffffff87][0xffffffd1]qX[0xffffffa0][0xffffff95][0xffffffe6][0x1][0xffffff98][\r][0x19]@[0xb][0xffffffdc]X[0x7][0x1f][0xffffffd6][0xffffffa3][0x2][0x17]a[0x16]6`[0x1][0xffffff9a]P[0xffffff8f][0x16]i>[0x0][0xffffffc5]&[0xffffff82]NK[0xffffff84]*,[0xffffffc2]6[0xffffff87][0xffffff81]w@[0xffffffb2][0xffffffc6]V[0xf][0xffffffa2][0xffffffeb][0xffffff8b][0xffffffa8]+[0xffffffbb]t[0x18][0xffffffff]>[0xffffff8c][0xffffffd0][0xffffffad][0xffffff90][0xffffffdd][0xffffff87][0xffffffe0]v[0x5][0xffffffa6][0x1f]@[0xffffffc9]q[0xffffffec][0xffffffee]>[0xffffff8a][0xffffffde]#[0xffffffe8]:[0xffffff84][0x9][0xffffffc7][0x11][0xffffffee]>[0xffffff8a]+[0xffffff8e][0xffffffa0]k[0x10]][0xf][0x2]pI[0xb],[\n]"
11:43:22.814 [Test worker] DEBUG com.github.dockerjava.zerodep.shaded.org.apache.hc.client5.http.wire - http-outgoing-1 << "[0xffffffee][0xffffffc9][0x17][0xfffffff1][0x15][0xffffff94][0xfffffff2][0x14][0xffffff8a],[0xffffffbe][0xffffffa6][0xffffffc3][0x3][0xffffffa0][0x15][0x1e][0xffffffb4]a[\n]"
11:43:22.814 [Test worker] DEBUG com.github.dockerjava.zerodep.shaded.org.apache.hc.client5.http.wire - http-outgoing-1 << "[0xffffffda]1[0x3][0xffffff97][0xffffffa0][0x12][0x1d]X[0xffffff8e][0xffffffae][0x14]OS0[0x3]{[0x10][0x1]@[0xffffffd1][0xfffffff9][0xffffffc0]e[0xfffffff1][0x14]rxZZ[0xfffffffd][0x10][0x1a][0xffffffaa][0xffffff8f][0xffffffe1][0xffffffbf][0xffffff80][0x11]\'[0xffffffa1][0xfffffffa]![0xffffffb4]T[0x1f][0xffffffc3]{[0xffffffc5][0xffffffeb][0x7][0xffffffad][0xffffffd7]-[0xffffffd5][0xffffffc7]p[0xffffffab][0xfffffff3][0xffffff9a][0xffffffd6]H[0xffffff99]e[0xffffffe2]]([0xffffffc6][0xffffffe5][0xffffff98][\r][0x15]K[0xffffffd0][0xffffff93][0xffffffa1][0xffffff85][0xffffffa5][0xffffffb6][0x16][0xffffffa4][0xffffff85][0x10][0xb][0x16][0x1][0xfffffff0][0xffffff80][0xffffffd0]-[0x1e]n[0xffffffc3]G[0xffffffe0][0xffffffb6]x[0xfffffff8][0xffffffb8][0xffffffe3](s[0x7]qgw[0xffffffdb]g[0x7]qg[0xffffffcd][0x8]>.a[0xffffffc7] [0xffffffee][0x1c][0xffffffc2]=[0xffffffb5]O[0x1c]Ba{[0xffffffed][0x13]K[0x1e]?[0xc][0x9][0x1e]L[0xffffffc5][0xc][0x0]30[0xffffffdb][0xffffffba][0xffffffbb]-[0xffffff95]L[0xffffff85]t[0x1a]3[0xffffffe0][0xffffff92]![0xffffffc9]8([0xb]K[0xffffffcb][0xffffffb8][0xfffffff7][0x14][0xffffffdc][0x16][0xffffff93][0x15]([0x0][0x10][0xffffff81][0x7][0xfffffffd]([0xffffff81][0xffffff8e][\n]"
11:43:22.814 [Test worker] DEBUG com.github.dockerjava.zerodep.shaded.org.apache.hc.client5.http.wire - http-outgoing-1 << "[0x18][0xfffffff0]#j1Z[0x1]I[0xffffff90]v[0xffffffcc]%[0xffffff9e][0xffffffee][0xffffffb3]|qqJ[0x8][0x1][0xfffffff9]T[0xffffffca][0xffffffbb]n[0xffffffcf]+[0xffffffcc][0xfffffffd]x[0x0][0xffffff92]%[0xffffffcc][0xffffffdb][0xffffffe1][0xffffffb2]0[\r][\n]"
11:43:22.814 [Test worker] DEBUG com.github.dockerjava.zerodep.shaded.org.apache.hc.client5.http.wire - http-outgoing-1 << "643[\r][\n]"
11:43:22.814 [Test worker] DEBUG com.github.dockerjava.zerodep.shaded.org.apache.hc.client5.http.wire - http-outgoing-1 << ".[0xffffffac][0xffffffae][0x19][0xffffffc1] 1[0xffffff82]![0xffffffe2][0x18]>+4[0xfffffff7]%[0x9][0xffffffc3][0xfffffff8][0xffffffea][0x8][0xffffffbe]![0xffffffe1][0x4][0xe][0xe][0xffffffe1][0xffffffd9][0xffffffc3][0xffffff96]M[0xffffffd3][0xffffff9e][0xffffffb5][0x1f][0x12][0xffffffae][0xffffff82][0xffffff8c][0xffffffab]Q[0xffffff8a]kP[0xffffff81]k1[0x17][0xfffffffb][0xffffffb1][0x0]o[0xffffffcb]`ua[0xffffff8a][0xffffffd5][0xffffff85][0xfffffff8][0xffffff96][0x15][0x16]iV[0x5]d^[0xffffff8a][0xffffffd5]O[0xffffff83][0xfffffff8]6b[0xffffff8e][0xffffffa5]w[0xffffffc0][0x5][0x17][0xffffff80][0xffffffd2][0xffffffea]!|WX[0xffffffbb][0xffffffa6]v[0x4]?taG[0xffffffda][0xffffff98][0x13][0xffffffad][0x9]7[0xffffffc2][0xffffff8d][0xffffff9b]P[0xffffff82]wZD[0xfffffffd][0xfffffff6][0xffffffa2][0x14][0xffffffd1]R[0xfffffffc][0x8][0xffffffcf][[0xffffffc4]J[0xfffffff1]c<[0xf])[0xffffffaf]>~[0xffffff82][0x1b][0x1c][0xffffffb2];[0xffffffe1][0xffffffb6][0xffffffd8][0xffffff9e]]]c[0x11][0x1d][0xffffffc1][0xffffffcf][0xffffff85][0xfffffff4]/[0x1c][0xffffff85][0xffffffe9][0xffffffbc][0xffffffff]Z[0x1a][0xffffffcd][0xffffffc3]-([0xffffffc3][0xffffff87]1[0xb][0x7]2[0x4][0xffffff9f][0xffffff9d][0xffffffe2]a[0xffffffb6][0xffffffcd][0xffffffc3][0x18][0xffffff94][0xffffff93][0x2]_[0xffffffea][0x8]\V]S;>[0xffffffb5][0xffffffbb][0xffffffe1][0xffffffc1]'P[0xffffff8a]C[0x19][0x12][0xffffff97][0xffffffa5][0xffffffa8][0xffffff95][0xffffffa5]$.[0x1b]Sb[0x9]W"f[0xffffff87][0xffffffb9]t[0x3][0xffffffdc][0xffffffc2][0xffffffdf]8[0xffffffa9][0xfffffffa]![0xffffffac][0xffffffab][0x19][0xffffffc1][0xffffff9f]%[0xffffff8c][0xffffffe0]eb[0xffffffad]{[0xffffff9a]{[0x8][0xffffffaf]~[0x1]S[0x7]I[0xffffffeb]q[0xffffff88][0x5]C,<[0xffffffe0][0xffffffc4][0xffffffff][0xfffffffa]C[0xffffffa8]Z[0xffffffeb][0x1e][0xffffffa4][0xffffffb7][0xffffff9c]J[0xffffffcd][0x8][0xffffffcb]\8[0xffffffec][0xffffffbc]N[0xffffffaa][0xffffff99][0xffffffe6][0x1e][0xffffffe6][0xfffffff4]![0xffffffce][0x1e][0xffffffe1]\7[0xe][0xffffffcf]:[0xffffff80]&k`[0xffffffbe]=[0xffffffcf]&[0xffffffc4][0xffffffc5][0x12]FXK[0xffffffec][0xffffffb0][0xffffffc6][0xffffff96][0xffffffd6]Zc[0xffffff87]0[0xffffffcd][0xffffffc1]R[0xffffff9f][0xffffff8d]%[0xffffff87][0xffffffbb][0x1d][0xffffff87]P[0xffffffe6]L\[0xffffffee]P[0xffffffb7]^Vf[0xffffff91][0xffffffb8]@[0xffffff82]{[0xffffff98][0xffffffeb]F[0xffffffb8]![0xfffffff9][0xffffffd0],[0xffffff88]nL[0x12][0xffffffdd]\;[0xffffffc2]-[0xffffffe3][0x10]=lEb=V[0xffffffe0][0xffffffb7][0xffffffd6]}[0x3]N[0xffffffe2]2\[0xffffff87][0xffffffeb]q[0x12]w[0xffffffe0][0x1][0x1c][0xffffffc6]I[0xffffff9c][0xffffffc0])[0xffffffbc][0xffffff8a][0xffffff93]N[0xffffffb2][[0x5][0xffffffdf][0xffffffab]X[\n]"
11:43:22.814 [Test worker] DEBUG com.github.dockerjava.zerodep.shaded.org.apache.hc.client5.http.wire - http-outgoing-1 << "[0x19][0x15][0x17][0xfffffff1][0xffffffb4][0xffffffb0][0xffffffa8][0x15][0xffffffe2]/[0xffffffc8]xA[0xffffff84][0xfffffff8]o[0xffffffdb]e[0xffffff9c]|[0x5][0x15][0xffffffd4]e[0xffffff9c][0xffffff9c][0xffffffdc]![0xffffffe3][0xffffffe4][0xffffffc4]k[0xffffffc4][0xffffff93]e[0xffffffdc][0x1b]![0xfffffffe]~[\n]"
11:43:22.814 [Test worker] DEBUG com.github.dockerjava.zerodep.shaded.org.apache.hc.client5.http.wire - http-outgoing-1 << "[0xffffffa5][0xffffffb8][0x1f][0xfffffff5][0x18][0xffffffc6][\n]"
11:43:22.814 [Test worker] DEBUG com.github.dockerjava.zerodep.shaded.org.apache.hc.client5.http.wire - http-outgoing-1 << "<[0xffffff80]U[0xfffffff8]4[0x1a][0xfffffff0] 6[0xffffffe0]0[0xffffff9a]0[0xffffff88]6<[0xffffff8c]N[0xc][0xffffffe2]R[0x1c]E7[0xffffff8e][0xffffffe1]2<[0xffffff82]0[0x1e][0xffffffc5][0x0][0x1e][0xffffffc3]u[0xfffffff8]<[0xffffffae][0xffffffc7][0xffffffe3][0xffffffb8][0x11]'[0xfffffff0]~<[0xffffff81][0x3]8[0xffffff81];[0xfffffff0]e<[0xffffff80][0xffffffa7]q[0x18]O[0xffffffe2][0x8][0xffffffbe][0xffffff82][0xffffffc7][0xfffffff1][0x14]N[0xffffffe0][0x19]<[0xffffff85][0xffffffaf][0xffffffe3][0xfffffff7][0xfffffff8][0x6]N[0xffffffe1][0xffffffbb]x[0x15][0xffffffdf][0xffffffc4]i<[0xffffffcb]B<[0xffffffc7][0xffffff89]x[0xffffff96][0xffffffe5][0xfffffff8][0xffffff9e][0xffffffe5]XQ[0xfffffff8]P[0xffffff8a]9le[0x1b][0xffffffdc][0xffffffa8][0xffffff87][0xffffff8b][0xffffffed][0xffffff88][0xffffffc0][0xffffff85]U[0xffffff98][0xffffffc0][0xffffffad][0xffffffbc][0x4]n4a2[0xffffffb7][0xfffffff2]_[0xffffffe1][0xffffffc6][0xffffff8d][0xffffff98][0xffffffe4]<[0x1d][0xffffffb1]F[0xffffffc5][0xffffffd3][0xffffffe9][0x14][0xc][0xffffff9c][0xffffff94]tONJ[0xffffffba]''[0xffffffd9][0xffffffee][0xffffff89]n[0x1c]w0[0xffffff93][0x1d][0xffffffa9]@l[0xffffff85]d[0xffffff85]Q[0xffffff89][0x13][0xffffffff]-5#[0xffffffec][0xffffffcc][0x13][0xc]?[0xffffff87][0x1b][0xffffffbf]@1^[0xffffffc8][0x8][0xffffffbd][0xffffff92]T0[0xffffff94]p[0xffffffdb]X[0xffffffa1][0xffffffc7][0xffffffed])Z[0xffffffeb][0x1d]Z[0xffffff9e][0xffffffea][0xffffff9a][0xffffffa3][0xffffffb8])M[0xffffffc1]kA_D[0x1][0xfffffffe][0xffffff90][0xffffff81][0xffffffdd][0xffffff93][0xffffffc2][0xffffffee][0x19][0x13][0xffffffbb][0xffffff84][0xffffffeb]q[0xffffff83][0x1d]`[0xfffffffc][0x13][\n]"
11:43:22.815 [Test worker] DEBUG com.github.dockerjava.zerodep.shaded.org.apache.hc.client5.http.wire - http-outgoing-1 << "[0xffffffac]l[0xfffffff9][0xffffff88]p[0xffffffca][0x11]v[0x13][0xffffffee]G[0xfffffff1]B[0xffffffb7][0xffffffab][0xffffffa6]s[0xffffff84][0xffffffbb][0xffffff84];[0xfffffff6]P[0xffffffe4][0xffffffd7][0xffffffb6]C[0xffffff98][0xffffffd9]n9a([0xffffffe5][0xffffffc3]B[0xffffffe8][0xffffffdd]B[0xffffffe8][0xffffffda][0x11]^A[0xffffffb4]/[0x19]a[0xffffff94]8[0xffffff80][0xffffffed]KF[0x18]'N0[0xffffffb1][0xffffffd6]-[0xffffffb0]Ns[0xf]q[0xffffffff][0x8][0xffffffaf][0x11][0xffffffd8][0xffffffde]F[0xffffffec][0x10]K[0x1d][0xffffff98]Xna[0xfffffffd][0xffffffaf][0x1a][0xffffffc7][0xffffffd7]'[0xffffffaf]-[0xffffffb0][0x0]o[0x17]3[0xffffffde]aG[0xffffffdd][0xffffffe9]{2[0xffffffa8][0x1d]B[0xfffffff9]ZO[0xffffffc6][0xfffffffb]4[0xffffffcf][0xffffffe3]v [0xffffffcc][0xffffffc1]<[0xffffff9c]D[0xffffff97][0x13][0x0]@[0x1d][0xffffffee][0x3][0x10][0xffffffc0][0xffffffed][0xffffffd6][0xfffffffd]>[0xffffffdc]o[0xffffffdd][0xffffffed][0x12][0xffffffb7][0x1a][0xffffff85]=[0xffffff96][0xffffffb3]O[0xffffff95]q[0xfffffff0][0x15]xdFN[0xffffffa3][0x19][0x5][0xffffffc9]x8(3"3![0xffffffa2][0xffffffe2][0xffffffe4])[0xffffff94][0xffffffbe][0xc][0xffffffa9]M[0xffffffc6][0xffffffbd][0xffffffc5][0xffffff96][0xffffffde][0xffffffbb]0[0x19][0xffffffc0][0xffffffdf]1[0x7][0xffffffa7]1[0xf]/c>N[0xffffffa1][0xffffff8e]%X[0xffffff8b][0xffffffd7][0x10][0xffffffa0][0xb]],[0xffffffc0][0x15][0xfffffff4]`[0xffffff80]2[0xffffffae][0xffffffe3][0x4]\[0xffffffcf]B[0xffffffdc][0xffffffc8]"[0xffffffdc]L[0x1f]>[0xffffffc8]"[0xffffffdc][0xffffffca][0xffffff89][0xffffffb8][0xffffff9d]%[0xffffffb8][0xffffff87][0xffffffa5][0xffffffb8][0xffffff8f]%[0x18]f)[0xffffff8e][0xffffffb3][0xffffffcc][0xffffffb2][0xffffffe1]f[0xffffffc8][0xffffff98][0x3][0x17][0xffffffff][0x17][0xb] a>[0xffffffa6]Z>[0xffffffea][0xffffffc2][0xffffff8d]([0xffffffb1][0xffffff9e][\n]"
11:43:22.815 [Test worker] DEBUG com.github.dockerjava.zerodep.shaded.org.apache.hc.client5.http.wire - http-outgoing-1 << "[0xffffffd0][0xffffff85]&[0xffffffde]@QV[0x2][0xffffffe8]q[0xffffffe6][0x1][0xffffff8f][0xffffffa4][0xffffffac][0xfffffffe][0xffffff88]c[0xfffffff5][0xffffffc5][0xffffff8e]GX[0xffffffd8]x=${[0xffffffbe][0xfffffff5]D[0xffffffde][0xffffff94][0xfffffff2][0xffffffae]&[0xffffffc7][0xffffffbb][0xffffff94]L[0xffffff83]f[0xfffffffb][0x18][0xffffffa7][0xffffffc1][0xffffffc7][0xffffffe9][0x19]>[0xffffffa6][0xffffffa4][0xffffffa8])|[0xffffffe7][0xffffff98][0x1e][0xfffffffc][0xffffffae][0xffffffbc]4F[0xffffff97][\r][0xffffff9b][0xffffffc6]\[0xfffffff8]8[0xffffffef][0xffffffac]i[0xffffffbc]{[0xffffffcc][0xffffff88][0xffffffdc][0xffffff92]?"Y[0x5]7[0xffffffab]Q[0xffffffcc][0xffffff9a]1"[0xfffffff2]=c[0xffffffc6][0xffffffcc]-[0xffffffc9][0xffffff98][0xffffffc1][0x3]N1[0xffffffdc]dy[0xffffffea][0xfffffffb][0xffffffb2][0xffffff92][0xfffffffa][0x7][0xffffff93][0xffffffb9][0xfffffffc]V[0xffffffe1][0xffffffee][0xffffffb7]Y[0xffffffb5]`n[0xffffffdb] [0xffffffbd][0xffffffc7]y{[0xfffffff7]Q[0xffffffde]Q[0xffffffce][0xffffff8f][0xe][0xfffffff1][0xffffffee][0xffffff9a]![0xffffffde]=[0xffffffc4]C[0xffffffb5]#[0xffffffbc][0xffffffcf][0xffffff85][0xffffffc3] [0x14],D%[0xffffffee]u[0xfffffff2][0xffffffb4][0xc][0xffffffa9]O[0xffffffc6][0xffffffbd][0xffffffb3][0xffffffd2][0xfffffffd]([0xffffff97]Ba=[0x16]r[0x5]*[0xffffffb9][0xc]U\[0xffffff8e][0xffffff8d]\[0xffffff99]*[0xffffffb1]U[0xffffff98][0xffffffc5][0xffffffad][0xfffffffc][0xffffff94]%[0xffffffcd][0xffffffa6][0xffffff94]4[0xffffff9b]li[0x0]<[0xffffff97]j[0xffffffdc]{P`A[0xffffffe6]W?[0xffffff84][0xe][0xffffff97]{[0xffffff88][0xf][0x1e][0xffffffc0][0xffffffb4]a[0xe][0x1d][0xffffffe7]p[0xfffffff7] [0x1f][0xffffffa9]>[0xffffffc6][0xffffffcf][0x1]G[0xfffffff9][0xffffffc5]!~[0xffffffe5]p[0xffffffaa]Iv[0xffffff81][0xfffffff3][0xffffffd2][0x1d]*[0xffffffd7]@[0xffffffe1]Z[0xffffffcc]a[0x0][0xfffffff3]xaF[0xffffff87]:[0xffffffdf][0xffffffa1]L>[0xffffffc5][0xffffffa7][0xffffff9d]~t)h[0xffffff8d][0xffffffb9][0x7][0xfffffff9][0xffffffcc][0xffffff83])[x[0xffffffac][0x1c][0xffffffdb][0xffffff9c][0xffffffb1][0xffffffd6][0xffffffed]t[0xffffffb7]V[0xffffffb7][0xffffffc5][0xffffffaf][0xffffffe6][0xffffffb5][0xfffffff6][0xffffffd7][0xfffffff9][\r][0x7][0xffffffab][0x6][0xffffffc9]n[0xffffffa5]jG[0xfffffff8][0x1c]Q=[0xffffffc4][0xffffffef][0xffffff8c][0xfffffff0][0xfffffffb][0x12]j[0x1f]L5[0xffffff81][0xffffffb6][[0xffffffb5][0xffffffa3][0xffffff98][[0xfffffff3][0xfffffff7]^[0xfffffffc][0x1][0x7f]d[0xfffffff7]^|[0xffffff9e]?[0xffffff86][0xffffff94][0xffffffd1][0xfffffffa][0xffffff89][0xffffffb1][0x1f]&[?~3/3?I[0xffffffb5][0xfffffffd]5V[0xffffffaf][0x4][0xfffffff0]p[0xffffff8e]|][0x19][0xfffffff2]q[0xffffffac][0xffffffee][0xffffffbd][0xffffffc4][0xffffff8b][0x11][0x1c]s[0xffffffac]s[0xffffff99]c[0xffffff9d][0x15][0xffffffc7]Q[0xffffffdc]][0xffffffce][0xffffff9f]9NS=[0xffffffc2][0x17]D[0x1a]~a[0xffffff88]w[0xffffff97][0xfffffff3]WC[0xffffffbc][0xffffffbb]z[0xffffff84][0xffffffbf]MB[0xffffff86]x[0xffffffe8](O[0xffffffe6]([0x17][0xffffffd7]d[0x10]_[0xffffffc1][0xffffffdf][0xfffffff3]EAJl[0xffffffc7][0xffffffff][0xfffffff9][0xffffffa4]V[0xffffffe5]!U[0xffffffc8]?[0xfffffff1][0xffffffcf][0xe][0xffffffa9][0xffffff99][0xffffffd6][0xffffff88][0xffffffe5][0x3][0x7f][0x15]k[0xffffff99][0xffffffb1][0xffffffb6][0x12][0xffffff85]|)[0xffffffe5][0xffffff9d][0xffffffb7]Y[0xffffffb5][0x8][0x8][0xffffff96]I[0xffffffc3]|[0xffffffe5][0x8][0xffffffff][0xffffffea][0xffffffdc][0xffffffbd][0xffffff83]<=(I[0xffffffc3]R[0xffffffe1][0x11]>s\[0xfffffff2]v[0xffffffbb][0x1f][0xffffffc5][0xffffffc1]n[0xffffffd7][0xffffffa0]4![0xffffffbd]/[0x18][0xffffffe4]3[0xffffffe9][0xffffff97]a[0xffffffa9][0xfffffff4][0xffffff98]T1z[0xffffff9f][0xffffffd0]9,[0xffffffcd]<*[0xffffffcd]9[0xffffff82];[0xf][0xffffffa7][0x18]Y[0xffffff84]"[0x0][0xffffff8b]Q[0xffffff88]j[0xffffff94][0xffffffa0][0x16]3[0xffffffb1][0xc]UX[0xffffff89][0xffffffcd]X[0xffffff85]6[0xffffffac]F7[0xffffff96][0xffffffa3][0x7][0xffffffcb][0xffffffe0][0xffffff92]*[0x1]T[[0x5]SB![\n]"
11:43:22.815 [Test worker] DEBUG com.github.dockerjava.zerodep.shaded.org.apache.hc.client5.http.wire - http-outgoing-1 << "[0xffffffe1][0xffffff85][0xffffff82][0x9][0xffffff9e]"[0x14][0xffffffa3][0x14]e([0xffffffc2]$T`[\n]"
11:43:22.815 [Test worker] DEBUG com.github.dockerjava.zerodep.shaded.org.apache.hc.client5.http.wire - http-outgoing-1 << "[0xffffff88]i[0xffffff98][0xffffff81][0xffffff99][0xffffff98]&[0xffffffd9][0xfffffffb][0xffffffed][0x2][0xffffffa9][0xffffffda]*[0xffffffe3][0x1e]\[0xb][0x17][0xffffffa2]H`[0xffffffaf][0xfffffff5][0xfffffff4][0xffffffbf]x'[0xffffffde][0xffffffe5]<[0x1d]p[0xffffff9e][0xffffff86][0xfffffff1]([0x1e][0x13]O|[0xffffff94]'[0xfffffff8][0xffffffa8][\r][0xffffff93]&I[0xffffff93][0xffffffdf][0xffffffa0][0xffffffff][0xffffffaa]{[0xfffffff3]z[0xfffffff3]z[0xfffffff3]z[0xfffffff3][0xfffffffa][0x7f][0xffffffff][0xfffffffa]?[0x1][0x0][0x0][0xffffffff][0xffffffff]7[0xffffff83][0xffffffd9]v[0x0]>[0x0][0x0][\r][\n]"
11:43:22.815 [Test worker] DEBUG com.github.dockerjava.zerodep.shaded.org.apache.hc.client5.http.wire - http-outgoing-1 << "0[\r][\n]"
11:43:22.815 [Test worker] DEBUG com.github.dockerjava.zerodep.shaded.org.apache.hc.client5.http.wire - http-outgoing-1 << "[\r][\n]"
11:43:22.815 [Test worker] DEBUG com.github.dockerjava.zerodep.shaded.org.apache.hc.client5.http.impl.classic.InternalHttpClient - ep-00000009: releasing valid endpoint
11:43:22.815 [Test worker] DEBUG com.github.dockerjava.zerodep.shaded.org.apache.hc.client5.http.impl.io.PoolingHttpClientConnectionManager - ep-00000009: releasing endpoint
11:43:22.815 [Test worker] DEBUG com.github.dockerjava.zerodep.shaded.org.apache.hc.client5.http.impl.io.PoolingHttpClientConnectionManager - ep-00000009: connection http-outgoing-1 can be kept alive for 3 MINUTES
11:43:22.815 [Test worker] DEBUG com.github.dockerjava.zerodep.shaded.org.apache.hc.client5.http.impl.io.PoolingHttpClientConnectionManager - ep-00000009: connection released [route: {}->unix://localhost:2375][total available: 1; route allocated: 1 of 2147483647; total allocated: 1 of 2147483647]
11:43:22.816 [Test worker] DEBUG org.testcontainers.shaded.com.github.dockerjava.core.command.AbstrDockerCmd - Cmd: 27fe80320bcfc7da1b0aeec8199648de6f23a81977aab7c97889f5d94186bd50,true,true
11:43:22.817 [Test worker] DEBUG com.github.dockerjava.zerodep.shaded.org.apache.hc.client5.http.impl.classic.InternalHttpClient - ex-0000000B: preparing request execution
11:43:22.817 [Test worker] DEBUG com.github.dockerjava.zerodep.shaded.org.apache.hc.client5.http.protocol.RequestAddCookies - Cookie spec selected: strict
11:43:22.817 [Test worker] DEBUG com.github.dockerjava.zerodep.shaded.org.apache.hc.client5.http.protocol.RequestAuthCache - Auth cache not set in the context
11:43:22.817 [Test worker] DEBUG com.github.dockerjava.zerodep.shaded.org.apache.hc.client5.http.impl.classic.ProtocolExec - ex-0000000B: target auth state: UNCHALLENGED
11:43:22.817 [Test worker] DEBUG com.github.dockerjava.zerodep.shaded.org.apache.hc.client5.http.impl.classic.ProtocolExec - ex-0000000B: proxy auth state: UNCHALLENGED
11:43:22.817 [Test worker] DEBUG com.github.dockerjava.zerodep.shaded.org.apache.hc.client5.http.impl.classic.ConnectExec - ex-0000000B: acquiring connection with route {}->unix://localhost:2375
11:43:22.817 [Test worker] DEBUG com.github.dockerjava.zerodep.shaded.org.apache.hc.client5.http.impl.classic.InternalHttpClient - ex-0000000B: acquiring endpoint (3 MINUTES)
11:43:22.817 [Test worker] DEBUG com.github.dockerjava.zerodep.shaded.org.apache.hc.client5.http.impl.io.PoolingHttpClientConnectionManager - ex-0000000B: endpoint lease request (3 MINUTES) [route: {}->unix://localhost:2375][total available: 1; route allocated: 1 of 2147483647; total allocated: 1 of 2147483647]
11:43:22.817 [Test worker] DEBUG com.github.dockerjava.zerodep.shaded.org.apache.hc.client5.http.impl.io.PoolingHttpClientConnectionManager - ex-0000000B: endpoint leased [route: {}->unix://localhost:2375][total available: 0; route allocated: 1 of 2147483647; total allocated: 1 of 2147483647]
11:43:22.817 [Test worker] DEBUG com.github.dockerjava.zerodep.shaded.org.apache.hc.client5.http.impl.io.PoolingHttpClientConnectionManager - ex-0000000B: acquired ep-0000000A
11:43:22.817 [Test worker] DEBUG com.github.dockerjava.zerodep.shaded.org.apache.hc.client5.http.impl.classic.InternalHttpClient - ex-0000000B: acquired endpoint ep-0000000A
11:43:22.818 [Test worker] DEBUG com.github.dockerjava.zerodep.shaded.org.apache.hc.client5.http.impl.classic.MainClientExec - ex-0000000B: executing DELETE /v1.32/containers/27fe80320bcfc7da1b0aeec8199648de6f23a81977aab7c97889f5d94186bd50?v=true&force=true HTTP/1.1
11:43:22.818 [Test worker] DEBUG com.github.dockerjava.zerodep.shaded.org.apache.hc.client5.http.impl.classic.InternalHttpClient - ep-0000000A: start execution ex-0000000B
11:43:22.818 [Test worker] DEBUG com.github.dockerjava.zerodep.shaded.org.apache.hc.client5.http.impl.io.PoolingHttpClientConnectionManager - ep-0000000A: executing exchange ex-0000000B over http-outgoing-1
11:43:22.818 [Test worker] DEBUG com.github.dockerjava.zerodep.shaded.org.apache.hc.client5.http.headers - http-outgoing-1 >> DELETE /v1.32/containers/27fe80320bcfc7da1b0aeec8199648de6f23a81977aab7c97889f5d94186bd50?v=true&force=true HTTP/1.1
11:43:22.818 [Test worker] DEBUG com.github.dockerjava.zerodep.shaded.org.apache.hc.client5.http.headers - http-outgoing-1 >> accept: application/json
11:43:22.818 [Test worker] DEBUG com.github.dockerjava.zerodep.shaded.org.apache.hc.client5.http.headers - http-outgoing-1 >> x-tc-sid: b7f6c99f-5b0f-49a9-8796-94a8ae81f0d8
11:43:22.818 [Test worker] DEBUG com.github.dockerjava.zerodep.shaded.org.apache.hc.client5.http.headers - http-outgoing-1 >> Accept-Encoding: gzip, x-gzip, deflate
11:43:22.818 [Test worker] DEBUG com.github.dockerjava.zerodep.shaded.org.apache.hc.client5.http.headers - http-outgoing-1 >> Host: localhost:2375
11:43:22.818 [Test worker] DEBUG com.github.dockerjava.zerodep.shaded.org.apache.hc.client5.http.headers - http-outgoing-1 >> Connection: keep-alive
11:43:22.818 [Test worker] DEBUG com.github.dockerjava.zerodep.shaded.org.apache.hc.client5.http.headers - http-outgoing-1 >> User-Agent: Apache-HttpClient/5.0.3 (Java/17.0.6)
11:43:22.818 [Test worker] DEBUG com.github.dockerjava.zerodep.shaded.org.apache.hc.client5.http.wire - http-outgoing-1 >> "DELETE /v1.32/containers/27fe80320bcfc7da1b0aeec8199648de6f23a81977aab7c97889f5d94186bd50?v=true&force=true HTTP/1.1[\r][\n]"
11:43:22.818 [Test worker] DEBUG com.github.dockerjava.zerodep.shaded.org.apache.hc.client5.http.wire - http-outgoing-1 >> "accept: application/json[\r][\n]"
11:43:22.818 [Test worker] DEBUG com.github.dockerjava.zerodep.shaded.org.apache.hc.client5.http.wire - http-outgoing-1 >> "x-tc-sid: b7f6c99f-5b0f-49a9-8796-94a8ae81f0d8[\r][\n]"
11:43:22.818 [Test worker] DEBUG com.github.dockerjava.zerodep.shaded.org.apache.hc.client5.http.wire - http-outgoing-1 >> "Accept-Encoding: gzip, x-gzip, deflate[\r][\n]"
11:43:22.818 [Test worker] DEBUG com.github.dockerjava.zerodep.shaded.org.apache.hc.client5.http.wire - http-outgoing-1 >> "Host: localhost:2375[\r][\n]"
11:43:22.818 [Test worker] DEBUG com.github.dockerjava.zerodep.shaded.org.apache.hc.client5.http.wire - http-outgoing-1 >> "Connection: keep-alive[\r][\n]"
11:43:22.818 [Test worker] DEBUG com.github.dockerjava.zerodep.shaded.org.apache.hc.client5.http.wire - http-outgoing-1 >> "User-Agent: Apache-HttpClient/5.0.3 (Java/17.0.6)[\r][\n]"
11:43:22.818 [Test worker] DEBUG com.github.dockerjava.zerodep.shaded.org.apache.hc.client5.http.wire - http-outgoing-1 >> "[\r][\n]"
11:43:22.823 [Test worker] DEBUG com.github.dockerjava.zerodep.shaded.org.apache.hc.client5.http.wire - http-outgoing-1 << "HTTP/1.1 204 No Content[\r][\n]"
11:43:22.823 [Test worker] DEBUG com.github.dockerjava.zerodep.shaded.org.apache.hc.client5.http.wire - http-outgoing-1 << "Api-Version: 1.42[\r][\n]"
11:43:22.823 [Test worker] DEBUG com.github.dockerjava.zerodep.shaded.org.apache.hc.client5.http.wire - http-outgoing-1 << "Docker-Experimental: false[\r][\n]"
11:43:22.823 [Test worker] DEBUG com.github.dockerjava.zerodep.shaded.org.apache.hc.client5.http.wire - http-outgoing-1 << "Ostype: linux[\r][\n]"
11:43:22.823 [Test worker] DEBUG com.github.dockerjava.zerodep.shaded.org.apache.hc.client5.http.wire - http-outgoing-1 << "Server: Docker/23.0.2 (linux)[\r][\n]"
11:43:22.823 [Test worker] DEBUG com.github.dockerjava.zerodep.shaded.org.apache.hc.client5.http.wire - http-outgoing-1 << "Date: Wed, 05 Apr 2023 09:43:22 GMT[\r][\n]"
11:43:22.823 [Test worker] DEBUG com.github.dockerjava.zerodep.shaded.org.apache.hc.client5.http.wire - http-outgoing-1 << "[\r][\n]"
11:43:22.823 [Test worker] DEBUG com.github.dockerjava.zerodep.shaded.org.apache.hc.client5.http.headers - http-outgoing-1 << HTTP/1.1 204 No Content
11:43:22.823 [Test worker] DEBUG com.github.dockerjava.zerodep.shaded.org.apache.hc.client5.http.headers - http-outgoing-1 << Api-Version: 1.42
11:43:22.824 [Test worker] DEBUG com.github.dockerjava.zerodep.shaded.org.apache.hc.client5.http.headers - http-outgoing-1 << Docker-Experimental: false
11:43:22.824 [Test worker] DEBUG com.github.dockerjava.zerodep.shaded.org.apache.hc.client5.http.headers - http-outgoing-1 << Ostype: linux
11:43:22.824 [Test worker] DEBUG com.github.dockerjava.zerodep.shaded.org.apache.hc.client5.http.headers - http-outgoing-1 << Server: Docker/23.0.2 (linux)
11:43:22.824 [Test worker] DEBUG com.github.dockerjava.zerodep.shaded.org.apache.hc.client5.http.headers - http-outgoing-1 << Date: Wed, 05 Apr 2023 09:43:22 GMT
11:43:22.824 [Test worker] DEBUG com.github.dockerjava.zerodep.shaded.org.apache.hc.client5.http.impl.classic.MainClientExec - ex-0000000B: connection can be kept alive for 3 MINUTES
11:43:22.824 [Test worker] DEBUG com.github.dockerjava.zerodep.shaded.org.apache.hc.client5.http.impl.classic.InternalHttpClient - ep-0000000A: releasing valid endpoint
11:43:22.824 [Test worker] DEBUG com.github.dockerjava.zerodep.shaded.org.apache.hc.client5.http.impl.io.PoolingHttpClientConnectionManager - ep-0000000A: releasing endpoint
11:43:22.824 [Test worker] DEBUG com.github.dockerjava.zerodep.shaded.org.apache.hc.client5.http.impl.io.PoolingHttpClientConnectionManager - ep-0000000A: connection http-outgoing-1 can be kept alive for 3 MINUTES
11:43:22.824 [Test worker] DEBUG com.github.dockerjava.zerodep.shaded.org.apache.hc.client5.http.impl.io.PoolingHttpClientConnectionManager - ep-0000000A: connection released [route: {}->unix://localhost:2375][total available: 1; route allocated: 1 of 2147483647; total allocated: 1 of 2147483647]
11:43:22.824 [Test worker] DEBUG org.testcontainers.shaded.com.github.dockerjava.core.command.AbstrDockerCmd - Cmd: org.testcontainers.shaded.com.github.dockerjava.core.command.CreateContainerCmdImpl@74960e9d[aliases=<null>,argsEscaped=<null>,attachStderr=<null>,attachStdin=<null>,attachStdout=<null>,authConfig=<null>,cmd={},domainName=<null>,entrypoint=<null>,env={HOSTNAME_EXTERNAL=localhost,SERVICES=s3},exposedPorts=ExposedPorts(exposedPorts=[4566/tcp]),healthcheck=<null>,hostConfig=HostConfig(binds=[/var/run/docker.sock:/var/run/docker.sock:rw], blkioWeight=null, blkioWeightDevice=null, blkioDeviceReadBps=null, blkioDeviceWriteBps=null, blkioDeviceReadIOps=null, blkioDeviceWriteIOps=null, memorySwappiness=null, nanoCPUs=null, capAdd=null, capDrop=null, containerIDFile=null, cpuPeriod=null, cpuRealtimePeriod=null, cpuRealtimeRuntime=null, cpuShares=null, cpuQuota=null, cpusetCpus=null, cpusetMems=null, devices=null, deviceCgroupRules=null, deviceRequests=null, diskQuota=null, dns=null, dnsOptions=null, dnsSearch=null, extraHosts=[], groupAdd=null, ipcMode=null, cgroup=null, links=[], logConfig=LogConfig(type=null, config=null), lxcConf=null, memory=null, memorySwap=null, memoryReservation=null, kernelMemory=null, networkMode=null, oomKillDisable=null, init=null, autoRemove=null, oomScoreAdj=null, portBindings={4566/tcp=[Lcom.github.dockerjava.api.model.Ports$Binding;@2fc49538}, privileged=null, publishAllPorts=null, readonlyRootfs=null, restartPolicy=null, ulimits=null, cpuCount=null, cpuPercent=null, ioMaximumIOps=null, ioMaximumBandwidth=null, volumesFrom=[], mounts=null, pidMode=null, isolation=null, securityOpts=null, storageOpt=null, cgroupParent=null, volumeDriver=null, shmSize=null, pidsLimit=null, runtime=null, tmpFs=null, utSMode=null, usernsMode=null, sysctls=null, consoleSize=null, cgroupnsMode=null),hostName=<null>,image=localstack/localstack:latest,ipv4Address=<null>,ipv6Address=<null>,labels={org.testcontainers=true, org.testcontainers.sessionId=b7f6c99f-5b0f-49a9-8796-94a8ae81f0d8},macAddress=<null>,name=<null>,networkDisabled=<null>,networkingConfig=<null>,onBuild=<null>,platform=<null>,portSpecs=<null>,shell=<null>,stdInOnce=<null>,stdinOpen=<null>,stopSignal=<null>,stopTimeout=<null>,tty=<null>,user=<null>,volumes=Volumes(volumes=[]),workingDir=<null>]
11:43:22.826 [Test worker] DEBUG com.github.dockerjava.zerodep.shaded.org.apache.hc.client5.http.impl.classic.InternalHttpClient - ex-0000000C: preparing request execution
11:43:22.826 [Test worker] DEBUG com.github.dockerjava.zerodep.shaded.org.apache.hc.client5.http.protocol.RequestAddCookies - Cookie spec selected: strict
11:43:22.826 [Test worker] DEBUG com.github.dockerjava.zerodep.shaded.org.apache.hc.client5.http.protocol.RequestAuthCache - Auth cache not set in the context
11:43:22.826 [Test worker] DEBUG com.github.dockerjava.zerodep.shaded.org.apache.hc.client5.http.impl.classic.ProtocolExec - ex-0000000C: target auth state: UNCHALLENGED
11:43:22.826 [Test worker] DEBUG com.github.dockerjava.zerodep.shaded.org.apache.hc.client5.http.impl.classic.ProtocolExec - ex-0000000C: proxy auth state: UNCHALLENGED
11:43:22.826 [Test worker] DEBUG com.github.dockerjava.zerodep.shaded.org.apache.hc.client5.http.impl.classic.ConnectExec - ex-0000000C: acquiring connection with route {}->unix://localhost:2375
11:43:22.826 [Test worker] DEBUG com.github.dockerjava.zerodep.shaded.org.apache.hc.client5.http.impl.classic.InternalHttpClient - ex-0000000C: acquiring endpoint (3 MINUTES)
11:43:22.826 [Test worker] DEBUG com.github.dockerjava.zerodep.shaded.org.apache.hc.client5.http.impl.io.PoolingHttpClientConnectionManager - ex-0000000C: endpoint lease request (3 MINUTES) [route: {}->unix://localhost:2375][total available: 1; route allocated: 1 of 2147483647; total allocated: 1 of 2147483647]
11:43:22.826 [Test worker] DEBUG com.github.dockerjava.zerodep.shaded.org.apache.hc.client5.http.impl.io.PoolingHttpClientConnectionManager - ex-0000000C: endpoint leased [route: {}->unix://localhost:2375][total available: 0; route allocated: 1 of 2147483647; total allocated: 1 of 2147483647]
11:43:22.826 [Test worker] DEBUG com.github.dockerjava.zerodep.shaded.org.apache.hc.client5.http.impl.io.PoolingHttpClientConnectionManager - ex-0000000C: acquired ep-0000000B
11:43:22.826 [Test worker] DEBUG com.github.dockerjava.zerodep.shaded.org.apache.hc.client5.http.impl.classic.InternalHttpClient - ex-0000000C: acquired endpoint ep-0000000B
11:43:22.826 [Test worker] DEBUG com.github.dockerjava.zerodep.shaded.org.apache.hc.client5.http.impl.classic.MainClientExec - ex-0000000C: executing POST /v1.32/containers/create HTTP/1.1
11:43:22.826 [Test worker] DEBUG com.github.dockerjava.zerodep.shaded.org.apache.hc.client5.http.impl.classic.InternalHttpClient - ep-0000000B: start execution ex-0000000C
11:43:22.826 [Test worker] DEBUG com.github.dockerjava.zerodep.shaded.org.apache.hc.client5.http.impl.io.PoolingHttpClientConnectionManager - ep-0000000B: executing exchange ex-0000000C over http-outgoing-1
11:43:22.826 [Test worker] DEBUG com.github.dockerjava.zerodep.shaded.org.apache.hc.client5.http.headers - http-outgoing-1 >> POST /v1.32/containers/create HTTP/1.1
11:43:22.826 [Test worker] DEBUG com.github.dockerjava.zerodep.shaded.org.apache.hc.client5.http.headers - http-outgoing-1 >> accept: application/json
11:43:22.827 [Test worker] DEBUG com.github.dockerjava.zerodep.shaded.org.apache.hc.client5.http.headers - http-outgoing-1 >> content-type: application/json
11:43:22.827 [Test worker] DEBUG com.github.dockerjava.zerodep.shaded.org.apache.hc.client5.http.headers - http-outgoing-1 >> x-tc-sid: b7f6c99f-5b0f-49a9-8796-94a8ae81f0d8
11:43:22.827 [Test worker] DEBUG com.github.dockerjava.zerodep.shaded.org.apache.hc.client5.http.headers - http-outgoing-1 >> Accept-Encoding: gzip, x-gzip, deflate
11:43:22.827 [Test worker] DEBUG com.github.dockerjava.zerodep.shaded.org.apache.hc.client5.http.headers - http-outgoing-1 >> Content-Length: 1999
11:43:22.827 [Test worker] DEBUG com.github.dockerjava.zerodep.shaded.org.apache.hc.client5.http.headers - http-outgoing-1 >> Host: localhost:2375
11:43:22.827 [Test worker] DEBUG com.github.dockerjava.zerodep.shaded.org.apache.hc.client5.http.headers - http-outgoing-1 >> Connection: keep-alive
11:43:22.827 [Test worker] DEBUG com.github.dockerjava.zerodep.shaded.org.apache.hc.client5.http.headers - http-outgoing-1 >> User-Agent: Apache-HttpClient/5.0.3 (Java/17.0.6)
11:43:22.827 [Test worker] DEBUG com.github.dockerjava.zerodep.shaded.org.apache.hc.client5.http.wire - http-outgoing-1 >> "POST /v1.32/containers/create HTTP/1.1[\r][\n]"
11:43:22.827 [Test worker] DEBUG com.github.dockerjava.zerodep.shaded.org.apache.hc.client5.http.wire - http-outgoing-1 >> "accept: application/json[\r][\n]"
11:43:22.827 [Test worker] DEBUG com.github.dockerjava.zerodep.shaded.org.apache.hc.client5.http.wire - http-outgoing-1 >> "content-type: application/json[\r][\n]"
11:43:22.827 [Test worker] DEBUG com.github.dockerjava.zerodep.shaded.org.apache.hc.client5.http.wire - http-outgoing-1 >> "x-tc-sid: b7f6c99f-5b0f-49a9-8796-94a8ae81f0d8[\r][\n]"
11:43:22.827 [Test worker] DEBUG com.github.dockerjava.zerodep.shaded.org.apache.hc.client5.http.wire - http-outgoing-1 >> "Accept-Encoding: gzip, x-gzip, deflate[\r][\n]"
11:43:22.827 [Test worker] DEBUG com.github.dockerjava.zerodep.shaded.org.apache.hc.client5.http.wire - http-outgoing-1 >> "Content-Length: 1999[\r][\n]"
11:43:22.827 [Test worker] DEBUG com.github.dockerjava.zerodep.shaded.org.apache.hc.client5.http.wire - http-outgoing-1 >> "Host: localhost:2375[\r][\n]"
11:43:22.827 [Test worker] DEBUG com.github.dockerjava.zerodep.shaded.org.apache.hc.client5.http.wire - http-outgoing-1 >> "Connection: keep-alive[\r][\n]"
11:43:22.827 [Test worker] DEBUG com.github.dockerjava.zerodep.shaded.org.apache.hc.client5.http.wire - http-outgoing-1 >> "User-Agent: Apache-HttpClient/5.0.3 (Java/17.0.6)[\r][\n]"
11:43:22.827 [Test worker] DEBUG com.github.dockerjava.zerodep.shaded.org.apache.hc.client5.http.wire - http-outgoing-1 >> "[\r][\n]"
11:43:22.827 [Test worker] DEBUG com.github.dockerjava.zerodep.shaded.org.apache.hc.client5.http.wire - http-outgoing-1 >> "{"Hostname":null,"Domainname":null,"User":null,"AttachStdin":null,"AttachStdout":null,"AttachStderr":null,"PortSpecs":null,"Tty":null,"OpenStdin":null,"StdinOnce":null,"Env":["HOSTNAME_EXTERNAL=localhost","SERVICES=s3"],"Cmd":[],"Healthcheck":null,"ArgsEscaped":null,"Entrypoint":null,"Image":"localstack/localstack:latest","Volumes":{},"WorkingDir":null,"MacAddress":null,"OnBuild":null,"NetworkDisabled":null,"ExposedPorts":{"4566/tcp":{}},"StopSignal":null,"StopTimeout":null,"HostConfig":{"Binds":["/var/run/docker.sock:/var/run/docker.sock:rw"],"BlkioWeight":null,"BlkioWeightDevice":null,"BlkioDeviceReadBps":null,"BlkioDeviceWriteBps":null,"BlkioDeviceReadIOps":null,"BlkioDeviceWriteIOps":null,"MemorySwappiness":null,"NanoCpus":null,"CapAdd":null,"CapDrop":null,"ContainerIDFile":null,"CpuPeriod":null,"CpuRealtimePeriod":null,"CpuRealtimeRuntime":null,"CpuShares":null,"CpuQuota":null,"CpusetCpus":null,"CpusetMems":null,"Devices":null,"DeviceCgroupRules":null,"DeviceRequests":null,"DiskQuota":null,"Dns":null,"DnsOptions":null,"DnsSearch":null,"ExtraHosts":[],"GroupAdd":null,"IpcMode":null,"Cgroup":null,"Links":[],"LogConfig":null,"LxcConf":null,"Memory":null,"MemorySwap":null,"MemoryReservation":null,"KernelMemory":null,"NetworkMode":null,"OomKillDisable":null,"Init":null,"AutoRemove":null,"OomScoreAdj":null,"PortBindings":{"4566/tcp":[{"HostIp":"","HostPort":""}]},"Privileged":null,"PublishAllPorts":null,"ReadonlyRootfs":null,"RestartPolicy":null,"Ulimits":null,"CpuCount":null,"CpuPercent":null,"IOMaximumIOps":null,"IOMaximumBandwidth":null,"VolumesFrom":[],"Mounts":null,"PidMode":null,"Isolation":null,"SecurityOpt":null,"StorageOpt":null,"CgroupParent":null,"VolumeDriver":null,"ShmSize":null,"PidsLimit":null,"Runtime":null,"Tmpfs":null,"UTSMode":null,"UsernsMode":null,"Sysctls":null,"ConsoleSize":null,"CgroupnsMode":null},"Labels":{"org.testcontainers":"true","org.testcontainers.sessionId":"b7f6c99f-5b0f-49a9-8796-94a8ae81f0d8"},"Shell":null,"NetworkingConfig":null}"
11:43:22.861 [Test worker] DEBUG com.github.dockerjava.zerodep.shaded.org.apache.hc.client5.http.wire - http-outgoing-1 << "HTTP/1.1 201 Created[\r][\n]"
11:43:22.862 [Test worker] DEBUG com.github.dockerjava.zerodep.shaded.org.apache.hc.client5.http.wire - http-outgoing-1 << "Api-Version: 1.42[\r][\n]"
11:43:22.862 [Test worker] DEBUG com.github.dockerjava.zerodep.shaded.org.apache.hc.client5.http.wire - http-outgoing-1 << "Content-Type: application/json[\r][\n]"
11:43:22.862 [Test worker] DEBUG com.github.dockerjava.zerodep.shaded.org.apache.hc.client5.http.wire - http-outgoing-1 << "Docker-Experimental: false[\r][\n]"
11:43:22.862 [Test worker] DEBUG com.github.dockerjava.zerodep.shaded.org.apache.hc.client5.http.wire - http-outgoing-1 << "Ostype: linux[\r][\n]"
11:43:22.862 [Test worker] DEBUG com.github.dockerjava.zerodep.shaded.org.apache.hc.client5.http.wire - http-outgoing-1 << "Server: Docker/23.0.2 (linux)[\r][\n]"
11:43:22.862 [Test worker] DEBUG com.github.dockerjava.zerodep.shaded.org.apache.hc.client5.http.wire - http-outgoing-1 << "Date: Wed, 05 Apr 2023 09:43:22 GMT[\r][\n]"
11:43:22.862 [Test worker] DEBUG com.github.dockerjava.zerodep.shaded.org.apache.hc.client5.http.wire - http-outgoing-1 << "Content-Length: 88[\r][\n]"
11:43:22.862 [Test worker] DEBUG com.github.dockerjava.zerodep.shaded.org.apache.hc.client5.http.wire - http-outgoing-1 << "[\r][\n]"
11:43:22.862 [Test worker] DEBUG com.github.dockerjava.zerodep.shaded.org.apache.hc.client5.http.wire - http-outgoing-1 << "{"Id":"5d6ffc387465dd48652347f7e9516f6f2ba8d2b66b9e274ad361b13a8c8f1440","Warnings":[]}[\n]"
11:43:22.862 [Test worker] DEBUG com.github.dockerjava.zerodep.shaded.org.apache.hc.client5.http.headers - http-outgoing-1 << HTTP/1.1 201 Created
11:43:22.862 [Test worker] DEBUG com.github.dockerjava.zerodep.shaded.org.apache.hc.client5.http.headers - http-outgoing-1 << Api-Version: 1.42
11:43:22.862 [Test worker] DEBUG com.github.dockerjava.zerodep.shaded.org.apache.hc.client5.http.headers - http-outgoing-1 << Content-Type: application/json
11:43:22.862 [Test worker] DEBUG com.github.dockerjava.zerodep.shaded.org.apache.hc.client5.http.headers - http-outgoing-1 << Docker-Experimental: false
11:43:22.862 [Test worker] DEBUG com.github.dockerjava.zerodep.shaded.org.apache.hc.client5.http.headers - http-outgoing-1 << Ostype: linux
11:43:22.862 [Test worker] DEBUG com.github.dockerjava.zerodep.shaded.org.apache.hc.client5.http.headers - http-outgoing-1 << Server: Docker/23.0.2 (linux)
11:43:22.862 [Test worker] DEBUG com.github.dockerjava.zerodep.shaded.org.apache.hc.client5.http.headers - http-outgoing-1 << Date: Wed, 05 Apr 2023 09:43:22 GMT
11:43:22.862 [Test worker] DEBUG com.github.dockerjava.zerodep.shaded.org.apache.hc.client5.http.headers - http-outgoing-1 << Content-Length: 88
11:43:22.862 [Test worker] DEBUG com.github.dockerjava.zerodep.shaded.org.apache.hc.client5.http.impl.classic.MainClientExec - ex-0000000C: connection can be kept alive for 3 MINUTES
11:43:22.863 [Test worker] DEBUG com.github.dockerjava.zerodep.shaded.org.apache.hc.client5.http.impl.classic.InternalHttpClient - ep-0000000B: releasing valid endpoint
11:43:22.863 [Test worker] DEBUG com.github.dockerjava.zerodep.shaded.org.apache.hc.client5.http.impl.io.PoolingHttpClientConnectionManager - ep-0000000B: releasing endpoint
11:43:22.863 [Test worker] DEBUG com.github.dockerjava.zerodep.shaded.org.apache.hc.client5.http.impl.io.PoolingHttpClientConnectionManager - ep-0000000B: connection http-outgoing-1 can be kept alive for 3 MINUTES
11:43:22.863 [Test worker] DEBUG com.github.dockerjava.zerodep.shaded.org.apache.hc.client5.http.impl.io.PoolingHttpClientConnectionManager - ep-0000000B: connection released [route: {}->unix://localhost:2375][total available: 1; route allocated: 1 of 2147483647; total allocated: 1 of 2147483647]
11:43:22.863 [Test worker] INFO ]]>&#x1f433;<![CDATA[ [localstack/localstack:latest] - Container localstack/localstack:latest is starting: 5d6ffc387465dd48652347f7e9516f6f2ba8d2b66b9e274ad361b13a8c8f1440
11:43:22.863 [Test worker] DEBUG org.testcontainers.shaded.com.github.dockerjava.core.command.AbstrDockerCmd - Cmd: 5d6ffc387465dd48652347f7e9516f6f2ba8d2b66b9e274ad361b13a8c8f1440
11:43:22.864 [Test worker] DEBUG com.github.dockerjava.zerodep.shaded.org.apache.hc.client5.http.impl.classic.InternalHttpClient - ex-0000000D: preparing request execution
11:43:22.864 [Test worker] DEBUG com.github.dockerjava.zerodep.shaded.org.apache.hc.client5.http.protocol.RequestAddCookies - Cookie spec selected: strict
11:43:22.864 [Test worker] DEBUG com.github.dockerjava.zerodep.shaded.org.apache.hc.client5.http.protocol.RequestAuthCache - Auth cache not set in the context
11:43:22.864 [Test worker] DEBUG com.github.dockerjava.zerodep.shaded.org.apache.hc.client5.http.impl.classic.ProtocolExec - ex-0000000D: target auth state: UNCHALLENGED
11:43:22.864 [Test worker] DEBUG com.github.dockerjava.zerodep.shaded.org.apache.hc.client5.http.impl.classic.ProtocolExec - ex-0000000D: proxy auth state: UNCHALLENGED
11:43:22.864 [Test worker] DEBUG com.github.dockerjava.zerodep.shaded.org.apache.hc.client5.http.impl.classic.ConnectExec - ex-0000000D: acquiring connection with route {}->unix://localhost:2375
11:43:22.864 [Test worker] DEBUG com.github.dockerjava.zerodep.shaded.org.apache.hc.client5.http.impl.classic.InternalHttpClient - ex-0000000D: acquiring endpoint (3 MINUTES)
11:43:22.864 [Test worker] DEBUG com.github.dockerjava.zerodep.shaded.org.apache.hc.client5.http.impl.io.PoolingHttpClientConnectionManager - ex-0000000D: endpoint lease request (3 MINUTES) [route: {}->unix://localhost:2375][total available: 1; route allocated: 1 of 2147483647; total allocated: 1 of 2147483647]
11:43:22.864 [Test worker] DEBUG com.github.dockerjava.zerodep.shaded.org.apache.hc.client5.http.impl.io.PoolingHttpClientConnectionManager - ex-0000000D: endpoint leased [route: {}->unix://localhost:2375][total available: 0; route allocated: 1 of 2147483647; total allocated: 1 of 2147483647]
11:43:22.864 [Test worker] DEBUG com.github.dockerjava.zerodep.shaded.org.apache.hc.client5.http.impl.io.PoolingHttpClientConnectionManager - ex-0000000D: acquired ep-0000000C
11:43:22.864 [Test worker] DEBUG com.github.dockerjava.zerodep.shaded.org.apache.hc.client5.http.impl.classic.InternalHttpClient - ex-0000000D: acquired endpoint ep-0000000C
11:43:22.864 [Test worker] DEBUG com.github.dockerjava.zerodep.shaded.org.apache.hc.client5.http.impl.classic.MainClientExec - ex-0000000D: executing POST /v1.32/containers/5d6ffc387465dd48652347f7e9516f6f2ba8d2b66b9e274ad361b13a8c8f1440/start HTTP/1.1
11:43:22.864 [Test worker] DEBUG com.github.dockerjava.zerodep.shaded.org.apache.hc.client5.http.impl.classic.InternalHttpClient - ep-0000000C: start execution ex-0000000D
11:43:22.864 [Test worker] DEBUG com.github.dockerjava.zerodep.shaded.org.apache.hc.client5.http.impl.io.PoolingHttpClientConnectionManager - ep-0000000C: executing exchange ex-0000000D over http-outgoing-1
11:43:22.864 [Test worker] DEBUG com.github.dockerjava.zerodep.shaded.org.apache.hc.client5.http.headers - http-outgoing-1 >> POST /v1.32/containers/5d6ffc387465dd48652347f7e9516f6f2ba8d2b66b9e274ad361b13a8c8f1440/start HTTP/1.1
11:43:22.864 [Test worker] DEBUG com.github.dockerjava.zerodep.shaded.org.apache.hc.client5.http.headers - http-outgoing-1 >> accept: application/json
11:43:22.864 [Test worker] DEBUG com.github.dockerjava.zerodep.shaded.org.apache.hc.client5.http.headers - http-outgoing-1 >> content-type: application/json
11:43:22.864 [Test worker] DEBUG com.github.dockerjava.zerodep.shaded.org.apache.hc.client5.http.headers - http-outgoing-1 >> x-tc-sid: b7f6c99f-5b0f-49a9-8796-94a8ae81f0d8
11:43:22.864 [Test worker] DEBUG com.github.dockerjava.zerodep.shaded.org.apache.hc.client5.http.headers - http-outgoing-1 >> Accept-Encoding: gzip, x-gzip, deflate
11:43:22.864 [Test worker] DEBUG com.github.dockerjava.zerodep.shaded.org.apache.hc.client5.http.headers - http-outgoing-1 >> Host: localhost:2375
11:43:22.865 [Test worker] DEBUG com.github.dockerjava.zerodep.shaded.org.apache.hc.client5.http.headers - http-outgoing-1 >> Connection: keep-alive
11:43:22.865 [Test worker] DEBUG com.github.dockerjava.zerodep.shaded.org.apache.hc.client5.http.headers - http-outgoing-1 >> User-Agent: Apache-HttpClient/5.0.3 (Java/17.0.6)
11:43:22.865 [Test worker] DEBUG com.github.dockerjava.zerodep.shaded.org.apache.hc.client5.http.wire - http-outgoing-1 >> "POST /v1.32/containers/5d6ffc387465dd48652347f7e9516f6f2ba8d2b66b9e274ad361b13a8c8f1440/start HTTP/1.1[\r][\n]"
11:43:22.865 [Test worker] DEBUG com.github.dockerjava.zerodep.shaded.org.apache.hc.client5.http.wire - http-outgoing-1 >> "accept: application/json[\r][\n]"
11:43:22.865 [Test worker] DEBUG com.github.dockerjava.zerodep.shaded.org.apache.hc.client5.http.wire - http-outgoing-1 >> "content-type: application/json[\r][\n]"
11:43:22.865 [Test worker] DEBUG com.github.dockerjava.zerodep.shaded.org.apache.hc.client5.http.wire - http-outgoing-1 >> "x-tc-sid: b7f6c99f-5b0f-49a9-8796-94a8ae81f0d8[\r][\n]"
11:43:22.865 [Test worker] DEBUG com.github.dockerjava.zerodep.shaded.org.apache.hc.client5.http.wire - http-outgoing-1 >> "Accept-Encoding: gzip, x-gzip, deflate[\r][\n]"
11:43:22.865 [Test worker] DEBUG com.github.dockerjava.zerodep.shaded.org.apache.hc.client5.http.wire - http-outgoing-1 >> "Host: localhost:2375[\r][\n]"
11:43:22.865 [Test worker] DEBUG com.github.dockerjava.zerodep.shaded.org.apache.hc.client5.http.wire - http-outgoing-1 >> "Connection: keep-alive[\r][\n]"
11:43:22.865 [Test worker] DEBUG com.github.dockerjava.zerodep.shaded.org.apache.hc.client5.http.wire - http-outgoing-1 >> "User-Agent: Apache-HttpClient/5.0.3 (Java/17.0.6)[\r][\n]"
11:43:22.865 [Test worker] DEBUG com.github.dockerjava.zerodep.shaded.org.apache.hc.client5.http.wire - http-outgoing-1 >> "[\r][\n]"
11:43:23.200 [Test worker] DEBUG com.github.dockerjava.zerodep.shaded.org.apache.hc.client5.http.wire - http-outgoing-1 << "HTTP/1.1 204 No Content[\r][\n]"
11:43:23.200 [Test worker] DEBUG com.github.dockerjava.zerodep.shaded.org.apache.hc.client5.http.wire - http-outgoing-1 << "Api-Version: 1.42[\r][\n]"
11:43:23.200 [Test worker] DEBUG com.github.dockerjava.zerodep.shaded.org.apache.hc.client5.http.wire - http-outgoing-1 << "Docker-Experimental: false[\r][\n]"
11:43:23.200 [Test worker] DEBUG com.github.dockerjava.zerodep.shaded.org.apache.hc.client5.http.wire - http-outgoing-1 << "Ostype: linux[\r][\n]"
11:43:23.200 [Test worker] DEBUG com.github.dockerjava.zerodep.shaded.org.apache.hc.client5.http.wire - http-outgoing-1 << "Server: Docker/23.0.2 (linux)[\r][\n]"
11:43:23.200 [Test worker] DEBUG com.github.dockerjava.zerodep.shaded.org.apache.hc.client5.http.wire - http-outgoing-1 << "Date: Wed, 05 Apr 2023 09:43:23 GMT[\r][\n]"
11:43:23.200 [Test worker] DEBUG com.github.dockerjava.zerodep.shaded.org.apache.hc.client5.http.wire - http-outgoing-1 << "[\r][\n]"
11:43:23.200 [Test worker] DEBUG com.github.dockerjava.zerodep.shaded.org.apache.hc.client5.http.headers - http-outgoing-1 << HTTP/1.1 204 No Content
11:43:23.200 [Test worker] DEBUG com.github.dockerjava.zerodep.shaded.org.apache.hc.client5.http.headers - http-outgoing-1 << Api-Version: 1.42
11:43:23.200 [Test worker] DEBUG com.github.dockerjava.zerodep.shaded.org.apache.hc.client5.http.headers - http-outgoing-1 << Docker-Experimental: false
11:43:23.200 [Test worker] DEBUG com.github.dockerjava.zerodep.shaded.org.apache.hc.client5.http.headers - http-outgoing-1 << Ostype: linux
11:43:23.200 [Test worker] DEBUG com.github.dockerjava.zerodep.shaded.org.apache.hc.client5.http.headers - http-outgoing-1 << Server: Docker/23.0.2 (linux)
11:43:23.200 [Test worker] DEBUG com.github.dockerjava.zerodep.shaded.org.apache.hc.client5.http.headers - http-outgoing-1 << Date: Wed, 05 Apr 2023 09:43:23 GMT
11:43:23.200 [Test worker] DEBUG com.github.dockerjava.zerodep.shaded.org.apache.hc.client5.http.impl.classic.MainClientExec - ex-0000000D: connection can be kept alive for 3 MINUTES
11:43:23.200 [Test worker] DEBUG com.github.dockerjava.zerodep.shaded.org.apache.hc.client5.http.impl.classic.InternalHttpClient - ep-0000000C: releasing valid endpoint
11:43:23.200 [Test worker] DEBUG com.github.dockerjava.zerodep.shaded.org.apache.hc.client5.http.impl.io.PoolingHttpClientConnectionManager - ep-0000000C: releasing endpoint
11:43:23.200 [Test worker] DEBUG com.github.dockerjava.zerodep.shaded.org.apache.hc.client5.http.impl.io.PoolingHttpClientConnectionManager - ep-0000000C: connection http-outgoing-1 can be kept alive for 3 MINUTES
11:43:23.201 [Test worker] DEBUG com.github.dockerjava.zerodep.shaded.org.apache.hc.client5.http.impl.io.PoolingHttpClientConnectionManager - ep-0000000C: connection released [route: {}->unix://localhost:2375][total available: 1; route allocated: 1 of 2147483647; total allocated: 1 of 2147483647]
11:43:23.201 [Test worker] DEBUG org.testcontainers.shaded.com.github.dockerjava.core.command.AbstrDockerCmd - Cmd: 5d6ffc387465dd48652347f7e9516f6f2ba8d2b66b9e274ad361b13a8c8f1440,false
11:43:23.201 [Test worker] DEBUG org.testcontainers.shaded.com.github.dockerjava.core.exec.InspectContainerCmdExec - GET: DefaultWebTarget{path=[/containers/5d6ffc387465dd48652347f7e9516f6f2ba8d2b66b9e274ad361b13a8c8f1440/json], queryParams={}}
11:43:23.201 [Test worker] DEBUG com.github.dockerjava.zerodep.shaded.org.apache.hc.client5.http.impl.classic.InternalHttpClient - ex-0000000E: preparing request execution
11:43:23.201 [Test worker] DEBUG com.github.dockerjava.zerodep.shaded.org.apache.hc.client5.http.protocol.RequestAddCookies - Cookie spec selected: strict
11:43:23.201 [Test worker] DEBUG com.github.dockerjava.zerodep.shaded.org.apache.hc.client5.http.protocol.RequestAuthCache - Auth cache not set in the context
11:43:23.201 [Test worker] DEBUG com.github.dockerjava.zerodep.shaded.org.apache.hc.client5.http.impl.classic.ProtocolExec - ex-0000000E: target auth state: UNCHALLENGED
11:43:23.201 [Test worker] DEBUG com.github.dockerjava.zerodep.shaded.org.apache.hc.client5.http.impl.classic.ProtocolExec - ex-0000000E: proxy auth state: UNCHALLENGED
11:43:23.201 [Test worker] DEBUG com.github.dockerjava.zerodep.shaded.org.apache.hc.client5.http.impl.classic.ConnectExec - ex-0000000E: acquiring connection with route {}->unix://localhost:2375
11:43:23.201 [Test worker] DEBUG com.github.dockerjava.zerodep.shaded.org.apache.hc.client5.http.impl.classic.InternalHttpClient - ex-0000000E: acquiring endpoint (3 MINUTES)
11:43:23.201 [Test worker] DEBUG com.github.dockerjava.zerodep.shaded.org.apache.hc.client5.http.impl.io.PoolingHttpClientConnectionManager - ex-0000000E: endpoint lease request (3 MINUTES) [route: {}->unix://localhost:2375][total available: 1; route allocated: 1 of 2147483647; total allocated: 1 of 2147483647]
11:43:23.202 [Test worker] DEBUG com.github.dockerjava.zerodep.shaded.org.apache.hc.client5.http.impl.io.PoolingHttpClientConnectionManager - ex-0000000E: endpoint leased [route: {}->unix://localhost:2375][total available: 0; route allocated: 1 of 2147483647; total allocated: 1 of 2147483647]
11:43:23.202 [Test worker] DEBUG com.github.dockerjava.zerodep.shaded.org.apache.hc.client5.http.impl.io.PoolingHttpClientConnectionManager - ex-0000000E: acquired ep-0000000D
11:43:23.202 [Test worker] DEBUG com.github.dockerjava.zerodep.shaded.org.apache.hc.client5.http.impl.classic.InternalHttpClient - ex-0000000E: acquired endpoint ep-0000000D
11:43:23.202 [Test worker] DEBUG com.github.dockerjava.zerodep.shaded.org.apache.hc.client5.http.impl.classic.MainClientExec - ex-0000000E: executing GET /v1.32/containers/5d6ffc387465dd48652347f7e9516f6f2ba8d2b66b9e274ad361b13a8c8f1440/json HTTP/1.1
11:43:23.202 [Test worker] DEBUG com.github.dockerjava.zerodep.shaded.org.apache.hc.client5.http.impl.classic.InternalHttpClient - ep-0000000D: start execution ex-0000000E
11:43:23.202 [Test worker] DEBUG com.github.dockerjava.zerodep.shaded.org.apache.hc.client5.http.impl.io.PoolingHttpClientConnectionManager - ep-0000000D: executing exchange ex-0000000E over http-outgoing-1
11:43:23.202 [Test worker] DEBUG com.github.dockerjava.zerodep.shaded.org.apache.hc.client5.http.headers - http-outgoing-1 >> GET /v1.32/containers/5d6ffc387465dd48652347f7e9516f6f2ba8d2b66b9e274ad361b13a8c8f1440/json HTTP/1.1
11:43:23.202 [Test worker] DEBUG com.github.dockerjava.zerodep.shaded.org.apache.hc.client5.http.headers - http-outgoing-1 >> accept: application/json
11:43:23.202 [Test worker] DEBUG com.github.dockerjava.zerodep.shaded.org.apache.hc.client5.http.headers - http-outgoing-1 >> x-tc-sid: b7f6c99f-5b0f-49a9-8796-94a8ae81f0d8
11:43:23.202 [Test worker] DEBUG com.github.dockerjava.zerodep.shaded.org.apache.hc.client5.http.headers - http-outgoing-1 >> Accept-Encoding: gzip, x-gzip, deflate
11:43:23.202 [Test worker] DEBUG com.github.dockerjava.zerodep.shaded.org.apache.hc.client5.http.headers - http-outgoing-1 >> Host: localhost:2375
11:43:23.202 [Test worker] DEBUG com.github.dockerjava.zerodep.shaded.org.apache.hc.client5.http.headers - http-outgoing-1 >> Connection: keep-alive
11:43:23.202 [Test worker] DEBUG com.github.dockerjava.zerodep.shaded.org.apache.hc.client5.http.headers - http-outgoing-1 >> User-Agent: Apache-HttpClient/5.0.3 (Java/17.0.6)
11:43:23.202 [Test worker] DEBUG com.github.dockerjava.zerodep.shaded.org.apache.hc.client5.http.wire - http-outgoing-1 >> "GET /v1.32/containers/5d6ffc387465dd48652347f7e9516f6f2ba8d2b66b9e274ad361b13a8c8f1440/json HTTP/1.1[\r][\n]"
11:43:23.202 [Test worker] DEBUG com.github.dockerjava.zerodep.shaded.org.apache.hc.client5.http.wire - http-outgoing-1 >> "accept: application/json[\r][\n]"
11:43:23.202 [Test worker] DEBUG com.github.dockerjava.zerodep.shaded.org.apache.hc.client5.http.wire - http-outgoing-1 >> "x-tc-sid: b7f6c99f-5b0f-49a9-8796-94a8ae81f0d8[\r][\n]"
11:43:23.202 [Test worker] DEBUG com.github.dockerjava.zerodep.shaded.org.apache.hc.client5.http.wire - http-outgoing-1 >> "Accept-Encoding: gzip, x-gzip, deflate[\r][\n]"
11:43:23.202 [Test worker] DEBUG com.github.dockerjava.zerodep.shaded.org.apache.hc.client5.http.wire - http-outgoing-1 >> "Host: localhost:2375[\r][\n]"
11:43:23.202 [Test worker] DEBUG com.github.dockerjava.zerodep.shaded.org.apache.hc.client5.http.wire - http-outgoing-1 >> "Connection: keep-alive[\r][\n]"
11:43:23.202 [Test worker] DEBUG com.github.dockerjava.zerodep.shaded.org.apache.hc.client5.http.wire - http-outgoing-1 >> "User-Agent: Apache-HttpClient/5.0.3 (Java/17.0.6)[\r][\n]"
11:43:23.202 [Test worker] DEBUG com.github.dockerjava.zerodep.shaded.org.apache.hc.client5.http.wire - http-outgoing-1 >> "[\r][\n]"
11:43:23.203 [Test worker] DEBUG com.github.dockerjava.zerodep.shaded.org.apache.hc.client5.http.wire - http-outgoing-1 << "HTTP/1.1 200 OK[\r][\n]"
11:43:23.203 [Test worker] DEBUG com.github.dockerjava.zerodep.shaded.org.apache.hc.client5.http.wire - http-outgoing-1 << "Api-Version: 1.42[\r][\n]"
11:43:23.203 [Test worker] DEBUG com.github.dockerjava.zerodep.shaded.org.apache.hc.client5.http.wire - http-outgoing-1 << "Content-Type: application/json[\r][\n]"
11:43:23.203 [Test worker] DEBUG com.github.dockerjava.zerodep.shaded.org.apache.hc.client5.http.wire - http-outgoing-1 << "Docker-Experimental: false[\r][\n]"
11:43:23.203 [Test worker] DEBUG com.github.dockerjava.zerodep.shaded.org.apache.hc.client5.http.wire - http-outgoing-1 << "Ostype: linux[\r][\n]"
11:43:23.203 [Test worker] DEBUG com.github.dockerjava.zerodep.shaded.org.apache.hc.client5.http.wire - http-outgoing-1 << "Server: Docker/23.0.2 (linux)[\r][\n]"
11:43:23.203 [Test worker] DEBUG com.github.dockerjava.zerodep.shaded.org.apache.hc.client5.http.wire - http-outgoing-1 << "Date: Wed, 05 Apr 2023 09:43:23 GMT[\r][\n]"
11:43:23.203 [Test worker] DEBUG com.github.dockerjava.zerodep.shaded.org.apache.hc.client5.http.wire - http-outgoing-1 << "Transfer-Encoding: chunked[\r][\n]"
11:43:23.203 [Test worker] DEBUG com.github.dockerjava.zerodep.shaded.org.apache.hc.client5.http.wire - http-outgoing-1 << "[\r][\n]"
11:43:23.203 [Test worker] DEBUG com.github.dockerjava.zerodep.shaded.org.apache.hc.client5.http.wire - http-outgoing-1 << "2be8[\r][\n]"
11:43:23.204 [Test worker] DEBUG com.github.dockerjava.zerodep.shaded.org.apache.hc.client5.http.wire - http-outgoing-1 << "{"Id":"5d6ffc387465dd48652347f7e9516f6f2ba8d2b66b9e274ad361b13a8c8f1440","Created":"2023-04-05T09:43:22.829290793Z","Path":"docker-entrypoint.sh","Args":[],"State":{"Status":"running","Running":true,"Paused":false,"Restarting":false,"OOMKilled":false,"Dead":false,"Pid":72097,"ExitCode":0,"Error":"","StartedAt":"2023-04-05T09:43:23.197989451Z","FinishedAt":"0001-01-01T00:00:00Z","Health":{"Status":"starting","FailingStreak":0,"Log":[]}},"Image":"sha256:ef39a37f053855295f8857780c010f885baded96b4d36d768fbfa665a1c932f4","ResolvConfPath":"/var/lib/docker/containers/5d6ffc387465dd48652347f7e9516f6f2ba8d2b66b9e274ad361b13a8c8f1440/resolv.conf","HostnamePath":"/var/lib/docker/containers/5d6ffc387465dd48652347f7e9516f6f2ba8d2b66b9e274ad361b13a8c8f1440/hostname","HostsPath":"/var/lib/docker/containers/5d6ffc387465dd48652347f7e9516f6f2ba8d2b66b9e274ad361b13a8c8f1440/hosts","LogPath":"/var/lib/docker/containers/5d6ffc387465dd48652347f7e9516f6f2ba8d2b66b9e274ad361b13a8c8f1440/5d6ffc387465dd48652347f7e9516f6f2ba8d2b66b9e274ad361b13a8c8f1440-json.log","Name":"/vibrant_greider","RestartCount":0,"Driver":"overlay2","Platform":"linux","MountLabel":"","ProcessLabel":"","AppArmorProfile":"","ExecIDs":null,"HostConfig":{"Binds":["/var/run/docker.sock:/var/run/docker.sock:rw"],"ContainerIDFile":"","LogConfig":{"Type":"json-file","Config":{}},"NetworkMode":"default","PortBindings":{"4566/tcp":[{"HostIp":"","HostPort":""}]},"RestartPolicy":{"Name":"","MaximumRetryCount":0},"AutoRemove":false,"VolumeDriver":"","VolumesFrom":[],"ConsoleSize":[0,0],"CapAdd":null,"CapDrop":null,"CgroupnsMode":"private","Dns":null,"DnsOptions":null,"DnsSearch":null,"ExtraHosts":[],"GroupAdd":null,"IpcMode":"shareable","Cgroup":"","Links":null,"OomScoreAdj":0,"PidMode":"","Privileged":false,"PublishAllPorts":false,"ReadonlyRootfs":false,"SecurityOpt":null,"UTSMode":"","UsernsMode":"","ShmSize":67108864,"Runtime":"runc","Isolation":"","CpuShares":0,"Memory":0,"NanoCpus":0,"CgroupParent":"","BlkioWeight":0,"BlkioWeightDevice":null,"BlkioDeviceReadBps":null,"BlkioDeviceWriteBps":null,"BlkioDeviceReadIOps":null,"BlkioDeviceWriteIOps":null,"CpuPeriod":0,"CpuQuota":0,"CpuRealtimePeriod":0,"CpuRealtimeRuntime":0,"CpusetCpus":"","CpusetMems":"","Devices":null,"DeviceCgroupRules":null,"DeviceRequests":null,"MemoryReservation":0,"MemorySwap":0,"MemorySwappiness":null,"OomKillDisable":null,"PidsLimit":null,"Ulimits":null,"CpuCount":0,"CpuPercent":0,"IOMaximumIOps":0,"IOMaximumBandwidth":0,"MaskedPaths":["/proc/asound","/proc/acpi","/proc/kcore","/proc/keys","/proc/latency_stats","/proc/timer_list","/proc/timer_stats","/proc/sched_debug","/proc/scsi","/sys/firmware"],"ReadonlyPaths":["/proc/bus","/proc/fs","/proc/irq","/proc/sys","/proc/sysrq-trigger"]},"GraphDriver":{"Data":{"LowerDir":"/var/lib/docker/overlay2/f03a353a8b7ef7721ff4d0f0161c566e507c2bd7b2103bc094380870470dede8-init/diff:/var/lib/docker/overlay2/66325d4a72445292752a5cc089f7b06e1c656d6a606727c31c34d63332181498/diff:/var/lib/docker/overlay2/0420538d50de8501df70f24dc40485b6e5eb7c5bf0d729e97825149a095e81ee/diff:/var/lib/docker/overlay2/2fead15118972e8b246a17f3f74c4f3655f3aa220ec939b86a56fe0510f7f20e/diff:/var/lib/docker/overlay2/ae68753402a4f569497d5c9f410ab0fa5a0fb2a04df8287cf37abc3393c77a11/diff:/var/lib/docker/overlay2/0f33f3c94c888aff8ca57897ea63fa4e9b20fb7f7934073692321ec9850132f4/diff:/var/lib/docker/overlay2/597223515b71e4f23e1e930f2ae3f3e7243b6e5e552719d8d7195d401d02d023/diff:/var/lib/docker/overlay2/25674083bc449fb11328f7979a180fe0ee7007367e6cb9bd5230a3d1ac8909d4/diff:/var/lib/docker/overlay2/d4ad32368669b49558cd44d2fed1804e752c8491a3ed5fe0a06247ad5d1e2682/diff:/var/lib/docker/overlay2/e8ddd839dccdccdb7ca680a8dbc95292a90a9e4fb1b4279d5c28646c6890e904/diff:/var/lib/docker/overlay2/8b58ccb7696936ff3318138153004d6c3a4b38fd540a21082ba63f736809a000/diff:/var/lib/docker/overlay2/c84d05a1572fe22afac932672dca46a6a056176ddaf606813a5c9ec4f4483542/diff:/var/lib/docker/overlay2/efb8ee473eb1010366ad7ce8e083c74e830d07f1bbe9d48a48e43f10a3801260/diff:/var/lib/docker/overlay2/989e3488dd2e4b6494f77205761f97867704a6b559fc71dfb349529c277d82b8/diff:/var/lib/docker/overlay2/1c4a29393c91ce4f505b657276803401a43b74b0ff0e30c5e01c12b1b1352329/diff:/var/lib/docker/overlay2/8c441ef151b8fe9fe855a56abf8947a41c9bed8fdc81287309d50da11d44c551/diff:/var/lib/docker/overlay2/e1d7e75a64a7c47c5b2c9aa5245400620a2963a3cea73ce8bfb9ee3d0ec87742/diff:/var/lib/docker/overlay2/036298d5ecb6af5928c740623098c4de4982821471e36c8c624ac67a1b6748c5/diff:/var/lib/docker/overlay2/ed0c39deedb4f2b7488ded2927cd2590b490623c1708eb0427acb577e860cd74/diff:/var/lib/docker/overlay2/c189597c890c51a188731ae35609d5347be6ab812bfbc0d2ecbe2f44211205ca/diff:/var/lib/docker/overlay2/dfc01826bd9d1e9459778e608bc62c7f797eea1a2ad265f7c27ee20192ed4784/diff:/var/lib/docker/overlay2/4bbf66cb6c6da59f25151eb03310402487d8a911a5c2c7c0d5b95a369ca840a7/diff:/var/lib/docker/overlay2/7bef5e8d1eed205636df4d3454bdbb8aeaa3925932855598f2665a362ae94c52/diff:/var/lib/docker/overlay2/1d387a93df91d4294723c83c3d5ac8c420894677ebc28471a31986ccd3ceb457/diff:/var/lib/docker/overlay2/a3d8d3123757f8ab4866f0738e23aba4556ce2e6b90d35a05785378bb80a9153/diff:/var/lib/docker/overlay2/3d49eb1a0d68a40380d451123d895d547068f03dbe1ac90aa5a5a89e02895d62/diff:/var/lib/docker/overlay2/8483c5600a50963ee9dfa89cd7f5e777ec4cd7853fcb23e43aea52f1af1118ea/diff:/var/lib/docker/overlay2/31292f6d437552a0ecf673e43c5fb0ab7665ef34dc163eeb2f6d76a107f6796f/diff:/var/lib/docker/overlay2/32b8a7e82345d4754337301d89eca79fdfc6ef6aeaab3c77ac2f8688d75e116a/diff:/var/lib/docker/overlay2/c099dd0c5adbc8ae6f8c24fca0e5ae33aa573e689c775e20d3bffe82c8803005/diff:/var/lib/docker/overlay2/630ccf027f38d4a66376848a8f3b3a70f7282ebf12cbc2eb70e40506eea77631/diff:/var/lib/docker/overlay2/3e90287fdcb44892311c3797b970d66a7dc4b7df6980ed27c0b2eb362f16d00a/diff:/var/lib/docker/overlay2/06f959762d7d95eb297fe7e1367bd1ab94925333e63fe3066ca492b86d0cffdf/diff:/var/lib/docker/overlay2/a67c673f0fe7552e9a71ad33ea4da187081140b12a5270c86b49dcac77787d08/diff:/var/lib/docker/overlay2/429bc4bc5dab1eeca6eed04ccd2134a2c83ba13fb165b2eafe71ad87f6135483/diff:/var/lib/docker/overlay2/6017fbb25c9bda5b79fbed8d535fd69c510f7f89968284b952c673bf00b67a0f/diff","MergedDir":"/var/lib/docker/overlay2/f03a353a8b7ef7721ff4d0f0161c566e507c2bd7b2103bc094380870470dede8/merged","UpperDir":"/var/lib/docker/overlay2/f03a353a8b7ef7721ff4d0f0161c566e507c2bd7b2103bc094380870470dede8/diff","WorkDir":"/var/lib/docker/overlay2/f03a353a8b7ef7721ff4d0f0161c566e507c2bd7b2103bc094380870470dede8/work"},"Name":"overlay2"},"Mounts":[{"Type":"volume","Name":"63a2d1867f186d9272b34fa6c91fc6a66dde70fe3aba4d8691a42d8318f88594","Source":"/var/lib/docker/volumes/63a2d1867f186d9272b34fa6c91fc6a66dde70fe3aba4d8691a42d8318f88594/_data","Destination":"/var/lib/localstack","Driver":"local","Mode":"","RW":true,"Propagation":""},{"Type":"bind","Source":"/var/run/docker.sock","Destination":"/var/run/docker.sock","Mode":"rw","RW":true,"Propagation":"rprivate"}],"Config":{"Hostname":"5d6ffc387465","Domainname":"","User":"","AttachStdin":false,"AttachStdout":false,"AttachStderr":false,"ExposedPorts":{"4510/tcp":{},"4511/tcp":{},"4512/tcp":{},"4513/tcp":{},"4514/tcp":{},"4515/tcp":{},"4516/tcp":{},"4517/tcp":{},"4518/tcp":{},"4519/tcp":{},"4520/tcp":{},"4521/tcp":{},"4522/tcp":{},"4523/tcp":{},"4524/tcp":{},"4525/tcp":{},"4526/tcp":{},"4527/tcp":{},"4528/tcp":{},"4529/tcp":{},"4530/tcp":{},"4531/tcp":{},"4532/tcp":{},"4533/tcp":{},"4534/tcp":{},"4535/tcp":{},"4536/tcp":{},"4537/tcp":{},"4538/tcp":{},"4539/tcp":{},"4540/tcp":{},"4541/tcp":{},"4542/tcp":{},"4543/tcp":{},"4544/tcp":{},"4545/tcp":{},"4546/tcp":{},"4547/tcp":{},"4548/tcp":{},"4549/tcp":{},"4550/tcp":{},"4551/tcp":{},"4552/tcp":{},"4553/tcp":{},"4554/tcp":{},"4555/tcp":{},"4556/tcp":{},"4557/tcp":{},"4558/tcp":{},"4559/tcp":{},"4566/tcp":{},"5678/tcp":{}},"Tty":false,"OpenStdin":false,"StdinOnce":false,"Env":["HOSTNAME_EXTERNAL=localhost","SERVICES=s3","PATH=/usr/local/bin:/usr/"
11:43:23.204 [Test worker] DEBUG com.github.dockerjava.zerodep.shaded.org.apache.hc.client5.http.headers - http-outgoing-1 << HTTP/1.1 200 OK
11:43:23.204 [Test worker] DEBUG com.github.dockerjava.zerodep.shaded.org.apache.hc.client5.http.headers - http-outgoing-1 << Api-Version: 1.42
11:43:23.204 [Test worker] DEBUG com.github.dockerjava.zerodep.shaded.org.apache.hc.client5.http.headers - http-outgoing-1 << Content-Type: application/json
11:43:23.204 [Test worker] DEBUG com.github.dockerjava.zerodep.shaded.org.apache.hc.client5.http.headers - http-outgoing-1 << Docker-Experimental: false
11:43:23.204 [Test worker] DEBUG com.github.dockerjava.zerodep.shaded.org.apache.hc.client5.http.headers - http-outgoing-1 << Ostype: linux
11:43:23.204 [Test worker] DEBUG com.github.dockerjava.zerodep.shaded.org.apache.hc.client5.http.headers - http-outgoing-1 << Server: Docker/23.0.2 (linux)
11:43:23.204 [Test worker] DEBUG com.github.dockerjava.zerodep.shaded.org.apache.hc.client5.http.headers - http-outgoing-1 << Date: Wed, 05 Apr 2023 09:43:23 GMT
11:43:23.204 [Test worker] DEBUG com.github.dockerjava.zerodep.shaded.org.apache.hc.client5.http.headers - http-outgoing-1 << Transfer-Encoding: chunked
11:43:23.204 [Test worker] DEBUG com.github.dockerjava.zerodep.shaded.org.apache.hc.client5.http.impl.classic.MainClientExec - ex-0000000E: connection can be kept alive for 3 MINUTES
11:43:23.206 [Test worker] DEBUG com.github.dockerjava.zerodep.shaded.org.apache.hc.client5.http.wire - http-outgoing-1 << "local/sbin:/usr/local/bin:/usr/sbin:/usr/bin:/sbin:/bin:/usr/lib/jvm/java-11/bin","LANG=C.UTF-8","GPG_KEY=A035C8C19219BA821ECEA86B64E628F8D684696D","PYTHON_VERSION=3.10.6","PYTHON_PIP_VERSION=22.2.1","PYTHON_SETUPTOOLS_VERSION=63.2.0","PYTHON_GET_PIP_URL=https://github.com/pypa/get-pip/raw/5eaac1050023df1f5c98b173b248c260023f2278/public/get-pip.py","PYTHON_GET_PIP_SHA256=5aefe6ade911d997af080b315ebcb7f882212d070465df544e1175ac2be519b4","JAVA_HOME=/usr/lib/jvm/java-11","MAVEN_HOME=/usr/share/maven","MAVEN_CONFIG=/opt/code/localstack","LD_LIBRARY_PATH=/usr/lib/jvm/java-11/lib:/usr/lib/jvm/java-11/lib/server","USER=localstack","PYTHONUNBUFFERED=1","EDGE_BIND_HOST=0.0.0.0","LOCALSTACK_HOSTNAME=localhost","LOCALSTACK_BUILD_DATE=2022-08-28","LOCALSTACK_BUILD_GIT_HASH=034bc851","LOCALSTACK_BUILD_VERSION=1.0.5.dev"],"Cmd":null,"Healthcheck":{"Test":["CMD-SHELL","./bin/localstack status services --format=json"],"Interval":10000000000,"Timeout":5000000000,"StartPeriod":15000000000,"Retries":5},"Image":"localstack/localstack:latest","Volumes":{"/var/lib/localstack":{}},"WorkingDir":"/opt/code/localstack","Entrypoint":["docker-entrypoint.sh"],"OnBuild":null,"Labels":{"authors":"LocalStack Contributors","description":"LocalStack Docker image","maintainer":"LocalStack Team (info@localstack.cloud)","org.testcontainers":"true","org.testcontainers.sessionId":"b7f6c99f-5b0f-49a9-8796-94a8ae81f0d8"}},"NetworkSettings":{"Bridge":"","SandboxID":"8f49020bf0dd082eb7702ef029e53d452b2379319b4efeb8d95093b56bfdbe90","HairpinMode":false,"LinkLocalIPv6Address":"","LinkLocalIPv6PrefixLen":0,"Ports":{"4510/tcp":null,"4511/tcp":null,"4512/tcp":null,"4513/tcp":null,"4514/tcp":null,"4515/tcp":null,"4516/tcp":null,"4517/tcp":null,"4518/tcp":null,"4519/tcp":null,"4520/tcp":null,"4521/tcp":null,"4522/tcp":null,"4523/tcp":null,"4524/tcp":null,"4525/tcp":null,"4526/tcp":null,"4527/tcp":null,"4528/tcp":null,"4529/tcp":null,"4530/tcp":null,"4531/tcp":null,"4532/tcp":null,"4533/tcp":null,"4534/tcp":null,"4535/tcp":null,"4536/tcp":null,"4537/tcp":null,"4538/tcp":null,"4539/tcp":null,"4540/tcp":null,"4541/tcp":null,"4542/tcp":null,"4543/tcp":null,"4544/tcp":null,"4545/tcp":null,"4546/tcp":null,"4547/tcp":null,"4548/tcp":null,"4549/tcp":null,"4550/tcp":null,"4551/tcp":null,"4552/tcp":null,"4553/tcp":null,"4554/tcp":null,"4555/tcp":null,"4556/tcp":null,"4557/tcp":null,"4558/tcp":null,"4559/tcp":null,"4566/tcp":[{"HostIp":"0.0.0.0","HostPort":"32801"},{"HostIp":"::","HostPort":"32801"}],"5678/tcp":null},"SandboxKey":"/var/run/docker/netns/8f49020bf0dd","SecondaryIPAddresses":null,"SecondaryIPv6Addresses":null,"EndpointID":"83c8bdd7f103eae37314d609a596bbb9b8f95dbf11ff62b4fd886cc83a816cce","Gateway":"172.17.0.1","GlobalIPv6Address":"","GlobalIPv6PrefixLen":0,"IPAddress":"172.17.0.3","IPPrefixLen":16,"IPv6Gateway":"","MacAddress":"02:42:ac:11:00:03","Networks":{"bridge":{"IPAMConfig":null,"Links":null,"Aliases":null,"NetworkID":"1fdc03a63739761e3484ec01555a4a41a93885968a8881851c366d521acc95ee","EndpointID":"83c8bdd7f103eae37314d609a596bbb9b8f95dbf11ff62b4fd886cc83a816cce","Gateway":"172.17.0.1","IPAddress":"172.17.0.3","IPPrefixLen":16,"IPv6Gateway":"","GlobalIPv6Address":"","GlobalIPv6PrefixLen":0,"MacAddress":"02:42:ac:11:00:03","DriverOpts":null}}}}[\n]"
11:43:23.208 [Test worker] DEBUG com.github.dockerjava.zerodep.shaded.org.apache.hc.client5.http.wire - http-outgoing-1 << "[\r][\n]"
11:43:23.208 [Test worker] DEBUG com.github.dockerjava.zerodep.shaded.org.apache.hc.client5.http.wire - http-outgoing-1 << "0[\r][\n]"
11:43:23.209 [Test worker] DEBUG com.github.dockerjava.zerodep.shaded.org.apache.hc.client5.http.wire - http-outgoing-1 << "[\r][\n]"
11:43:23.209 [Test worker] DEBUG com.github.dockerjava.zerodep.shaded.org.apache.hc.client5.http.impl.classic.InternalHttpClient - ep-0000000D: releasing valid endpoint
11:43:23.209 [Test worker] DEBUG com.github.dockerjava.zerodep.shaded.org.apache.hc.client5.http.impl.io.PoolingHttpClientConnectionManager - ep-0000000D: releasing endpoint
11:43:23.209 [Test worker] DEBUG com.github.dockerjava.zerodep.shaded.org.apache.hc.client5.http.impl.io.PoolingHttpClientConnectionManager - ep-0000000D: connection http-outgoing-1 can be kept alive for 3 MINUTES
11:43:23.209 [Test worker] DEBUG com.github.dockerjava.zerodep.shaded.org.apache.hc.client5.http.impl.io.PoolingHttpClientConnectionManager - ep-0000000D: connection released [route: {}->unix://localhost:2375][total available: 1; route allocated: 1 of 2147483647; total allocated: 1 of 2147483647]
11:43:23.210 [docker-java-stream-1871111184] DEBUG com.github.dockerjava.zerodep.shaded.org.apache.hc.client5.http.impl.classic.InternalHttpClient - ex-0000000F: preparing request execution
11:43:23.210 [docker-java-stream-1871111184] DEBUG com.github.dockerjava.zerodep.shaded.org.apache.hc.client5.http.protocol.RequestAddCookies - Cookie spec selected: strict
11:43:23.210 [docker-java-stream-1871111184] DEBUG com.github.dockerjava.zerodep.shaded.org.apache.hc.client5.http.protocol.RequestAuthCache - Auth cache not set in the context
11:43:23.210 [docker-java-stream-1871111184] DEBUG com.github.dockerjava.zerodep.shaded.org.apache.hc.client5.http.impl.classic.ProtocolExec - ex-0000000F: target auth state: UNCHALLENGED
11:43:23.210 [docker-java-stream-1871111184] DEBUG com.github.dockerjava.zerodep.shaded.org.apache.hc.client5.http.impl.classic.ProtocolExec - ex-0000000F: proxy auth state: UNCHALLENGED
11:43:23.210 [docker-java-stream-1871111184] DEBUG com.github.dockerjava.zerodep.shaded.org.apache.hc.client5.http.impl.classic.ConnectExec - ex-0000000F: acquiring connection with route {}->unix://localhost:2375
11:43:23.210 [docker-java-stream-1871111184] DEBUG com.github.dockerjava.zerodep.shaded.org.apache.hc.client5.http.impl.classic.InternalHttpClient - ex-0000000F: acquiring endpoint (3 MINUTES)
11:43:23.210 [docker-java-stream-1871111184] DEBUG com.github.dockerjava.zerodep.shaded.org.apache.hc.client5.http.impl.io.PoolingHttpClientConnectionManager - ex-0000000F: endpoint lease request (3 MINUTES) [route: {}->unix://localhost:2375][total available: 1; route allocated: 1 of 2147483647; total allocated: 1 of 2147483647]
11:43:23.210 [docker-java-stream-1871111184] DEBUG com.github.dockerjava.zerodep.shaded.org.apache.hc.client5.http.impl.io.PoolingHttpClientConnectionManager - ex-0000000F: endpoint leased [route: {}->unix://localhost:2375][total available: 0; route allocated: 1 of 2147483647; total allocated: 1 of 2147483647]
11:43:23.211 [docker-java-stream-1871111184] DEBUG com.github.dockerjava.zerodep.shaded.org.apache.hc.client5.http.impl.io.PoolingHttpClientConnectionManager - ex-0000000F: acquired ep-0000000E
11:43:23.211 [docker-java-stream-1871111184] DEBUG com.github.dockerjava.zerodep.shaded.org.apache.hc.client5.http.impl.classic.InternalHttpClient - ex-0000000F: acquired endpoint ep-0000000E
11:43:23.211 [docker-java-stream-1871111184] DEBUG com.github.dockerjava.zerodep.shaded.org.apache.hc.client5.http.impl.classic.MainClientExec - ex-0000000F: executing GET /v1.32/containers/5d6ffc387465dd48652347f7e9516f6f2ba8d2b66b9e274ad361b13a8c8f1440/logs?stdout=true&stderr=true&follow=true&since=0 HTTP/1.1
11:43:23.211 [docker-java-stream-1871111184] DEBUG com.github.dockerjava.zerodep.shaded.org.apache.hc.client5.http.impl.classic.InternalHttpClient - ep-0000000E: start execution ex-0000000F
11:43:23.211 [docker-java-stream-1871111184] DEBUG com.github.dockerjava.zerodep.shaded.org.apache.hc.client5.http.impl.io.PoolingHttpClientConnectionManager - ep-0000000E: executing exchange ex-0000000F over http-outgoing-1
11:43:23.211 [docker-java-stream-1871111184] DEBUG com.github.dockerjava.zerodep.shaded.org.apache.hc.client5.http.headers - http-outgoing-1 >> GET /v1.32/containers/5d6ffc387465dd48652347f7e9516f6f2ba8d2b66b9e274ad361b13a8c8f1440/logs?stdout=true&stderr=true&follow=true&since=0 HTTP/1.1
11:43:23.211 [docker-java-stream-1871111184] DEBUG com.github.dockerjava.zerodep.shaded.org.apache.hc.client5.http.headers - http-outgoing-1 >> x-tc-sid: b7f6c99f-5b0f-49a9-8796-94a8ae81f0d8
11:43:23.211 [docker-java-stream-1871111184] DEBUG com.github.dockerjava.zerodep.shaded.org.apache.hc.client5.http.headers - http-outgoing-1 >> Accept-Encoding: gzip, x-gzip, deflate
11:43:23.211 [docker-java-stream-1871111184] DEBUG com.github.dockerjava.zerodep.shaded.org.apache.hc.client5.http.headers - http-outgoing-1 >> Host: localhost:2375
11:43:23.211 [docker-java-stream-1871111184] DEBUG com.github.dockerjava.zerodep.shaded.org.apache.hc.client5.http.headers - http-outgoing-1 >> Connection: keep-alive
11:43:23.211 [docker-java-stream-1871111184] DEBUG com.github.dockerjava.zerodep.shaded.org.apache.hc.client5.http.headers - http-outgoing-1 >> User-Agent: Apache-HttpClient/5.0.3 (Java/17.0.6)
11:43:23.211 [docker-java-stream-1871111184] DEBUG com.github.dockerjava.zerodep.shaded.org.apache.hc.client5.http.wire - http-outgoing-1 >> "GET /v1.32/containers/5d6ffc387465dd48652347f7e9516f6f2ba8d2b66b9e274ad361b13a8c8f1440/logs?stdout=true&stderr=true&follow=true&since=0 HTTP/1.1[\r][\n]"
11:43:23.211 [docker-java-stream-1871111184] DEBUG com.github.dockerjava.zerodep.shaded.org.apache.hc.client5.http.wire - http-outgoing-1 >> "x-tc-sid: b7f6c99f-5b0f-49a9-8796-94a8ae81f0d8[\r][\n]"
11:43:23.211 [docker-java-stream-1871111184] DEBUG com.github.dockerjava.zerodep.shaded.org.apache.hc.client5.http.wire - http-outgoing-1 >> "Accept-Encoding: gzip, x-gzip, deflate[\r][\n]"
11:43:23.211 [docker-java-stream-1871111184] DEBUG com.github.dockerjava.zerodep.shaded.org.apache.hc.client5.http.wire - http-outgoing-1 >> "Host: localhost:2375[\r][\n]"
11:43:23.211 [docker-java-stream-1871111184] DEBUG com.github.dockerjava.zerodep.shaded.org.apache.hc.client5.http.wire - http-outgoing-1 >> "Connection: keep-alive[\r][\n]"
11:43:23.211 [docker-java-stream-1871111184] DEBUG com.github.dockerjava.zerodep.shaded.org.apache.hc.client5.http.wire - http-outgoing-1 >> "User-Agent: Apache-HttpClient/5.0.3 (Java/17.0.6)[\r][\n]"
11:43:23.211 [docker-java-stream-1871111184] DEBUG com.github.dockerjava.zerodep.shaded.org.apache.hc.client5.http.wire - http-outgoing-1 >> "[\r][\n]"
11:43:23.211 [docker-java-stream-1871111184] DEBUG com.github.dockerjava.zerodep.shaded.org.apache.hc.client5.http.wire - http-outgoing-1 << "HTTP/1.1 200 OK[\r][\n]"
11:43:23.211 [docker-java-stream-1871111184] DEBUG com.github.dockerjava.zerodep.shaded.org.apache.hc.client5.http.wire - http-outgoing-1 << "Api-Version: 1.42[\r][\n]"
11:43:23.212 [docker-java-stream-1871111184] DEBUG com.github.dockerjava.zerodep.shaded.org.apache.hc.client5.http.wire - http-outgoing-1 << "Content-Type: application/vnd.docker.raw-stream[\r][\n]"
11:43:23.212 [docker-java-stream-1871111184] DEBUG com.github.dockerjava.zerodep.shaded.org.apache.hc.client5.http.wire - http-outgoing-1 << "Docker-Experimental: false[\r][\n]"
11:43:23.212 [docker-java-stream-1871111184] DEBUG com.github.dockerjava.zerodep.shaded.org.apache.hc.client5.http.wire - http-outgoing-1 << "Ostype: linux[\r][\n]"
11:43:23.212 [docker-java-stream-1871111184] DEBUG com.github.dockerjava.zerodep.shaded.org.apache.hc.client5.http.wire - http-outgoing-1 << "Server: Docker/23.0.2 (linux)[\r][\n]"
11:43:23.212 [docker-java-stream-1871111184] DEBUG com.github.dockerjava.zerodep.shaded.org.apache.hc.client5.http.wire - http-outgoing-1 << "Date: Wed, 05 Apr 2023 09:43:23 GMT[\r][\n]"
11:43:23.212 [docker-java-stream-1871111184] DEBUG com.github.dockerjava.zerodep.shaded.org.apache.hc.client5.http.wire - http-outgoing-1 << "Transfer-Encoding: chunked[\r][\n]"
11:43:23.212 [docker-java-stream-1871111184] DEBUG com.github.dockerjava.zerodep.shaded.org.apache.hc.client5.http.wire - http-outgoing-1 << "[\r][\n]"
11:43:23.212 [docker-java-stream-1871111184] DEBUG com.github.dockerjava.zerodep.shaded.org.apache.hc.client5.http.headers - http-outgoing-1 << HTTP/1.1 200 OK
11:43:23.212 [docker-java-stream-1871111184] DEBUG com.github.dockerjava.zerodep.shaded.org.apache.hc.client5.http.headers - http-outgoing-1 << Api-Version: 1.42
11:43:23.212 [docker-java-stream-1871111184] DEBUG com.github.dockerjava.zerodep.shaded.org.apache.hc.client5.http.headers - http-outgoing-1 << Content-Type: application/vnd.docker.raw-stream
11:43:23.212 [docker-java-stream-1871111184] DEBUG com.github.dockerjava.zerodep.shaded.org.apache.hc.client5.http.headers - http-outgoing-1 << Docker-Experimental: false
11:43:23.212 [docker-java-stream-1871111184] DEBUG com.github.dockerjava.zerodep.shaded.org.apache.hc.client5.http.headers - http-outgoing-1 << Ostype: linux
11:43:23.212 [docker-java-stream-1871111184] DEBUG com.github.dockerjava.zerodep.shaded.org.apache.hc.client5.http.headers - http-outgoing-1 << Server: Docker/23.0.2 (linux)
11:43:23.212 [docker-java-stream-1871111184] DEBUG com.github.dockerjava.zerodep.shaded.org.apache.hc.client5.http.headers - http-outgoing-1 << Date: Wed, 05 Apr 2023 09:43:23 GMT
11:43:23.212 [docker-java-stream-1871111184] DEBUG com.github.dockerjava.zerodep.shaded.org.apache.hc.client5.http.headers - http-outgoing-1 << Transfer-Encoding: chunked
11:43:23.212 [docker-java-stream-1871111184] DEBUG com.github.dockerjava.zerodep.shaded.org.apache.hc.client5.http.impl.classic.MainClientExec - ex-0000000F: connection can be kept alive for 3 MINUTES
11:43:23.216 [docker-java-stream-1871111184] DEBUG com.github.dockerjava.zerodep.shaded.org.apache.hc.client5.http.wire - http-outgoing-1 << "38[\r][\n]"
11:43:23.216 [docker-java-stream-1871111184] DEBUG com.github.dockerjava.zerodep.shaded.org.apache.hc.client5.http.wire - http-outgoing-1 << "[0x1][0x0][0x0][0x0][0x0][0x0][0x0]0Waiting for all LocalStack services to be ready[\n]"
11:43:23.216 [docker-java-stream-1871111184] DEBUG com.github.dockerjava.zerodep.shaded.org.apache.hc.client5.http.wire - http-outgoing-1 << "[\r][\n]"
11:43:23.216 [Test worker] DEBUG org.testcontainers.containers.output.WaitingConsumer - STDOUT: Waiting for all LocalStack services to be ready
11:43:23.390 [docker-java-stream-1871111184] DEBUG com.github.dockerjava.zerodep.shaded.org.apache.hc.client5.http.wire - http-outgoing-1 << "f1[\r][\n]"
11:43:23.390 [docker-java-stream-1871111184] DEBUG com.github.dockerjava.zerodep.shaded.org.apache.hc.client5.http.wire - http-outgoing-1 << "[0x1][0x0][0x0][0x0][0x0][0x0][0x0][0xffffffe9]2023-04-05 09:43:23,389 CRIT Supervisor is running as root.  Privileges were not dropped because no user is specified in the config file.  If you intend to run as root, you can set user=root in the config file to avoid this message.[\n]"
11:43:23.390 [docker-java-stream-1871111184] DEBUG com.github.dockerjava.zerodep.shaded.org.apache.hc.client5.http.wire - http-outgoing-1 << "[\r][\n]"
11:43:23.390 [Test worker] DEBUG org.testcontainers.containers.output.WaitingConsumer - STDOUT: 2023-04-05 09:43:23,389 CRIT Supervisor is running as root.  Privileges were not dropped because no user is specified in the config file.  If you intend to run as root, you can set user=root in the config file to avoid this message.
11:43:23.392 [docker-java-stream-1871111184] DEBUG com.github.dockerjava.zerodep.shaded.org.apache.hc.client5.http.wire - http-outgoing-1 << "45[\r][\n]"
11:43:23.392 [docker-java-stream-1871111184] DEBUG com.github.dockerjava.zerodep.shaded.org.apache.hc.client5.http.wire - http-outgoing-1 << "[0x1][0x0][0x0][0x0][0x0][0x0][0x0]=2023-04-05 09:43:23,392 INFO supervisord started with pid 16[\n]"
11:43:23.392 [docker-java-stream-1871111184] DEBUG com.github.dockerjava.zerodep.shaded.org.apache.hc.client5.http.wire - http-outgoing-1 << "[\r][\n]"
11:43:23.400 [Test worker] DEBUG org.testcontainers.containers.output.WaitingConsumer - STDOUT: 2023-04-05 09:43:23,392 INFO supervisord started with pid 16
11:43:24.394 [docker-java-stream-1871111184] DEBUG com.github.dockerjava.zerodep.shaded.org.apache.hc.client5.http.wire - http-outgoing-1 << "42[\r][\n]"
11:43:24.394 [docker-java-stream-1871111184] DEBUG com.github.dockerjava.zerodep.shaded.org.apache.hc.client5.http.wire - http-outgoing-1 << "[0x1][0x0][0x0][0x0][0x0][0x0][0x0]:2023-04-05 09:43:24,394 INFO spawned: 'infra' with pid 21[\n]"
11:43:24.394 [docker-java-stream-1871111184] DEBUG com.github.dockerjava.zerodep.shaded.org.apache.hc.client5.http.wire - http-outgoing-1 << "[\r][\n]"
11:43:24.403 [Test worker] DEBUG org.testcontainers.containers.output.WaitingConsumer - STDOUT: 2023-04-05 09:43:24,394 INFO spawned: 'infra' with pid 21
11:43:24.595 [docker-java-stream-1871111184] DEBUG com.github.dockerjava.zerodep.shaded.org.apache.hc.client5.http.wire - http-outgoing-1 << "41[\r][\n]"
11:43:24.596 [docker-java-stream-1871111184] DEBUG com.github.dockerjava.zerodep.shaded.org.apache.hc.client5.http.wire - http-outgoing-1 << "[0x1][0x0][0x0][0x0][0x0][0x0][0x0]9SERVICES variable is ignored if EAGER_SERVICE_LOADING=0.[\n]"
11:43:24.596 [docker-java-stream-1871111184] DEBUG com.github.dockerjava.zerodep.shaded.org.apache.hc.client5.http.wire - http-outgoing-1 << "[\r][\n]"
11:43:24.596 [Test worker] DEBUG org.testcontainers.containers.output.WaitingConsumer - STDOUT: SERVICES variable is ignored if EAGER_SERVICE_LOADING=0.
11:43:25.377 [docker-java-stream-1871111184] DEBUG com.github.dockerjava.zerodep.shaded.org.apache.hc.client5.http.wire - http-outgoing-1 << "9[\r][\n]"
11:43:25.377 [docker-java-stream-1871111184] DEBUG com.github.dockerjava.zerodep.shaded.org.apache.hc.client5.http.wire - http-outgoing-1 << "[0x1][0x0][0x0][0x0][0x0][0x0][0x0][0x1][\n]"
11:43:25.377 [docker-java-stream-1871111184] DEBUG com.github.dockerjava.zerodep.shaded.org.apache.hc.client5.http.wire - http-outgoing-1 << "[\r][\n]"
11:43:25.377 [docker-java-stream-1871111184] DEBUG com.github.dockerjava.zerodep.shaded.org.apache.hc.client5.http.wire - http-outgoing-1 << "26[\r][\n]"
11:43:25.377 [docker-java-stream-1871111184] DEBUG com.github.dockerjava.zerodep.shaded.org.apache.hc.client5.http.wire - http-outgoing-1 << "[0x1][0x0][0x0][0x0][0x0][0x0][0x0][0x1e]LocalStack version: 1.0.5.dev[\n]"
11:43:25.377 [docker-java-stream-1871111184] DEBUG com.github.dockerjava.zerodep.shaded.org.apache.hc.client5.http.wire - http-outgoing-1 << "[\r][\n]"
11:43:25.377 [Test worker] DEBUG org.testcontainers.containers.output.WaitingConsumer - STDOUT: LocalStack version: 1.0.5.dev
11:43:25.378 [Test worker] DEBUG org.testcontainers.containers.output.WaitingConsumer - STDOUT: 
11:43:25.381 [docker-java-stream-1871111184] DEBUG com.github.dockerjava.zerodep.shaded.org.apache.hc.client5.http.wire - http-outgoing-1 << "35[\r][\n]"
11:43:25.381 [docker-java-stream-1871111184] DEBUG com.github.dockerjava.zerodep.shaded.org.apache.hc.client5.http.wire - http-outgoing-1 << "[0x1][0x0][0x0][0x0][0x0][0x0][0x0]-LocalStack Docker container id: 5d6ffc387465[\n]"
11:43:25.381 [docker-java-stream-1871111184] DEBUG com.github.dockerjava.zerodep.shaded.org.apache.hc.client5.http.wire - http-outgoing-1 << "[\r][\n]"
11:43:25.381 [docker-java-stream-1871111184] DEBUG com.github.dockerjava.zerodep.shaded.org.apache.hc.client5.http.wire - http-outgoing-1 << "2a[\r][\n]"
11:43:25.381 [docker-java-stream-1871111184] DEBUG com.github.dockerjava.zerodep.shaded.org.apache.hc.client5.http.wire - http-outgoing-1 << "[0x1][0x0][0x0][0x0][0x0][0x0][0x0]"LocalStack build date: 2022-08-28[\n]"
11:43:25.381 [docker-java-stream-1871111184] DEBUG com.github.dockerjava.zerodep.shaded.org.apache.hc.client5.http.wire - http-outgoing-1 << "[\r][\n]"
11:43:25.381 [docker-java-stream-1871111184] DEBUG com.github.dockerjava.zerodep.shaded.org.apache.hc.client5.http.wire - http-outgoing-1 << "2c[\r][\n]"
11:43:25.381 [docker-java-stream-1871111184] DEBUG com.github.dockerjava.zerodep.shaded.org.apache.hc.client5.http.wire - http-outgoing-1 << "[0x1][0x0][0x0][0x0][0x0][0x0][0x0]$LocalStack build git hash: 034bc851[\n]"
11:43:25.381 [docker-java-stream-1871111184] DEBUG com.github.dockerjava.zerodep.shaded.org.apache.hc.client5.http.wire - http-outgoing-1 << "[\r][\n]"
11:43:25.381 [docker-java-stream-1871111184] DEBUG com.github.dockerjava.zerodep.shaded.org.apache.hc.client5.http.wire - http-outgoing-1 << "9[\r][\n]"
11:43:25.381 [docker-java-stream-1871111184] DEBUG com.github.dockerjava.zerodep.shaded.org.apache.hc.client5.http.wire - http-outgoing-1 << "[0x1][0x0][0x0][0x0][0x0][0x0][0x0][0x1][\n]"
11:43:25.381 [docker-java-stream-1871111184] DEBUG com.github.dockerjava.zerodep.shaded.org.apache.hc.client5.http.wire - http-outgoing-1 << "[\r][\n]"
11:43:25.388 [Test worker] DEBUG org.testcontainers.containers.output.WaitingConsumer - STDOUT: 
11:43:25.388 [Test worker] DEBUG org.testcontainers.containers.output.WaitingConsumer - STDOUT: LocalStack build git hash: 034bc851
11:43:25.388 [Test worker] DEBUG org.testcontainers.containers.output.WaitingConsumer - STDOUT: LocalStack build date: 2022-08-28
11:43:25.388 [Test worker] DEBUG org.testcontainers.containers.output.WaitingConsumer - STDOUT: LocalStack Docker container id: 5d6ffc387465
11:43:25.774 [docker-java-stream-1871111184] DEBUG com.github.dockerjava.zerodep.shaded.org.apache.hc.client5.http.wire - http-outgoing-1 << "99[\r][\n]"
11:43:25.774 [docker-java-stream-1871111184] DEBUG com.github.dockerjava.zerodep.shaded.org.apache.hc.client5.http.wire - http-outgoing-1 << "[0x1][0x0][0x0][0x0][0x0][0x0][0x0][0xffffff91]2023-04-05T09:43:25.773  WARN --- [  Thread-110] hypercorn.error            : ASGI Framework Lifespan error, continuing without Lifespan support[\n]"
11:43:25.774 [docker-java-stream-1871111184] DEBUG com.github.dockerjava.zerodep.shaded.org.apache.hc.client5.http.wire - http-outgoing-1 << "[\r][\n]"
11:43:25.774 [docker-java-stream-1871111184] DEBUG com.github.dockerjava.zerodep.shaded.org.apache.hc.client5.http.wire - http-outgoing-1 << "82[\r][\n]"
11:43:25.774 [docker-java-stream-1871111184] DEBUG com.github.dockerjava.zerodep.shaded.org.apache.hc.client5.http.wire - http-outgoing-1 << "[0x1][0x0][0x0][0x0][0x0][0x0][0x0]z2023-04-05 09:43:25,774 INFO success: infra entered RUNNING state, process has stayed up for > than 1 seconds (startsecs)[\n]"
11:43:25.774 [docker-java-stream-1871111184] DEBUG com.github.dockerjava.zerodep.shaded.org.apache.hc.client5.http.wire - http-outgoing-1 << "[\r][\n]"
11:43:25.774 [Test worker] DEBUG org.testcontainers.containers.output.WaitingConsumer - STDOUT: 2023-04-05T09:43:25.773  WARN --- [  Thread-110] hypercorn.error            : ASGI Framework Lifespan error, continuing without Lifespan support
11:43:25.774 [docker-java-stream-1871111184] DEBUG com.github.dockerjava.zerodep.shaded.org.apache.hc.client5.http.wire - http-outgoing-1 << "99[\r][\n]"
11:43:25.774 [docker-java-stream-1871111184] DEBUG com.github.dockerjava.zerodep.shaded.org.apache.hc.client5.http.wire - http-outgoing-1 << "[0x1][0x0][0x0][0x0][0x0][0x0][0x0][0xffffff91]2023-04-05T09:43:25.773  WARN --- [  Thread-110] hypercorn.error            : ASGI Framework Lifespan error, continuing without Lifespan support[\n]"
11:43:25.774 [docker-java-stream-1871111184] DEBUG com.github.dockerjava.zerodep.shaded.org.apache.hc.client5.http.wire - http-outgoing-1 << "[\r][\n]"
11:43:25.774 [Test worker] DEBUG org.testcontainers.containers.output.WaitingConsumer - STDOUT: 2023-04-05T09:43:25.773  WARN --- [  Thread-110] hypercorn.error            : ASGI Framework Lifespan error, continuing without Lifespan support
11:43:25.774 [Test worker] DEBUG org.testcontainers.containers.output.WaitingConsumer - STDOUT: 2023-04-05 09:43:25,774 INFO success: infra entered RUNNING state, process has stayed up for > than 1 seconds (startsecs)
11:43:25.775 [docker-java-stream-1871111184] DEBUG com.github.dockerjava.zerodep.shaded.org.apache.hc.client5.http.wire - http-outgoing-1 << "89[\r][\n]"
11:43:25.775 [docker-java-stream-1871111184] DEBUG com.github.dockerjava.zerodep.shaded.org.apache.hc.client5.http.wire - http-outgoing-1 << "[0x1][0x0][0x0][0x0][0x0][0x0][0x0][0xffffff81]2023-04-05T09:43:25.774  INFO --- [  Thread-110] hypercorn.error            : Running on https://0.0.0.0:4566 (CTRL + C to quit)[\n]"
11:43:25.775 [docker-java-stream-1871111184] DEBUG com.github.dockerjava.zerodep.shaded.org.apache.hc.client5.http.wire - http-outgoing-1 << "[\r][\n]"
11:43:25.775 [docker-java-stream-1871111184] DEBUG com.github.dockerjava.zerodep.shaded.org.apache.hc.client5.http.wire - http-outgoing-1 << "89[\r][\n]"
11:43:25.775 [docker-java-stream-1871111184] DEBUG com.github.dockerjava.zerodep.shaded.org.apache.hc.client5.http.wire - http-outgoing-1 << "[0x1][0x0][0x0][0x0][0x0][0x0][0x0][0xffffff81]2023-04-05T09:43:25.774  INFO --- [  Thread-110] hypercorn.error            : Running on https://0.0.0.0:4566 (CTRL + C to quit)[\n]"
11:43:25.775 [docker-java-stream-1871111184] DEBUG com.github.dockerjava.zerodep.shaded.org.apache.hc.client5.http.wire - http-outgoing-1 << "[\r][\n]"
11:43:25.785 [Test worker] DEBUG org.testcontainers.containers.output.WaitingConsumer - STDOUT: 2023-04-05T09:43:25.774  INFO --- [  Thread-110] hypercorn.error            : Running on https://0.0.0.0:4566 (CTRL + C to quit)
11:43:25.785 [Test worker] DEBUG org.testcontainers.containers.output.WaitingConsumer - STDOUT: 2023-04-05T09:43:25.774  INFO --- [  Thread-110] hypercorn.error            : Running on https://0.0.0.0:4566 (CTRL + C to quit)
11:43:25.790 [docker-java-stream-1871111184] DEBUG com.github.dockerjava.zerodep.shaded.org.apache.hc.client5.http.wire - http-outgoing-1 << "f[\r][\n]"
11:43:25.790 [docker-java-stream-1871111184] DEBUG com.github.dockerjava.zerodep.shaded.org.apache.hc.client5.http.wire - http-outgoing-1 << "[0x1][0x0][0x0][0x0][0x0][0x0][0x0][0x7]Ready.[\n]"
11:43:25.790 [docker-java-stream-1871111184] DEBUG com.github.dockerjava.zerodep.shaded.org.apache.hc.client5.http.wire - http-outgoing-1 << "[\r][\n]"
11:43:25.795 [Test worker] DEBUG org.testcontainers.containers.output.WaitingConsumer - STDOUT: Ready.
11:43:25.795 [Test worker] DEBUG com.github.dockerjava.zerodep.shaded.org.apache.hc.client5.http.impl.classic.InternalHttpClient - ep-0000000E: cancel
11:43:25.795 [Test worker] DEBUG com.github.dockerjava.zerodep.shaded.org.apache.hc.client5.http.impl.io.DefaultManagedHttpClientConnection - http-outgoing-1: close connection IMMEDIATE
11:43:25.795 [docker-java-stream-1871111184] DEBUG com.github.dockerjava.zerodep.shaded.org.apache.hc.client5.http.wire - http-outgoing-1 << "[read] I/O error: null"
11:43:25.795 [Test worker] DEBUG com.github.dockerjava.zerodep.shaded.org.apache.hc.client5.http.impl.classic.InternalHttpClient - ep-0000000E: endpoint closed
11:43:25.795 [Test worker] DEBUG com.github.dockerjava.zerodep.shaded.org.apache.hc.client5.http.impl.classic.InternalHttpClient - ep-0000000E: discarding endpoint
11:43:25.795 [Test worker] DEBUG com.github.dockerjava.zerodep.shaded.org.apache.hc.client5.http.impl.io.PoolingHttpClientConnectionManager - ep-0000000E: releasing endpoint
11:43:25.795 [Test worker] DEBUG com.github.dockerjava.zerodep.shaded.org.apache.hc.client5.http.impl.io.PoolingHttpClientConnectionManager - ep-0000000E: connection is not kept alive
11:43:25.795 [docker-java-stream-1871111184] DEBUG com.github.dockerjava.zerodep.shaded.org.apache.hc.client5.http.wire - http-outgoing-1 << "[read] I/O error: null"
11:43:25.796 [Test worker] DEBUG com.github.dockerjava.zerodep.shaded.org.apache.hc.client5.http.impl.io.PoolingHttpClientConnectionManager - ep-0000000E: connection released [route: {}->unix://localhost:2375][total available: 0; route allocated: 0 of 2147483647; total allocated: 0 of 2147483647]
11:43:25.796 [Test worker] INFO ]]>&#x1f433;<![CDATA[ [localstack/localstack:latest] - Container localstack/localstack:latest started in PT3.450198697S
11:43:25.796 [docker-java-stream-1871111184] DEBUG com.github.dockerjava.zerodep.ApacheDockerHttpClientImpl$ApacheResponse - Failed to close the response
java.nio.channels.ClosedChannelException: null
	at java.base/sun.nio.ch.SocketChannelImpl.ensureOpenAndConnected(SocketChannelImpl.java:215)
	at java.base/sun.nio.ch.SocketChannelImpl.read(SocketChannelImpl.java:403)
	at java.base/sun.nio.ch.ChannelInputStream.read(ChannelInputStream.java:59)
	at java.base/sun.nio.ch.ChannelInputStream.read(ChannelInputStream.java:107)
	at java.base/sun.nio.ch.ChannelInputStream.read(ChannelInputStream.java:101)
	at com.github.dockerjava.zerodep.shaded.org.apache.hc.client5.http.impl.io.LoggingInputStream.read(LoggingInputStream.java:81)
	at com.github.dockerjava.zerodep.shaded.org.apache.hc.core5.http.impl.io.SessionInputBufferImpl.fillBuffer(SessionInputBufferImpl.java:149)
	at com.github.dockerjava.zerodep.shaded.org.apache.hc.core5.http.impl.io.SessionInputBufferImpl.readLine(SessionInputBufferImpl.java:280)
	at com.github.dockerjava.zerodep.shaded.org.apache.hc.core5.http.impl.io.ChunkedInputStream.getChunkSize(ChunkedInputStream.java:261)
	at com.github.dockerjava.zerodep.shaded.org.apache.hc.core5.http.impl.io.ChunkedInputStream.nextChunk(ChunkedInputStream.java:222)
	at com.github.dockerjava.zerodep.shaded.org.apache.hc.core5.http.impl.io.ChunkedInputStream.read(ChunkedInputStream.java:147)
	at com.github.dockerjava.zerodep.shaded.org.apache.hc.core5.http.impl.io.ChunkedInputStream.close(ChunkedInputStream.java:314)
	at com.github.dockerjava.zerodep.shaded.org.apache.hc.core5.io.Closer.close(Closer.java:48)
	at com.github.dockerjava.zerodep.shaded.org.apache.hc.core5.http.impl.io.IncomingHttpEntity.close(IncomingHttpEntity.java:111)
	at com.github.dockerjava.zerodep.shaded.org.apache.hc.core5.http.io.entity.HttpEntityWrapper.close(HttpEntityWrapper.java:120)
	at com.github.dockerjava.zerodep.shaded.org.apache.hc.core5.io.Closer.close(Closer.java:48)
	at com.github.dockerjava.zerodep.shaded.org.apache.hc.core5.http.message.BasicClassicHttpResponse.close(BasicClassicHttpResponse.java:93)
	at com.github.dockerjava.zerodep.shaded.org.apache.hc.client5.http.impl.classic.CloseableHttpResponse.close(CloseableHttpResponse.java:200)
	at com.github.dockerjava.zerodep.ApacheDockerHttpClientImpl$ApacheResponse.close(ApacheDockerHttpClientImpl.java:256)
	at org.testcontainers.shaded.com.github.dockerjava.core.DefaultInvocationBuilder.lambda$executeAndStream$1(DefaultInvocationBuilder.java:277)
	at java.base/java.lang.Thread.run(Thread.java:833)
11:43:26.139 [Test worker] DEBUG com.amazonaws.AmazonWebServiceClient - Internal logging successfully configured to commons logger: true
11:43:26.233 [Test worker] DEBUG com.amazonaws.metrics.AwsSdkMetrics - Admin mbean registered under com.amazonaws.management:type=AwsSdkMetrics
11:43:26.456 [java-sdk-http-connection-reaper] DEBUG org.apache.http.impl.conn.PoolingHttpClientConnectionManager - Closing connections idle longer than 60000 MILLISECONDS
11:43:26.456 [Test worker] DEBUG com.amazonaws.monitoring.CsmConfigurationProviderChain - Unable to load configuration from com.amazonaws.monitoring.EnvironmentVariableCsmConfigurationProvider@20dd5870: Unable to load Client Side Monitoring configurations from environment variables!
11:43:26.456 [Test worker] DEBUG com.amazonaws.monitoring.CsmConfigurationProviderChain - Unable to load configuration from com.amazonaws.monitoring.SystemPropertyCsmConfigurationProvider@1640f20f: Unable to load Client Side Monitoring configurations from system properties variables!
11:43:26.457 [Test worker] DEBUG com.amazonaws.monitoring.CsmConfigurationProviderChain - Unable to load configuration from com.amazonaws.monitoring.ProfileCsmConfigurationProvider@35010a6b: Unable to load config file
11:43:26.580 [Test worker] DEBUG com.amazonaws.request - Sending Request: PUT http://127.0.0.1:32801 /test/ Headers: (amz-sdk-invocation-id: aeff2e53-7f60-e74a-902b-5f3d0720981a, Content-Type: application/octet-stream, User-Agent: aws-sdk-java/1.12.262 Linux/6.2.9-arch1-1 OpenJDK_64-Bit_Server_VM/17.0.6+10 java/17.0.6 groovy/3.0.6 vendor/N/A cfg/retry-mode/legacy, ) 
11:43:26.610 [Test worker] DEBUG com.amazonaws.auth.AWS4Signer - AWS4 Canonical Request: '"PUT
/test/

amz-sdk-invocation-id:aeff2e53-7f60-e74a-902b-5f3d0720981a
amz-sdk-request:attempt=1;max=4
amz-sdk-retry:0/0/500
content-type:application/octet-stream
host:127.0.0.1:32801
user-agent:aws-sdk-java/1.12.262 Linux/6.2.9-arch1-1 OpenJDK_64-Bit_Server_VM/17.0.6+10 java/17.0.6 groovy/3.0.6 vendor/N/A cfg/retry-mode/legacy
x-amz-content-sha256:e3b0c44298fc1c149afbf4c8996fb92427ae41e4649b934ca495991b7852b855
x-amz-date:20230405T094326Z

amz-sdk-invocation-id;amz-sdk-request;amz-sdk-retry;content-type;host;user-agent;x-amz-content-sha256;x-amz-date
e3b0c44298fc1c149afbf4c8996fb92427ae41e4649b934ca495991b7852b855"
11:43:26.610 [Test worker] DEBUG com.amazonaws.auth.AWS4Signer - AWS4 String to Sign: '"AWS4-HMAC-SHA256
20230405T094326Z
20230405/us-east-1/s3/aws4_request
8c7bccb12515de3cb4d2b77d29ef6b20ecaefd0d56a7d3c9e98662864552407e"
11:43:26.611 [Test worker] DEBUG com.amazonaws.auth.AWS4Signer - Generating a new signing key as the signing key not available in the cache for the date 1680652800000
11:43:26.628 [Test worker] DEBUG org.apache.http.client.protocol.RequestAddCookies - CookieSpec selected: default
11:43:26.635 [Test worker] DEBUG org.apache.http.client.protocol.RequestAuthCache - Auth cache not set in the context
11:43:26.636 [Test worker] DEBUG org.apache.http.impl.conn.PoolingHttpClientConnectionManager - Connection request: [route: {}->http://127.0.0.1:32801][total available: 0; route allocated: 0 of 50; total allocated: 0 of 50]
11:43:26.649 [Test worker] DEBUG org.apache.http.impl.conn.PoolingHttpClientConnectionManager - Connection leased: [id: 0][route: {}->http://127.0.0.1:32801][total available: 0; route allocated: 1 of 50; total allocated: 1 of 50]
11:43:26.651 [Test worker] DEBUG org.apache.http.impl.execchain.MainClientExec - Opening connection {}->http://127.0.0.1:32801
11:43:26.652 [Test worker] DEBUG org.apache.http.impl.conn.DefaultHttpClientConnectionOperator - Connecting to /127.0.0.1:32801
11:43:26.653 [Test worker] DEBUG org.apache.http.impl.conn.DefaultHttpClientConnectionOperator - Connection established 127.0.0.1:55094<->127.0.0.1:32801
11:43:26.653 [Test worker] DEBUG org.apache.http.impl.conn.DefaultManagedHttpClientConnection - http-outgoing-0: set socket timeout to 50000
11:43:26.653 [Test worker] DEBUG org.apache.http.impl.execchain.MainClientExec - Executing request PUT /test/ HTTP/1.1
11:43:26.653 [Test worker] DEBUG org.apache.http.impl.execchain.MainClientExec - Proxy auth state: UNCHALLENGED
11:43:26.655 [Test worker] DEBUG org.apache.http.headers - http-outgoing-0 >> PUT /test/ HTTP/1.1
11:43:26.655 [Test worker] DEBUG org.apache.http.headers - http-outgoing-0 >> Host: 127.0.0.1:32801
11:43:26.655 [Test worker] DEBUG org.apache.http.headers - http-outgoing-0 >> amz-sdk-invocation-id: aeff2e53-7f60-e74a-902b-5f3d0720981a
11:43:26.655 [Test worker] DEBUG org.apache.http.headers - http-outgoing-0 >> amz-sdk-request: attempt=1;max=4
11:43:26.655 [Test worker] DEBUG org.apache.http.headers - http-outgoing-0 >> amz-sdk-retry: 0/0/500
11:43:26.655 [Test worker] DEBUG org.apache.http.headers - http-outgoing-0 >> Authorization: AWS4-HMAC-SHA256 Credential=accesskey/20230405/us-east-1/s3/aws4_request, SignedHeaders=amz-sdk-invocation-id;amz-sdk-request;amz-sdk-retry;content-type;host;user-agent;x-amz-content-sha256;x-amz-date, Signature=c00090c9f6f3347668edfbb99f1ddae151edc3e242f294ff57c3cbe3c4b81e00
11:43:26.655 [Test worker] DEBUG org.apache.http.headers - http-outgoing-0 >> Content-Type: application/octet-stream
11:43:26.655 [Test worker] DEBUG org.apache.http.headers - http-outgoing-0 >> User-Agent: aws-sdk-java/1.12.262 Linux/6.2.9-arch1-1 OpenJDK_64-Bit_Server_VM/17.0.6+10 java/17.0.6 groovy/3.0.6 vendor/N/A cfg/retry-mode/legacy
11:43:26.655 [Test worker] DEBUG org.apache.http.headers - http-outgoing-0 >> x-amz-content-sha256: e3b0c44298fc1c149afbf4c8996fb92427ae41e4649b934ca495991b7852b855
11:43:26.655 [Test worker] DEBUG org.apache.http.headers - http-outgoing-0 >> X-Amz-Date: 20230405T094326Z
11:43:26.655 [Test worker] DEBUG org.apache.http.headers - http-outgoing-0 >> Content-Length: 0
11:43:26.655 [Test worker] DEBUG org.apache.http.headers - http-outgoing-0 >> Connection: Keep-Alive
11:43:26.655 [Test worker] DEBUG org.apache.http.wire - http-outgoing-0 >> "PUT /test/ HTTP/1.1[\r][\n]"
11:43:26.655 [Test worker] DEBUG org.apache.http.wire - http-outgoing-0 >> "Host: 127.0.0.1:32801[\r][\n]"
11:43:26.655 [Test worker] DEBUG org.apache.http.wire - http-outgoing-0 >> "amz-sdk-invocation-id: aeff2e53-7f60-e74a-902b-5f3d0720981a[\r][\n]"
11:43:26.655 [Test worker] DEBUG org.apache.http.wire - http-outgoing-0 >> "amz-sdk-request: attempt=1;max=4[\r][\n]"
11:43:26.656 [Test worker] DEBUG org.apache.http.wire - http-outgoing-0 >> "amz-sdk-retry: 0/0/500[\r][\n]"
11:43:26.656 [Test worker] DEBUG org.apache.http.wire - http-outgoing-0 >> "Authorization: AWS4-HMAC-SHA256 Credential=accesskey/20230405/us-east-1/s3/aws4_request, SignedHeaders=amz-sdk-invocation-id;amz-sdk-request;amz-sdk-retry;content-type;host;user-agent;x-amz-content-sha256;x-amz-date, Signature=c00090c9f6f3347668edfbb99f1ddae151edc3e242f294ff57c3cbe3c4b81e00[\r][\n]"
11:43:26.656 [Test worker] DEBUG org.apache.http.wire - http-outgoing-0 >> "Content-Type: application/octet-stream[\r][\n]"
11:43:26.656 [Test worker] DEBUG org.apache.http.wire - http-outgoing-0 >> "User-Agent: aws-sdk-java/1.12.262 Linux/6.2.9-arch1-1 OpenJDK_64-Bit_Server_VM/17.0.6+10 java/17.0.6 groovy/3.0.6 vendor/N/A cfg/retry-mode/legacy[\r][\n]"
11:43:26.656 [Test worker] DEBUG org.apache.http.wire - http-outgoing-0 >> "x-amz-content-sha256: e3b0c44298fc1c149afbf4c8996fb92427ae41e4649b934ca495991b7852b855[\r][\n]"
11:43:26.656 [Test worker] DEBUG org.apache.http.wire - http-outgoing-0 >> "X-Amz-Date: 20230405T094326Z[\r][\n]"
11:43:26.656 [Test worker] DEBUG org.apache.http.wire - http-outgoing-0 >> "Content-Length: 0[\r][\n]"
11:43:26.656 [Test worker] DEBUG org.apache.http.wire - http-outgoing-0 >> "Connection: Keep-Alive[\r][\n]"
11:43:26.656 [Test worker] DEBUG org.apache.http.wire - http-outgoing-0 >> "[\r][\n]"
11:43:27.007 [Test worker] DEBUG org.apache.http.wire - http-outgoing-0 << "HTTP/1.1 200 [\r][\n]"
11:43:27.007 [Test worker] DEBUG org.apache.http.wire - http-outgoing-0 << "Content-Type: application/xml; charset=utf-8[\r][\n]"
11:43:27.007 [Test worker] DEBUG org.apache.http.wire - http-outgoing-0 << "Content-Length: 158[\r][\n]"
11:43:27.007 [Test worker] DEBUG org.apache.http.wire - http-outgoing-0 << "Server: Werkzeug/2.1.2 Python/3.10.6[\r][\n]"
11:43:27.007 [Test worker] DEBUG org.apache.http.wire - http-outgoing-0 << "Date: Wed, 05 Apr 2023 09:43:27 GMT[\r][\n]"
11:43:27.007 [Test worker] DEBUG org.apache.http.wire - http-outgoing-0 << "x-amzn-requestid: KQJ91BRLZVFK6HPPF8V190L52OUGO4C9MVZ9L5C2YLXNFS2BKPWL[\r][\n]"
11:43:27.007 [Test worker] DEBUG org.apache.http.wire - http-outgoing-0 << "Access-Control-Allow-Origin: *[\r][\n]"
11:43:27.007 [Test worker] DEBUG org.apache.http.wire - http-outgoing-0 << "Connection: close[\r][\n]"
11:43:27.007 [Test worker] DEBUG org.apache.http.wire - http-outgoing-0 << "Location: /test[\r][\n]"
11:43:27.007 [Test worker] DEBUG org.apache.http.wire - http-outgoing-0 << "Last-Modified: Wed, 05 Apr 2023 09:43:27 GMT[\r][\n]"
11:43:27.007 [Test worker] DEBUG org.apache.http.wire - http-outgoing-0 << "x-amz-request-id: 5F2D3D9A0C8A5310[\r][\n]"
11:43:27.008 [Test worker] DEBUG org.apache.http.wire - http-outgoing-0 << "x-amz-id-2: MzRISOwyjmnup5F2D3D9A0C8A53107/JypPGXLh0OVFGcJaaO3KW/hRAqKOpIEEp[\r][\n]"
11:43:27.008 [Test worker] DEBUG org.apache.http.wire - http-outgoing-0 << "date: Wed, 05 Apr 2023 09:43:27 GMT[\r][\n]"
11:43:27.008 [Test worker] DEBUG org.apache.http.wire - http-outgoing-0 << "server: hypercorn-h11[\r][\n]"
11:43:27.008 [Test worker] DEBUG org.apache.http.wire - http-outgoing-0 << "[\r][\n]"
11:43:27.010 [Test worker] DEBUG org.apache.http.headers - http-outgoing-0 << HTTP/1.1 200 
11:43:27.010 [Test worker] DEBUG org.apache.http.headers - http-outgoing-0 << Content-Type: application/xml; charset=utf-8
11:43:27.010 [Test worker] DEBUG org.apache.http.headers - http-outgoing-0 << Content-Length: 158
11:43:27.010 [Test worker] DEBUG org.apache.http.headers - http-outgoing-0 << Server: Werkzeug/2.1.2 Python/3.10.6
11:43:27.010 [Test worker] DEBUG org.apache.http.headers - http-outgoing-0 << Date: Wed, 05 Apr 2023 09:43:27 GMT
11:43:27.010 [Test worker] DEBUG org.apache.http.headers - http-outgoing-0 << x-amzn-requestid: KQJ91BRLZVFK6HPPF8V190L52OUGO4C9MVZ9L5C2YLXNFS2BKPWL
11:43:27.010 [Test worker] DEBUG org.apache.http.headers - http-outgoing-0 << Access-Control-Allow-Origin: *
11:43:27.010 [Test worker] DEBUG org.apache.http.headers - http-outgoing-0 << Connection: close
11:43:27.010 [Test worker] DEBUG org.apache.http.headers - http-outgoing-0 << Location: /test
11:43:27.010 [Test worker] DEBUG org.apache.http.headers - http-outgoing-0 << Last-Modified: Wed, 05 Apr 2023 09:43:27 GMT
11:43:27.010 [Test worker] DEBUG org.apache.http.headers - http-outgoing-0 << x-amz-request-id: 5F2D3D9A0C8A5310
11:43:27.010 [Test worker] DEBUG org.apache.http.headers - http-outgoing-0 << x-amz-id-2: MzRISOwyjmnup5F2D3D9A0C8A53107/JypPGXLh0OVFGcJaaO3KW/hRAqKOpIEEp
11:43:27.010 [Test worker] DEBUG org.apache.http.headers - http-outgoing-0 << date: Wed, 05 Apr 2023 09:43:27 GMT
11:43:27.010 [Test worker] DEBUG org.apache.http.headers - http-outgoing-0 << server: hypercorn-h11
11:43:27.014 [Test worker] DEBUG com.amazonaws.retry.ClockSkewAdjuster - Reported server date (from 'Date' header): Wed, 05 Apr 2023 09:43:27 GMT
11:43:27.021 [Test worker] DEBUG com.amazonaws.request - Received successful response: 200, AWS Request ID: 5F2D3D9A0C8A5310
11:43:27.021 [Test worker] DEBUG com.amazonaws.requestId - x-amzn-RequestId: KQJ91BRLZVFK6HPPF8V190L52OUGO4C9MVZ9L5C2YLXNFS2BKPWL
11:43:27.021 [Test worker] DEBUG com.amazonaws.requestId - AWS Extended Request ID: MzRISOwyjmnup5F2D3D9A0C8A53107/JypPGXLh0OVFGcJaaO3KW/hRAqKOpIEEp
11:43:27.022 [Test worker] DEBUG org.apache.http.wire - http-outgoing-0 << "<CreateBucketResponse xmlns="http://s3.amazonaws.com/doc/2006-03-01"><CreateBucketResponse><Bucket>test</Bucket></CreateBucketResponse></CreateBucketResponse>"
11:43:27.022 [Test worker] DEBUG org.apache.http.impl.conn.DefaultManagedHttpClientConnection - http-outgoing-0: Close connection
11:43:27.022 [Test worker] DEBUG org.apache.http.impl.execchain.MainClientExec - Connection discarded
11:43:27.022 [Test worker] DEBUG org.apache.http.impl.conn.PoolingHttpClientConnectionManager - Connection released: [id: 0][route: {}->http://127.0.0.1:32801][total available: 0; route allocated: 0 of 50; total allocated: 0 of 50]
11:43:27.054 [Test worker] DEBUG com.amazonaws.services.s3.internal.Mimetypes - Loading mime types from file in the classpath: mime.types
11:43:27.054 [Test worker] DEBUG com.amazonaws.services.s3.internal.Mimetypes - Ignoring mimetype with no associated file extensions: 'application/activemessage'
11:43:27.055 [Test worker] DEBUG com.amazonaws.services.s3.internal.Mimetypes - Setting mime type for extension 'ez' to 'application/andrew-inset'
11:43:27.055 [Test worker] DEBUG com.amazonaws.services.s3.internal.Mimetypes - Ignoring mimetype with no associated file extensions: 'application/applefile'
11:43:27.055 [Test worker] DEBUG com.amazonaws.services.s3.internal.Mimetypes - Setting mime type for extension 'atom' to 'application/atom+xml'
11:43:27.055 [Test worker] DEBUG com.amazonaws.services.s3.internal.Mimetypes - Ignoring mimetype with no associated file extensions: 'application/atomicmail'
11:43:27.055 [Test worker] DEBUG com.amazonaws.services.s3.internal.Mimetypes - Ignoring mimetype with no associated file extensions: 'application/batch-smtp'
11:43:27.055 [Test worker] DEBUG com.amazonaws.services.s3.internal.Mimetypes - Ignoring mimetype with no associated file extensions: 'application/beep+xml'
11:43:27.055 [Test worker] DEBUG com.amazonaws.services.s3.internal.Mimetypes - Ignoring mimetype with no associated file extensions: 'application/cals-1840'
11:43:27.055 [Test worker] DEBUG com.amazonaws.services.s3.internal.Mimetypes - Ignoring mimetype with no associated file extensions: 'application/cnrp+xml'
11:43:27.055 [Test worker] DEBUG com.amazonaws.services.s3.internal.Mimetypes - Ignoring mimetype with no associated file extensions: 'application/commonground'
11:43:27.055 [Test worker] DEBUG com.amazonaws.services.s3.internal.Mimetypes - Ignoring mimetype with no associated file extensions: 'application/cpl+xml'
11:43:27.055 [Test worker] DEBUG com.amazonaws.services.s3.internal.Mimetypes - Ignoring mimetype with no associated file extensions: 'application/cybercash'
11:43:27.055 [Test worker] DEBUG com.amazonaws.services.s3.internal.Mimetypes - Ignoring mimetype with no associated file extensions: 'application/dca-rft'
11:43:27.055 [Test worker] DEBUG com.amazonaws.services.s3.internal.Mimetypes - Ignoring mimetype with no associated file extensions: 'application/dec-dx'
11:43:27.055 [Test worker] DEBUG com.amazonaws.services.s3.internal.Mimetypes - Ignoring mimetype with no associated file extensions: 'application/dvcs'
11:43:27.055 [Test worker] DEBUG com.amazonaws.services.s3.internal.Mimetypes - Ignoring mimetype with no associated file extensions: 'application/edi-consent'
11:43:27.055 [Test worker] DEBUG com.amazonaws.services.s3.internal.Mimetypes - Ignoring mimetype with no associated file extensions: 'application/edifact'
11:43:27.055 [Test worker] DEBUG com.amazonaws.services.s3.internal.Mimetypes - Ignoring mimetype with no associated file extensions: 'application/edi-x12'
11:43:27.055 [Test worker] DEBUG com.amazonaws.services.s3.internal.Mimetypes - Ignoring mimetype with no associated file extensions: 'application/eshop'
11:43:27.055 [Test worker] DEBUG com.amazonaws.services.s3.internal.Mimetypes - Ignoring mimetype with no associated file extensions: 'application/font-tdpfr'
11:43:27.055 [Test worker] DEBUG com.amazonaws.services.s3.internal.Mimetypes - Ignoring mimetype with no associated file extensions: 'application/http'
11:43:27.055 [Test worker] DEBUG com.amazonaws.services.s3.internal.Mimetypes - Ignoring mimetype with no associated file extensions: 'application/hyperstudio'
11:43:27.055 [Test worker] DEBUG com.amazonaws.services.s3.internal.Mimetypes - Ignoring mimetype with no associated file extensions: 'application/iges'
11:43:27.055 [Test worker] DEBUG com.amazonaws.services.s3.internal.Mimetypes - Ignoring mimetype with no associated file extensions: 'application/index'
11:43:27.055 [Test worker] DEBUG com.amazonaws.services.s3.internal.Mimetypes - Ignoring mimetype with no associated file extensions: 'application/index.cmd'
11:43:27.055 [Test worker] DEBUG com.amazonaws.services.s3.internal.Mimetypes - Ignoring mimetype with no associated file extensions: 'application/index.obj'
11:43:27.055 [Test worker] DEBUG com.amazonaws.services.s3.internal.Mimetypes - Ignoring mimetype with no associated file extensions: 'application/index.response'
11:43:27.055 [Test worker] DEBUG com.amazonaws.services.s3.internal.Mimetypes - Ignoring mimetype with no associated file extensions: 'application/index.vnd'
11:43:27.055 [Test worker] DEBUG com.amazonaws.services.s3.internal.Mimetypes - Ignoring mimetype with no associated file extensions: 'application/iotp'
11:43:27.055 [Test worker] DEBUG com.amazonaws.services.s3.internal.Mimetypes - Ignoring mimetype with no associated file extensions: 'application/ipp'
11:43:27.055 [Test worker] DEBUG com.amazonaws.services.s3.internal.Mimetypes - Ignoring mimetype with no associated file extensions: 'application/isup'
11:43:27.055 [Test worker] DEBUG com.amazonaws.services.s3.internal.Mimetypes - Setting mime type for extension 'json' to 'application/json'
11:43:27.055 [Test worker] DEBUG com.amazonaws.services.s3.internal.Mimetypes - Setting mime type for extension 'hqx' to 'application/mac-binhex40'
11:43:27.055 [Test worker] DEBUG com.amazonaws.services.s3.internal.Mimetypes - Setting mime type for extension 'cpt' to 'application/mac-compactpro'
11:43:27.055 [Test worker] DEBUG com.amazonaws.services.s3.internal.Mimetypes - Ignoring mimetype with no associated file extensions: 'application/macwriteii'
11:43:27.055 [Test worker] DEBUG com.amazonaws.services.s3.internal.Mimetypes - Ignoring mimetype with no associated file extensions: 'application/marc'
11:43:27.055 [Test worker] DEBUG com.amazonaws.services.s3.internal.Mimetypes - Ignoring mimetype with no associated file extensions: 'application/mathematica'
11:43:27.055 [Test worker] DEBUG com.amazonaws.services.s3.internal.Mimetypes - Setting mime type for extension 'mathml' to 'application/mathml+xml'
11:43:27.055 [Test worker] DEBUG com.amazonaws.services.s3.internal.Mimetypes - Setting mime type for extension 'doc' to 'application/msword'
11:43:27.055 [Test worker] DEBUG com.amazonaws.services.s3.internal.Mimetypes - Ignoring mimetype with no associated file extensions: 'application/news-message-id'
11:43:27.055 [Test worker] DEBUG com.amazonaws.services.s3.internal.Mimetypes - Ignoring mimetype with no associated file extensions: 'application/news-transmission'
11:43:27.055 [Test worker] DEBUG com.amazonaws.services.s3.internal.Mimetypes - Ignoring mimetype with no associated file extensions: 'application/ocsp-request'
11:43:27.055 [Test worker] DEBUG com.amazonaws.services.s3.internal.Mimetypes - Ignoring mimetype with no associated file extensions: 'application/ocsp-response'
11:43:27.055 [Test worker] DEBUG com.amazonaws.services.s3.internal.Mimetypes - Setting mime type for extension 'bin' to 'application/octet-stream'
11:43:27.055 [Test worker] DEBUG com.amazonaws.services.s3.internal.Mimetypes - Setting mime type for extension 'dms' to 'application/octet-stream'
11:43:27.055 [Test worker] DEBUG com.amazonaws.services.s3.internal.Mimetypes - Setting mime type for extension 'lha' to 'application/octet-stream'
11:43:27.055 [Test worker] DEBUG com.amazonaws.services.s3.internal.Mimetypes - Setting mime type for extension 'lzh' to 'application/octet-stream'
11:43:27.055 [Test worker] DEBUG com.amazonaws.services.s3.internal.Mimetypes - Setting mime type for extension 'exe' to 'application/octet-stream'
11:43:27.055 [Test worker] DEBUG com.amazonaws.services.s3.internal.Mimetypes - Setting mime type for extension 'class' to 'application/octet-stream'
11:43:27.055 [Test worker] DEBUG com.amazonaws.services.s3.internal.Mimetypes - Setting mime type for extension 'so' to 'application/octet-stream'
11:43:27.055 [Test worker] DEBUG com.amazonaws.services.s3.internal.Mimetypes - Setting mime type for extension 'dll' to 'application/octet-stream'
11:43:27.055 [Test worker] DEBUG com.amazonaws.services.s3.internal.Mimetypes - Setting mime type for extension 'dmg' to 'application/octet-stream'
11:43:27.055 [Test worker] DEBUG com.amazonaws.services.s3.internal.Mimetypes - Setting mime type for extension 'oda' to 'application/oda'
11:43:27.055 [Test worker] DEBUG com.amazonaws.services.s3.internal.Mimetypes - Setting mime type for extension 'ogg' to 'application/ogg'
11:43:27.055 [Test worker] DEBUG com.amazonaws.services.s3.internal.Mimetypes - Ignoring mimetype with no associated file extensions: 'application/parityfec'
11:43:27.055 [Test worker] DEBUG com.amazonaws.services.s3.internal.Mimetypes - Setting mime type for extension 'pdf' to 'application/pdf'
11:43:27.055 [Test worker] DEBUG com.amazonaws.services.s3.internal.Mimetypes - Ignoring mimetype with no associated file extensions: 'application/pgp-encrypted'
11:43:27.055 [Test worker] DEBUG com.amazonaws.services.s3.internal.Mimetypes - Ignoring mimetype with no associated file extensions: 'application/pgp-keys'
11:43:27.055 [Test worker] DEBUG com.amazonaws.services.s3.internal.Mimetypes - Ignoring mimetype with no associated file extensions: 'application/pgp-signature'
11:43:27.055 [Test worker] DEBUG com.amazonaws.services.s3.internal.Mimetypes - Ignoring mimetype with no associated file extensions: 'application/pkcs10'
11:43:27.055 [Test worker] DEBUG com.amazonaws.services.s3.internal.Mimetypes - Ignoring mimetype with no associated file extensions: 'application/pkcs7-mime'
11:43:27.055 [Test worker] DEBUG com.amazonaws.services.s3.internal.Mimetypes - Ignoring mimetype with no associated file extensions: 'application/pkcs7-signature'
11:43:27.055 [Test worker] DEBUG com.amazonaws.services.s3.internal.Mimetypes - Ignoring mimetype with no associated file extensions: 'application/pkix-cert'
11:43:27.055 [Test worker] DEBUG com.amazonaws.services.s3.internal.Mimetypes - Ignoring mimetype with no associated file extensions: 'application/pkix-crl'
11:43:27.055 [Test worker] DEBUG com.amazonaws.services.s3.internal.Mimetypes - Ignoring mimetype with no associated file extensions: 'application/pkixcmp'
11:43:27.056 [Test worker] DEBUG com.amazonaws.services.s3.internal.Mimetypes - Setting mime type for extension 'ai' to 'application/postscript'
11:43:27.056 [Test worker] DEBUG com.amazonaws.services.s3.internal.Mimetypes - Setting mime type for extension 'eps' to 'application/postscript'
11:43:27.056 [Test worker] DEBUG com.amazonaws.services.s3.internal.Mimetypes - Setting mime type for extension 'ps' to 'application/postscript'
11:43:27.056 [Test worker] DEBUG com.amazonaws.services.s3.internal.Mimetypes - Ignoring mimetype with no associated file extensions: 'application/prs.alvestrand.titrax-sheet'
11:43:27.056 [Test worker] DEBUG com.amazonaws.services.s3.internal.Mimetypes - Ignoring mimetype with no associated file extensions: 'application/prs.cww'
11:43:27.056 [Test worker] DEBUG com.amazonaws.services.s3.internal.Mimetypes - Ignoring mimetype with no associated file extensions: 'application/prs.nprend'
11:43:27.056 [Test worker] DEBUG com.amazonaws.services.s3.internal.Mimetypes - Ignoring mimetype with no associated file extensions: 'application/prs.plucker'
11:43:27.056 [Test worker] DEBUG com.amazonaws.services.s3.internal.Mimetypes - Ignoring mimetype with no associated file extensions: 'application/qsig'
11:43:27.056 [Test worker] DEBUG com.amazonaws.services.s3.internal.Mimetypes - Setting mime type for extension 'rdf' to 'application/rdf+xml'
11:43:27.056 [Test worker] DEBUG com.amazonaws.services.s3.internal.Mimetypes - Ignoring mimetype with no associated file extensions: 'application/reginfo+xml'
11:43:27.056 [Test worker] DEBUG com.amazonaws.services.s3.internal.Mimetypes - Ignoring mimetype with no associated file extensions: 'application/remote-printing'
11:43:27.056 [Test worker] DEBUG com.amazonaws.services.s3.internal.Mimetypes - Ignoring mimetype with no associated file extensions: 'application/riscos'
11:43:27.056 [Test worker] DEBUG com.amazonaws.services.s3.internal.Mimetypes - Ignoring mimetype with no associated file extensions: 'application/rtf'
11:43:27.056 [Test worker] DEBUG com.amazonaws.services.s3.internal.Mimetypes - Ignoring mimetype with no associated file extensions: 'application/sdp'
11:43:27.056 [Test worker] DEBUG com.amazonaws.services.s3.internal.Mimetypes - Ignoring mimetype with no associated file extensions: 'application/set-payment'
11:43:27.056 [Test worker] DEBUG com.amazonaws.services.s3.internal.Mimetypes - Ignoring mimetype with no associated file extensions: 'application/set-payment-initiation'
11:43:27.056 [Test worker] DEBUG com.amazonaws.services.s3.internal.Mimetypes - Ignoring mimetype with no associated file extensions: 'application/set-registration'
11:43:27.056 [Test worker] DEBUG com.amazonaws.services.s3.internal.Mimetypes - Ignoring mimetype with no associated file extensions: 'application/set-registration-initiation'
11:43:27.056 [Test worker] DEBUG com.amazonaws.services.s3.internal.Mimetypes - Ignoring mimetype with no associated file extensions: 'application/sgml'
11:43:27.056 [Test worker] DEBUG com.amazonaws.services.s3.internal.Mimetypes - Ignoring mimetype with no associated file extensions: 'application/sgml-open-catalog'
11:43:27.056 [Test worker] DEBUG com.amazonaws.services.s3.internal.Mimetypes - Ignoring mimetype with no associated file extensions: 'application/sieve'
11:43:27.056 [Test worker] DEBUG com.amazonaws.services.s3.internal.Mimetypes - Ignoring mimetype with no associated file extensions: 'application/slate'
11:43:27.056 [Test worker] DEBUG com.amazonaws.services.s3.internal.Mimetypes - Setting mime type for extension 'smi' to 'application/smil'
11:43:27.056 [Test worker] DEBUG com.amazonaws.services.s3.internal.Mimetypes - Setting mime type for extension 'smil' to 'application/smil'
11:43:27.056 [Test worker] DEBUG com.amazonaws.services.s3.internal.Mimetypes - Setting mime type for extension 'gram' to 'application/srgs'
11:43:27.056 [Test worker] DEBUG com.amazonaws.services.s3.internal.Mimetypes - Setting mime type for extension 'grxml' to 'application/srgs+xml'
11:43:27.056 [Test worker] DEBUG com.amazonaws.services.s3.internal.Mimetypes - Ignoring mimetype with no associated file extensions: 'application/timestamp-query'
11:43:27.056 [Test worker] DEBUG com.amazonaws.services.s3.internal.Mimetypes - Ignoring mimetype with no associated file extensions: 'application/timestamp-reply'
11:43:27.056 [Test worker] DEBUG com.amazonaws.services.s3.internal.Mimetypes - Ignoring mimetype with no associated file extensions: 'application/tve-trigger'
11:43:27.056 [Test worker] DEBUG com.amazonaws.services.s3.internal.Mimetypes - Ignoring mimetype with no associated file extensions: 'application/vemmi'
11:43:27.056 [Test worker] DEBUG com.amazonaws.services.s3.internal.Mimetypes - Ignoring mimetype with no associated file extensions: 'application/vnd.3gpp.pic-bw-large'
11:43:27.056 [Test worker] DEBUG com.amazonaws.services.s3.internal.Mimetypes - Ignoring mimetype with no associated file extensions: 'application/vnd.3gpp.pic-bw-small'
11:43:27.056 [Test worker] DEBUG com.amazonaws.services.s3.internal.Mimetypes - Ignoring mimetype with no associated file extensions: 'application/vnd.3gpp.pic-bw-var'
11:43:27.056 [Test worker] DEBUG com.amazonaws.services.s3.internal.Mimetypes - Ignoring mimetype with no associated file extensions: 'application/vnd.3gpp.sms'
11:43:27.056 [Test worker] DEBUG com.amazonaws.services.s3.internal.Mimetypes - Ignoring mimetype with no associated file extensions: 'application/vnd.3m.post-it-notes'
11:43:27.056 [Test worker] DEBUG com.amazonaws.services.s3.internal.Mimetypes - Ignoring mimetype with no associated file extensions: 'application/vnd.accpac.simply.aso'
11:43:27.056 [Test worker] DEBUG com.amazonaws.services.s3.internal.Mimetypes - Ignoring mimetype with no associated file extensions: 'application/vnd.accpac.simply.imp'
11:43:27.056 [Test worker] DEBUG com.amazonaws.services.s3.internal.Mimetypes - Ignoring mimetype with no associated file extensions: 'application/vnd.acucobol'
11:43:27.056 [Test worker] DEBUG com.amazonaws.services.s3.internal.Mimetypes - Ignoring mimetype with no associated file extensions: 'application/vnd.acucorp'
11:43:27.056 [Test worker] DEBUG com.amazonaws.services.s3.internal.Mimetypes - Ignoring mimetype with no associated file extensions: 'application/vnd.adobe.xfdf'
11:43:27.056 [Test worker] DEBUG com.amazonaws.services.s3.internal.Mimetypes - Ignoring mimetype with no associated file extensions: 'application/vnd.aether.imp'
11:43:27.056 [Test worker] DEBUG com.amazonaws.services.s3.internal.Mimetypes - Ignoring mimetype with no associated file extensions: 'application/vnd.amiga.ami'
11:43:27.056 [Test worker] DEBUG com.amazonaws.services.s3.internal.Mimetypes - Ignoring mimetype with no associated file extensions: 'application/vnd.anser-web-certificate-issue-initiation'
11:43:27.056 [Test worker] DEBUG com.amazonaws.services.s3.internal.Mimetypes - Ignoring mimetype with no associated file extensions: 'application/vnd.anser-web-funds-transfer-initiation'
11:43:27.056 [Test worker] DEBUG com.amazonaws.services.s3.internal.Mimetypes - Ignoring mimetype with no associated file extensions: 'application/vnd.audiograph'
11:43:27.056 [Test worker] DEBUG com.amazonaws.services.s3.internal.Mimetypes - Ignoring mimetype with no associated file extensions: 'application/vnd.blueice.multipass'
11:43:27.056 [Test worker] DEBUG com.amazonaws.services.s3.internal.Mimetypes - Ignoring mimetype with no associated file extensions: 'application/vnd.bmi'
11:43:27.056 [Test worker] DEBUG com.amazonaws.services.s3.internal.Mimetypes - Ignoring mimetype with no associated file extensions: 'application/vnd.businessobjects'
11:43:27.056 [Test worker] DEBUG com.amazonaws.services.s3.internal.Mimetypes - Ignoring mimetype with no associated file extensions: 'application/vnd.canon-cpdl'
11:43:27.056 [Test worker] DEBUG com.amazonaws.services.s3.internal.Mimetypes - Ignoring mimetype with no associated file extensions: 'application/vnd.canon-lips'
11:43:27.056 [Test worker] DEBUG com.amazonaws.services.s3.internal.Mimetypes - Ignoring mimetype with no associated file extensions: 'application/vnd.cinderella'
11:43:27.057 [Test worker] DEBUG com.amazonaws.services.s3.internal.Mimetypes - Ignoring mimetype with no associated file extensions: 'application/vnd.claymore'
11:43:27.057 [Test worker] DEBUG com.amazonaws.services.s3.internal.Mimetypes - Ignoring mimetype with no associated file extensions: 'application/vnd.commerce-battelle'
11:43:27.057 [Test worker] DEBUG com.amazonaws.services.s3.internal.Mimetypes - Ignoring mimetype with no associated file extensions: 'application/vnd.commonspace'
11:43:27.057 [Test worker] DEBUG com.amazonaws.services.s3.internal.Mimetypes - Ignoring mimetype with no associated file extensions: 'application/vnd.contact.cmsg'
11:43:27.057 [Test worker] DEBUG com.amazonaws.services.s3.internal.Mimetypes - Ignoring mimetype with no associated file extensions: 'application/vnd.cosmocaller'
11:43:27.057 [Test worker] DEBUG com.amazonaws.services.s3.internal.Mimetypes - Ignoring mimetype with no associated file extensions: 'application/vnd.criticaltools.wbs+xml'
11:43:27.057 [Test worker] DEBUG com.amazonaws.services.s3.internal.Mimetypes - Ignoring mimetype with no associated file extensions: 'application/vnd.ctc-posml'
11:43:27.057 [Test worker] DEBUG com.amazonaws.services.s3.internal.Mimetypes - Ignoring mimetype with no associated file extensions: 'application/vnd.cups-postscript'
11:43:27.057 [Test worker] DEBUG com.amazonaws.services.s3.internal.Mimetypes - Ignoring mimetype with no associated file extensions: 'application/vnd.cups-raster'
11:43:27.057 [Test worker] DEBUG com.amazonaws.services.s3.internal.Mimetypes - Ignoring mimetype with no associated file extensions: 'application/vnd.cups-raw'
11:43:27.057 [Test worker] DEBUG com.amazonaws.services.s3.internal.Mimetypes - Ignoring mimetype with no associated file extensions: 'application/vnd.curl'
11:43:27.057 [Test worker] DEBUG com.amazonaws.services.s3.internal.Mimetypes - Ignoring mimetype with no associated file extensions: 'application/vnd.cybank'
11:43:27.057 [Test worker] DEBUG com.amazonaws.services.s3.internal.Mimetypes - Ignoring mimetype with no associated file extensions: 'application/vnd.data-vision.rdz'
11:43:27.057 [Test worker] DEBUG com.amazonaws.services.s3.internal.Mimetypes - Ignoring mimetype with no associated file extensions: 'application/vnd.dna'
11:43:27.057 [Test worker] DEBUG com.amazonaws.services.s3.internal.Mimetypes - Ignoring mimetype with no associated file extensions: 'application/vnd.dpgraph'
11:43:27.057 [Test worker] DEBUG com.amazonaws.services.s3.internal.Mimetypes - Ignoring mimetype with no associated file extensions: 'application/vnd.dreamfactory'
11:43:27.057 [Test worker] DEBUG com.amazonaws.services.s3.internal.Mimetypes - Ignoring mimetype with no associated file extensions: 'application/vnd.dxr'
11:43:27.057 [Test worker] DEBUG com.amazonaws.services.s3.internal.Mimetypes - Ignoring mimetype with no associated file extensions: 'application/vnd.ecdis-update'
11:43:27.057 [Test worker] DEBUG com.amazonaws.services.s3.internal.Mimetypes - Ignoring mimetype with no associated file extensions: 'application/vnd.ecowin.chart'
11:43:27.057 [Test worker] DEBUG com.amazonaws.services.s3.internal.Mimetypes - Ignoring mimetype with no associated file extensions: 'application/vnd.ecowin.filerequest'
11:43:27.057 [Test worker] DEBUG com.amazonaws.services.s3.internal.Mimetypes - Ignoring mimetype with no associated file extensions: 'application/vnd.ecowin.fileupdate'
11:43:27.057 [Test worker] DEBUG com.amazonaws.services.s3.internal.Mimetypes - Ignoring mimetype with no associated file extensions: 'application/vnd.ecowin.series'
11:43:27.057 [Test worker] DEBUG com.amazonaws.services.s3.internal.Mimetypes - Ignoring mimetype with no associated file extensions: 'application/vnd.ecowin.seriesrequest'
11:43:27.057 [Test worker] DEBUG com.amazonaws.services.s3.internal.Mimetypes - Ignoring mimetype with no associated file extensions: 'application/vnd.ecowin.seriesupdate'
11:43:27.057 [Test worker] DEBUG com.amazonaws.services.s3.internal.Mimetypes - Ignoring mimetype with no associated file extensions: 'application/vnd.enliven'
11:43:27.057 [Test worker] DEBUG com.amazonaws.services.s3.internal.Mimetypes - Ignoring mimetype with no associated file extensions: 'application/vnd.epson.esf'
11:43:27.057 [Test worker] DEBUG com.amazonaws.services.s3.internal.Mimetypes - Ignoring mimetype with no associated file extensions: 'application/vnd.epson.msf'
11:43:27.057 [Test worker] DEBUG com.amazonaws.services.s3.internal.Mimetypes - Ignoring mimetype with no associated file extensions: 'application/vnd.epson.quickanime'
11:43:27.057 [Test worker] DEBUG com.amazonaws.services.s3.internal.Mimetypes - Ignoring mimetype with no associated file extensions: 'application/vnd.epson.salt'
11:43:27.057 [Test worker] DEBUG com.amazonaws.services.s3.internal.Mimetypes - Ignoring mimetype with no associated file extensions: 'application/vnd.epson.ssf'
11:43:27.057 [Test worker] DEBUG com.amazonaws.services.s3.internal.Mimetypes - Ignoring mimetype with no associated file extensions: 'application/vnd.ericsson.quickcall'
11:43:27.057 [Test worker] DEBUG com.amazonaws.services.s3.internal.Mimetypes - Ignoring mimetype with no associated file extensions: 'application/vnd.eudora.data'
11:43:27.057 [Test worker] DEBUG com.amazonaws.services.s3.internal.Mimetypes - Ignoring mimetype with no associated file extensions: 'application/vnd.fdf'
11:43:27.057 [Test worker] DEBUG com.amazonaws.services.s3.internal.Mimetypes - Ignoring mimetype with no associated file extensions: 'application/vnd.ffsns'
11:43:27.057 [Test worker] DEBUG com.amazonaws.services.s3.internal.Mimetypes - Ignoring mimetype with no associated file extensions: 'application/vnd.fints'
11:43:27.057 [Test worker] DEBUG com.amazonaws.services.s3.internal.Mimetypes - Ignoring mimetype with no associated file extensions: 'application/vnd.flographit'
11:43:27.057 [Test worker] DEBUG com.amazonaws.services.s3.internal.Mimetypes - Ignoring mimetype with no associated file extensions: 'application/vnd.framemaker'
11:43:27.057 [Test worker] DEBUG com.amazonaws.services.s3.internal.Mimetypes - Ignoring mimetype with no associated file extensions: 'application/vnd.fsc.weblaunch'
11:43:27.057 [Test worker] DEBUG com.amazonaws.services.s3.internal.Mimetypes - Ignoring mimetype with no associated file extensions: 'application/vnd.fujitsu.oasys'
11:43:27.057 [Test worker] DEBUG com.amazonaws.services.s3.internal.Mimetypes - Ignoring mimetype with no associated file extensions: 'application/vnd.fujitsu.oasys2'
11:43:27.057 [Test worker] DEBUG com.amazonaws.services.s3.internal.Mimetypes - Ignoring mimetype with no associated file extensions: 'application/vnd.fujitsu.oasys3'
11:43:27.057 [Test worker] DEBUG com.amazonaws.services.s3.internal.Mimetypes - Ignoring mimetype with no associated file extensions: 'application/vnd.fujitsu.oasysgp'
11:43:27.057 [Test worker] DEBUG com.amazonaws.services.s3.internal.Mimetypes - Ignoring mimetype with no associated file extensions: 'application/vnd.fujitsu.oasysprs'
11:43:27.057 [Test worker] DEBUG com.amazonaws.services.s3.internal.Mimetypes - Ignoring mimetype with no associated file extensions: 'application/vnd.fujixerox.ddd'
11:43:27.057 [Test worker] DEBUG com.amazonaws.services.s3.internal.Mimetypes - Ignoring mimetype with no associated file extensions: 'application/vnd.fujixerox.docuworks'
11:43:27.057 [Test worker] DEBUG com.amazonaws.services.s3.internal.Mimetypes - Ignoring mimetype with no associated file extensions: 'application/vnd.fujixerox.docuworks.binder'
11:43:27.057 [Test worker] DEBUG com.amazonaws.services.s3.internal.Mimetypes - Ignoring mimetype with no associated file extensions: 'application/vnd.fut-misnet'
11:43:27.057 [Test worker] DEBUG com.amazonaws.services.s3.internal.Mimetypes - Ignoring mimetype with no associated file extensions: 'application/vnd.grafeq'
11:43:27.057 [Test worker] DEBUG com.amazonaws.services.s3.internal.Mimetypes - Ignoring mimetype with no associated file extensions: 'application/vnd.groove-account'
11:43:27.057 [Test worker] DEBUG com.amazonaws.services.s3.internal.Mimetypes - Ignoring mimetype with no associated file extensions: 'application/vnd.groove-help'
11:43:27.057 [Test worker] DEBUG com.amazonaws.services.s3.internal.Mimetypes - Ignoring mimetype with no associated file extensions: 'application/vnd.groove-identity-message'
11:43:27.058 [Test worker] DEBUG com.amazonaws.services.s3.internal.Mimetypes - Ignoring mimetype with no associated file extensions: 'application/vnd.groove-injector'
11:43:27.058 [Test worker] DEBUG com.amazonaws.services.s3.internal.Mimetypes - Ignoring mimetype with no associated file extensions: 'application/vnd.groove-tool-message'
11:43:27.058 [Test worker] DEBUG com.amazonaws.services.s3.internal.Mimetypes - Ignoring mimetype with no associated file extensions: 'application/vnd.groove-tool-template'
11:43:27.058 [Test worker] DEBUG com.amazonaws.services.s3.internal.Mimetypes - Ignoring mimetype with no associated file extensions: 'application/vnd.groove-vcard'
11:43:27.058 [Test worker] DEBUG com.amazonaws.services.s3.internal.Mimetypes - Ignoring mimetype with no associated file extensions: 'application/vnd.hbci'
11:43:27.058 [Test worker] DEBUG com.amazonaws.services.s3.internal.Mimetypes - Ignoring mimetype with no associated file extensions: 'application/vnd.hhe.lesson-player'
11:43:27.058 [Test worker] DEBUG com.amazonaws.services.s3.internal.Mimetypes - Ignoring mimetype with no associated file extensions: 'application/vnd.hp-hpgl'
11:43:27.058 [Test worker] DEBUG com.amazonaws.services.s3.internal.Mimetypes - Ignoring mimetype with no associated file extensions: 'application/vnd.hp-hpid'
11:43:27.058 [Test worker] DEBUG com.amazonaws.services.s3.internal.Mimetypes - Ignoring mimetype with no associated file extensions: 'application/vnd.hp-hps'
11:43:27.058 [Test worker] DEBUG com.amazonaws.services.s3.internal.Mimetypes - Ignoring mimetype with no associated file extensions: 'application/vnd.hp-pcl'
11:43:27.058 [Test worker] DEBUG com.amazonaws.services.s3.internal.Mimetypes - Ignoring mimetype with no associated file extensions: 'application/vnd.hp-pclxl'
11:43:27.058 [Test worker] DEBUG com.amazonaws.services.s3.internal.Mimetypes - Ignoring mimetype with no associated file extensions: 'application/vnd.httphone'
11:43:27.058 [Test worker] DEBUG com.amazonaws.services.s3.internal.Mimetypes - Ignoring mimetype with no associated file extensions: 'application/vnd.hzn-3d-crossword'
11:43:27.058 [Test worker] DEBUG com.amazonaws.services.s3.internal.Mimetypes - Ignoring mimetype with no associated file extensions: 'application/vnd.ibm.afplinedata'
11:43:27.058 [Test worker] DEBUG com.amazonaws.services.s3.internal.Mimetypes - Ignoring mimetype with no associated file extensions: 'application/vnd.ibm.electronic-media'
11:43:27.058 [Test worker] DEBUG com.amazonaws.services.s3.internal.Mimetypes - Ignoring mimetype with no associated file extensions: 'application/vnd.ibm.minipay'
11:43:27.058 [Test worker] DEBUG com.amazonaws.services.s3.internal.Mimetypes - Ignoring mimetype with no associated file extensions: 'application/vnd.ibm.modcap'
11:43:27.058 [Test worker] DEBUG com.amazonaws.services.s3.internal.Mimetypes - Ignoring mimetype with no associated file extensions: 'application/vnd.ibm.rights-management'
11:43:27.058 [Test worker] DEBUG com.amazonaws.services.s3.internal.Mimetypes - Ignoring mimetype with no associated file extensions: 'application/vnd.ibm.secure-container'
11:43:27.058 [Test worker] DEBUG com.amazonaws.services.s3.internal.Mimetypes - Ignoring mimetype with no associated file extensions: 'application/vnd.informix-visionary'
11:43:27.058 [Test worker] DEBUG com.amazonaws.services.s3.internal.Mimetypes - Ignoring mimetype with no associated file extensions: 'application/vnd.intercon.formnet'
11:43:27.058 [Test worker] DEBUG com.amazonaws.services.s3.internal.Mimetypes - Ignoring mimetype with no associated file extensions: 'application/vnd.intertrust.digibox'
11:43:27.058 [Test worker] DEBUG com.amazonaws.services.s3.internal.Mimetypes - Ignoring mimetype with no associated file extensions: 'application/vnd.intertrust.nncp'
11:43:27.058 [Test worker] DEBUG com.amazonaws.services.s3.internal.Mimetypes - Ignoring mimetype with no associated file extensions: 'application/vnd.intu.qbo'
11:43:27.058 [Test worker] DEBUG com.amazonaws.services.s3.internal.Mimetypes - Ignoring mimetype with no associated file extensions: 'application/vnd.intu.qfx'
11:43:27.058 [Test worker] DEBUG com.amazonaws.services.s3.internal.Mimetypes - Ignoring mimetype with no associated file extensions: 'application/vnd.irepository.package+xml'
11:43:27.058 [Test worker] DEBUG com.amazonaws.services.s3.internal.Mimetypes - Ignoring mimetype with no associated file extensions: 'application/vnd.is-xpr'
11:43:27.058 [Test worker] DEBUG com.amazonaws.services.s3.internal.Mimetypes - Ignoring mimetype with no associated file extensions: 'application/vnd.japannet-directory-service'
11:43:27.058 [Test worker] DEBUG com.amazonaws.services.s3.internal.Mimetypes - Ignoring mimetype with no associated file extensions: 'application/vnd.japannet-jpnstore-wakeup'
11:43:27.058 [Test worker] DEBUG com.amazonaws.services.s3.internal.Mimetypes - Ignoring mimetype with no associated file extensions: 'application/vnd.japannet-payment-wakeup'
11:43:27.058 [Test worker] DEBUG com.amazonaws.services.s3.internal.Mimetypes - Ignoring mimetype with no associated file extensions: 'application/vnd.japannet-registration'
11:43:27.058 [Test worker] DEBUG com.amazonaws.services.s3.internal.Mimetypes - Ignoring mimetype with no associated file extensions: 'application/vnd.japannet-registration-wakeup'
11:43:27.058 [Test worker] DEBUG com.amazonaws.services.s3.internal.Mimetypes - Ignoring mimetype with no associated file extensions: 'application/vnd.japannet-setstore-wakeup'
11:43:27.058 [Test worker] DEBUG com.amazonaws.services.s3.internal.Mimetypes - Ignoring mimetype with no associated file extensions: 'application/vnd.japannet-verification'
11:43:27.058 [Test worker] DEBUG com.amazonaws.services.s3.internal.Mimetypes - Ignoring mimetype with no associated file extensions: 'application/vnd.japannet-verification-wakeup'
11:43:27.058 [Test worker] DEBUG com.amazonaws.services.s3.internal.Mimetypes - Ignoring mimetype with no associated file extensions: 'application/vnd.jisp'
11:43:27.058 [Test worker] DEBUG com.amazonaws.services.s3.internal.Mimetypes - Ignoring mimetype with no associated file extensions: 'application/vnd.kde.karbon'
11:43:27.058 [Test worker] DEBUG com.amazonaws.services.s3.internal.Mimetypes - Ignoring mimetype with no associated file extensions: 'application/vnd.kde.kchart'
11:43:27.058 [Test worker] DEBUG com.amazonaws.services.s3.internal.Mimetypes - Ignoring mimetype with no associated file extensions: 'application/vnd.kde.kformula'
11:43:27.058 [Test worker] DEBUG com.amazonaws.services.s3.internal.Mimetypes - Ignoring mimetype with no associated file extensions: 'application/vnd.kde.kivio'
11:43:27.058 [Test worker] DEBUG com.amazonaws.services.s3.internal.Mimetypes - Ignoring mimetype with no associated file extensions: 'application/vnd.kde.kontour'
11:43:27.058 [Test worker] DEBUG com.amazonaws.services.s3.internal.Mimetypes - Ignoring mimetype with no associated file extensions: 'application/vnd.kde.kpresenter'
11:43:27.058 [Test worker] DEBUG com.amazonaws.services.s3.internal.Mimetypes - Ignoring mimetype with no associated file extensions: 'application/vnd.kde.kspread'
11:43:27.058 [Test worker] DEBUG com.amazonaws.services.s3.internal.Mimetypes - Ignoring mimetype with no associated file extensions: 'application/vnd.kde.kword'
11:43:27.058 [Test worker] DEBUG com.amazonaws.services.s3.internal.Mimetypes - Ignoring mimetype with no associated file extensions: 'application/vnd.kenameaapp'
11:43:27.058 [Test worker] DEBUG com.amazonaws.services.s3.internal.Mimetypes - Ignoring mimetype with no associated file extensions: 'application/vnd.koan'
11:43:27.058 [Test worker] DEBUG com.amazonaws.services.s3.internal.Mimetypes - Ignoring mimetype with no associated file extensions: 'application/vnd.liberty-request+xml'
11:43:27.058 [Test worker] DEBUG com.amazonaws.services.s3.internal.Mimetypes - Ignoring mimetype with no associated file extensions: 'application/vnd.llamagraphics.life-balance.desktop'
11:43:27.058 [Test worker] DEBUG com.amazonaws.services.s3.internal.Mimetypes - Ignoring mimetype with no associated file extensions: 'application/vnd.llamagraphics.life-balance.exchange+xml'
11:43:27.058 [Test worker] DEBUG com.amazonaws.services.s3.internal.Mimetypes - Ignoring mimetype with no associated file extensions: 'application/vnd.lotus-1-2-3'
11:43:27.058 [Test worker] DEBUG com.amazonaws.services.s3.internal.Mimetypes - Ignoring mimetype with no associated file extensions: 'application/vnd.lotus-approach'
11:43:27.058 [Test worker] DEBUG com.amazonaws.services.s3.internal.Mimetypes - Ignoring mimetype with no associated file extensions: 'application/vnd.lotus-freelance'
11:43:27.058 [Test worker] DEBUG com.amazonaws.services.s3.internal.Mimetypes - Ignoring mimetype with no associated file extensions: 'application/vnd.lotus-notes'
11:43:27.058 [Test worker] DEBUG com.amazonaws.services.s3.internal.Mimetypes - Ignoring mimetype with no associated file extensions: 'application/vnd.lotus-organizer'
11:43:27.058 [Test worker] DEBUG com.amazonaws.services.s3.internal.Mimetypes - Ignoring mimetype with no associated file extensions: 'application/vnd.lotus-screencam'
11:43:27.059 [Test worker] DEBUG com.amazonaws.services.s3.internal.Mimetypes - Ignoring mimetype with no associated file extensions: 'application/vnd.lotus-wordpro'
11:43:27.059 [Test worker] DEBUG com.amazonaws.services.s3.internal.Mimetypes - Ignoring mimetype with no associated file extensions: 'application/vnd.mcd'
11:43:27.059 [Test worker] DEBUG com.amazonaws.services.s3.internal.Mimetypes - Ignoring mimetype with no associated file extensions: 'application/vnd.mediastation.cdkey'
11:43:27.059 [Test worker] DEBUG com.amazonaws.services.s3.internal.Mimetypes - Ignoring mimetype with no associated file extensions: 'application/vnd.meridian-slingshot'
11:43:27.059 [Test worker] DEBUG com.amazonaws.services.s3.internal.Mimetypes - Ignoring mimetype with no associated file extensions: 'application/vnd.micrografx.flo'
11:43:27.059 [Test worker] DEBUG com.amazonaws.services.s3.internal.Mimetypes - Ignoring mimetype with no associated file extensions: 'application/vnd.micrografx.igx'
11:43:27.059 [Test worker] DEBUG com.amazonaws.services.s3.internal.Mimetypes - Setting mime type for extension 'mif' to 'application/vnd.mif'
11:43:27.059 [Test worker] DEBUG com.amazonaws.services.s3.internal.Mimetypes - Ignoring mimetype with no associated file extensions: 'application/vnd.minisoft-hp3000-save'
11:43:27.059 [Test worker] DEBUG com.amazonaws.services.s3.internal.Mimetypes - Ignoring mimetype with no associated file extensions: 'application/vnd.mitsubishi.misty-guard.trustweb'
11:43:27.059 [Test worker] DEBUG com.amazonaws.services.s3.internal.Mimetypes - Ignoring mimetype with no associated file extensions: 'application/vnd.mobius.daf'
11:43:27.059 [Test worker] DEBUG com.amazonaws.services.s3.internal.Mimetypes - Ignoring mimetype with no associated file extensions: 'application/vnd.mobius.dis'
11:43:27.059 [Test worker] DEBUG com.amazonaws.services.s3.internal.Mimetypes - Ignoring mimetype with no associated file extensions: 'application/vnd.mobius.mbk'
11:43:27.059 [Test worker] DEBUG com.amazonaws.services.s3.internal.Mimetypes - Ignoring mimetype with no associated file extensions: 'application/vnd.mobius.mqy'
11:43:27.059 [Test worker] DEBUG com.amazonaws.services.s3.internal.Mimetypes - Ignoring mimetype with no associated file extensions: 'application/vnd.mobius.msl'
11:43:27.059 [Test worker] DEBUG com.amazonaws.services.s3.internal.Mimetypes - Ignoring mimetype with no associated file extensions: 'application/vnd.mobius.plc'
11:43:27.059 [Test worker] DEBUG com.amazonaws.services.s3.internal.Mimetypes - Ignoring mimetype with no associated file extensions: 'application/vnd.mobius.txf'
11:43:27.059 [Test worker] DEBUG com.amazonaws.services.s3.internal.Mimetypes - Ignoring mimetype with no associated file extensions: 'application/vnd.mophun.application'
11:43:27.059 [Test worker] DEBUG com.amazonaws.services.s3.internal.Mimetypes - Ignoring mimetype with no associated file extensions: 'application/vnd.mophun.certificate'
11:43:27.059 [Test worker] DEBUG com.amazonaws.services.s3.internal.Mimetypes - Ignoring mimetype with no associated file extensions: 'application/vnd.motorola.flexsuite'
11:43:27.059 [Test worker] DEBUG com.amazonaws.services.s3.internal.Mimetypes - Ignoring mimetype with no associated file extensions: 'application/vnd.motorola.flexsuite.adsi'
11:43:27.059 [Test worker] DEBUG com.amazonaws.services.s3.internal.Mimetypes - Ignoring mimetype with no associated file extensions: 'application/vnd.motorola.flexsuite.fis'
11:43:27.059 [Test worker] DEBUG com.amazonaws.services.s3.internal.Mimetypes - Ignoring mimetype with no associated file extensions: 'application/vnd.motorola.flexsuite.gotap'
11:43:27.059 [Test worker] DEBUG com.amazonaws.services.s3.internal.Mimetypes - Ignoring mimetype with no associated file extensions: 'application/vnd.motorola.flexsuite.kmr'
11:43:27.059 [Test worker] DEBUG com.amazonaws.services.s3.internal.Mimetypes - Ignoring mimetype with no associated file extensions: 'application/vnd.motorola.flexsuite.ttc'
11:43:27.059 [Test worker] DEBUG com.amazonaws.services.s3.internal.Mimetypes - Ignoring mimetype with no associated file extensions: 'application/vnd.motorola.flexsuite.wem'
11:43:27.059 [Test worker] DEBUG com.amazonaws.services.s3.internal.Mimetypes - Setting mime type for extension 'xul' to 'application/vnd.mozilla.xul+xml'
11:43:27.059 [Test worker] DEBUG com.amazonaws.services.s3.internal.Mimetypes - Ignoring mimetype with no associated file extensions: 'application/vnd.ms-artgalry'
11:43:27.059 [Test worker] DEBUG com.amazonaws.services.s3.internal.Mimetypes - Ignoring mimetype with no associated file extensions: 'application/vnd.ms-asf'
11:43:27.059 [Test worker] DEBUG com.amazonaws.services.s3.internal.Mimetypes - Setting mime type for extension 'xls' to 'application/vnd.ms-excel'
11:43:27.059 [Test worker] DEBUG com.amazonaws.services.s3.internal.Mimetypes - Ignoring mimetype with no associated file extensions: 'application/vnd.ms-lrm'
11:43:27.059 [Test worker] DEBUG com.amazonaws.services.s3.internal.Mimetypes - Setting mime type for extension 'ppt' to 'application/vnd.ms-powerpoint'
11:43:27.059 [Test worker] DEBUG com.amazonaws.services.s3.internal.Mimetypes - Ignoring mimetype with no associated file extensions: 'application/vnd.ms-project'
11:43:27.059 [Test worker] DEBUG com.amazonaws.services.s3.internal.Mimetypes - Ignoring mimetype with no associated file extensions: 'application/vnd.ms-tnef'
11:43:27.059 [Test worker] DEBUG com.amazonaws.services.s3.internal.Mimetypes - Ignoring mimetype with no associated file extensions: 'application/vnd.ms-works'
11:43:27.059 [Test worker] DEBUG com.amazonaws.services.s3.internal.Mimetypes - Ignoring mimetype with no associated file extensions: 'application/vnd.ms-wpl'
11:43:27.059 [Test worker] DEBUG com.amazonaws.services.s3.internal.Mimetypes - Ignoring mimetype with no associated file extensions: 'application/vnd.mseq'
11:43:27.059 [Test worker] DEBUG com.amazonaws.services.s3.internal.Mimetypes - Ignoring mimetype with no associated file extensions: 'application/vnd.msign'
11:43:27.059 [Test worker] DEBUG com.amazonaws.services.s3.internal.Mimetypes - Ignoring mimetype with no associated file extensions: 'application/vnd.music-niff'
11:43:27.059 [Test worker] DEBUG com.amazonaws.services.s3.internal.Mimetypes - Ignoring mimetype with no associated file extensions: 'application/vnd.musician'
11:43:27.059 [Test worker] DEBUG com.amazonaws.services.s3.internal.Mimetypes - Ignoring mimetype with no associated file extensions: 'application/vnd.netfpx'
11:43:27.059 [Test worker] DEBUG com.amazonaws.services.s3.internal.Mimetypes - Ignoring mimetype with no associated file extensions: 'application/vnd.noblenet-directory'
11:43:27.059 [Test worker] DEBUG com.amazonaws.services.s3.internal.Mimetypes - Ignoring mimetype with no associated file extensions: 'application/vnd.noblenet-sealer'
11:43:27.059 [Test worker] DEBUG com.amazonaws.services.s3.internal.Mimetypes - Ignoring mimetype with no associated file extensions: 'application/vnd.noblenet-web'
11:43:27.059 [Test worker] DEBUG com.amazonaws.services.s3.internal.Mimetypes - Ignoring mimetype with no associated file extensions: 'application/vnd.novadigm.edm'
11:43:27.059 [Test worker] DEBUG com.amazonaws.services.s3.internal.Mimetypes - Ignoring mimetype with no associated file extensions: 'application/vnd.novadigm.edx'
11:43:27.059 [Test worker] DEBUG com.amazonaws.services.s3.internal.Mimetypes - Ignoring mimetype with no associated file extensions: 'application/vnd.novadigm.ext'
11:43:27.059 [Test worker] DEBUG com.amazonaws.services.s3.internal.Mimetypes - Ignoring mimetype with no associated file extensions: 'application/vnd.obn'
11:43:27.059 [Test worker] DEBUG com.amazonaws.services.s3.internal.Mimetypes - Ignoring mimetype with no associated file extensions: 'application/vnd.osa.netdeploy'
11:43:27.059 [Test worker] DEBUG com.amazonaws.services.s3.internal.Mimetypes - Ignoring mimetype with no associated file extensions: 'application/vnd.palm'
11:43:27.059 [Test worker] DEBUG com.amazonaws.services.s3.internal.Mimetypes - Ignoring mimetype with no associated file extensions: 'application/vnd.pg.format'
11:43:27.059 [Test worker] DEBUG com.amazonaws.services.s3.internal.Mimetypes - Ignoring mimetype with no associated file extensions: 'application/vnd.pg.osasli'
11:43:27.059 [Test worker] DEBUG com.amazonaws.services.s3.internal.Mimetypes - Ignoring mimetype with no associated file extensions: 'application/vnd.powerbuilder6'
11:43:27.060 [Test worker] DEBUG com.amazonaws.services.s3.internal.Mimetypes - Ignoring mimetype with no associated file extensions: 'application/vnd.powerbuilder6-s'
11:43:27.060 [Test worker] DEBUG com.amazonaws.services.s3.internal.Mimetypes - Ignoring mimetype with no associated file extensions: 'application/vnd.powerbuilder7'
11:43:27.060 [Test worker] DEBUG com.amazonaws.services.s3.internal.Mimetypes - Ignoring mimetype with no associated file extensions: 'application/vnd.powerbuilder7-s'
11:43:27.060 [Test worker] DEBUG com.amazonaws.services.s3.internal.Mimetypes - Ignoring mimetype with no associated file extensions: 'application/vnd.powerbuilder75'
11:43:27.060 [Test worker] DEBUG com.amazonaws.services.s3.internal.Mimetypes - Ignoring mimetype with no associated file extensions: 'application/vnd.powerbuilder75-s'
11:43:27.060 [Test worker] DEBUG com.amazonaws.services.s3.internal.Mimetypes - Ignoring mimetype with no associated file extensions: 'application/vnd.previewsystems.box'
11:43:27.060 [Test worker] DEBUG com.amazonaws.services.s3.internal.Mimetypes - Ignoring mimetype with no associated file extensions: 'application/vnd.publishare-delta-tree'
11:43:27.060 [Test worker] DEBUG com.amazonaws.services.s3.internal.Mimetypes - Ignoring mimetype with no associated file extensions: 'application/vnd.pvi.ptid1'
11:43:27.060 [Test worker] DEBUG com.amazonaws.services.s3.internal.Mimetypes - Ignoring mimetype with no associated file extensions: 'application/vnd.pwg-multiplexed'
11:43:27.060 [Test worker] DEBUG com.amazonaws.services.s3.internal.Mimetypes - Ignoring mimetype with no associated file extensions: 'application/vnd.pwg-xhtml-print+xml'
11:43:27.060 [Test worker] DEBUG com.amazonaws.services.s3.internal.Mimetypes - Ignoring mimetype with no associated file extensions: 'application/vnd.quark.quarkxpress'
11:43:27.060 [Test worker] DEBUG com.amazonaws.services.s3.internal.Mimetypes - Ignoring mimetype with no associated file extensions: 'application/vnd.rapid'
11:43:27.060 [Test worker] DEBUG com.amazonaws.services.s3.internal.Mimetypes - Setting mime type for extension 'rm' to 'application/vnd.rn-realmedia'
11:43:27.060 [Test worker] DEBUG com.amazonaws.services.s3.internal.Mimetypes - Ignoring mimetype with no associated file extensions: 'application/vnd.s3sms'
11:43:27.060 [Test worker] DEBUG com.amazonaws.services.s3.internal.Mimetypes - Ignoring mimetype with no associated file extensions: 'application/vnd.sealed.net'
11:43:27.060 [Test worker] DEBUG com.amazonaws.services.s3.internal.Mimetypes - Ignoring mimetype with no associated file extensions: 'application/vnd.seemail'
11:43:27.060 [Test worker] DEBUG com.amazonaws.services.s3.internal.Mimetypes - Ignoring mimetype with no associated file extensions: 'application/vnd.shana.informed.formdata'
11:43:27.060 [Test worker] DEBUG com.amazonaws.services.s3.internal.Mimetypes - Ignoring mimetype with no associated file extensions: 'application/vnd.shana.informed.formtemplate'
11:43:27.060 [Test worker] DEBUG com.amazonaws.services.s3.internal.Mimetypes - Ignoring mimetype with no associated file extensions: 'application/vnd.shana.informed.interchange'
11:43:27.060 [Test worker] DEBUG com.amazonaws.services.s3.internal.Mimetypes - Ignoring mimetype with no associated file extensions: 'application/vnd.shana.informed.package'
11:43:27.060 [Test worker] DEBUG com.amazonaws.services.s3.internal.Mimetypes - Ignoring mimetype with no associated file extensions: 'application/vnd.smaf'
11:43:27.060 [Test worker] DEBUG com.amazonaws.services.s3.internal.Mimetypes - Ignoring mimetype with no associated file extensions: 'application/vnd.sss-cod'
11:43:27.060 [Test worker] DEBUG com.amazonaws.services.s3.internal.Mimetypes - Ignoring mimetype with no associated file extensions: 'application/vnd.sss-dtf'
11:43:27.060 [Test worker] DEBUG com.amazonaws.services.s3.internal.Mimetypes - Ignoring mimetype with no associated file extensions: 'application/vnd.sss-ntf'
11:43:27.060 [Test worker] DEBUG com.amazonaws.services.s3.internal.Mimetypes - Ignoring mimetype with no associated file extensions: 'application/vnd.street-stream'
11:43:27.060 [Test worker] DEBUG com.amazonaws.services.s3.internal.Mimetypes - Ignoring mimetype with no associated file extensions: 'application/vnd.svd'
11:43:27.060 [Test worker] DEBUG com.amazonaws.services.s3.internal.Mimetypes - Ignoring mimetype with no associated file extensions: 'application/vnd.swiftview-ics'
11:43:27.060 [Test worker] DEBUG com.amazonaws.services.s3.internal.Mimetypes - Ignoring mimetype with no associated file extensions: 'application/vnd.triscape.mxs'
11:43:27.060 [Test worker] DEBUG com.amazonaws.services.s3.internal.Mimetypes - Ignoring mimetype with no associated file extensions: 'application/vnd.trueapp'
11:43:27.060 [Test worker] DEBUG com.amazonaws.services.s3.internal.Mimetypes - Ignoring mimetype with no associated file extensions: 'application/vnd.truedoc'
11:43:27.060 [Test worker] DEBUG com.amazonaws.services.s3.internal.Mimetypes - Ignoring mimetype with no associated file extensions: 'application/vnd.ufdl'
11:43:27.060 [Test worker] DEBUG com.amazonaws.services.s3.internal.Mimetypes - Ignoring mimetype with no associated file extensions: 'application/vnd.uplanet.alert'
11:43:27.060 [Test worker] DEBUG com.amazonaws.services.s3.internal.Mimetypes - Ignoring mimetype with no associated file extensions: 'application/vnd.uplanet.alert-wbxml'
11:43:27.060 [Test worker] DEBUG com.amazonaws.services.s3.internal.Mimetypes - Ignoring mimetype with no associated file extensions: 'application/vnd.uplanet.bearer-choice'
11:43:27.060 [Test worker] DEBUG com.amazonaws.services.s3.internal.Mimetypes - Ignoring mimetype with no associated file extensions: 'application/vnd.uplanet.bearer-choice-wbxml'
11:43:27.060 [Test worker] DEBUG com.amazonaws.services.s3.internal.Mimetypes - Ignoring mimetype with no associated file extensions: 'application/vnd.uplanet.cacheop'
11:43:27.060 [Test worker] DEBUG com.amazonaws.services.s3.internal.Mimetypes - Ignoring mimetype with no associated file extensions: 'application/vnd.uplanet.cacheop-wbxml'
11:43:27.060 [Test worker] DEBUG com.amazonaws.services.s3.internal.Mimetypes - Ignoring mimetype with no associated file extensions: 'application/vnd.uplanet.channel'
11:43:27.060 [Test worker] DEBUG com.amazonaws.services.s3.internal.Mimetypes - Ignoring mimetype with no associated file extensions: 'application/vnd.uplanet.channel-wbxml'
11:43:27.060 [Test worker] DEBUG com.amazonaws.services.s3.internal.Mimetypes - Ignoring mimetype with no associated file extensions: 'application/vnd.uplanet.list'
11:43:27.060 [Test worker] DEBUG com.amazonaws.services.s3.internal.Mimetypes - Ignoring mimetype with no associated file extensions: 'application/vnd.uplanet.list-wbxml'
11:43:27.060 [Test worker] DEBUG com.amazonaws.services.s3.internal.Mimetypes - Ignoring mimetype with no associated file extensions: 'application/vnd.uplanet.listcmd'
11:43:27.060 [Test worker] DEBUG com.amazonaws.services.s3.internal.Mimetypes - Ignoring mimetype with no associated file extensions: 'application/vnd.uplanet.listcmd-wbxml'
11:43:27.060 [Test worker] DEBUG com.amazonaws.services.s3.internal.Mimetypes - Ignoring mimetype with no associated file extensions: 'application/vnd.uplanet.signal'
11:43:27.060 [Test worker] DEBUG com.amazonaws.services.s3.internal.Mimetypes - Ignoring mimetype with no associated file extensions: 'application/vnd.vcx'
11:43:27.060 [Test worker] DEBUG com.amazonaws.services.s3.internal.Mimetypes - Ignoring mimetype with no associated file extensions: 'application/vnd.vectorworks'
11:43:27.060 [Test worker] DEBUG com.amazonaws.services.s3.internal.Mimetypes - Ignoring mimetype with no associated file extensions: 'application/vnd.vidsoft.vidconference'
11:43:27.060 [Test worker] DEBUG com.amazonaws.services.s3.internal.Mimetypes - Ignoring mimetype with no associated file extensions: 'application/vnd.visio'
11:43:27.060 [Test worker] DEBUG com.amazonaws.services.s3.internal.Mimetypes - Ignoring mimetype with no associated file extensions: 'application/vnd.visionary'
11:43:27.060 [Test worker] DEBUG com.amazonaws.services.s3.internal.Mimetypes - Ignoring mimetype with no associated file extensions: 'application/vnd.vividence.scriptfile'
11:43:27.060 [Test worker] DEBUG com.amazonaws.services.s3.internal.Mimetypes - Ignoring mimetype with no associated file extensions: 'application/vnd.vsf'
11:43:27.060 [Test worker] DEBUG com.amazonaws.services.s3.internal.Mimetypes - Ignoring mimetype with no associated file extensions: 'application/vnd.wap.sic'
11:43:27.060 [Test worker] DEBUG com.amazonaws.services.s3.internal.Mimetypes - Ignoring mimetype with no associated file extensions: 'application/vnd.wap.slc'
11:43:27.060 [Test worker] DEBUG com.amazonaws.services.s3.internal.Mimetypes - Setting mime type for extension 'wbxml' to 'application/vnd.wap.wbxml'
11:43:27.060 [Test worker] DEBUG com.amazonaws.services.s3.internal.Mimetypes - Setting mime type for extension 'wmlc' to 'application/vnd.wap.wmlc'
11:43:27.060 [Test worker] DEBUG com.amazonaws.services.s3.internal.Mimetypes - Setting mime type for extension 'wmlsc' to 'application/vnd.wap.wmlscriptc'
11:43:27.060 [Test worker] DEBUG com.amazonaws.services.s3.internal.Mimetypes - Ignoring mimetype with no associated file extensions: 'application/vnd.webturbo'
11:43:27.060 [Test worker] DEBUG com.amazonaws.services.s3.internal.Mimetypes - Ignoring mimetype with no associated file extensions: 'application/vnd.wrq-hp3000-labelled'
11:43:27.061 [Test worker] DEBUG com.amazonaws.services.s3.internal.Mimetypes - Ignoring mimetype with no associated file extensions: 'application/vnd.wt.stf'
11:43:27.061 [Test worker] DEBUG com.amazonaws.services.s3.internal.Mimetypes - Ignoring mimetype with no associated file extensions: 'application/vnd.wv.csp+wbxml'
11:43:27.061 [Test worker] DEBUG com.amazonaws.services.s3.internal.Mimetypes - Ignoring mimetype with no associated file extensions: 'application/vnd.xara'
11:43:27.061 [Test worker] DEBUG com.amazonaws.services.s3.internal.Mimetypes - Ignoring mimetype with no associated file extensions: 'application/vnd.xfdl'
11:43:27.061 [Test worker] DEBUG com.amazonaws.services.s3.internal.Mimetypes - Ignoring mimetype with no associated file extensions: 'application/vnd.yamaha.hv-dic'
11:43:27.061 [Test worker] DEBUG com.amazonaws.services.s3.internal.Mimetypes - Ignoring mimetype with no associated file extensions: 'application/vnd.yamaha.hv-script'
11:43:27.061 [Test worker] DEBUG com.amazonaws.services.s3.internal.Mimetypes - Ignoring mimetype with no associated file extensions: 'application/vnd.yamaha.hv-voice'
11:43:27.061 [Test worker] DEBUG com.amazonaws.services.s3.internal.Mimetypes - Ignoring mimetype with no associated file extensions: 'application/vnd.yellowriver-custom-menu'
11:43:27.061 [Test worker] DEBUG com.amazonaws.services.s3.internal.Mimetypes - Setting mime type for extension 'vxml' to 'application/voicexml+xml'
11:43:27.061 [Test worker] DEBUG com.amazonaws.services.s3.internal.Mimetypes - Ignoring mimetype with no associated file extensions: 'application/watcherinfo+xml'
11:43:27.061 [Test worker] DEBUG com.amazonaws.services.s3.internal.Mimetypes - Ignoring mimetype with no associated file extensions: 'application/whoispp-query'
11:43:27.061 [Test worker] DEBUG com.amazonaws.services.s3.internal.Mimetypes - Ignoring mimetype with no associated file extensions: 'application/whoispp-response'
11:43:27.061 [Test worker] DEBUG com.amazonaws.services.s3.internal.Mimetypes - Ignoring mimetype with no associated file extensions: 'application/wita'
11:43:27.061 [Test worker] DEBUG com.amazonaws.services.s3.internal.Mimetypes - Ignoring mimetype with no associated file extensions: 'application/wordperfect5.1'
11:43:27.061 [Test worker] DEBUG com.amazonaws.services.s3.internal.Mimetypes - Setting mime type for extension 'bcpio' to 'application/x-bcpio'
11:43:27.061 [Test worker] DEBUG com.amazonaws.services.s3.internal.Mimetypes - Setting mime type for extension 'vcd' to 'application/x-cdlink'
11:43:27.061 [Test worker] DEBUG com.amazonaws.services.s3.internal.Mimetypes - Setting mime type for extension 'pgn' to 'application/x-chess-pgn'
11:43:27.061 [Test worker] DEBUG com.amazonaws.services.s3.internal.Mimetypes - Ignoring mimetype with no associated file extensions: 'application/x-compress'
11:43:27.061 [Test worker] DEBUG com.amazonaws.services.s3.internal.Mimetypes - Setting mime type for extension 'cpio' to 'application/x-cpio'
11:43:27.061 [Test worker] DEBUG com.amazonaws.services.s3.internal.Mimetypes - Setting mime type for extension 'csh' to 'application/x-csh'
11:43:27.061 [Test worker] DEBUG com.amazonaws.services.s3.internal.Mimetypes - Setting mime type for extension 'dcr' to 'application/x-director'
11:43:27.061 [Test worker] DEBUG com.amazonaws.services.s3.internal.Mimetypes - Setting mime type for extension 'dir' to 'application/x-director'
11:43:27.061 [Test worker] DEBUG com.amazonaws.services.s3.internal.Mimetypes - Setting mime type for extension 'dxr' to 'application/x-director'
11:43:27.061 [Test worker] DEBUG com.amazonaws.services.s3.internal.Mimetypes - Setting mime type for extension 'dvi' to 'application/x-dvi'
11:43:27.061 [Test worker] DEBUG com.amazonaws.services.s3.internal.Mimetypes - Setting mime type for extension 'spl' to 'application/x-futuresplash'
11:43:27.061 [Test worker] DEBUG com.amazonaws.services.s3.internal.Mimetypes - Setting mime type for extension 'gtar' to 'application/x-gtar'
11:43:27.061 [Test worker] DEBUG com.amazonaws.services.s3.internal.Mimetypes - Setting mime type for extension 'gz' to 'application/x-gzip'
11:43:27.061 [Test worker] DEBUG com.amazonaws.services.s3.internal.Mimetypes - Setting mime type for extension 'hdf' to 'application/x-hdf'
11:43:27.061 [Test worker] DEBUG com.amazonaws.services.s3.internal.Mimetypes - Setting mime type for extension 'js' to 'application/x-javascript'
11:43:27.061 [Test worker] DEBUG com.amazonaws.services.s3.internal.Mimetypes - Setting mime type for extension 'jnlp' to 'application/x-java-jnlp-file'
11:43:27.061 [Test worker] DEBUG com.amazonaws.services.s3.internal.Mimetypes - Setting mime type for extension 'skp' to 'application/x-koan'
11:43:27.061 [Test worker] DEBUG com.amazonaws.services.s3.internal.Mimetypes - Setting mime type for extension 'skd' to 'application/x-koan'
11:43:27.061 [Test worker] DEBUG com.amazonaws.services.s3.internal.Mimetypes - Setting mime type for extension 'skt' to 'application/x-koan'
11:43:27.061 [Test worker] DEBUG com.amazonaws.services.s3.internal.Mimetypes - Setting mime type for extension 'skm' to 'application/x-koan'
11:43:27.061 [Test worker] DEBUG com.amazonaws.services.s3.internal.Mimetypes - Setting mime type for extension 'latex' to 'application/x-latex'
11:43:27.061 [Test worker] DEBUG com.amazonaws.services.s3.internal.Mimetypes - Setting mime type for extension 'nc' to 'application/x-netcdf'
11:43:27.061 [Test worker] DEBUG com.amazonaws.services.s3.internal.Mimetypes - Setting mime type for extension 'cdf' to 'application/x-netcdf'
11:43:27.061 [Test worker] DEBUG com.amazonaws.services.s3.internal.Mimetypes - Setting mime type for extension 'sh' to 'application/x-sh'
11:43:27.061 [Test worker] DEBUG com.amazonaws.services.s3.internal.Mimetypes - Setting mime type for extension 'shar' to 'application/x-shar'
11:43:27.061 [Test worker] DEBUG com.amazonaws.services.s3.internal.Mimetypes - Setting mime type for extension 'swf' to 'application/x-shockwave-flash'
11:43:27.061 [Test worker] DEBUG com.amazonaws.services.s3.internal.Mimetypes - Setting mime type for extension 'sit' to 'application/x-stuffit'
11:43:27.061 [Test worker] DEBUG com.amazonaws.services.s3.internal.Mimetypes - Setting mime type for extension 'sv4cpio' to 'application/x-sv4cpio'
11:43:27.061 [Test worker] DEBUG com.amazonaws.services.s3.internal.Mimetypes - Setting mime type for extension 'sv4crc' to 'application/x-sv4crc'
11:43:27.061 [Test worker] DEBUG com.amazonaws.services.s3.internal.Mimetypes - Setting mime type for extension 'tar' to 'application/x-tar'
11:43:27.061 [Test worker] DEBUG com.amazonaws.services.s3.internal.Mimetypes - Setting mime type for extension 'tcl' to 'application/x-tcl'
11:43:27.061 [Test worker] DEBUG com.amazonaws.services.s3.internal.Mimetypes - Setting mime type for extension 'tex' to 'application/x-tex'
11:43:27.061 [Test worker] DEBUG com.amazonaws.services.s3.internal.Mimetypes - Setting mime type for extension 'texinfo' to 'application/x-texinfo'
11:43:27.061 [Test worker] DEBUG com.amazonaws.services.s3.internal.Mimetypes - Setting mime type for extension 'texi' to 'application/x-texinfo'
11:43:27.061 [Test worker] DEBUG com.amazonaws.services.s3.internal.Mimetypes - Setting mime type for extension 't' to 'application/x-troff'
11:43:27.061 [Test worker] DEBUG com.amazonaws.services.s3.internal.Mimetypes - Setting mime type for extension 'tr' to 'application/x-troff'
11:43:27.061 [Test worker] DEBUG com.amazonaws.services.s3.internal.Mimetypes - Setting mime type for extension 'roff' to 'application/x-troff'
11:43:27.061 [Test worker] DEBUG com.amazonaws.services.s3.internal.Mimetypes - Setting mime type for extension 'man' to 'application/x-troff-man'
11:43:27.061 [Test worker] DEBUG com.amazonaws.services.s3.internal.Mimetypes - Setting mime type for extension 'me' to 'application/x-troff-me'
11:43:27.061 [Test worker] DEBUG com.amazonaws.services.s3.internal.Mimetypes - Setting mime type for extension 'ms' to 'application/x-troff-ms'
11:43:27.062 [Test worker] DEBUG com.amazonaws.services.s3.internal.Mimetypes - Setting mime type for extension 'ustar' to 'application/x-ustar'
11:43:27.062 [Test worker] DEBUG com.amazonaws.services.s3.internal.Mimetypes - Setting mime type for extension 'src' to 'application/x-wais-source'
11:43:27.062 [Test worker] DEBUG com.amazonaws.services.s3.internal.Mimetypes - Ignoring mimetype with no associated file extensions: 'application/x400-bp'
11:43:27.062 [Test worker] DEBUG com.amazonaws.services.s3.internal.Mimetypes - Setting mime type for extension 'xhtml' to 'application/xhtml+xml'
11:43:27.062 [Test worker] DEBUG com.amazonaws.services.s3.internal.Mimetypes - Setting mime type for extension 'xht' to 'application/xhtml+xml'
11:43:27.062 [Test worker] DEBUG com.amazonaws.services.s3.internal.Mimetypes - Setting mime type for extension 'xslt' to 'application/xslt+xml'
11:43:27.062 [Test worker] DEBUG com.amazonaws.services.s3.internal.Mimetypes - Setting mime type for extension 'xml' to 'application/xml'
11:43:27.062 [Test worker] DEBUG com.amazonaws.services.s3.internal.Mimetypes - Setting mime type for extension 'xsl' to 'application/xml'
11:43:27.062 [Test worker] DEBUG com.amazonaws.services.s3.internal.Mimetypes - Setting mime type for extension 'dtd' to 'application/xml-dtd'
11:43:27.062 [Test worker] DEBUG com.amazonaws.services.s3.internal.Mimetypes - Ignoring mimetype with no associated file extensions: 'application/xml-external-parsed-entity'
11:43:27.062 [Test worker] DEBUG com.amazonaws.services.s3.internal.Mimetypes - Setting mime type for extension 'zip' to 'application/zip'
11:43:27.062 [Test worker] DEBUG com.amazonaws.services.s3.internal.Mimetypes - Ignoring mimetype with no associated file extensions: 'audio/32kadpcm'
11:43:27.062 [Test worker] DEBUG com.amazonaws.services.s3.internal.Mimetypes - Ignoring mimetype with no associated file extensions: 'audio/amr'
11:43:27.062 [Test worker] DEBUG com.amazonaws.services.s3.internal.Mimetypes - Ignoring mimetype with no associated file extensions: 'audio/amr-wb'
11:43:27.062 [Test worker] DEBUG com.amazonaws.services.s3.internal.Mimetypes - Setting mime type for extension 'au' to 'audio/basic'
11:43:27.062 [Test worker] DEBUG com.amazonaws.services.s3.internal.Mimetypes - Setting mime type for extension 'snd' to 'audio/basic'
11:43:27.062 [Test worker] DEBUG com.amazonaws.services.s3.internal.Mimetypes - Ignoring mimetype with no associated file extensions: 'audio/cn'
11:43:27.062 [Test worker] DEBUG com.amazonaws.services.s3.internal.Mimetypes - Ignoring mimetype with no associated file extensions: 'audio/dat12'
11:43:27.062 [Test worker] DEBUG com.amazonaws.services.s3.internal.Mimetypes - Ignoring mimetype with no associated file extensions: 'audio/dsr-es201108'
11:43:27.062 [Test worker] DEBUG com.amazonaws.services.s3.internal.Mimetypes - Ignoring mimetype with no associated file extensions: 'audio/dvi4'
11:43:27.062 [Test worker] DEBUG com.amazonaws.services.s3.internal.Mimetypes - Ignoring mimetype with no associated file extensions: 'audio/evrc'
11:43:27.062 [Test worker] DEBUG com.amazonaws.services.s3.internal.Mimetypes - Ignoring mimetype with no associated file extensions: 'audio/evrc0'
11:43:27.062 [Test worker] DEBUG com.amazonaws.services.s3.internal.Mimetypes - Ignoring mimetype with no associated file extensions: 'audio/g722'
11:43:27.062 [Test worker] DEBUG com.amazonaws.services.s3.internal.Mimetypes - Ignoring mimetype with no associated file extensions: 'audio/g.722.1'
11:43:27.062 [Test worker] DEBUG com.amazonaws.services.s3.internal.Mimetypes - Ignoring mimetype with no associated file extensions: 'audio/g723'
11:43:27.062 [Test worker] DEBUG com.amazonaws.services.s3.internal.Mimetypes - Ignoring mimetype with no associated file extensions: 'audio/g726-16'
11:43:27.062 [Test worker] DEBUG com.amazonaws.services.s3.internal.Mimetypes - Ignoring mimetype with no associated file extensions: 'audio/g726-24'
11:43:27.062 [Test worker] DEBUG com.amazonaws.services.s3.internal.Mimetypes - Ignoring mimetype with no associated file extensions: 'audio/g726-32'
11:43:27.062 [Test worker] DEBUG com.amazonaws.services.s3.internal.Mimetypes - Ignoring mimetype with no associated file extensions: 'audio/g726-40'
11:43:27.062 [Test worker] DEBUG com.amazonaws.services.s3.internal.Mimetypes - Ignoring mimetype with no associated file extensions: 'audio/g728'
11:43:27.062 [Test worker] DEBUG com.amazonaws.services.s3.internal.Mimetypes - Ignoring mimetype with no associated file extensions: 'audio/g729'
11:43:27.062 [Test worker] DEBUG com.amazonaws.services.s3.internal.Mimetypes - Ignoring mimetype with no associated file extensions: 'audio/g729D'
11:43:27.062 [Test worker] DEBUG com.amazonaws.services.s3.internal.Mimetypes - Ignoring mimetype with no associated file extensions: 'audio/g729E'
11:43:27.062 [Test worker] DEBUG com.amazonaws.services.s3.internal.Mimetypes - Ignoring mimetype with no associated file extensions: 'audio/gsm'
11:43:27.062 [Test worker] DEBUG com.amazonaws.services.s3.internal.Mimetypes - Ignoring mimetype with no associated file extensions: 'audio/gsm-efr'
11:43:27.062 [Test worker] DEBUG com.amazonaws.services.s3.internal.Mimetypes - Ignoring mimetype with no associated file extensions: 'audio/l8'
11:43:27.062 [Test worker] DEBUG com.amazonaws.services.s3.internal.Mimetypes - Ignoring mimetype with no associated file extensions: 'audio/l16'
11:43:27.062 [Test worker] DEBUG com.amazonaws.services.s3.internal.Mimetypes - Ignoring mimetype with no associated file extensions: 'audio/l20'
11:43:27.062 [Test worker] DEBUG com.amazonaws.services.s3.internal.Mimetypes - Ignoring mimetype with no associated file extensions: 'audio/l24'
11:43:27.062 [Test worker] DEBUG com.amazonaws.services.s3.internal.Mimetypes - Ignoring mimetype with no associated file extensions: 'audio/lpc'
11:43:27.062 [Test worker] DEBUG com.amazonaws.services.s3.internal.Mimetypes - Setting mime type for extension 'mid' to 'audio/midi'
11:43:27.062 [Test worker] DEBUG com.amazonaws.services.s3.internal.Mimetypes - Setting mime type for extension 'midi' to 'audio/midi'
11:43:27.062 [Test worker] DEBUG com.amazonaws.services.s3.internal.Mimetypes - Setting mime type for extension 'kar' to 'audio/midi'
11:43:27.062 [Test worker] DEBUG com.amazonaws.services.s3.internal.Mimetypes - Ignoring mimetype with no associated file extensions: 'audio/mpa'
11:43:27.062 [Test worker] DEBUG com.amazonaws.services.s3.internal.Mimetypes - Ignoring mimetype with no associated file extensions: 'audio/mpa-robust'
11:43:27.062 [Test worker] DEBUG com.amazonaws.services.s3.internal.Mimetypes - Setting mime type for extension 'm4a' to 'audio/mp4a-latm'
11:43:27.062 [Test worker] DEBUG com.amazonaws.services.s3.internal.Mimetypes - Setting mime type for extension 'm4p' to 'audio/mp4a-latm'
11:43:27.062 [Test worker] DEBUG com.amazonaws.services.s3.internal.Mimetypes - Setting mime type for extension 'mpga' to 'audio/mpeg'
11:43:27.062 [Test worker] DEBUG com.amazonaws.services.s3.internal.Mimetypes - Setting mime type for extension 'mp2' to 'audio/mpeg'
11:43:27.062 [Test worker] DEBUG com.amazonaws.services.s3.internal.Mimetypes - Setting mime type for extension 'mp3' to 'audio/mpeg'
11:43:27.062 [Test worker] DEBUG com.amazonaws.services.s3.internal.Mimetypes - Ignoring mimetype with no associated file extensions: 'audio/parityfec'
11:43:27.062 [Test worker] DEBUG com.amazonaws.services.s3.internal.Mimetypes - Ignoring mimetype with no associated file extensions: 'audio/pcma'
11:43:27.062 [Test worker] DEBUG com.amazonaws.services.s3.internal.Mimetypes - Ignoring mimetype with no associated file extensions: 'audio/pcmu'
11:43:27.062 [Test worker] DEBUG com.amazonaws.services.s3.internal.Mimetypes - Ignoring mimetype with no associated file extensions: 'audio/prs.sid'
11:43:27.062 [Test worker] DEBUG com.amazonaws.services.s3.internal.Mimetypes - Ignoring mimetype with no associated file extensions: 'audio/qcelp'
11:43:27.062 [Test worker] DEBUG com.amazonaws.services.s3.internal.Mimetypes - Ignoring mimetype with no associated file extensions: 'audio/red'
11:43:27.062 [Test worker] DEBUG com.amazonaws.services.s3.internal.Mimetypes - Ignoring mimetype with no associated file extensions: 'audio/smv'
11:43:27.062 [Test worker] DEBUG com.amazonaws.services.s3.internal.Mimetypes - Ignoring mimetype with no associated file extensions: 'audio/smv0'
11:43:27.062 [Test worker] DEBUG com.amazonaws.services.s3.internal.Mimetypes - Ignoring mimetype with no associated file extensions: 'audio/telephone-event'
11:43:27.062 [Test worker] DEBUG com.amazonaws.services.s3.internal.Mimetypes - Ignoring mimetype with no associated file extensions: 'audio/tone'
11:43:27.062 [Test worker] DEBUG com.amazonaws.services.s3.internal.Mimetypes - Ignoring mimetype with no associated file extensions: 'audio/vdvi'
11:43:27.062 [Test worker] DEBUG com.amazonaws.services.s3.internal.Mimetypes - Ignoring mimetype with no associated file extensions: 'audio/vnd.3gpp.iufp'
11:43:27.062 [Test worker] DEBUG com.amazonaws.services.s3.internal.Mimetypes - Ignoring mimetype with no associated file extensions: 'audio/vnd.cisco.nse'
11:43:27.062 [Test worker] DEBUG com.amazonaws.services.s3.internal.Mimetypes - Ignoring mimetype with no associated file extensions: 'audio/vnd.cns.anp1'
11:43:27.062 [Test worker] DEBUG com.amazonaws.services.s3.internal.Mimetypes - Ignoring mimetype with no associated file extensions: 'audio/vnd.cns.inf1'
11:43:27.063 [Test worker] DEBUG com.amazonaws.services.s3.internal.Mimetypes - Ignoring mimetype with no associated file extensions: 'audio/vnd.digital-winds'
11:43:27.063 [Test worker] DEBUG com.amazonaws.services.s3.internal.Mimetypes - Ignoring mimetype with no associated file extensions: 'audio/vnd.everad.plj'
11:43:27.063 [Test worker] DEBUG com.amazonaws.services.s3.internal.Mimetypes - Ignoring mimetype with no associated file extensions: 'audio/vnd.lucent.voice'
11:43:27.063 [Test worker] DEBUG com.amazonaws.services.s3.internal.Mimetypes - Ignoring mimetype with no associated file extensions: 'audio/vnd.nortel.vbk'
11:43:27.063 [Test worker] DEBUG com.amazonaws.services.s3.internal.Mimetypes - Ignoring mimetype with no associated file extensions: 'audio/vnd.nuera.ecelp4800'
11:43:27.063 [Test worker] DEBUG com.amazonaws.services.s3.internal.Mimetypes - Ignoring mimetype with no associated file extensions: 'audio/vnd.nuera.ecelp7470'
11:43:27.063 [Test worker] DEBUG com.amazonaws.services.s3.internal.Mimetypes - Ignoring mimetype with no associated file extensions: 'audio/vnd.nuera.ecelp9600'
11:43:27.063 [Test worker] DEBUG com.amazonaws.services.s3.internal.Mimetypes - Ignoring mimetype with no associated file extensions: 'audio/vnd.octel.sbc'
11:43:27.063 [Test worker] DEBUG com.amazonaws.services.s3.internal.Mimetypes - Ignoring mimetype with no associated file extensions: 'audio/vnd.qcelp'
11:43:27.063 [Test worker] DEBUG com.amazonaws.services.s3.internal.Mimetypes - Ignoring mimetype with no associated file extensions: 'audio/vnd.rhetorex.32kadpcm'
11:43:27.063 [Test worker] DEBUG com.amazonaws.services.s3.internal.Mimetypes - Ignoring mimetype with no associated file extensions: 'audio/vnd.vmx.cvsd'
11:43:27.063 [Test worker] DEBUG com.amazonaws.services.s3.internal.Mimetypes - Setting mime type for extension 'aif' to 'audio/x-aiff'
11:43:27.063 [Test worker] DEBUG com.amazonaws.services.s3.internal.Mimetypes - Setting mime type for extension 'aiff' to 'audio/x-aiff'
11:43:27.063 [Test worker] DEBUG com.amazonaws.services.s3.internal.Mimetypes - Setting mime type for extension 'aifc' to 'audio/x-aiff'
11:43:27.063 [Test worker] DEBUG com.amazonaws.services.s3.internal.Mimetypes - Ignoring mimetype with no associated file extensions: 'audio/x-alaw-basic'
11:43:27.063 [Test worker] DEBUG com.amazonaws.services.s3.internal.Mimetypes - Setting mime type for extension 'm3u' to 'audio/x-mpegurl'
11:43:27.063 [Test worker] DEBUG com.amazonaws.services.s3.internal.Mimetypes - Setting mime type for extension 'ram' to 'audio/x-pn-realaudio'
11:43:27.063 [Test worker] DEBUG com.amazonaws.services.s3.internal.Mimetypes - Setting mime type for extension 'ra' to 'audio/x-pn-realaudio'
11:43:27.063 [Test worker] DEBUG com.amazonaws.services.s3.internal.Mimetypes - Ignoring mimetype with no associated file extensions: 'audio/x-pn-realaudio-plugin'
11:43:27.063 [Test worker] DEBUG com.amazonaws.services.s3.internal.Mimetypes - Setting mime type for extension 'wav' to 'audio/x-wav'
11:43:27.063 [Test worker] DEBUG com.amazonaws.services.s3.internal.Mimetypes - Setting mime type for extension 'pdb' to 'chemical/x-pdb'
11:43:27.063 [Test worker] DEBUG com.amazonaws.services.s3.internal.Mimetypes - Setting mime type for extension 'xyz' to 'chemical/x-xyz'
11:43:27.063 [Test worker] DEBUG com.amazonaws.services.s3.internal.Mimetypes - Setting mime type for extension 'bmp' to 'image/bmp'
11:43:27.063 [Test worker] DEBUG com.amazonaws.services.s3.internal.Mimetypes - Setting mime type for extension 'cgm' to 'image/cgm'
11:43:27.063 [Test worker] DEBUG com.amazonaws.services.s3.internal.Mimetypes - Ignoring mimetype with no associated file extensions: 'image/g3fax'
11:43:27.063 [Test worker] DEBUG com.amazonaws.services.s3.internal.Mimetypes - Setting mime type for extension 'gif' to 'image/gif'
11:43:27.063 [Test worker] DEBUG com.amazonaws.services.s3.internal.Mimetypes - Setting mime type for extension 'ief' to 'image/ief'
11:43:27.063 [Test worker] DEBUG com.amazonaws.services.s3.internal.Mimetypes - Setting mime type for extension 'jpeg' to 'image/jpeg'
11:43:27.063 [Test worker] DEBUG com.amazonaws.services.s3.internal.Mimetypes - Setting mime type for extension 'jpg' to 'image/jpeg'
11:43:27.063 [Test worker] DEBUG com.amazonaws.services.s3.internal.Mimetypes - Setting mime type for extension 'jpe' to 'image/jpeg'
11:43:27.063 [Test worker] DEBUG com.amazonaws.services.s3.internal.Mimetypes - Setting mime type for extension 'jp2' to 'image/jp2'
11:43:27.063 [Test worker] DEBUG com.amazonaws.services.s3.internal.Mimetypes - Ignoring mimetype with no associated file extensions: 'image/naplps'
11:43:27.063 [Test worker] DEBUG com.amazonaws.services.s3.internal.Mimetypes - Setting mime type for extension 'pict' to 'image/pict'
11:43:27.063 [Test worker] DEBUG com.amazonaws.services.s3.internal.Mimetypes - Setting mime type for extension 'pic' to 'image/pict'
11:43:27.063 [Test worker] DEBUG com.amazonaws.services.s3.internal.Mimetypes - Setting mime type for extension 'pct' to 'image/pict'
11:43:27.063 [Test worker] DEBUG com.amazonaws.services.s3.internal.Mimetypes - Setting mime type for extension 'png' to 'image/png'
11:43:27.063 [Test worker] DEBUG com.amazonaws.services.s3.internal.Mimetypes - Ignoring mimetype with no associated file extensions: 'image/prs.btif'
11:43:27.063 [Test worker] DEBUG com.amazonaws.services.s3.internal.Mimetypes - Ignoring mimetype with no associated file extensions: 'image/prs.pti'
11:43:27.063 [Test worker] DEBUG com.amazonaws.services.s3.internal.Mimetypes - Setting mime type for extension 'svg' to 'image/svg+xml'
11:43:27.063 [Test worker] DEBUG com.amazonaws.services.s3.internal.Mimetypes - Ignoring mimetype with no associated file extensions: 'image/t38'
11:43:27.063 [Test worker] DEBUG com.amazonaws.services.s3.internal.Mimetypes - Setting mime type for extension 'tiff' to 'image/tiff'
11:43:27.063 [Test worker] DEBUG com.amazonaws.services.s3.internal.Mimetypes - Setting mime type for extension 'tif' to 'image/tiff'
11:43:27.063 [Test worker] DEBUG com.amazonaws.services.s3.internal.Mimetypes - Ignoring mimetype with no associated file extensions: 'image/tiff-fx'
11:43:27.063 [Test worker] DEBUG com.amazonaws.services.s3.internal.Mimetypes - Ignoring mimetype with no associated file extensions: 'image/vnd.cns.inf2'
11:43:27.063 [Test worker] DEBUG com.amazonaws.services.s3.internal.Mimetypes - Setting mime type for extension 'djvu' to 'image/vnd.djvu'
11:43:27.063 [Test worker] DEBUG com.amazonaws.services.s3.internal.Mimetypes - Setting mime type for extension 'djv' to 'image/vnd.djvu'
11:43:27.063 [Test worker] DEBUG com.amazonaws.services.s3.internal.Mimetypes - Ignoring mimetype with no associated file extensions: 'image/vnd.dwg'
11:43:27.063 [Test worker] DEBUG com.amazonaws.services.s3.internal.Mimetypes - Ignoring mimetype with no associated file extensions: 'image/vnd.dxf'
11:43:27.063 [Test worker] DEBUG com.amazonaws.services.s3.internal.Mimetypes - Ignoring mimetype with no associated file extensions: 'image/vnd.fastbidsheet'
11:43:27.063 [Test worker] DEBUG com.amazonaws.services.s3.internal.Mimetypes - Ignoring mimetype with no associated file extensions: 'image/vnd.fpx'
11:43:27.063 [Test worker] DEBUG com.amazonaws.services.s3.internal.Mimetypes - Ignoring mimetype with no associated file extensions: 'image/vnd.fst'
11:43:27.063 [Test worker] DEBUG com.amazonaws.services.s3.internal.Mimetypes - Ignoring mimetype with no associated file extensions: 'image/vnd.fujixerox.edmics-mmr'
11:43:27.063 [Test worker] DEBUG com.amazonaws.services.s3.internal.Mimetypes - Ignoring mimetype with no associated file extensions: 'image/vnd.fujixerox.edmics-rlc'
11:43:27.063 [Test worker] DEBUG com.amazonaws.services.s3.internal.Mimetypes - Ignoring mimetype with no associated file extensions: 'image/vnd.globalgraphics.pgb'
11:43:27.063 [Test worker] DEBUG com.amazonaws.services.s3.internal.Mimetypes - Ignoring mimetype with no associated file extensions: 'image/vnd.mix'
11:43:27.063 [Test worker] DEBUG com.amazonaws.services.s3.internal.Mimetypes - Ignoring mimetype with no associated file extensions: 'image/vnd.ms-modi'
11:43:27.063 [Test worker] DEBUG com.amazonaws.services.s3.internal.Mimetypes - Ignoring mimetype with no associated file extensions: 'image/vnd.net-fpx'
11:43:27.063 [Test worker] DEBUG com.amazonaws.services.s3.internal.Mimetypes - Ignoring mimetype with no associated file extensions: 'image/vnd.svf'
11:43:27.063 [Test worker] DEBUG com.amazonaws.services.s3.internal.Mimetypes - Setting mime type for extension 'wbmp' to 'image/vnd.wap.wbmp'
11:43:27.063 [Test worker] DEBUG com.amazonaws.services.s3.internal.Mimetypes - Ignoring mimetype with no associated file extensions: 'image/vnd.xiff'
11:43:27.063 [Test worker] DEBUG com.amazonaws.services.s3.internal.Mimetypes - Setting mime type for extension 'ras' to 'image/x-cmu-raster'
11:43:27.063 [Test worker] DEBUG com.amazonaws.services.s3.internal.Mimetypes - Setting mime type for extension 'pntg' to 'image/x-macpaint'
11:43:27.063 [Test worker] DEBUG com.amazonaws.services.s3.internal.Mimetypes - Setting mime type for extension 'pnt' to 'image/x-macpaint'
11:43:27.063 [Test worker] DEBUG com.amazonaws.services.s3.internal.Mimetypes - Setting mime type for extension 'mac' to 'image/x-macpaint'
11:43:27.063 [Test worker] DEBUG com.amazonaws.services.s3.internal.Mimetypes - Setting mime type for extension 'ico' to 'image/x-icon'
11:43:27.064 [Test worker] DEBUG com.amazonaws.services.s3.internal.Mimetypes - Setting mime type for extension 'pnm' to 'image/x-portable-anymap'
11:43:27.064 [Test worker] DEBUG com.amazonaws.services.s3.internal.Mimetypes - Setting mime type for extension 'pbm' to 'image/x-portable-bitmap'
11:43:27.064 [Test worker] DEBUG com.amazonaws.services.s3.internal.Mimetypes - Setting mime type for extension 'pgm' to 'image/x-portable-graymap'
11:43:27.064 [Test worker] DEBUG com.amazonaws.services.s3.internal.Mimetypes - Setting mime type for extension 'ppm' to 'image/x-portable-pixmap'
11:43:27.064 [Test worker] DEBUG com.amazonaws.services.s3.internal.Mimetypes - Setting mime type for extension 'qtif' to 'image/x-quicktime'
11:43:27.064 [Test worker] DEBUG com.amazonaws.services.s3.internal.Mimetypes - Setting mime type for extension 'qti' to 'image/x-quicktime'
11:43:27.064 [Test worker] DEBUG com.amazonaws.services.s3.internal.Mimetypes - Setting mime type for extension 'rgb' to 'image/x-rgb'
11:43:27.064 [Test worker] DEBUG com.amazonaws.services.s3.internal.Mimetypes - Setting mime type for extension 'xbm' to 'image/x-xbitmap'
11:43:27.064 [Test worker] DEBUG com.amazonaws.services.s3.internal.Mimetypes - Setting mime type for extension 'xpm' to 'image/x-xpixmap'
11:43:27.064 [Test worker] DEBUG com.amazonaws.services.s3.internal.Mimetypes - Setting mime type for extension 'xwd' to 'image/x-xwindowdump'
11:43:27.064 [Test worker] DEBUG com.amazonaws.services.s3.internal.Mimetypes - Ignoring mimetype with no associated file extensions: 'message/delivery-status'
11:43:27.064 [Test worker] DEBUG com.amazonaws.services.s3.internal.Mimetypes - Ignoring mimetype with no associated file extensions: 'message/disposition-notification'
11:43:27.064 [Test worker] DEBUG com.amazonaws.services.s3.internal.Mimetypes - Ignoring mimetype with no associated file extensions: 'message/external-body'
11:43:27.064 [Test worker] DEBUG com.amazonaws.services.s3.internal.Mimetypes - Ignoring mimetype with no associated file extensions: 'message/http'
11:43:27.064 [Test worker] DEBUG com.amazonaws.services.s3.internal.Mimetypes - Ignoring mimetype with no associated file extensions: 'message/news'
11:43:27.064 [Test worker] DEBUG com.amazonaws.services.s3.internal.Mimetypes - Ignoring mimetype with no associated file extensions: 'message/partial'
11:43:27.064 [Test worker] DEBUG com.amazonaws.services.s3.internal.Mimetypes - Ignoring mimetype with no associated file extensions: 'message/rfc822'
11:43:27.064 [Test worker] DEBUG com.amazonaws.services.s3.internal.Mimetypes - Ignoring mimetype with no associated file extensions: 'message/s-http'
11:43:27.064 [Test worker] DEBUG com.amazonaws.services.s3.internal.Mimetypes - Ignoring mimetype with no associated file extensions: 'message/sip'
11:43:27.064 [Test worker] DEBUG com.amazonaws.services.s3.internal.Mimetypes - Ignoring mimetype with no associated file extensions: 'message/sipfrag'
11:43:27.064 [Test worker] DEBUG com.amazonaws.services.s3.internal.Mimetypes - Setting mime type for extension 'igs' to 'model/iges'
11:43:27.064 [Test worker] DEBUG com.amazonaws.services.s3.internal.Mimetypes - Setting mime type for extension 'iges' to 'model/iges'
11:43:27.064 [Test worker] DEBUG com.amazonaws.services.s3.internal.Mimetypes - Setting mime type for extension 'msh' to 'model/mesh'
11:43:27.064 [Test worker] DEBUG com.amazonaws.services.s3.internal.Mimetypes - Setting mime type for extension 'mesh' to 'model/mesh'
11:43:27.064 [Test worker] DEBUG com.amazonaws.services.s3.internal.Mimetypes - Setting mime type for extension 'silo' to 'model/mesh'
11:43:27.064 [Test worker] DEBUG com.amazonaws.services.s3.internal.Mimetypes - Ignoring mimetype with no associated file extensions: 'model/vnd.dwf'
11:43:27.064 [Test worker] DEBUG com.amazonaws.services.s3.internal.Mimetypes - Ignoring mimetype with no associated file extensions: 'model/vnd.flatland.3dml'
11:43:27.064 [Test worker] DEBUG com.amazonaws.services.s3.internal.Mimetypes - Ignoring mimetype with no associated file extensions: 'model/vnd.gdl'
11:43:27.064 [Test worker] DEBUG com.amazonaws.services.s3.internal.Mimetypes - Ignoring mimetype with no associated file extensions: 'model/vnd.gs-gdl'
11:43:27.064 [Test worker] DEBUG com.amazonaws.services.s3.internal.Mimetypes - Ignoring mimetype with no associated file extensions: 'model/vnd.gtw'
11:43:27.064 [Test worker] DEBUG com.amazonaws.services.s3.internal.Mimetypes - Ignoring mimetype with no associated file extensions: 'model/vnd.mts'
11:43:27.064 [Test worker] DEBUG com.amazonaws.services.s3.internal.Mimetypes - Ignoring mimetype with no associated file extensions: 'model/vnd.parasolid.transmit.binary'
11:43:27.064 [Test worker] DEBUG com.amazonaws.services.s3.internal.Mimetypes - Ignoring mimetype with no associated file extensions: 'model/vnd.parasolid.transmit.text'
11:43:27.064 [Test worker] DEBUG com.amazonaws.services.s3.internal.Mimetypes - Ignoring mimetype with no associated file extensions: 'model/vnd.vtu'
11:43:27.064 [Test worker] DEBUG com.amazonaws.services.s3.internal.Mimetypes - Setting mime type for extension 'wrl' to 'model/vrml'
11:43:27.064 [Test worker] DEBUG com.amazonaws.services.s3.internal.Mimetypes - Setting mime type for extension 'vrml' to 'model/vrml'
11:43:27.064 [Test worker] DEBUG com.amazonaws.services.s3.internal.Mimetypes - Ignoring mimetype with no associated file extensions: 'multipart/alternative'
11:43:27.064 [Test worker] DEBUG com.amazonaws.services.s3.internal.Mimetypes - Ignoring mimetype with no associated file extensions: 'multipart/appledouble'
11:43:27.064 [Test worker] DEBUG com.amazonaws.services.s3.internal.Mimetypes - Ignoring mimetype with no associated file extensions: 'multipart/byteranges'
11:43:27.064 [Test worker] DEBUG com.amazonaws.services.s3.internal.Mimetypes - Ignoring mimetype with no associated file extensions: 'multipart/digest'
11:43:27.064 [Test worker] DEBUG com.amazonaws.services.s3.internal.Mimetypes - Ignoring mimetype with no associated file extensions: 'multipart/encrypted'
11:43:27.064 [Test worker] DEBUG com.amazonaws.services.s3.internal.Mimetypes - Ignoring mimetype with no associated file extensions: 'multipart/form-data'
11:43:27.064 [Test worker] DEBUG com.amazonaws.services.s3.internal.Mimetypes - Ignoring mimetype with no associated file extensions: 'multipart/header-set'
11:43:27.064 [Test worker] DEBUG com.amazonaws.services.s3.internal.Mimetypes - Ignoring mimetype with no associated file extensions: 'multipart/mixed'
11:43:27.064 [Test worker] DEBUG com.amazonaws.services.s3.internal.Mimetypes - Ignoring mimetype with no associated file extensions: 'multipart/parallel'
11:43:27.064 [Test worker] DEBUG com.amazonaws.services.s3.internal.Mimetypes - Ignoring mimetype with no associated file extensions: 'multipart/related'
11:43:27.064 [Test worker] DEBUG com.amazonaws.services.s3.internal.Mimetypes - Ignoring mimetype with no associated file extensions: 'multipart/report'
11:43:27.064 [Test worker] DEBUG com.amazonaws.services.s3.internal.Mimetypes - Ignoring mimetype with no associated file extensions: 'multipart/signed'
11:43:27.064 [Test worker] DEBUG com.amazonaws.services.s3.internal.Mimetypes - Ignoring mimetype with no associated file extensions: 'multipart/voice-message'
11:43:27.064 [Test worker] DEBUG com.amazonaws.services.s3.internal.Mimetypes - Setting mime type for extension 'ics' to 'text/calendar'
11:43:27.064 [Test worker] DEBUG com.amazonaws.services.s3.internal.Mimetypes - Setting mime type for extension 'ifb' to 'text/calendar'
11:43:27.064 [Test worker] DEBUG com.amazonaws.services.s3.internal.Mimetypes - Setting mime type for extension 'css' to 'text/css'
11:43:27.064 [Test worker] DEBUG com.amazonaws.services.s3.internal.Mimetypes - Ignoring mimetype with no associated file extensions: 'text/directory'
11:43:27.064 [Test worker] DEBUG com.amazonaws.services.s3.internal.Mimetypes - Ignoring mimetype with no associated file extensions: 'text/enriched'
11:43:27.064 [Test worker] DEBUG com.amazonaws.services.s3.internal.Mimetypes - Setting mime type for extension 'html' to 'text/html'
11:43:27.064 [Test worker] DEBUG com.amazonaws.services.s3.internal.Mimetypes - Setting mime type for extension 'htm' to 'text/html'
11:43:27.064 [Test worker] DEBUG com.amazonaws.services.s3.internal.Mimetypes - Ignoring mimetype with no associated file extensions: 'text/parityfec'
11:43:27.064 [Test worker] DEBUG com.amazonaws.services.s3.internal.Mimetypes - Setting mime type for extension 'asc' to 'text/plain'
11:43:27.064 [Test worker] DEBUG com.amazonaws.services.s3.internal.Mimetypes - Setting mime type for extension 'txt' to 'text/plain'
11:43:27.064 [Test worker] DEBUG com.amazonaws.services.s3.internal.Mimetypes - Ignoring mimetype with no associated file extensions: 'text/prs.lines.tag'
11:43:27.064 [Test worker] DEBUG com.amazonaws.services.s3.internal.Mimetypes - Ignoring mimetype with no associated file extensions: 'text/rfc822-headers'
11:43:27.064 [Test worker] DEBUG com.amazonaws.services.s3.internal.Mimetypes - Setting mime type for extension 'rtx' to 'text/richtext'
11:43:27.064 [Test worker] DEBUG com.amazonaws.services.s3.internal.Mimetypes - Setting mime type for extension 'rtf' to 'text/rtf'
11:43:27.064 [Test worker] DEBUG com.amazonaws.services.s3.internal.Mimetypes - Setting mime type for extension 'sgml' to 'text/sgml'
11:43:27.064 [Test worker] DEBUG com.amazonaws.services.s3.internal.Mimetypes - Setting mime type for extension 'sgm' to 'text/sgml'
11:43:27.064 [Test worker] DEBUG com.amazonaws.services.s3.internal.Mimetypes - Ignoring mimetype with no associated file extensions: 'text/t140'
11:43:27.065 [Test worker] DEBUG com.amazonaws.services.s3.internal.Mimetypes - Setting mime type for extension 'tsv' to 'text/tab-separated-values'
11:43:27.065 [Test worker] DEBUG com.amazonaws.services.s3.internal.Mimetypes - Ignoring mimetype with no associated file extensions: 'text/uri-list'
11:43:27.065 [Test worker] DEBUG com.amazonaws.services.s3.internal.Mimetypes - Ignoring mimetype with no associated file extensions: 'text/vnd.abc'
11:43:27.065 [Test worker] DEBUG com.amazonaws.services.s3.internal.Mimetypes - Ignoring mimetype with no associated file extensions: 'text/vnd.curl'
11:43:27.065 [Test worker] DEBUG com.amazonaws.services.s3.internal.Mimetypes - Ignoring mimetype with no associated file extensions: 'text/vnd.dmclientscript'
11:43:27.065 [Test worker] DEBUG com.amazonaws.services.s3.internal.Mimetypes - Ignoring mimetype with no associated file extensions: 'text/vnd.fly'
11:43:27.065 [Test worker] DEBUG com.amazonaws.services.s3.internal.Mimetypes - Ignoring mimetype with no associated file extensions: 'text/vnd.fmi.flexstor'
11:43:27.065 [Test worker] DEBUG com.amazonaws.services.s3.internal.Mimetypes - Ignoring mimetype with no associated file extensions: 'text/vnd.in3d.3dml'
11:43:27.065 [Test worker] DEBUG com.amazonaws.services.s3.internal.Mimetypes - Ignoring mimetype with no associated file extensions: 'text/vnd.in3d.spot'
11:43:27.065 [Test worker] DEBUG com.amazonaws.services.s3.internal.Mimetypes - Ignoring mimetype with no associated file extensions: 'text/vnd.iptc.nitf'
11:43:27.065 [Test worker] DEBUG com.amazonaws.services.s3.internal.Mimetypes - Ignoring mimetype with no associated file extensions: 'text/vnd.iptc.newsml'
11:43:27.065 [Test worker] DEBUG com.amazonaws.services.s3.internal.Mimetypes - Ignoring mimetype with no associated file extensions: 'text/vnd.latex-z'
11:43:27.065 [Test worker] DEBUG com.amazonaws.services.s3.internal.Mimetypes - Ignoring mimetype with no associated file extensions: 'text/vnd.motorola.reflex'
11:43:27.065 [Test worker] DEBUG com.amazonaws.services.s3.internal.Mimetypes - Ignoring mimetype with no associated file extensions: 'text/vnd.ms-mediapackage'
11:43:27.065 [Test worker] DEBUG com.amazonaws.services.s3.internal.Mimetypes - Ignoring mimetype with no associated file extensions: 'text/vnd.net2phone.commcenter.command'
11:43:27.065 [Test worker] DEBUG com.amazonaws.services.s3.internal.Mimetypes - Ignoring mimetype with no associated file extensions: 'text/vnd.sun.j2me.app-descriptor'
11:43:27.065 [Test worker] DEBUG com.amazonaws.services.s3.internal.Mimetypes - Ignoring mimetype with no associated file extensions: 'text/vnd.wap.si'
11:43:27.065 [Test worker] DEBUG com.amazonaws.services.s3.internal.Mimetypes - Ignoring mimetype with no associated file extensions: 'text/vnd.wap.sl'
11:43:27.065 [Test worker] DEBUG com.amazonaws.services.s3.internal.Mimetypes - Setting mime type for extension 'wml' to 'text/vnd.wap.wml'
11:43:27.065 [Test worker] DEBUG com.amazonaws.services.s3.internal.Mimetypes - Setting mime type for extension 'wmls' to 'text/vnd.wap.wmlscript'
11:43:27.065 [Test worker] DEBUG com.amazonaws.services.s3.internal.Mimetypes - Setting mime type for extension 'etx' to 'text/x-setext'
11:43:27.065 [Test worker] DEBUG com.amazonaws.services.s3.internal.Mimetypes - Ignoring mimetype with no associated file extensions: 'text/xml'
11:43:27.065 [Test worker] DEBUG com.amazonaws.services.s3.internal.Mimetypes - Ignoring mimetype with no associated file extensions: 'text/xml-external-parsed-entity'
11:43:27.065 [Test worker] DEBUG com.amazonaws.services.s3.internal.Mimetypes - Setting mime type for extension '3gp' to 'video/3gpp'
11:43:27.065 [Test worker] DEBUG com.amazonaws.services.s3.internal.Mimetypes - Ignoring mimetype with no associated file extensions: 'video/bmpeg'
11:43:27.065 [Test worker] DEBUG com.amazonaws.services.s3.internal.Mimetypes - Ignoring mimetype with no associated file extensions: 'video/bt656'
11:43:27.065 [Test worker] DEBUG com.amazonaws.services.s3.internal.Mimetypes - Ignoring mimetype with no associated file extensions: 'video/celb'
11:43:27.065 [Test worker] DEBUG com.amazonaws.services.s3.internal.Mimetypes - Ignoring mimetype with no associated file extensions: 'video/dv'
11:43:27.065 [Test worker] DEBUG com.amazonaws.services.s3.internal.Mimetypes - Ignoring mimetype with no associated file extensions: 'video/h261'
11:43:27.065 [Test worker] DEBUG com.amazonaws.services.s3.internal.Mimetypes - Ignoring mimetype with no associated file extensions: 'video/h263'
11:43:27.065 [Test worker] DEBUG com.amazonaws.services.s3.internal.Mimetypes - Ignoring mimetype with no associated file extensions: 'video/h263-1998'
11:43:27.065 [Test worker] DEBUG com.amazonaws.services.s3.internal.Mimetypes - Ignoring mimetype with no associated file extensions: 'video/h263-2000'
11:43:27.065 [Test worker] DEBUG com.amazonaws.services.s3.internal.Mimetypes - Ignoring mimetype with no associated file extensions: 'video/jpeg'
11:43:27.065 [Test worker] DEBUG com.amazonaws.services.s3.internal.Mimetypes - Ignoring mimetype with no associated file extensions: 'video/mp1s'
11:43:27.065 [Test worker] DEBUG com.amazonaws.services.s3.internal.Mimetypes - Ignoring mimetype with no associated file extensions: 'video/mp2p'
11:43:27.065 [Test worker] DEBUG com.amazonaws.services.s3.internal.Mimetypes - Ignoring mimetype with no associated file extensions: 'video/mp2t'
11:43:27.065 [Test worker] DEBUG com.amazonaws.services.s3.internal.Mimetypes - Setting mime type for extension 'mp4' to 'video/mp4'
11:43:27.065 [Test worker] DEBUG com.amazonaws.services.s3.internal.Mimetypes - Ignoring mimetype with no associated file extensions: 'video/mp4v-es'
11:43:27.065 [Test worker] DEBUG com.amazonaws.services.s3.internal.Mimetypes - Ignoring mimetype with no associated file extensions: 'video/mpv'
11:43:27.065 [Test worker] DEBUG com.amazonaws.services.s3.internal.Mimetypes - Setting mime type for extension 'mpeg' to 'video/mpeg'
11:43:27.065 [Test worker] DEBUG com.amazonaws.services.s3.internal.Mimetypes - Setting mime type for extension 'mpg' to 'video/mpeg'
11:43:27.065 [Test worker] DEBUG com.amazonaws.services.s3.internal.Mimetypes - Setting mime type for extension 'mpe' to 'video/mpeg'
11:43:27.065 [Test worker] DEBUG com.amazonaws.services.s3.internal.Mimetypes - Ignoring mimetype with no associated file extensions: 'video/nv'
11:43:27.065 [Test worker] DEBUG com.amazonaws.services.s3.internal.Mimetypes - Setting mime type for extension 'ogv' to 'video/ogg'
11:43:27.065 [Test worker] DEBUG com.amazonaws.services.s3.internal.Mimetypes - Ignoring mimetype with no associated file extensions: 'video/parityfec'
11:43:27.065 [Test worker] DEBUG com.amazonaws.services.s3.internal.Mimetypes - Ignoring mimetype with no associated file extensions: 'video/pointer'
11:43:27.065 [Test worker] DEBUG com.amazonaws.services.s3.internal.Mimetypes - Setting mime type for extension 'qt' to 'video/quicktime'
11:43:27.065 [Test worker] DEBUG com.amazonaws.services.s3.internal.Mimetypes - Setting mime type for extension 'mov' to 'video/quicktime'
11:43:27.065 [Test worker] DEBUG com.amazonaws.services.s3.internal.Mimetypes - Ignoring mimetype with no associated file extensions: 'video/smpte292m'
11:43:27.065 [Test worker] DEBUG com.amazonaws.services.s3.internal.Mimetypes - Ignoring mimetype with no associated file extensions: 'video/vnd.fvt'
11:43:27.065 [Test worker] DEBUG com.amazonaws.services.s3.internal.Mimetypes - Ignoring mimetype with no associated file extensions: 'video/vnd.motorola.video'
11:43:27.065 [Test worker] DEBUG com.amazonaws.services.s3.internal.Mimetypes - Ignoring mimetype with no associated file extensions: 'video/vnd.motorola.videop'
11:43:27.065 [Test worker] DEBUG com.amazonaws.services.s3.internal.Mimetypes - Setting mime type for extension 'mxu' to 'video/vnd.mpegurl'
11:43:27.065 [Test worker] DEBUG com.amazonaws.services.s3.internal.Mimetypes - Setting mime type for extension 'm4u' to 'video/vnd.mpegurl'
11:43:27.065 [Test worker] DEBUG com.amazonaws.services.s3.internal.Mimetypes - Ignoring mimetype with no associated file extensions: 'video/vnd.nokia.interleaved-multimedia'
11:43:27.065 [Test worker] DEBUG com.amazonaws.services.s3.internal.Mimetypes - Ignoring mimetype with no associated file extensions: 'video/vnd.objectvideo'
11:43:27.065 [Test worker] DEBUG com.amazonaws.services.s3.internal.Mimetypes - Ignoring mimetype with no associated file extensions: 'video/vnd.vivo'
11:43:27.065 [Test worker] DEBUG com.amazonaws.services.s3.internal.Mimetypes - Setting mime type for extension 'webm' to 'video/webm'
11:43:27.065 [Test worker] DEBUG com.amazonaws.services.s3.internal.Mimetypes - Setting mime type for extension 'dv' to 'video/x-dv'
11:43:27.065 [Test worker] DEBUG com.amazonaws.services.s3.internal.Mimetypes - Setting mime type for extension 'dif' to 'video/x-dv'
11:43:27.065 [Test worker] DEBUG com.amazonaws.services.s3.internal.Mimetypes - Setting mime type for extension 'flv' to 'video/x-flv'
11:43:27.065 [Test worker] DEBUG com.amazonaws.services.s3.internal.Mimetypes - Setting mime type for extension 'm4v' to 'video/x-m4v'
11:43:27.065 [Test worker] DEBUG com.amazonaws.services.s3.internal.Mimetypes - Setting mime type for extension 'wmv' to 'video/x-ms-wmv'
11:43:27.065 [Test worker] DEBUG com.amazonaws.services.s3.internal.Mimetypes - Setting mime type for extension 'avi' to 'video/x-msvideo'
11:43:27.065 [Test worker] DEBUG com.amazonaws.services.s3.internal.Mimetypes - Setting mime type for extension 'movie' to 'video/x-sgi-movie'
11:43:27.065 [Test worker] DEBUG com.amazonaws.services.s3.internal.Mimetypes - Setting mime type for extension 'ice' to 'x-conference/x-cooltalk'
11:43:27.066 [Test worker] DEBUG com.amazonaws.services.s3.internal.Mimetypes - Recognised extension 'txt', mimetype is: 'text/plain'
11:43:27.130 [Test worker] DEBUG com.amazonaws.request - Sending Request: PUT http://127.0.0.1:32801 /test//documents/filename.txt Headers: (amz-sdk-invocation-id: 135139db-0aab-c2b1-28a5-f67dfbd70532, Content-Length: 9, Content-MD5: Q3uTDbhLgHnC3YBKcZNrXw==, Content-Type: text/plain, User-Agent: aws-sdk-java/1.12.262 Linux/6.2.9-arch1-1 OpenJDK_64-Bit_Server_VM/17.0.6+10 java/17.0.6 groovy/3.0.6 vendor/N/A cfg/retry-mode/legacy, ) 
11:43:27.131 [Test worker] DEBUG com.amazonaws.auth.AWS4Signer - AWS4 Canonical Request: '"PUT
/test//documents/filename.txt

amz-sdk-invocation-id:135139db-0aab-c2b1-28a5-f67dfbd70532
amz-sdk-request:attempt=1;max=4
amz-sdk-retry:0/0/500
content-length:181
content-md5:Q3uTDbhLgHnC3YBKcZNrXw==
content-type:text/plain
host:127.0.0.1:32801
user-agent:aws-sdk-java/1.12.262 Linux/6.2.9-arch1-1 OpenJDK_64-Bit_Server_VM/17.0.6+10 java/17.0.6 groovy/3.0.6 vendor/N/A cfg/retry-mode/legacy
x-amz-content-sha256:STREAMING-AWS4-HMAC-SHA256-PAYLOAD
x-amz-date:20230405T094327Z
x-amz-decoded-content-length:9

amz-sdk-invocation-id;amz-sdk-request;amz-sdk-retry;content-length;content-md5;content-type;host;user-agent;x-amz-content-sha256;x-amz-date;x-amz-decoded-content-length
STREAMING-AWS4-HMAC-SHA256-PAYLOAD"
11:43:27.131 [Test worker] DEBUG com.amazonaws.auth.AWS4Signer - AWS4 String to Sign: '"AWS4-HMAC-SHA256
20230405T094327Z
20230405/us-east-1/s3/aws4_request
54e09c7126ddb1308d22747f4d0b15e5d7d03e97d35bac54b09539719207030d"
11:43:27.133 [Test worker] DEBUG org.apache.http.client.protocol.RequestAddCookies - CookieSpec selected: default
11:43:27.134 [Test worker] DEBUG org.apache.http.client.protocol.RequestAuthCache - Auth cache not set in the context
11:43:27.134 [Test worker] DEBUG org.apache.http.impl.conn.PoolingHttpClientConnectionManager - Connection request: [route: {}->http://127.0.0.1:32801][total available: 0; route allocated: 0 of 50; total allocated: 0 of 50]
11:43:27.134 [Test worker] DEBUG org.apache.http.impl.conn.PoolingHttpClientConnectionManager - Connection leased: [id: 1][route: {}->http://127.0.0.1:32801][total available: 0; route allocated: 1 of 50; total allocated: 1 of 50]
11:43:27.134 [Test worker] DEBUG org.apache.http.impl.execchain.MainClientExec - Opening connection {}->http://127.0.0.1:32801
11:43:27.134 [Test worker] DEBUG org.apache.http.impl.conn.DefaultHttpClientConnectionOperator - Connecting to /127.0.0.1:32801
11:43:27.134 [Test worker] DEBUG org.apache.http.impl.conn.DefaultHttpClientConnectionOperator - Connection established 127.0.0.1:55096<->127.0.0.1:32801
11:43:27.134 [Test worker] DEBUG org.apache.http.impl.conn.DefaultManagedHttpClientConnection - http-outgoing-1: set socket timeout to 50000
11:43:27.134 [Test worker] DEBUG org.apache.http.impl.execchain.MainClientExec - Executing request PUT /test/%2Fdocuments/filename.txt HTTP/1.1
11:43:27.134 [Test worker] DEBUG org.apache.http.impl.execchain.MainClientExec - Proxy auth state: UNCHALLENGED
11:43:27.135 [Test worker] DEBUG org.apache.http.headers - http-outgoing-1 >> PUT /test/%2Fdocuments/filename.txt HTTP/1.1
11:43:27.135 [Test worker] DEBUG org.apache.http.headers - http-outgoing-1 >> Host: 127.0.0.1:32801
11:43:27.135 [Test worker] DEBUG org.apache.http.headers - http-outgoing-1 >> amz-sdk-invocation-id: 135139db-0aab-c2b1-28a5-f67dfbd70532
11:43:27.135 [Test worker] DEBUG org.apache.http.headers - http-outgoing-1 >> amz-sdk-request: attempt=1;max=4
11:43:27.135 [Test worker] DEBUG org.apache.http.headers - http-outgoing-1 >> amz-sdk-retry: 0/0/500
11:43:27.135 [Test worker] DEBUG org.apache.http.headers - http-outgoing-1 >> Authorization: AWS4-HMAC-SHA256 Credential=accesskey/20230405/us-east-1/s3/aws4_request, SignedHeaders=amz-sdk-invocation-id;amz-sdk-request;amz-sdk-retry;content-length;content-md5;content-type;host;user-agent;x-amz-content-sha256;x-amz-date;x-amz-decoded-content-length, Signature=2d8dceaab44e5215dc55226b71297bb8bbc50195363c176f98bd155ab3bf1d55
11:43:27.135 [Test worker] DEBUG org.apache.http.headers - http-outgoing-1 >> Content-MD5: Q3uTDbhLgHnC3YBKcZNrXw==
11:43:27.135 [Test worker] DEBUG org.apache.http.headers - http-outgoing-1 >> Content-Type: text/plain
11:43:27.135 [Test worker] DEBUG org.apache.http.headers - http-outgoing-1 >> User-Agent: aws-sdk-java/1.12.262 Linux/6.2.9-arch1-1 OpenJDK_64-Bit_Server_VM/17.0.6+10 java/17.0.6 groovy/3.0.6 vendor/N/A cfg/retry-mode/legacy
11:43:27.135 [Test worker] DEBUG org.apache.http.headers - http-outgoing-1 >> x-amz-content-sha256: STREAMING-AWS4-HMAC-SHA256-PAYLOAD
11:43:27.135 [Test worker] DEBUG org.apache.http.headers - http-outgoing-1 >> X-Amz-Date: 20230405T094327Z
11:43:27.135 [Test worker] DEBUG org.apache.http.headers - http-outgoing-1 >> x-amz-decoded-content-length: 9
11:43:27.135 [Test worker] DEBUG org.apache.http.headers - http-outgoing-1 >> Content-Length: 181
11:43:27.135 [Test worker] DEBUG org.apache.http.headers - http-outgoing-1 >> Connection: Keep-Alive
11:43:27.135 [Test worker] DEBUG org.apache.http.headers - http-outgoing-1 >> Expect: 100-continue
11:43:27.135 [Test worker] DEBUG org.apache.http.wire - http-outgoing-1 >> "PUT /test/%2Fdocuments/filename.txt HTTP/1.1[\r][\n]"
11:43:27.135 [Test worker] DEBUG org.apache.http.wire - http-outgoing-1 >> "Host: 127.0.0.1:32801[\r][\n]"
11:43:27.135 [Test worker] DEBUG org.apache.http.wire - http-outgoing-1 >> "amz-sdk-invocation-id: 135139db-0aab-c2b1-28a5-f67dfbd70532[\r][\n]"
11:43:27.135 [Test worker] DEBUG org.apache.http.wire - http-outgoing-1 >> "amz-sdk-request: attempt=1;max=4[\r][\n]"
11:43:27.135 [Test worker] DEBUG org.apache.http.wire - http-outgoing-1 >> "amz-sdk-retry: 0/0/500[\r][\n]"
11:43:27.135 [Test worker] DEBUG org.apache.http.wire - http-outgoing-1 >> "Authorization: AWS4-HMAC-SHA256 Credential=accesskey/20230405/us-east-1/s3/aws4_request, SignedHeaders=amz-sdk-invocation-id;amz-sdk-request;amz-sdk-retry;content-length;content-md5;content-type;host;user-agent;x-amz-content-sha256;x-amz-date;x-amz-decoded-content-length, Signature=2d8dceaab44e5215dc55226b71297bb8bbc50195363c176f98bd155ab3bf1d55[\r][\n]"
11:43:27.135 [Test worker] DEBUG org.apache.http.wire - http-outgoing-1 >> "Content-MD5: Q3uTDbhLgHnC3YBKcZNrXw==[\r][\n]"
11:43:27.135 [Test worker] DEBUG org.apache.http.wire - http-outgoing-1 >> "Content-Type: text/plain[\r][\n]"
11:43:27.135 [Test worker] DEBUG org.apache.http.wire - http-outgoing-1 >> "User-Agent: aws-sdk-java/1.12.262 Linux/6.2.9-arch1-1 OpenJDK_64-Bit_Server_VM/17.0.6+10 java/17.0.6 groovy/3.0.6 vendor/N/A cfg/retry-mode/legacy[\r][\n]"
11:43:27.135 [Test worker] DEBUG org.apache.http.wire - http-outgoing-1 >> "x-amz-content-sha256: STREAMING-AWS4-HMAC-SHA256-PAYLOAD[\r][\n]"
11:43:27.135 [Test worker] DEBUG org.apache.http.wire - http-outgoing-1 >> "X-Amz-Date: 20230405T094327Z[\r][\n]"
11:43:27.135 [Test worker] DEBUG org.apache.http.wire - http-outgoing-1 >> "x-amz-decoded-content-length: 9[\r][\n]"
11:43:27.135 [Test worker] DEBUG org.apache.http.wire - http-outgoing-1 >> "Content-Length: 181[\r][\n]"
11:43:27.135 [Test worker] DEBUG org.apache.http.wire - http-outgoing-1 >> "Connection: Keep-Alive[\r][\n]"
11:43:27.135 [Test worker] DEBUG org.apache.http.wire - http-outgoing-1 >> "Expect: 100-continue[\r][\n]"
11:43:27.135 [Test worker] DEBUG org.apache.http.wire - http-outgoing-1 >> "[\r][\n]"
11:43:27.137 [Test worker] DEBUG org.apache.http.wire - http-outgoing-1 << "HTTP/1.1 100 Continue[\r][\n]"
11:43:27.138 [Test worker] DEBUG org.apache.http.wire - http-outgoing-1 << "date: Wed, 05 Apr 2023 09:43:27 GMT[\r][\n]"
11:43:27.138 [Test worker] DEBUG org.apache.http.wire - http-outgoing-1 << "server: hypercorn-h11[\r][\n]"
11:43:27.138 [Test worker] DEBUG org.apache.http.wire - http-outgoing-1 << "[\r][\n]"
11:43:27.138 [Test worker] DEBUG org.apache.http.headers - http-outgoing-1 << HTTP/1.1 100 Continue
11:43:27.138 [Test worker] DEBUG org.apache.http.headers - http-outgoing-1 << date: Wed, 05 Apr 2023 09:43:27 GMT
11:43:27.138 [Test worker] DEBUG org.apache.http.headers - http-outgoing-1 << server: hypercorn-h11
11:43:27.139 [Test worker] DEBUG org.apache.http.wire - http-outgoing-1 >> "9;chunk-signature=4a5e244588fb6717c1b4397b3e40a94210647edf3eddc62e6b178d0d70fbdbb9[\r][\n]"
11:43:27.139 [Test worker] DEBUG org.apache.http.wire - http-outgoing-1 >> "something[\r][\n]"
11:43:27.139 [Test worker] DEBUG org.apache.http.wire - http-outgoing-1 >> "0;chunk-signature=65b661bc9058029c6d1ceceebff7d563ba734ec3819d42eab731a44cb5e1ba88[\r][\n]"
11:43:27.139 [Test worker] DEBUG org.apache.http.wire - http-outgoing-1 >> "[\r][\n]"
11:43:27.152 [Test worker] DEBUG org.apache.http.wire - http-outgoing-1 << "HTTP/1.1 200 [\r][\n]"
11:43:27.152 [Test worker] DEBUG org.apache.http.wire - http-outgoing-1 << "Content-Type: text/html; charset=utf-8[\r][\n]"
11:43:27.152 [Test worker] DEBUG org.apache.http.wire - http-outgoing-1 << "Content-Length: 0[\r][\n]"
11:43:27.152 [Test worker] DEBUG org.apache.http.wire - http-outgoing-1 << "Server: Werkzeug/2.1.2 Python/3.10.6[\r][\n]"
11:43:27.152 [Test worker] DEBUG org.apache.http.wire - http-outgoing-1 << "Date: Wed, 05 Apr 2023 09:43:27 GMT[\r][\n]"
11:43:27.152 [Test worker] DEBUG org.apache.http.wire - http-outgoing-1 << "ETag: "437b930db84b8079c2dd804a71936b5f"[\r][\n]"
11:43:27.152 [Test worker] DEBUG org.apache.http.wire - http-outgoing-1 << "last-modified: Wed, 05 Apr 2023 09:43:27 GMT[\r][\n]"
11:43:27.152 [Test worker] DEBUG org.apache.http.wire - http-outgoing-1 << "x-amzn-requestid: 331OSP4MT9K0YAVL82YYXC92BHWZLV17P9GF1CHKX9B4QWLPFC6Z[\r][\n]"
11:43:27.152 [Test worker] DEBUG org.apache.http.wire - http-outgoing-1 << "Access-Control-Allow-Origin: *[\r][\n]"
11:43:27.152 [Test worker] DEBUG org.apache.http.wire - http-outgoing-1 << "Connection: close[\r][\n]"
11:43:27.152 [Test worker] DEBUG org.apache.http.wire - http-outgoing-1 << "Location: /test[\r][\n]"
11:43:27.152 [Test worker] DEBUG org.apache.http.wire - http-outgoing-1 << "x-amz-request-id: B874D81769584A3C[\r][\n]"
11:43:27.152 [Test worker] DEBUG org.apache.http.wire - http-outgoing-1 << "x-amz-id-2: MzRISOwyjmnupB874D81769584A3C7/JypPGXLh0OVFGcJaaO3KW/hRAqKOpIEEp[\r][\n]"
11:43:27.152 [Test worker] DEBUG org.apache.http.wire - http-outgoing-1 << "date: Wed, 05 Apr 2023 09:43:27 GMT[\r][\n]"
11:43:27.152 [Test worker] DEBUG org.apache.http.wire - http-outgoing-1 << "server: hypercorn-h11[\r][\n]"
11:43:27.152 [Test worker] DEBUG org.apache.http.wire - http-outgoing-1 << "[\r][\n]"
11:43:27.152 [Test worker] DEBUG org.apache.http.headers - http-outgoing-1 << HTTP/1.1 200 
11:43:27.152 [Test worker] DEBUG org.apache.http.headers - http-outgoing-1 << Content-Type: text/html; charset=utf-8
11:43:27.152 [Test worker] DEBUG org.apache.http.headers - http-outgoing-1 << Content-Length: 0
11:43:27.152 [Test worker] DEBUG org.apache.http.headers - http-outgoing-1 << Server: Werkzeug/2.1.2 Python/3.10.6
11:43:27.152 [Test worker] DEBUG org.apache.http.headers - http-outgoing-1 << Date: Wed, 05 Apr 2023 09:43:27 GMT
11:43:27.152 [Test worker] DEBUG org.apache.http.headers - http-outgoing-1 << ETag: "437b930db84b8079c2dd804a71936b5f"
11:43:27.152 [Test worker] DEBUG org.apache.http.headers - http-outgoing-1 << last-modified: Wed, 05 Apr 2023 09:43:27 GMT
11:43:27.152 [Test worker] DEBUG org.apache.http.headers - http-outgoing-1 << x-amzn-requestid: 331OSP4MT9K0YAVL82YYXC92BHWZLV17P9GF1CHKX9B4QWLPFC6Z
11:43:27.152 [Test worker] DEBUG org.apache.http.headers - http-outgoing-1 << Access-Control-Allow-Origin: *
11:43:27.152 [Test worker] DEBUG org.apache.http.headers - http-outgoing-1 << Connection: close
11:43:27.152 [Test worker] DEBUG org.apache.http.headers - http-outgoing-1 << Location: /test
11:43:27.152 [Test worker] DEBUG org.apache.http.headers - http-outgoing-1 << x-amz-request-id: B874D81769584A3C
11:43:27.152 [Test worker] DEBUG org.apache.http.headers - http-outgoing-1 << x-amz-id-2: MzRISOwyjmnupB874D81769584A3C7/JypPGXLh0OVFGcJaaO3KW/hRAqKOpIEEp
11:43:27.152 [Test worker] DEBUG org.apache.http.headers - http-outgoing-1 << date: Wed, 05 Apr 2023 09:43:27 GMT
11:43:27.152 [Test worker] DEBUG org.apache.http.headers - http-outgoing-1 << server: hypercorn-h11
11:43:27.152 [Test worker] DEBUG org.apache.http.impl.conn.DefaultManagedHttpClientConnection - http-outgoing-1: Close connection
11:43:27.153 [Test worker] DEBUG org.apache.http.impl.execchain.MainClientExec - Connection discarded
11:43:27.153 [Test worker] DEBUG org.apache.http.impl.conn.PoolingHttpClientConnectionManager - Connection released: [id: 1][route: {}->http://127.0.0.1:32801][total available: 0; route allocated: 0 of 50; total allocated: 0 of 50]
11:43:27.153 [Test worker] DEBUG com.amazonaws.retry.ClockSkewAdjuster - Reported server date (from 'Date' header): Wed, 05 Apr 2023 09:43:27 GMT
11:43:27.153 [Test worker] DEBUG com.amazonaws.request - Received successful response: 200, AWS Request ID: B874D81769584A3C
11:43:27.153 [Test worker] DEBUG com.amazonaws.requestId - x-amzn-RequestId: 331OSP4MT9K0YAVL82YYXC92BHWZLV17P9GF1CHKX9B4QWLPFC6Z
11:43:27.153 [Test worker] DEBUG com.amazonaws.requestId - AWS Extended Request ID: MzRISOwyjmnupB874D81769584A3C7/JypPGXLh0OVFGcJaaO3KW/hRAqKOpIEEp
11:43:27.164 [Test worker] DEBUG com.amazonaws.request - Sending Request: GET http://127.0.0.1:32801 /test//documents/filename.txt Headers: (amz-sdk-invocation-id: 128e08b7-81d2-106a-aad9-36124eb75a88, Content-Type: application/octet-stream, User-Agent: aws-sdk-java/1.12.262 Linux/6.2.9-arch1-1 OpenJDK_64-Bit_Server_VM/17.0.6+10 java/17.0.6 groovy/3.0.6 vendor/N/A cfg/retry-mode/legacy, ) 
11:43:27.165 [Test worker] DEBUG com.amazonaws.auth.AWS4Signer - AWS4 Canonical Request: '"GET
/test//documents/filename.txt

amz-sdk-invocation-id:128e08b7-81d2-106a-aad9-36124eb75a88
amz-sdk-request:attempt=1;max=4
amz-sdk-retry:0/0/500
content-type:application/octet-stream
host:127.0.0.1:32801
user-agent:aws-sdk-java/1.12.262 Linux/6.2.9-arch1-1 OpenJDK_64-Bit_Server_VM/17.0.6+10 java/17.0.6 groovy/3.0.6 vendor/N/A cfg/retry-mode/legacy
x-amz-content-sha256:e3b0c44298fc1c149afbf4c8996fb92427ae41e4649b934ca495991b7852b855
x-amz-date:20230405T094327Z

amz-sdk-invocation-id;amz-sdk-request;amz-sdk-retry;content-type;host;user-agent;x-amz-content-sha256;x-amz-date
e3b0c44298fc1c149afbf4c8996fb92427ae41e4649b934ca495991b7852b855"
11:43:27.165 [Test worker] DEBUG com.amazonaws.auth.AWS4Signer - AWS4 String to Sign: '"AWS4-HMAC-SHA256
20230405T094327Z
20230405/us-east-1/s3/aws4_request
e69d7b5f67ac348b255e84fc9ced01724f3c2f3c3f19d96f96086188a36bc7d5"
11:43:27.165 [Test worker] DEBUG org.apache.http.client.protocol.RequestAddCookies - CookieSpec selected: default
11:43:27.166 [Test worker] DEBUG org.apache.http.client.protocol.RequestAuthCache - Auth cache not set in the context
11:43:27.166 [Test worker] DEBUG org.apache.http.impl.conn.PoolingHttpClientConnectionManager - Connection request: [route: {}->http://127.0.0.1:32801][total available: 0; route allocated: 0 of 50; total allocated: 0 of 50]
11:43:27.166 [Test worker] DEBUG org.apache.http.impl.conn.PoolingHttpClientConnectionManager - Connection leased: [id: 2][route: {}->http://127.0.0.1:32801][total available: 0; route allocated: 1 of 50; total allocated: 1 of 50]
11:43:27.166 [Test worker] DEBUG org.apache.http.impl.execchain.MainClientExec - Opening connection {}->http://127.0.0.1:32801
11:43:27.166 [Test worker] DEBUG org.apache.http.impl.conn.DefaultHttpClientConnectionOperator - Connecting to /127.0.0.1:32801
11:43:27.166 [Test worker] DEBUG org.apache.http.impl.conn.DefaultHttpClientConnectionOperator - Connection established 127.0.0.1:55112<->127.0.0.1:32801
11:43:27.166 [Test worker] DEBUG org.apache.http.impl.conn.DefaultManagedHttpClientConnection - http-outgoing-2: set socket timeout to 50000
11:43:27.166 [Test worker] DEBUG org.apache.http.impl.execchain.MainClientExec - Executing request GET /test/%2Fdocuments/filename.txt HTTP/1.1
11:43:27.166 [Test worker] DEBUG org.apache.http.impl.execchain.MainClientExec - Proxy auth state: UNCHALLENGED
11:43:27.166 [Test worker] DEBUG org.apache.http.headers - http-outgoing-2 >> GET /test/%2Fdocuments/filename.txt HTTP/1.1
11:43:27.166 [Test worker] DEBUG org.apache.http.headers - http-outgoing-2 >> Host: 127.0.0.1:32801
11:43:27.166 [Test worker] DEBUG org.apache.http.headers - http-outgoing-2 >> amz-sdk-invocation-id: 128e08b7-81d2-106a-aad9-36124eb75a88
11:43:27.166 [Test worker] DEBUG org.apache.http.headers - http-outgoing-2 >> amz-sdk-request: attempt=1;max=4
11:43:27.166 [Test worker] DEBUG org.apache.http.headers - http-outgoing-2 >> amz-sdk-retry: 0/0/500
11:43:27.167 [Test worker] DEBUG org.apache.http.headers - http-outgoing-2 >> Authorization: AWS4-HMAC-SHA256 Credential=accesskey/20230405/us-east-1/s3/aws4_request, SignedHeaders=amz-sdk-invocation-id;amz-sdk-request;amz-sdk-retry;content-type;host;user-agent;x-amz-content-sha256;x-amz-date, Signature=fe0b22448978a6971ab7706fde8a0fa7d242ba7a11786f595d92038fa4608a1e
11:43:27.167 [Test worker] DEBUG org.apache.http.headers - http-outgoing-2 >> Content-Type: application/octet-stream
11:43:27.167 [Test worker] DEBUG org.apache.http.headers - http-outgoing-2 >> User-Agent: aws-sdk-java/1.12.262 Linux/6.2.9-arch1-1 OpenJDK_64-Bit_Server_VM/17.0.6+10 java/17.0.6 groovy/3.0.6 vendor/N/A cfg/retry-mode/legacy
11:43:27.167 [Test worker] DEBUG org.apache.http.headers - http-outgoing-2 >> x-amz-content-sha256: e3b0c44298fc1c149afbf4c8996fb92427ae41e4649b934ca495991b7852b855
11:43:27.167 [Test worker] DEBUG org.apache.http.headers - http-outgoing-2 >> X-Amz-Date: 20230405T094327Z
11:43:27.167 [Test worker] DEBUG org.apache.http.headers - http-outgoing-2 >> Content-Length: 0
11:43:27.167 [Test worker] DEBUG org.apache.http.headers - http-outgoing-2 >> Connection: Keep-Alive
11:43:27.167 [Test worker] DEBUG org.apache.http.wire - http-outgoing-2 >> "GET /test/%2Fdocuments/filename.txt HTTP/1.1[\r][\n]"
11:43:27.167 [Test worker] DEBUG org.apache.http.wire - http-outgoing-2 >> "Host: 127.0.0.1:32801[\r][\n]"
11:43:27.167 [Test worker] DEBUG org.apache.http.wire - http-outgoing-2 >> "amz-sdk-invocation-id: 128e08b7-81d2-106a-aad9-36124eb75a88[\r][\n]"
11:43:27.167 [Test worker] DEBUG org.apache.http.wire - http-outgoing-2 >> "amz-sdk-request: attempt=1;max=4[\r][\n]"
11:43:27.167 [Test worker] DEBUG org.apache.http.wire - http-outgoing-2 >> "amz-sdk-retry: 0/0/500[\r][\n]"
11:43:27.167 [Test worker] DEBUG org.apache.http.wire - http-outgoing-2 >> "Authorization: AWS4-HMAC-SHA256 Credential=accesskey/20230405/us-east-1/s3/aws4_request, SignedHeaders=amz-sdk-invocation-id;amz-sdk-request;amz-sdk-retry;content-type;host;user-agent;x-amz-content-sha256;x-amz-date, Signature=fe0b22448978a6971ab7706fde8a0fa7d242ba7a11786f595d92038fa4608a1e[\r][\n]"
11:43:27.167 [Test worker] DEBUG org.apache.http.wire - http-outgoing-2 >> "Content-Type: application/octet-stream[\r][\n]"
11:43:27.167 [Test worker] DEBUG org.apache.http.wire - http-outgoing-2 >> "User-Agent: aws-sdk-java/1.12.262 Linux/6.2.9-arch1-1 OpenJDK_64-Bit_Server_VM/17.0.6+10 java/17.0.6 groovy/3.0.6 vendor/N/A cfg/retry-mode/legacy[\r][\n]"
11:43:27.167 [Test worker] DEBUG org.apache.http.wire - http-outgoing-2 >> "x-amz-content-sha256: e3b0c44298fc1c149afbf4c8996fb92427ae41e4649b934ca495991b7852b855[\r][\n]"
11:43:27.167 [Test worker] DEBUG org.apache.http.wire - http-outgoing-2 >> "X-Amz-Date: 20230405T094327Z[\r][\n]"
11:43:27.167 [Test worker] DEBUG org.apache.http.wire - http-outgoing-2 >> "Content-Length: 0[\r][\n]"
11:43:27.167 [Test worker] DEBUG org.apache.http.wire - http-outgoing-2 >> "Connection: Keep-Alive[\r][\n]"
11:43:27.167 [Test worker] DEBUG org.apache.http.wire - http-outgoing-2 >> "[\r][\n]"
11:43:27.175 [Test worker] DEBUG org.apache.http.wire - http-outgoing-2 << "HTTP/1.1 200 [\r][\n]"
11:43:27.175 [Test worker] DEBUG org.apache.http.wire - http-outgoing-2 << "content-type: text/plain[\r][\n]"
11:43:27.175 [Test worker] DEBUG org.apache.http.wire - http-outgoing-2 << "Content-Length: 9[\r][\n]"
11:43:27.175 [Test worker] DEBUG org.apache.http.wire - http-outgoing-2 << "Server: Werkzeug/2.1.2 Python/3.10.6[\r][\n]"
11:43:27.175 [Test worker] DEBUG org.apache.http.wire - http-outgoing-2 << "Date: Wed, 05 Apr 2023 09:43:27 GMT[\r][\n]"
11:43:27.176 [Test worker] DEBUG org.apache.http.wire - http-outgoing-2 << "x-amz-version-id: null[\r][\n]"
11:43:27.176 [Test worker] DEBUG org.apache.http.wire - http-outgoing-2 << "content-md5: Q3uTDbhLgHnC3YBKcZNrXw==[\r][\n]"
11:43:27.176 [Test worker] DEBUG org.apache.http.wire - http-outgoing-2 << "ETag: "437b930db84b8079c2dd804a71936b5f"[\r][\n]"
11:43:27.176 [Test worker] DEBUG org.apache.http.wire - http-outgoing-2 << "last-modified: Wed, 05 Apr 2023 09:43:27 GMT[\r][\n]"
11:43:27.176 [Test worker] DEBUG org.apache.http.wire - http-outgoing-2 << "x-amzn-requestid: 9PQCY3LKZRIP99EYIPNRAMONW4QBYN9EFGKRWT2NXHUAGTD9YU4H[\r][\n]"
11:43:27.176 [Test worker] DEBUG org.apache.http.wire - http-outgoing-2 << "Access-Control-Allow-Origin: *[\r][\n]"
11:43:27.176 [Test worker] DEBUG org.apache.http.wire - http-outgoing-2 << "Connection: close[\r][\n]"
11:43:27.176 [Test worker] DEBUG org.apache.http.wire - http-outgoing-2 << "x-amz-request-id: F466D19A92851FAE[\r][\n]"
11:43:27.176 [Test worker] DEBUG org.apache.http.wire - http-outgoing-2 << "x-amz-id-2: MzRISOwyjmnupF466D19A92851FAE7/JypPGXLh0OVFGcJaaO3KW/hRAqKOpIEEp[\r][\n]"
11:43:27.176 [Test worker] DEBUG org.apache.http.wire - http-outgoing-2 << "accept-ranges: bytes[\r][\n]"
11:43:27.176 [Test worker] DEBUG org.apache.http.wire - http-outgoing-2 << "content-language: en-US[\r][\n]"
11:43:27.176 [Test worker] DEBUG org.apache.http.wire - http-outgoing-2 << "date: Wed, 05 Apr 2023 09:43:27 GMT[\r][\n]"
11:43:27.176 [Test worker] DEBUG org.apache.http.wire - http-outgoing-2 << "server: hypercorn-h11[\r][\n]"
11:43:27.176 [Test worker] DEBUG org.apache.http.wire - http-outgoing-2 << "[\r][\n]"
11:43:27.176 [Test worker] DEBUG org.apache.http.headers - http-outgoing-2 << HTTP/1.1 200 
11:43:27.176 [Test worker] DEBUG org.apache.http.headers - http-outgoing-2 << content-type: text/plain
11:43:27.176 [Test worker] DEBUG org.apache.http.headers - http-outgoing-2 << Content-Length: 9
11:43:27.176 [Test worker] DEBUG org.apache.http.headers - http-outgoing-2 << Server: Werkzeug/2.1.2 Python/3.10.6
11:43:27.176 [Test worker] DEBUG org.apache.http.headers - http-outgoing-2 << Date: Wed, 05 Apr 2023 09:43:27 GMT
11:43:27.176 [Test worker] DEBUG org.apache.http.headers - http-outgoing-2 << x-amz-version-id: null
11:43:27.176 [Test worker] DEBUG org.apache.http.headers - http-outgoing-2 << content-md5: Q3uTDbhLgHnC3YBKcZNrXw==
11:43:27.176 [Test worker] DEBUG org.apache.http.headers - http-outgoing-2 << ETag: "437b930db84b8079c2dd804a71936b5f"
11:43:27.176 [Test worker] DEBUG org.apache.http.headers - http-outgoing-2 << last-modified: Wed, 05 Apr 2023 09:43:27 GMT
11:43:27.176 [Test worker] DEBUG org.apache.http.headers - http-outgoing-2 << x-amzn-requestid: 9PQCY3LKZRIP99EYIPNRAMONW4QBYN9EFGKRWT2NXHUAGTD9YU4H
11:43:27.176 [Test worker] DEBUG org.apache.http.headers - http-outgoing-2 << Access-Control-Allow-Origin: *
11:43:27.176 [Test worker] DEBUG org.apache.http.headers - http-outgoing-2 << Connection: close
11:43:27.176 [Test worker] DEBUG org.apache.http.headers - http-outgoing-2 << x-amz-request-id: F466D19A92851FAE
11:43:27.176 [Test worker] DEBUG org.apache.http.headers - http-outgoing-2 << x-amz-id-2: MzRISOwyjmnupF466D19A92851FAE7/JypPGXLh0OVFGcJaaO3KW/hRAqKOpIEEp
11:43:27.176 [Test worker] DEBUG org.apache.http.headers - http-outgoing-2 << accept-ranges: bytes
11:43:27.176 [Test worker] DEBUG org.apache.http.headers - http-outgoing-2 << content-language: en-US
11:43:27.176 [Test worker] DEBUG org.apache.http.headers - http-outgoing-2 << date: Wed, 05 Apr 2023 09:43:27 GMT
11:43:27.176 [Test worker] DEBUG org.apache.http.headers - http-outgoing-2 << server: hypercorn-h11
11:43:27.176 [Test worker] DEBUG com.amazonaws.retry.ClockSkewAdjuster - Reported server date (from 'Date' header): Wed, 05 Apr 2023 09:43:27 GMT
11:43:27.177 [Test worker] DEBUG com.amazonaws.request - Received successful response: 200, AWS Request ID: F466D19A92851FAE
11:43:27.177 [Test worker] DEBUG com.amazonaws.requestId - x-amzn-RequestId: 9PQCY3LKZRIP99EYIPNRAMONW4QBYN9EFGKRWT2NXHUAGTD9YU4H
11:43:27.177 [Test worker] DEBUG com.amazonaws.requestId - AWS Extended Request ID: MzRISOwyjmnupF466D19A92851FAE7/JypPGXLh0OVFGcJaaO3KW/hRAqKOpIEEp
11:43:27.185 [Test worker] DEBUG org.testcontainers.shaded.com.github.dockerjava.core.command.AbstrDockerCmd - Cmd: 5d6ffc387465dd48652347f7e9516f6f2ba8d2b66b9e274ad361b13a8c8f1440,false
11:43:27.186 [Test worker] DEBUG org.testcontainers.shaded.com.github.dockerjava.core.exec.InspectContainerCmdExec - GET: DefaultWebTarget{path=[/containers/5d6ffc387465dd48652347f7e9516f6f2ba8d2b66b9e274ad361b13a8c8f1440/json], queryParams={}}
11:43:27.186 [Test worker] DEBUG com.github.dockerjava.zerodep.shaded.org.apache.hc.client5.http.impl.classic.InternalHttpClient - ex-00000010: preparing request execution
11:43:27.186 [Test worker] DEBUG com.github.dockerjava.zerodep.shaded.org.apache.hc.client5.http.protocol.RequestAddCookies - Cookie spec selected: strict
11:43:27.186 [Test worker] DEBUG com.github.dockerjava.zerodep.shaded.org.apache.hc.client5.http.protocol.RequestAuthCache - Auth cache not set in the context
11:43:27.186 [Test worker] DEBUG com.github.dockerjava.zerodep.shaded.org.apache.hc.client5.http.impl.classic.ProtocolExec - ex-00000010: target auth state: UNCHALLENGED
11:43:27.186 [Test worker] DEBUG com.github.dockerjava.zerodep.shaded.org.apache.hc.client5.http.impl.classic.ProtocolExec - ex-00000010: proxy auth state: UNCHALLENGED
11:43:27.186 [Test worker] DEBUG com.github.dockerjava.zerodep.shaded.org.apache.hc.client5.http.impl.classic.ConnectExec - ex-00000010: acquiring connection with route {}->unix://localhost:2375
11:43:27.186 [Test worker] DEBUG com.github.dockerjava.zerodep.shaded.org.apache.hc.client5.http.impl.classic.InternalHttpClient - ex-00000010: acquiring endpoint (3 MINUTES)
11:43:27.186 [Test worker] DEBUG com.github.dockerjava.zerodep.shaded.org.apache.hc.client5.http.impl.io.PoolingHttpClientConnectionManager - ex-00000010: endpoint lease request (3 MINUTES) [route: {}->unix://localhost:2375][total available: 0; route allocated: 0 of 2147483647; total allocated: 0 of 2147483647]
11:43:27.186 [Test worker] DEBUG com.github.dockerjava.zerodep.shaded.org.apache.hc.client5.http.impl.io.PoolingHttpClientConnectionManager - ex-00000010: endpoint leased [route: {}->unix://localhost:2375][total available: 0; route allocated: 1 of 2147483647; total allocated: 1 of 2147483647]
11:43:27.187 [Test worker] DEBUG com.github.dockerjava.zerodep.shaded.org.apache.hc.client5.http.impl.io.PoolingHttpClientConnectionManager - ex-00000010: acquired ep-0000000F
11:43:27.187 [Test worker] DEBUG com.github.dockerjava.zerodep.shaded.org.apache.hc.client5.http.impl.classic.InternalHttpClient - ex-00000010: acquired endpoint ep-0000000F
11:43:27.187 [Test worker] DEBUG com.github.dockerjava.zerodep.shaded.org.apache.hc.client5.http.impl.classic.ConnectExec - ex-00000010: opening connection {}->unix://localhost:2375
11:43:27.187 [Test worker] DEBUG com.github.dockerjava.zerodep.shaded.org.apache.hc.client5.http.impl.classic.InternalHttpClient - ep-0000000F: connecting endpoint (3 MINUTES)
11:43:27.187 [Test worker] DEBUG com.github.dockerjava.zerodep.shaded.org.apache.hc.client5.http.impl.io.PoolingHttpClientConnectionManager - ep-0000000F: connecting endpoint to unix://localhost:2375 (3 MINUTES)
11:43:27.187 [Test worker] DEBUG com.github.dockerjava.zerodep.shaded.org.apache.hc.client5.http.impl.io.DefaultHttpClientConnectionOperator - http-outgoing-2: connecting to localhost/127.0.0.1:2375
11:43:27.187 [Test worker] DEBUG com.github.dockerjava.zerodep.shaded.org.apache.hc.client5.http.impl.io.DefaultHttpClientConnectionOperator - http-outgoing-2: connection established /var/run/docker.sock<->/var/run/docker.sock
11:43:27.187 [Test worker] DEBUG com.github.dockerjava.zerodep.shaded.org.apache.hc.client5.http.impl.io.PoolingHttpClientConnectionManager - ep-0000000F: connected http-outgoing-2
11:43:27.187 [Test worker] DEBUG com.github.dockerjava.zerodep.shaded.org.apache.hc.client5.http.impl.classic.InternalHttpClient - ep-0000000F: endpoint connected
11:43:27.187 [Test worker] DEBUG com.github.dockerjava.zerodep.shaded.org.apache.hc.client5.http.impl.classic.MainClientExec - ex-00000010: executing GET /v1.32/containers/5d6ffc387465dd48652347f7e9516f6f2ba8d2b66b9e274ad361b13a8c8f1440/json HTTP/1.1
11:43:27.187 [Test worker] DEBUG com.github.dockerjava.zerodep.shaded.org.apache.hc.client5.http.impl.classic.InternalHttpClient - ep-0000000F: start execution ex-00000010
11:43:27.187 [Test worker] DEBUG com.github.dockerjava.zerodep.shaded.org.apache.hc.client5.http.impl.io.PoolingHttpClientConnectionManager - ep-0000000F: executing exchange ex-00000010 over http-outgoing-2
11:43:27.187 [Test worker] DEBUG com.github.dockerjava.zerodep.shaded.org.apache.hc.client5.http.headers - http-outgoing-2 >> GET /v1.32/containers/5d6ffc387465dd48652347f7e9516f6f2ba8d2b66b9e274ad361b13a8c8f1440/json HTTP/1.1
11:43:27.187 [Test worker] DEBUG com.github.dockerjava.zerodep.shaded.org.apache.hc.client5.http.headers - http-outgoing-2 >> accept: application/json
11:43:27.187 [Test worker] DEBUG com.github.dockerjava.zerodep.shaded.org.apache.hc.client5.http.headers - http-outgoing-2 >> x-tc-sid: b7f6c99f-5b0f-49a9-8796-94a8ae81f0d8
11:43:27.187 [Test worker] DEBUG com.github.dockerjava.zerodep.shaded.org.apache.hc.client5.http.headers - http-outgoing-2 >> Accept-Encoding: gzip, x-gzip, deflate
11:43:27.187 [Test worker] DEBUG com.github.dockerjava.zerodep.shaded.org.apache.hc.client5.http.headers - http-outgoing-2 >> Host: localhost:2375
11:43:27.187 [Test worker] DEBUG com.github.dockerjava.zerodep.shaded.org.apache.hc.client5.http.headers - http-outgoing-2 >> Connection: keep-alive
11:43:27.187 [Test worker] DEBUG com.github.dockerjava.zerodep.shaded.org.apache.hc.client5.http.headers - http-outgoing-2 >> User-Agent: Apache-HttpClient/5.0.3 (Java/17.0.6)
11:43:27.187 [Test worker] DEBUG com.github.dockerjava.zerodep.shaded.org.apache.hc.client5.http.wire - http-outgoing-2 >> "GET /v1.32/containers/5d6ffc387465dd48652347f7e9516f6f2ba8d2b66b9e274ad361b13a8c8f1440/json HTTP/1.1[\r][\n]"
11:43:27.187 [Test worker] DEBUG com.github.dockerjava.zerodep.shaded.org.apache.hc.client5.http.wire - http-outgoing-2 >> "accept: application/json[\r][\n]"
11:43:27.187 [Test worker] DEBUG com.github.dockerjava.zerodep.shaded.org.apache.hc.client5.http.wire - http-outgoing-2 >> "x-tc-sid: b7f6c99f-5b0f-49a9-8796-94a8ae81f0d8[\r][\n]"
11:43:27.187 [Test worker] DEBUG com.github.dockerjava.zerodep.shaded.org.apache.hc.client5.http.wire - http-outgoing-2 >> "Accept-Encoding: gzip, x-gzip, deflate[\r][\n]"
11:43:27.187 [Test worker] DEBUG com.github.dockerjava.zerodep.shaded.org.apache.hc.client5.http.wire - http-outgoing-2 >> "Host: localhost:2375[\r][\n]"
11:43:27.187 [Test worker] DEBUG com.github.dockerjava.zerodep.shaded.org.apache.hc.client5.http.wire - http-outgoing-2 >> "Connection: keep-alive[\r][\n]"
11:43:27.187 [Test worker] DEBUG com.github.dockerjava.zerodep.shaded.org.apache.hc.client5.http.wire - http-outgoing-2 >> "User-Agent: Apache-HttpClient/5.0.3 (Java/17.0.6)[\r][\n]"
11:43:27.187 [Test worker] DEBUG com.github.dockerjava.zerodep.shaded.org.apache.hc.client5.http.wire - http-outgoing-2 >> "[\r][\n]"
11:43:27.188 [Test worker] DEBUG com.github.dockerjava.zerodep.shaded.org.apache.hc.client5.http.wire - http-outgoing-2 << "HTTP/1.1 200 OK[\r][\n]"
11:43:27.188 [Test worker] DEBUG com.github.dockerjava.zerodep.shaded.org.apache.hc.client5.http.wire - http-outgoing-2 << "Api-Version: 1.42[\r][\n]"
11:43:27.188 [Test worker] DEBUG com.github.dockerjava.zerodep.shaded.org.apache.hc.client5.http.wire - http-outgoing-2 << "Content-Type: application/json[\r][\n]"
11:43:27.188 [Test worker] DEBUG com.github.dockerjava.zerodep.shaded.org.apache.hc.client5.http.wire - http-outgoing-2 << "Docker-Experimental: false[\r][\n]"
11:43:27.188 [Test worker] DEBUG com.github.dockerjava.zerodep.shaded.org.apache.hc.client5.http.wire - http-outgoing-2 << "Ostype: linux[\r][\n]"
11:43:27.188 [Test worker] DEBUG com.github.dockerjava.zerodep.shaded.org.apache.hc.client5.http.wire - http-outgoing-2 << "Server: Docker/23.0.2 (linux)[\r][\n]"
11:43:27.188 [Test worker] DEBUG com.github.dockerjava.zerodep.shaded.org.apache.hc.client5.http.wire - http-outgoing-2 << "Date: Wed, 05 Apr 2023 09:43:27 GMT[\r][\n]"
11:43:27.188 [Test worker] DEBUG com.github.dockerjava.zerodep.shaded.org.apache.hc.client5.http.wire - http-outgoing-2 << "Transfer-Encoding: chunked[\r][\n]"
11:43:27.188 [Test worker] DEBUG com.github.dockerjava.zerodep.shaded.org.apache.hc.client5.http.wire - http-outgoing-2 << "[\r][\n]"
11:43:27.189 [Test worker] DEBUG com.github.dockerjava.zerodep.shaded.org.apache.hc.client5.http.wire - http-outgoing-2 << "2be8[\r][\n]"
11:43:27.189 [Test worker] DEBUG com.github.dockerjava.zerodep.shaded.org.apache.hc.client5.http.wire - http-outgoing-2 << "{"Id":"5d6ffc387465dd48652347f7e9516f6f2ba8d2b66b9e274ad361b13a8c8f1440","Created":"2023-04-05T09:43:22.829290793Z","Path":"docker-entrypoint.sh","Args":[],"State":{"Status":"running","Running":true,"Paused":false,"Restarting":false,"OOMKilled":false,"Dead":false,"Pid":72097,"ExitCode":0,"Error":"","StartedAt":"2023-04-05T09:43:23.197989451Z","FinishedAt":"0001-01-01T00:00:00Z","Health":{"Status":"starting","FailingStreak":0,"Log":[]}},"Image":"sha256:ef39a37f053855295f8857780c010f885baded96b4d36d768fbfa665a1c932f4","ResolvConfPath":"/var/lib/docker/containers/5d6ffc387465dd48652347f7e9516f6f2ba8d2b66b9e274ad361b13a8c8f1440/resolv.conf","HostnamePath":"/var/lib/docker/containers/5d6ffc387465dd48652347f7e9516f6f2ba8d2b66b9e274ad361b13a8c8f1440/hostname","HostsPath":"/var/lib/docker/containers/5d6ffc387465dd48652347f7e9516f6f2ba8d2b66b9e274ad361b13a8c8f1440/hosts","LogPath":"/var/lib/docker/containers/5d6ffc387465dd48652347f7e9516f6f2ba8d2b66b9e274ad361b13a8c8f1440/5d6ffc387465dd48652347f7e9516f6f2ba8d2b66b9e274ad361b13a8c8f1440-json.log","Name":"/vibrant_greider","RestartCount":0,"Driver":"overlay2","Platform":"linux","MountLabel":"","ProcessLabel":"","AppArmorProfile":"","ExecIDs":null,"HostConfig":{"Binds":["/var/run/docker.sock:/var/run/docker.sock:rw"],"ContainerIDFile":"","LogConfig":{"Type":"json-file","Config":{}},"NetworkMode":"default","PortBindings":{"4566/tcp":[{"HostIp":"","HostPort":""}]},"RestartPolicy":{"Name":"","MaximumRetryCount":0},"AutoRemove":false,"VolumeDriver":"","VolumesFrom":[],"ConsoleSize":[0,0],"CapAdd":null,"CapDrop":null,"CgroupnsMode":"private","Dns":null,"DnsOptions":null,"DnsSearch":null,"ExtraHosts":[],"GroupAdd":null,"IpcMode":"shareable","Cgroup":"","Links":null,"OomScoreAdj":0,"PidMode":"","Privileged":false,"PublishAllPorts":false,"ReadonlyRootfs":false,"SecurityOpt":null,"UTSMode":"","UsernsMode":"","ShmSize":67108864,"Runtime":"runc","Isolation":"","CpuShares":0,"Memory":0,"NanoCpus":0,"CgroupParent":"","BlkioWeight":0,"BlkioWeightDevice":null,"BlkioDeviceReadBps":null,"BlkioDeviceWriteBps":null,"BlkioDeviceReadIOps":null,"BlkioDeviceWriteIOps":null,"CpuPeriod":0,"CpuQuota":0,"CpuRealtimePeriod":0,"CpuRealtimeRuntime":0,"CpusetCpus":"","CpusetMems":"","Devices":null,"DeviceCgroupRules":null,"DeviceRequests":null,"MemoryReservation":0,"MemorySwap":0,"MemorySwappiness":null,"OomKillDisable":null,"PidsLimit":null,"Ulimits":null,"CpuCount":0,"CpuPercent":0,"IOMaximumIOps":0,"IOMaximumBandwidth":0,"MaskedPaths":["/proc/asound","/proc/acpi","/proc/kcore","/proc/keys","/proc/latency_stats","/proc/timer_list","/proc/timer_stats","/proc/sched_debug","/proc/scsi","/sys/firmware"],"ReadonlyPaths":["/proc/bus","/proc/fs","/proc/irq","/proc/sys","/proc/sysrq-trigger"]},"GraphDriver":{"Data":{"LowerDir":"/var/lib/docker/overlay2/f03a353a8b7ef7721ff4d0f0161c566e507c2bd7b2103bc094380870470dede8-init/diff:/var/lib/docker/overlay2/66325d4a72445292752a5cc089f7b06e1c656d6a606727c31c34d63332181498/diff:/var/lib/docker/overlay2/0420538d50de8501df70f24dc40485b6e5eb7c5bf0d729e97825149a095e81ee/diff:/var/lib/docker/overlay2/2fead15118972e8b246a17f3f74c4f3655f3aa220ec939b86a56fe0510f7f20e/diff:/var/lib/docker/overlay2/ae68753402a4f569497d5c9f410ab0fa5a0fb2a04df8287cf37abc3393c77a11/diff:/var/lib/docker/overlay2/0f33f3c94c888aff8ca57897ea63fa4e9b20fb7f7934073692321ec9850132f4/diff:/var/lib/docker/overlay2/597223515b71e4f23e1e930f2ae3f3e7243b6e5e552719d8d7195d401d02d023/diff:/var/lib/docker/overlay2/25674083bc449fb11328f7979a180fe0ee7007367e6cb9bd5230a3d1ac8909d4/diff:/var/lib/docker/overlay2/d4ad32368669b49558cd44d2fed1804e752c8491a3ed5fe0a06247ad5d1e2682/diff:/var/lib/docker/overlay2/e8ddd839dccdccdb7ca680a8dbc95292a90a9e4fb1b4279d5c28646c6890e904/diff:/var/lib/docker/overlay2/8b58ccb7696936ff3318138153004d6c3a4b38fd540a21082ba63f736809a000/diff:/var/lib/docker/overlay2/c84d05a1572fe22afac932672dca46a6a056176ddaf606813a5c9ec4f4483542/diff:/var/lib/docker/overlay2/efb8ee473eb1010366ad7ce8e083c74e830d07f1bbe9d48a48e43f10a3801260/diff:/var/lib/docker/overlay2/989e3488dd2e4b6494f77205761f97867704a6b559fc71dfb349529c277d82b8/diff:/var/lib/docker/overlay2/1c4a29393c91ce4f505b657276803401a43b74b0ff0e30c5e01c12b1b1352329/diff:/var/lib/docker/overlay2/8c441ef151b8fe9fe855a56abf8947a41c9bed8fdc81287309d50da11d44c551/diff:/var/lib/docker/overlay2/e1d7e75a64a7c47c5b2c9aa5245400620a2963a3cea73ce8bfb9ee3d0ec87742/diff:/var/lib/docker/overlay2/036298d5ecb6af5928c740623098c4de4982821471e36c8c624ac67a1b6748c5/diff:/var/lib/docker/overlay2/ed0c39deedb4f2b7488ded2927cd2590b490623c1708eb0427acb577e860cd74/diff:/var/lib/docker/overlay2/c189597c890c51a188731ae35609d5347be6ab812bfbc0d2ecbe2f44211205ca/diff:/var/lib/docker/overlay2/dfc01826bd9d1e9459778e608bc62c7f797eea1a2ad265f7c27ee20192ed4784/diff:/var/lib/docker/overlay2/4bbf66cb6c6da59f25151eb03310402487d8a911a5c2c7c0d5b95a369ca840a7/diff:/var/lib/docker/overlay2/7bef5e8d1eed205636df4d3454bdbb8aeaa3925932855598f2665a362ae94c52/diff:/var/lib/docker/overlay2/1d387a93df91d4294723c83c3d5ac8c420894677ebc28471a31986ccd3ceb457/diff:/var/lib/docker/overlay2/a3d8d3123757f8ab4866f0738e23aba4556ce2e6b90d35a05785378bb80a9153/diff:/var/lib/docker/overlay2/3d49eb1a0d68a40380d451123d895d547068f03dbe1ac90aa5a5a89e02895d62/diff:/var/lib/docker/overlay2/8483c5600a50963ee9dfa89cd7f5e777ec4cd7853fcb23e43aea52f1af1118ea/diff:/var/lib/docker/overlay2/31292f6d437552a0ecf673e43c5fb0ab7665ef34dc163eeb2f6d76a107f6796f/diff:/var/lib/docker/overlay2/32b8a7e82345d4754337301d89eca79fdfc6ef6aeaab3c77ac2f8688d75e116a/diff:/var/lib/docker/overlay2/c099dd0c5adbc8ae6f8c24fca0e5ae33aa573e689c775e20d3bffe82c8803005/diff:/var/lib/docker/overlay2/630ccf027f38d4a66376848a8f3b3a70f7282ebf12cbc2eb70e40506eea77631/diff:/var/lib/docker/overlay2/3e90287fdcb44892311c3797b970d66a7dc4b7df6980ed27c0b2eb362f16d00a/diff:/var/lib/docker/overlay2/06f959762d7d95eb297fe7e1367bd1ab94925333e63fe3066ca492b86d0cffdf/diff:/var/lib/docker/overlay2/a67c673f0fe7552e9a71ad33ea4da187081140b12a5270c86b49dcac77787d08/diff:/var/lib/docker/overlay2/429bc4bc5dab1eeca6eed04ccd2134a2c83ba13fb165b2eafe71ad87f6135483/diff:/var/lib/docker/overlay2/6017fbb25c9bda5b79fbed8d535fd69c510f7f89968284b952c673bf00b67a0f/diff","MergedDir":"/var/lib/docker/overlay2/f03a353a8b7ef7721ff4d0f0161c566e507c2bd7b2103bc094380870470dede8/merged","UpperDir":"/var/lib/docker/overlay2/f03a353a8b7ef7721ff4d0f0161c566e507c2bd7b2103bc094380870470dede8/diff","WorkDir":"/var/lib/docker/overlay2/f03a353a8b7ef7721ff4d0f0161c566e507c2bd7b2103bc094380870470dede8/work"},"Name":"overlay2"},"Mounts":[{"Type":"bind","Source":"/var/run/docker.sock","Destination":"/var/run/docker.sock","Mode":"rw","RW":true,"Propagation":"rprivate"},{"Type":"volume","Name":"63a2d1867f186d9272b34fa6c91fc6a66dde70fe3aba4d8691a42d8318f88594","Source":"/var/lib/docker/volumes/63a2d1867f186d9272b34fa6c91fc6a66dde70fe3aba4d8691a42d8318f88594/_data","Destination":"/var/lib/localstack","Driver":"local","Mode":"","RW":true,"Propagation":""}],"Config":{"Hostname":"5d6ffc387465","Domainname":"","User":"","AttachStdin":false,"AttachStdout":false,"AttachStderr":false,"ExposedPorts":{"4510/tcp":{},"4511/tcp":{},"4512/tcp":{},"4513/tcp":{},"4514/tcp":{},"4515/tcp":{},"4516/tcp":{},"4517/tcp":{},"4518/tcp":{},"4519/tcp":{},"4520/tcp":{},"4521/tcp":{},"4522/tcp":{},"4523/tcp":{},"4524/tcp":{},"4525/tcp":{},"4526/tcp":{},"4527/tcp":{},"4528/tcp":{},"4529/tcp":{},"4530/tcp":{},"4531/tcp":{},"4532/tcp":{},"4533/tcp":{},"4534/tcp":{},"4535/tcp":{},"4536/tcp":{},"4537/tcp":{},"4538/tcp":{},"4539/tcp":{},"4540/tcp":{},"4541/tcp":{},"4542/tcp":{},"4543/tcp":{},"4544/tcp":{},"4545/tcp":{},"4546/tcp":{},"4547/tcp":{},"4548/tcp":{},"4549/tcp":{},"4550/tcp":{},"4551/tcp":{},"4552/tcp":{},"4553/tcp":{},"4554/tcp":{},"4555/tcp":{},"4556/tcp":{},"4557/tcp":{},"4558/tcp":{},"4559/tcp":{},"4566/tcp":{},"5678/tcp":{}},"Tty":false,"OpenStdin":false,"StdinOnce":false,"Env":["HOSTNAME_EXTERNAL=localhost","SERVICES=s3","PATH=/usr/local/bin:/usr/"
11:43:27.189 [Test worker] DEBUG com.github.dockerjava.zerodep.shaded.org.apache.hc.client5.http.headers - http-outgoing-2 << HTTP/1.1 200 OK
11:43:27.189 [Test worker] DEBUG com.github.dockerjava.zerodep.shaded.org.apache.hc.client5.http.headers - http-outgoing-2 << Api-Version: 1.42
11:43:27.189 [Test worker] DEBUG com.github.dockerjava.zerodep.shaded.org.apache.hc.client5.http.headers - http-outgoing-2 << Content-Type: application/json
11:43:27.189 [Test worker] DEBUG com.github.dockerjava.zerodep.shaded.org.apache.hc.client5.http.headers - http-outgoing-2 << Docker-Experimental: false
11:43:27.189 [Test worker] DEBUG com.github.dockerjava.zerodep.shaded.org.apache.hc.client5.http.headers - http-outgoing-2 << Ostype: linux
11:43:27.189 [Test worker] DEBUG com.github.dockerjava.zerodep.shaded.org.apache.hc.client5.http.headers - http-outgoing-2 << Server: Docker/23.0.2 (linux)
11:43:27.189 [Test worker] DEBUG com.github.dockerjava.zerodep.shaded.org.apache.hc.client5.http.headers - http-outgoing-2 << Date: Wed, 05 Apr 2023 09:43:27 GMT
11:43:27.189 [Test worker] DEBUG com.github.dockerjava.zerodep.shaded.org.apache.hc.client5.http.headers - http-outgoing-2 << Transfer-Encoding: chunked
11:43:27.189 [Test worker] DEBUG com.github.dockerjava.zerodep.shaded.org.apache.hc.client5.http.impl.classic.MainClientExec - ex-00000010: connection can be kept alive for 3 MINUTES
11:43:27.190 [Test worker] DEBUG com.github.dockerjava.zerodep.shaded.org.apache.hc.client5.http.wire - http-outgoing-2 << "local/sbin:/usr/local/bin:/usr/sbin:/usr/bin:/sbin:/bin:/usr/lib/jvm/java-11/bin","LANG=C.UTF-8","GPG_KEY=A035C8C19219BA821ECEA86B64E628F8D684696D","PYTHON_VERSION=3.10.6","PYTHON_PIP_VERSION=22.2.1","PYTHON_SETUPTOOLS_VERSION=63.2.0","PYTHON_GET_PIP_URL=https://github.com/pypa/get-pip/raw/5eaac1050023df1f5c98b173b248c260023f2278/public/get-pip.py","PYTHON_GET_PIP_SHA256=5aefe6ade911d997af080b315ebcb7f882212d070465df544e1175ac2be519b4","JAVA_HOME=/usr/lib/jvm/java-11","MAVEN_HOME=/usr/share/maven","MAVEN_CONFIG=/opt/code/localstack","LD_LIBRARY_PATH=/usr/lib/jvm/java-11/lib:/usr/lib/jvm/java-11/lib/server","USER=localstack","PYTHONUNBUFFERED=1","EDGE_BIND_HOST=0.0.0.0","LOCALSTACK_HOSTNAME=localhost","LOCALSTACK_BUILD_DATE=2022-08-28","LOCALSTACK_BUILD_GIT_HASH=034bc851","LOCALSTACK_BUILD_VERSION=1.0.5.dev"],"Cmd":null,"Healthcheck":{"Test":["CMD-SHELL","./bin/localstack status services --format=json"],"Interval":10000000000,"Timeout":5000000000,"StartPeriod":15000000000,"Retries":5},"Image":"localstack/localstack:latest","Volumes":{"/var/lib/localstack":{}},"WorkingDir":"/opt/code/localstack","Entrypoint":["docker-entrypoint.sh"],"OnBuild":null,"Labels":{"authors":"LocalStack Contributors","description":"LocalStack Docker image","maintainer":"LocalStack Team (info@localstack.cloud)","org.testcontainers":"true","org.testcontainers.sessionId":"b7f6c99f-5b0f-49a9-8796-94a8ae81f0d8"}},"NetworkSettings":{"Bridge":"","SandboxID":"8f49020bf0dd082eb7702ef029e53d452b2379319b4efeb8d95093b56bfdbe90","HairpinMode":false,"LinkLocalIPv6Address":"","LinkLocalIPv6PrefixLen":0,"Ports":{"4510/tcp":null,"4511/tcp":null,"4512/tcp":null,"4513/tcp":null,"4514/tcp":null,"4515/tcp":null,"4516/tcp":null,"4517/tcp":null,"4518/tcp":null,"4519/tcp":null,"4520/tcp":null,"4521/tcp":null,"4522/tcp":null,"4523/tcp":null,"4524/tcp":null,"4525/tcp":null,"4526/tcp":null,"4527/tcp":null,"4528/tcp":null,"4529/tcp":null,"4530/tcp":null,"4531/tcp":null,"4532/tcp":null,"4533/tcp":null,"4534/tcp":null,"4535/tcp":null,"4536/tcp":null,"4537/tcp":null,"4538/tcp":null,"4539/tcp":null,"4540/tcp":null,"4541/tcp":null,"4542/tcp":null,"4543/tcp":null,"4544/tcp":null,"4545/tcp":null,"4546/tcp":null,"4547/tcp":null,"4548/tcp":null,"4549/tcp":null,"4550/tcp":null,"4551/tcp":null,"4552/tcp":null,"4553/tcp":null,"4554/tcp":null,"4555/tcp":null,"4556/tcp":null,"4557/tcp":null,"4558/tcp":null,"4559/tcp":null,"4566/tcp":[{"HostIp":"0.0.0.0","HostPort":"32801"},{"HostIp":"::","HostPort":"32801"}],"5678/tcp":null},"SandboxKey":"/var/run/docker/netns/8f49020bf0dd","SecondaryIPAddresses":null,"SecondaryIPv6Addresses":null,"EndpointID":"83c8bdd7f103eae37314d609a596bbb9b8f95dbf11ff62b4fd886cc83a816cce","Gateway":"172.17.0.1","GlobalIPv6Address":"","GlobalIPv6PrefixLen":0,"IPAddress":"172.17.0.3","IPPrefixLen":16,"IPv6Gateway":"","MacAddress":"02:42:ac:11:00:03","Networks":{"bridge":{"IPAMConfig":null,"Links":null,"Aliases":null,"NetworkID":"1fdc03a63739761e3484ec01555a4a41a93885968a8881851c366d521acc95ee","EndpointID":"83c8bdd7f103eae37314d609a596bbb9b8f95dbf11ff62b4fd886cc83a816cce","Gateway":"172.17.0.1","IPAddress":"172.17.0.3","IPPrefixLen":16,"IPv6Gateway":"","GlobalIPv6Address":"","GlobalIPv6PrefixLen":0,"MacAddress":"02:42:ac:11:00:03","DriverOpts":null}}}}[\n]"
11:43:27.192 [Test worker] DEBUG com.github.dockerjava.zerodep.shaded.org.apache.hc.client5.http.wire - http-outgoing-2 << "[\r][\n]"
11:43:27.192 [Test worker] DEBUG com.github.dockerjava.zerodep.shaded.org.apache.hc.client5.http.wire - http-outgoing-2 << "0[\r][\n]"
11:43:27.193 [Test worker] DEBUG com.github.dockerjava.zerodep.shaded.org.apache.hc.client5.http.wire - http-outgoing-2 << "[\r][\n]"
11:43:27.193 [Test worker] DEBUG com.github.dockerjava.zerodep.shaded.org.apache.hc.client5.http.impl.classic.InternalHttpClient - ep-0000000F: releasing valid endpoint
11:43:27.193 [Test worker] DEBUG com.github.dockerjava.zerodep.shaded.org.apache.hc.client5.http.impl.io.PoolingHttpClientConnectionManager - ep-0000000F: releasing endpoint
11:43:27.193 [Test worker] DEBUG com.github.dockerjava.zerodep.shaded.org.apache.hc.client5.http.impl.io.PoolingHttpClientConnectionManager - ep-0000000F: connection http-outgoing-2 can be kept alive for 3 MINUTES
11:43:27.193 [Test worker] DEBUG com.github.dockerjava.zerodep.shaded.org.apache.hc.client5.http.impl.io.PoolingHttpClientConnectionManager - ep-0000000F: connection released [route: {}->unix://localhost:2375][total available: 1; route allocated: 1 of 2147483647; total allocated: 1 of 2147483647]
11:43:27.194 [Test worker] DEBUG org.testcontainers.shaded.com.github.dockerjava.core.command.AbstrDockerCmd - Cmd: 5d6ffc387465dd48652347f7e9516f6f2ba8d2b66b9e274ad361b13a8c8f1440,<null>
11:43:27.194 [Test worker] DEBUG com.github.dockerjava.zerodep.shaded.org.apache.hc.client5.http.impl.classic.InternalHttpClient - ex-00000011: preparing request execution
11:43:27.195 [Test worker] DEBUG com.github.dockerjava.zerodep.shaded.org.apache.hc.client5.http.protocol.RequestAddCookies - Cookie spec selected: strict
11:43:27.195 [Test worker] DEBUG com.github.dockerjava.zerodep.shaded.org.apache.hc.client5.http.protocol.RequestAuthCache - Auth cache not set in the context
11:43:27.195 [Test worker] DEBUG com.github.dockerjava.zerodep.shaded.org.apache.hc.client5.http.impl.classic.ProtocolExec - ex-00000011: target auth state: UNCHALLENGED
11:43:27.195 [Test worker] DEBUG com.github.dockerjava.zerodep.shaded.org.apache.hc.client5.http.impl.classic.ProtocolExec - ex-00000011: proxy auth state: UNCHALLENGED
11:43:27.195 [Test worker] DEBUG com.github.dockerjava.zerodep.shaded.org.apache.hc.client5.http.impl.classic.ConnectExec - ex-00000011: acquiring connection with route {}->unix://localhost:2375
11:43:27.195 [Test worker] DEBUG com.github.dockerjava.zerodep.shaded.org.apache.hc.client5.http.impl.classic.InternalHttpClient - ex-00000011: acquiring endpoint (3 MINUTES)
11:43:27.195 [Test worker] DEBUG com.github.dockerjava.zerodep.shaded.org.apache.hc.client5.http.impl.io.PoolingHttpClientConnectionManager - ex-00000011: endpoint lease request (3 MINUTES) [route: {}->unix://localhost:2375][total available: 1; route allocated: 1 of 2147483647; total allocated: 1 of 2147483647]
11:43:27.195 [Test worker] DEBUG com.github.dockerjava.zerodep.shaded.org.apache.hc.client5.http.impl.io.PoolingHttpClientConnectionManager - ex-00000011: endpoint leased [route: {}->unix://localhost:2375][total available: 0; route allocated: 1 of 2147483647; total allocated: 1 of 2147483647]
11:43:27.195 [Test worker] DEBUG com.github.dockerjava.zerodep.shaded.org.apache.hc.client5.http.impl.io.PoolingHttpClientConnectionManager - ex-00000011: acquired ep-00000010
11:43:27.195 [Test worker] DEBUG com.github.dockerjava.zerodep.shaded.org.apache.hc.client5.http.impl.classic.InternalHttpClient - ex-00000011: acquired endpoint ep-00000010
11:43:27.195 [Test worker] DEBUG com.github.dockerjava.zerodep.shaded.org.apache.hc.client5.http.impl.classic.MainClientExec - ex-00000011: executing POST /v1.32/containers/5d6ffc387465dd48652347f7e9516f6f2ba8d2b66b9e274ad361b13a8c8f1440/kill HTTP/1.1
11:43:27.195 [Test worker] DEBUG com.github.dockerjava.zerodep.shaded.org.apache.hc.client5.http.impl.classic.InternalHttpClient - ep-00000010: start execution ex-00000011
11:43:27.195 [Test worker] DEBUG com.github.dockerjava.zerodep.shaded.org.apache.hc.client5.http.impl.io.PoolingHttpClientConnectionManager - ep-00000010: executing exchange ex-00000011 over http-outgoing-2
11:43:27.195 [Test worker] DEBUG com.github.dockerjava.zerodep.shaded.org.apache.hc.client5.http.headers - http-outgoing-2 >> POST /v1.32/containers/5d6ffc387465dd48652347f7e9516f6f2ba8d2b66b9e274ad361b13a8c8f1440/kill HTTP/1.1
11:43:27.195 [Test worker] DEBUG com.github.dockerjava.zerodep.shaded.org.apache.hc.client5.http.headers - http-outgoing-2 >> accept: application/json
11:43:27.195 [Test worker] DEBUG com.github.dockerjava.zerodep.shaded.org.apache.hc.client5.http.headers - http-outgoing-2 >> content-type: application/json
11:43:27.195 [Test worker] DEBUG com.github.dockerjava.zerodep.shaded.org.apache.hc.client5.http.headers - http-outgoing-2 >> x-tc-sid: b7f6c99f-5b0f-49a9-8796-94a8ae81f0d8
11:43:27.195 [Test worker] DEBUG com.github.dockerjava.zerodep.shaded.org.apache.hc.client5.http.headers - http-outgoing-2 >> Accept-Encoding: gzip, x-gzip, deflate
11:43:27.195 [Test worker] DEBUG com.github.dockerjava.zerodep.shaded.org.apache.hc.client5.http.headers - http-outgoing-2 >> Host: localhost:2375
11:43:27.195 [Test worker] DEBUG com.github.dockerjava.zerodep.shaded.org.apache.hc.client5.http.headers - http-outgoing-2 >> Connection: keep-alive
11:43:27.195 [Test worker] DEBUG com.github.dockerjava.zerodep.shaded.org.apache.hc.client5.http.headers - http-outgoing-2 >> User-Agent: Apache-HttpClient/5.0.3 (Java/17.0.6)
11:43:27.195 [Test worker] DEBUG com.github.dockerjava.zerodep.shaded.org.apache.hc.client5.http.wire - http-outgoing-2 >> "POST /v1.32/containers/5d6ffc387465dd48652347f7e9516f6f2ba8d2b66b9e274ad361b13a8c8f1440/kill HTTP/1.1[\r][\n]"
11:43:27.195 [Test worker] DEBUG com.github.dockerjava.zerodep.shaded.org.apache.hc.client5.http.wire - http-outgoing-2 >> "accept: application/json[\r][\n]"
11:43:27.195 [Test worker] DEBUG com.github.dockerjava.zerodep.shaded.org.apache.hc.client5.http.wire - http-outgoing-2 >> "content-type: application/json[\r][\n]"
11:43:27.195 [Test worker] DEBUG com.github.dockerjava.zerodep.shaded.org.apache.hc.client5.http.wire - http-outgoing-2 >> "x-tc-sid: b7f6c99f-5b0f-49a9-8796-94a8ae81f0d8[\r][\n]"
11:43:27.195 [Test worker] DEBUG com.github.dockerjava.zerodep.shaded.org.apache.hc.client5.http.wire - http-outgoing-2 >> "Accept-Encoding: gzip, x-gzip, deflate[\r][\n]"
11:43:27.195 [Test worker] DEBUG com.github.dockerjava.zerodep.shaded.org.apache.hc.client5.http.wire - http-outgoing-2 >> "Host: localhost:2375[\r][\n]"
11:43:27.195 [Test worker] DEBUG com.github.dockerjava.zerodep.shaded.org.apache.hc.client5.http.wire - http-outgoing-2 >> "Connection: keep-alive[\r][\n]"
11:43:27.195 [Test worker] DEBUG com.github.dockerjava.zerodep.shaded.org.apache.hc.client5.http.wire - http-outgoing-2 >> "User-Agent: Apache-HttpClient/5.0.3 (Java/17.0.6)[\r][\n]"
11:43:27.195 [Test worker] DEBUG com.github.dockerjava.zerodep.shaded.org.apache.hc.client5.http.wire - http-outgoing-2 >> "[\r][\n]"
11:43:27.483 [Test worker] DEBUG com.github.dockerjava.zerodep.shaded.org.apache.hc.client5.http.wire - http-outgoing-2 << "HTTP/1.1 204 No Content[\r][\n]"
11:43:27.484 [Test worker] DEBUG com.github.dockerjava.zerodep.shaded.org.apache.hc.client5.http.wire - http-outgoing-2 << "Api-Version: 1.42[\r][\n]"
11:43:27.484 [Test worker] DEBUG com.github.dockerjava.zerodep.shaded.org.apache.hc.client5.http.wire - http-outgoing-2 << "Docker-Experimental: false[\r][\n]"
11:43:27.484 [Test worker] DEBUG com.github.dockerjava.zerodep.shaded.org.apache.hc.client5.http.wire - http-outgoing-2 << "Ostype: linux[\r][\n]"
11:43:27.484 [Test worker] DEBUG com.github.dockerjava.zerodep.shaded.org.apache.hc.client5.http.wire - http-outgoing-2 << "Server: Docker/23.0.2 (linux)[\r][\n]"
11:43:27.484 [Test worker] DEBUG com.github.dockerjava.zerodep.shaded.org.apache.hc.client5.http.wire - http-outgoing-2 << "Date: Wed, 05 Apr 2023 09:43:27 GMT[\r][\n]"
11:43:27.484 [Test worker] DEBUG com.github.dockerjava.zerodep.shaded.org.apache.hc.client5.http.wire - http-outgoing-2 << "[\r][\n]"
11:43:27.484 [Test worker] DEBUG com.github.dockerjava.zerodep.shaded.org.apache.hc.client5.http.headers - http-outgoing-2 << HTTP/1.1 204 No Content
11:43:27.484 [Test worker] DEBUG com.github.dockerjava.zerodep.shaded.org.apache.hc.client5.http.headers - http-outgoing-2 << Api-Version: 1.42
11:43:27.484 [Test worker] DEBUG com.github.dockerjava.zerodep.shaded.org.apache.hc.client5.http.headers - http-outgoing-2 << Docker-Experimental: false
11:43:27.484 [Test worker] DEBUG com.github.dockerjava.zerodep.shaded.org.apache.hc.client5.http.headers - http-outgoing-2 << Ostype: linux
11:43:27.484 [Test worker] DEBUG com.github.dockerjava.zerodep.shaded.org.apache.hc.client5.http.headers - http-outgoing-2 << Server: Docker/23.0.2 (linux)
11:43:27.484 [Test worker] DEBUG com.github.dockerjava.zerodep.shaded.org.apache.hc.client5.http.headers - http-outgoing-2 << Date: Wed, 05 Apr 2023 09:43:27 GMT
11:43:27.484 [Test worker] DEBUG com.github.dockerjava.zerodep.shaded.org.apache.hc.client5.http.impl.classic.MainClientExec - ex-00000011: connection can be kept alive for 3 MINUTES
11:43:27.484 [Test worker] DEBUG com.github.dockerjava.zerodep.shaded.org.apache.hc.client5.http.impl.classic.InternalHttpClient - ep-00000010: releasing valid endpoint
11:43:27.484 [Test worker] DEBUG com.github.dockerjava.zerodep.shaded.org.apache.hc.client5.http.impl.io.PoolingHttpClientConnectionManager - ep-00000010: releasing endpoint
11:43:27.484 [Test worker] DEBUG com.github.dockerjava.zerodep.shaded.org.apache.hc.client5.http.impl.io.PoolingHttpClientConnectionManager - ep-00000010: connection http-outgoing-2 can be kept alive for 3 MINUTES
11:43:27.485 [Test worker] DEBUG com.github.dockerjava.zerodep.shaded.org.apache.hc.client5.http.impl.io.PoolingHttpClientConnectionManager - ep-00000010: connection released [route: {}->unix://localhost:2375][total available: 1; route allocated: 1 of 2147483647; total allocated: 1 of 2147483647]
11:43:27.485 [Test worker] DEBUG org.testcontainers.shaded.com.github.dockerjava.core.command.AbstrDockerCmd - Cmd: 5d6ffc387465dd48652347f7e9516f6f2ba8d2b66b9e274ad361b13a8c8f1440,false
11:43:27.485 [Test worker] DEBUG org.testcontainers.shaded.com.github.dockerjava.core.exec.InspectContainerCmdExec - GET: DefaultWebTarget{path=[/containers/5d6ffc387465dd48652347f7e9516f6f2ba8d2b66b9e274ad361b13a8c8f1440/json], queryParams={}}
11:43:27.485 [Test worker] DEBUG com.github.dockerjava.zerodep.shaded.org.apache.hc.client5.http.impl.classic.InternalHttpClient - ex-00000012: preparing request execution
11:43:27.485 [Test worker] DEBUG com.github.dockerjava.zerodep.shaded.org.apache.hc.client5.http.protocol.RequestAddCookies - Cookie spec selected: strict
11:43:27.485 [Test worker] DEBUG com.github.dockerjava.zerodep.shaded.org.apache.hc.client5.http.protocol.RequestAuthCache - Auth cache not set in the context
11:43:27.486 [Test worker] DEBUG com.github.dockerjava.zerodep.shaded.org.apache.hc.client5.http.impl.classic.ProtocolExec - ex-00000012: target auth state: UNCHALLENGED
11:43:27.486 [Test worker] DEBUG com.github.dockerjava.zerodep.shaded.org.apache.hc.client5.http.impl.classic.ProtocolExec - ex-00000012: proxy auth state: UNCHALLENGED
11:43:27.486 [Test worker] DEBUG com.github.dockerjava.zerodep.shaded.org.apache.hc.client5.http.impl.classic.ConnectExec - ex-00000012: acquiring connection with route {}->unix://localhost:2375
11:43:27.486 [Test worker] DEBUG com.github.dockerjava.zerodep.shaded.org.apache.hc.client5.http.impl.classic.InternalHttpClient - ex-00000012: acquiring endpoint (3 MINUTES)
11:43:27.486 [Test worker] DEBUG com.github.dockerjava.zerodep.shaded.org.apache.hc.client5.http.impl.io.PoolingHttpClientConnectionManager - ex-00000012: endpoint lease request (3 MINUTES) [route: {}->unix://localhost:2375][total available: 1; route allocated: 1 of 2147483647; total allocated: 1 of 2147483647]
11:43:27.486 [Test worker] DEBUG com.github.dockerjava.zerodep.shaded.org.apache.hc.client5.http.impl.io.PoolingHttpClientConnectionManager - ex-00000012: endpoint leased [route: {}->unix://localhost:2375][total available: 0; route allocated: 1 of 2147483647; total allocated: 1 of 2147483647]
11:43:27.486 [Test worker] DEBUG com.github.dockerjava.zerodep.shaded.org.apache.hc.client5.http.impl.io.PoolingHttpClientConnectionManager - ex-00000012: acquired ep-00000011
11:43:27.486 [Test worker] DEBUG com.github.dockerjava.zerodep.shaded.org.apache.hc.client5.http.impl.classic.InternalHttpClient - ex-00000012: acquired endpoint ep-00000011
11:43:27.486 [Test worker] DEBUG com.github.dockerjava.zerodep.shaded.org.apache.hc.client5.http.impl.classic.MainClientExec - ex-00000012: executing GET /v1.32/containers/5d6ffc387465dd48652347f7e9516f6f2ba8d2b66b9e274ad361b13a8c8f1440/json HTTP/1.1
11:43:27.486 [Test worker] DEBUG com.github.dockerjava.zerodep.shaded.org.apache.hc.client5.http.impl.classic.InternalHttpClient - ep-00000011: start execution ex-00000012
11:43:27.486 [Test worker] DEBUG com.github.dockerjava.zerodep.shaded.org.apache.hc.client5.http.impl.io.PoolingHttpClientConnectionManager - ep-00000011: executing exchange ex-00000012 over http-outgoing-2
11:43:27.486 [Test worker] DEBUG com.github.dockerjava.zerodep.shaded.org.apache.hc.client5.http.headers - http-outgoing-2 >> GET /v1.32/containers/5d6ffc387465dd48652347f7e9516f6f2ba8d2b66b9e274ad361b13a8c8f1440/json HTTP/1.1
11:43:27.486 [Test worker] DEBUG com.github.dockerjava.zerodep.shaded.org.apache.hc.client5.http.headers - http-outgoing-2 >> accept: application/json
11:43:27.486 [Test worker] DEBUG com.github.dockerjava.zerodep.shaded.org.apache.hc.client5.http.headers - http-outgoing-2 >> x-tc-sid: b7f6c99f-5b0f-49a9-8796-94a8ae81f0d8
11:43:27.486 [Test worker] DEBUG com.github.dockerjava.zerodep.shaded.org.apache.hc.client5.http.headers - http-outgoing-2 >> Accept-Encoding: gzip, x-gzip, deflate
11:43:27.486 [Test worker] DEBUG com.github.dockerjava.zerodep.shaded.org.apache.hc.client5.http.headers - http-outgoing-2 >> Host: localhost:2375
11:43:27.486 [Test worker] DEBUG com.github.dockerjava.zerodep.shaded.org.apache.hc.client5.http.headers - http-outgoing-2 >> Connection: keep-alive
11:43:27.486 [Test worker] DEBUG com.github.dockerjava.zerodep.shaded.org.apache.hc.client5.http.headers - http-outgoing-2 >> User-Agent: Apache-HttpClient/5.0.3 (Java/17.0.6)
11:43:27.486 [Test worker] DEBUG com.github.dockerjava.zerodep.shaded.org.apache.hc.client5.http.wire - http-outgoing-2 >> "GET /v1.32/containers/5d6ffc387465dd48652347f7e9516f6f2ba8d2b66b9e274ad361b13a8c8f1440/json HTTP/1.1[\r][\n]"
11:43:27.486 [Test worker] DEBUG com.github.dockerjava.zerodep.shaded.org.apache.hc.client5.http.wire - http-outgoing-2 >> "accept: application/json[\r][\n]"
11:43:27.486 [Test worker] DEBUG com.github.dockerjava.zerodep.shaded.org.apache.hc.client5.http.wire - http-outgoing-2 >> "x-tc-sid: b7f6c99f-5b0f-49a9-8796-94a8ae81f0d8[\r][\n]"
11:43:27.486 [Test worker] DEBUG com.github.dockerjava.zerodep.shaded.org.apache.hc.client5.http.wire - http-outgoing-2 >> "Accept-Encoding: gzip, x-gzip, deflate[\r][\n]"
11:43:27.486 [Test worker] DEBUG com.github.dockerjava.zerodep.shaded.org.apache.hc.client5.http.wire - http-outgoing-2 >> "Host: localhost:2375[\r][\n]"
11:43:27.486 [Test worker] DEBUG com.github.dockerjava.zerodep.shaded.org.apache.hc.client5.http.wire - http-outgoing-2 >> "Connection: keep-alive[\r][\n]"
11:43:27.486 [Test worker] DEBUG com.github.dockerjava.zerodep.shaded.org.apache.hc.client5.http.wire - http-outgoing-2 >> "User-Agent: Apache-HttpClient/5.0.3 (Java/17.0.6)[\r][\n]"
11:43:27.486 [Test worker] DEBUG com.github.dockerjava.zerodep.shaded.org.apache.hc.client5.http.wire - http-outgoing-2 >> "[\r][\n]"
11:43:27.487 [Test worker] DEBUG com.github.dockerjava.zerodep.shaded.org.apache.hc.client5.http.wire - http-outgoing-2 << "HTTP/1.1 200 OK[\r][\n]"
11:43:27.487 [Test worker] DEBUG com.github.dockerjava.zerodep.shaded.org.apache.hc.client5.http.wire - http-outgoing-2 << "Api-Version: 1.42[\r][\n]"
11:43:27.487 [Test worker] DEBUG com.github.dockerjava.zerodep.shaded.org.apache.hc.client5.http.wire - http-outgoing-2 << "Content-Type: application/json[\r][\n]"
11:43:27.487 [Test worker] DEBUG com.github.dockerjava.zerodep.shaded.org.apache.hc.client5.http.wire - http-outgoing-2 << "Docker-Experimental: false[\r][\n]"
11:43:27.487 [Test worker] DEBUG com.github.dockerjava.zerodep.shaded.org.apache.hc.client5.http.wire - http-outgoing-2 << "Ostype: linux[\r][\n]"
11:43:27.487 [Test worker] DEBUG com.github.dockerjava.zerodep.shaded.org.apache.hc.client5.http.wire - http-outgoing-2 << "Server: Docker/23.0.2 (linux)[\r][\n]"
11:43:27.487 [Test worker] DEBUG com.github.dockerjava.zerodep.shaded.org.apache.hc.client5.http.wire - http-outgoing-2 << "Date: Wed, 05 Apr 2023 09:43:27 GMT[\r][\n]"
11:43:27.488 [Test worker] DEBUG com.github.dockerjava.zerodep.shaded.org.apache.hc.client5.http.wire - http-outgoing-2 << "Transfer-Encoding: chunked[\r][\n]"
11:43:27.488 [Test worker] DEBUG com.github.dockerjava.zerodep.shaded.org.apache.hc.client5.http.wire - http-outgoing-2 << "[\r][\n]"
11:43:27.488 [Test worker] DEBUG com.github.dockerjava.zerodep.shaded.org.apache.hc.client5.http.wire - http-outgoing-2 << "279e[\r][\n]"
11:43:27.488 [Test worker] DEBUG com.github.dockerjava.zerodep.shaded.org.apache.hc.client5.http.wire - http-outgoing-2 << "{"Id":"5d6ffc387465dd48652347f7e9516f6f2ba8d2b66b9e274ad361b13a8c8f1440","Created":"2023-04-05T09:43:22.829290793Z","Path":"docker-entrypoint.sh","Args":[],"State":{"Status":"exited","Running":false,"Paused":false,"Restarting":false,"OOMKilled":false,"Dead":false,"Pid":0,"ExitCode":137,"Error":"","StartedAt":"2023-04-05T09:43:23.197989451Z","FinishedAt":"2023-04-05T09:43:27.222736103Z","Health":{"Status":"unhealthy","FailingStreak":0,"Log":[]}},"Image":"sha256:ef39a37f053855295f8857780c010f885baded96b4d36d768fbfa665a1c932f4","ResolvConfPath":"/var/lib/docker/containers/5d6ffc387465dd48652347f7e9516f6f2ba8d2b66b9e274ad361b13a8c8f1440/resolv.conf","HostnamePath":"/var/lib/docker/containers/5d6ffc387465dd48652347f7e9516f6f2ba8d2b66b9e274ad361b13a8c8f1440/hostname","HostsPath":"/var/lib/docker/containers/5d6ffc387465dd48652347f7e9516f6f2ba8d2b66b9e274ad361b13a8c8f1440/hosts","LogPath":"/var/lib/docker/containers/5d6ffc387465dd48652347f7e9516f6f2ba8d2b66b9e274ad361b13a8c8f1440/5d6ffc387465dd48652347f7e9516f6f2ba8d2b66b9e274ad361b13a8c8f1440-json.log","Name":"/vibrant_greider","RestartCount":0,"Driver":"overlay2","Platform":"linux","MountLabel":"","ProcessLabel":"","AppArmorProfile":"","ExecIDs":null,"HostConfig":{"Binds":["/var/run/docker.sock:/var/run/docker.sock:rw"],"ContainerIDFile":"","LogConfig":{"Type":"json-file","Config":{}},"NetworkMode":"default","PortBindings":{"4566/tcp":[{"HostIp":"","HostPort":""}]},"RestartPolicy":{"Name":"","MaximumRetryCount":0},"AutoRemove":false,"VolumeDriver":"","VolumesFrom":[],"ConsoleSize":[0,0],"CapAdd":null,"CapDrop":null,"CgroupnsMode":"private","Dns":null,"DnsOptions":null,"DnsSearch":null,"ExtraHosts":[],"GroupAdd":null,"IpcMode":"shareable","Cgroup":"","Links":null,"OomScoreAdj":0,"PidMode":"","Privileged":false,"PublishAllPorts":false,"ReadonlyRootfs":false,"SecurityOpt":null,"UTSMode":"","UsernsMode":"","ShmSize":67108864,"Runtime":"runc","Isolation":"","CpuShares":0,"Memory":0,"NanoCpus":0,"CgroupParent":"","BlkioWeight":0,"BlkioWeightDevice":null,"BlkioDeviceReadBps":null,"BlkioDeviceWriteBps":null,"BlkioDeviceReadIOps":null,"BlkioDeviceWriteIOps":null,"CpuPeriod":0,"CpuQuota":0,"CpuRealtimePeriod":0,"CpuRealtimeRuntime":0,"CpusetCpus":"","CpusetMems":"","Devices":null,"DeviceCgroupRules":null,"DeviceRequests":null,"MemoryReservation":0,"MemorySwap":0,"MemorySwappiness":null,"OomKillDisable":null,"PidsLimit":null,"Ulimits":null,"CpuCount":0,"CpuPercent":0,"IOMaximumIOps":0,"IOMaximumBandwidth":0,"MaskedPaths":["/proc/asound","/proc/acpi","/proc/kcore","/proc/keys","/proc/latency_stats","/proc/timer_list","/proc/timer_stats","/proc/sched_debug","/proc/scsi","/sys/firmware"],"ReadonlyPaths":["/proc/bus","/proc/fs","/proc/irq","/proc/sys","/proc/sysrq-trigger"]},"GraphDriver":{"Data":{"LowerDir":"/var/lib/docker/overlay2/f03a353a8b7ef7721ff4d0f0161c566e507c2bd7b2103bc094380870470dede8-init/diff:/var/lib/docker/overlay2/66325d4a72445292752a5cc089f7b06e1c656d6a606727c31c34d63332181498/diff:/var/lib/docker/overlay2/0420538d50de8501df70f24dc40485b6e5eb7c5bf0d729e97825149a095e81ee/diff:/var/lib/docker/overlay2/2fead15118972e8b246a17f3f74c4f3655f3aa220ec939b86a56fe0510f7f20e/diff:/var/lib/docker/overlay2/ae68753402a4f569497d5c9f410ab0fa5a0fb2a04df8287cf37abc3393c77a11/diff:/var/lib/docker/overlay2/0f33f3c94c888aff8ca57897ea63fa4e9b20fb7f7934073692321ec9850132f4/diff:/var/lib/docker/overlay2/597223515b71e4f23e1e930f2ae3f3e7243b6e5e552719d8d7195d401d02d023/diff:/var/lib/docker/overlay2/25674083bc449fb11328f7979a180fe0ee7007367e6cb9bd5230a3d1ac8909d4/diff:/var/lib/docker/overlay2/d4ad32368669b49558cd44d2fed1804e752c8491a3ed5fe0a06247ad5d1e2682/diff:/var/lib/docker/overlay2/e8ddd839dccdccdb7ca680a8dbc95292a90a9e4fb1b4279d5c28646c6890e904/diff:/var/lib/docker/overlay2/8b58ccb7696936ff3318138153004d6c3a4b38fd540a21082ba63f736809a000/diff:/var/lib/docker/overlay2/c84d05a1572fe22afac932672dca46a6a056176ddaf606813a5c9ec4f4483542/diff:/var/lib/docker/overlay2/efb8ee473eb1010366ad7ce8e083c74e830d07f1bbe9d48a48e43f10a3801260/diff:/var/lib/docker/overlay2/989e3488dd2e4b6494f77205761f97867704a6b559fc71dfb349529c277d82b8/diff:/var/lib/docker/overlay2/1c4a29393c91ce4f505b657276803401a43b74b0ff0e30c5e01c12b1b1352329/diff:/var/lib/docker/overlay2/8c441ef151b8fe9fe855a56abf8947a41c9bed8fdc81287309d50da11d44c551/diff:/var/lib/docker/overlay2/e1d7e75a64a7c47c5b2c9aa5245400620a2963a3cea73ce8bfb9ee3d0ec87742/diff:/var/lib/docker/overlay2/036298d5ecb6af5928c740623098c4de4982821471e36c8c624ac67a1b6748c5/diff:/var/lib/docker/overlay2/ed0c39deedb4f2b7488ded2927cd2590b490623c1708eb0427acb577e860cd74/diff:/var/lib/docker/overlay2/c189597c890c51a188731ae35609d5347be6ab812bfbc0d2ecbe2f44211205ca/diff:/var/lib/docker/overlay2/dfc01826bd9d1e9459778e608bc62c7f797eea1a2ad265f7c27ee20192ed4784/diff:/var/lib/docker/overlay2/4bbf66cb6c6da59f25151eb03310402487d8a911a5c2c7c0d5b95a369ca840a7/diff:/var/lib/docker/overlay2/7bef5e8d1eed205636df4d3454bdbb8aeaa3925932855598f2665a362ae94c52/diff:/var/lib/docker/overlay2/1d387a93df91d4294723c83c3d5ac8c420894677ebc28471a31986ccd3ceb457/diff:/var/lib/docker/overlay2/a3d8d3123757f8ab4866f0738e23aba4556ce2e6b90d35a05785378bb80a9153/diff:/var/lib/docker/overlay2/3d49eb1a0d68a40380d451123d895d547068f03dbe1ac90aa5a5a89e02895d62/diff:/var/lib/docker/overlay2/8483c5600a50963ee9dfa89cd7f5e777ec4cd7853fcb23e43aea52f1af1118ea/diff:/var/lib/docker/overlay2/31292f6d437552a0ecf673e43c5fb0ab7665ef34dc163eeb2f6d76a107f6796f/diff:/var/lib/docker/overlay2/32b8a7e82345d4754337301d89eca79fdfc6ef6aeaab3c77ac2f8688d75e116a/diff:/var/lib/docker/overlay2/c099dd0c5adbc8ae6f8c24fca0e5ae33aa573e689c775e20d3bffe82c8803005/diff:/var/lib/docker/overlay2/630ccf027f38d4a66376848a8f3b3a70f7282ebf12cbc2eb70e40506eea77631/diff:/var/lib/docker/overlay2/3e90287fdcb44892311c3797b970d66a7dc4b7df6980ed27c0b2eb362f16d00a/diff:/var/lib/docker/overlay2/06f959762d7d95eb297fe7e1367bd1ab94925333e63fe3066ca492b86d0cffdf/diff:/var/lib/docker/overlay2/a67c673f0fe7552e9a71ad33ea4da187081140b12a5270c86b49dcac77787d08/diff:/var/lib/docker/overlay2/429bc4bc5dab1eeca6eed04ccd2134a2c83ba13fb165b2eafe71ad87f6135483/diff:/var/lib/docker/overlay2/6017fbb25c9bda5b79fbed8d535fd69c510f7f89968284b952c673bf00b67a0f/diff","MergedDir":"/var/lib/docker/overlay2/f03a353a8b7ef7721ff4d0f0161c566e507c2bd7b2103bc094380870470dede8/merged","UpperDir":"/var/lib/docker/overlay2/f03a353a8b7ef7721ff4d0f0161c566e507c2bd7b2103bc094380870470dede8/diff","WorkDir":"/var/lib/docker/overlay2/f03a353a8b7ef7721ff4d0f0161c566e507c2bd7b2103bc094380870470dede8/work"},"Name":"overlay2"},"Mounts":[{"Type":"bind","Source":"/var/run/docker.sock","Destination":"/var/run/docker.sock","Mode":"rw","RW":true,"Propagation":"rprivate"},{"Type":"volume","Name":"63a2d1867f186d9272b34fa6c91fc6a66dde70fe3aba4d8691a42d8318f88594","Source":"/var/lib/docker/volumes/63a2d1867f186d9272b34fa6c91fc6a66dde70fe3aba4d8691a42d8318f88594/_data","Destination":"/var/lib/localstack","Driver":"local","Mode":"","RW":true,"Propagation":""}],"Config":{"Hostname":"5d6ffc387465","Domainname":"","User":"","AttachStdin":false,"AttachStdout":false,"AttachStderr":false,"ExposedPorts":{"4510/tcp":{},"4511/tcp":{},"4512/tcp":{},"4513/tcp":{},"4514/tcp":{},"4515/tcp":{},"4516/tcp":{},"4517/tcp":{},"4518/tcp":{},"4519/tcp":{},"4520/tcp":{},"4521/tcp":{},"4522/tcp":{},"4523/tcp":{},"4524/tcp":{},"4525/tcp":{},"4526/tcp":{},"4527/tcp":{},"4528/tcp":{},"4529/tcp":{},"4530/tcp":{},"4531/tcp":{},"4532/tcp":{},"4533/tcp":{},"4534/tcp":{},"4535/tcp":{},"4536/tcp":{},"4537/tcp":{},"4538/tcp":{},"4539/tcp":{},"4540/tcp":{},"4541/tcp":{},"4542/tcp":{},"4543/tcp":{},"4544/tcp":{},"4545/tcp":{},"4546/tcp":{},"4547/tcp":{},"4548/tcp":{},"4549/tcp":{},"4550/tcp":{},"4551/tcp":{},"4552/tcp":{},"4553/tcp":{},"4554/tcp":{},"4555/tcp":{},"4556/tcp":{},"4557/tcp":{},"4558/tcp":{},"4559/tcp":{},"4566/tcp":{},"5678/tcp":{}},"Tty":false,"OpenStdin":false,"StdinOnce":false,"Env":["HOSTNAME_EXTERNAL=localhost","SERVICES=s3","PATH=/usr/local/"
11:43:27.488 [Test worker] DEBUG com.github.dockerjava.zerodep.shaded.org.apache.hc.client5.http.headers - http-outgoing-2 << HTTP/1.1 200 OK
11:43:27.488 [Test worker] DEBUG com.github.dockerjava.zerodep.shaded.org.apache.hc.client5.http.headers - http-outgoing-2 << Api-Version: 1.42
11:43:27.488 [Test worker] DEBUG com.github.dockerjava.zerodep.shaded.org.apache.hc.client5.http.headers - http-outgoing-2 << Content-Type: application/json
11:43:27.488 [Test worker] DEBUG com.github.dockerjava.zerodep.shaded.org.apache.hc.client5.http.headers - http-outgoing-2 << Docker-Experimental: false
11:43:27.488 [Test worker] DEBUG com.github.dockerjava.zerodep.shaded.org.apache.hc.client5.http.headers - http-outgoing-2 << Ostype: linux
11:43:27.488 [Test worker] DEBUG com.github.dockerjava.zerodep.shaded.org.apache.hc.client5.http.headers - http-outgoing-2 << Server: Docker/23.0.2 (linux)
11:43:27.488 [Test worker] DEBUG com.github.dockerjava.zerodep.shaded.org.apache.hc.client5.http.headers - http-outgoing-2 << Date: Wed, 05 Apr 2023 09:43:27 GMT
11:43:27.488 [Test worker] DEBUG com.github.dockerjava.zerodep.shaded.org.apache.hc.client5.http.headers - http-outgoing-2 << Transfer-Encoding: chunked
11:43:27.488 [Test worker] DEBUG com.github.dockerjava.zerodep.shaded.org.apache.hc.client5.http.impl.classic.MainClientExec - ex-00000012: connection can be kept alive for 3 MINUTES
11:43:27.489 [Test worker] DEBUG com.github.dockerjava.zerodep.shaded.org.apache.hc.client5.http.wire - http-outgoing-2 << "bin:/usr/local/sbin:/usr/local/bin:/usr/sbin:/usr/bin:/sbin:/bin:/usr/lib/jvm/java-11/bin","LANG=C.UTF-8","GPG_KEY=A035C8C19219BA821ECEA86B64E628F8D684696D","PYTHON_VERSION=3.10.6","PYTHON_PIP_VERSION=22.2.1","PYTHON_SETUPTOOLS_VERSION=63.2.0","PYTHON_GET_PIP_URL=https://github.com/pypa/get-pip/raw/5eaac1050023df1f5c98b173b248c260023f2278/public/get-pip.py","PYTHON_GET_PIP_SHA256=5aefe6ade911d997af080b315ebcb7f882212d070465df544e1175ac2be519b4","JAVA_HOME=/usr/lib/jvm/java-11","MAVEN_HOME=/usr/share/maven","MAVEN_CONFIG=/opt/code/localstack","LD_LIBRARY_PATH=/usr/lib/jvm/java-11/lib:/usr/lib/jvm/java-11/lib/server","USER=localstack","PYTHONUNBUFFERED=1","EDGE_BIND_HOST=0.0.0.0","LOCALSTACK_HOSTNAME=localhost","LOCALSTACK_BUILD_DATE=2022-08-28","LOCALSTACK_BUILD_GIT_HASH=034bc851","LOCALSTACK_BUILD_VERSION=1.0.5.dev"],"Cmd":null,"Healthcheck":{"Test":["CMD-SHELL","./bin/localstack status services --format=json"],"Interval":10000000000,"Timeout":5000000000,"StartPeriod":15000000000,"Retries":5},"Image":"localstack/localstack:latest","Volumes":{"/var/lib/localstack":{}},"WorkingDir":"/opt/code/localstack","Entrypoint":["docker-entrypoint.sh"],"OnBuild":null,"Labels":{"authors":"LocalStack Contributors","description":"LocalStack Docker image","maintainer":"LocalStack Team (info@localstack.cloud)","org.testcontainers":"true","org.testcontainers.sessionId":"b7f6c99f-5b0f-49a9-8796-94a8ae81f0d8"}},"NetworkSettings":{"Bridge":"","SandboxID":"8f49020bf0dd082eb7702ef029e53d452b2379319b4efeb8d95093b56bfdbe90","HairpinMode":false,"LinkLocalIPv6Address":"","LinkLocalIPv6PrefixLen":0,"Ports":{},"SandboxKey":"/var/run/docker/netns/8f49020bf0dd","SecondaryIPAddresses":null,"SecondaryIPv6Addresses":null,"EndpointID":"","Gateway":"","GlobalIPv6Address":"","GlobalIPv6PrefixLen":0,"IPAddress":"","IPPrefixLen":0,"IPv6Gateway":"","MacAddress":"","Networks":{"bridge":{"IPAMConfig":null,"Links":null,"Aliases":null,"NetworkID":"1fdc03a63739761e3484ec01555a4a41a93885968a8881851c366d521acc95ee","EndpointID":"","Gateway":"","IPAddress":"","IPPrefixLen":0,"IPv6Gateway":"","GlobalIPv6Address":"","GlobalIPv6PrefixLen":0,"MacAddress":"","DriverOpts":null}}}}[\n]"
11:43:27.491 [Test worker] DEBUG com.github.dockerjava.zerodep.shaded.org.apache.hc.client5.http.wire - http-outgoing-2 << "[\r][\n]"
11:43:27.492 [Test worker] DEBUG com.github.dockerjava.zerodep.shaded.org.apache.hc.client5.http.wire - http-outgoing-2 << "0[\r][\n]"
11:43:27.492 [Test worker] DEBUG com.github.dockerjava.zerodep.shaded.org.apache.hc.client5.http.wire - http-outgoing-2 << "[\r][\n]"
11:43:27.492 [Test worker] DEBUG com.github.dockerjava.zerodep.shaded.org.apache.hc.client5.http.impl.classic.InternalHttpClient - ep-00000011: releasing valid endpoint
11:43:27.492 [Test worker] DEBUG com.github.dockerjava.zerodep.shaded.org.apache.hc.client5.http.impl.io.PoolingHttpClientConnectionManager - ep-00000011: releasing endpoint
11:43:27.492 [Test worker] DEBUG com.github.dockerjava.zerodep.shaded.org.apache.hc.client5.http.impl.io.PoolingHttpClientConnectionManager - ep-00000011: connection http-outgoing-2 can be kept alive for 3 MINUTES
11:43:27.492 [Test worker] DEBUG com.github.dockerjava.zerodep.shaded.org.apache.hc.client5.http.impl.io.PoolingHttpClientConnectionManager - ep-00000011: connection released [route: {}->unix://localhost:2375][total available: 1; route allocated: 1 of 2147483647; total allocated: 1 of 2147483647]
11:43:27.492 [Test worker] DEBUG org.testcontainers.shaded.com.github.dockerjava.core.command.AbstrDockerCmd - Cmd: 5d6ffc387465dd48652347f7e9516f6f2ba8d2b66b9e274ad361b13a8c8f1440,true,true
11:43:27.493 [Test worker] DEBUG com.github.dockerjava.zerodep.shaded.org.apache.hc.client5.http.impl.classic.InternalHttpClient - ex-00000013: preparing request execution
11:43:27.493 [Test worker] DEBUG com.github.dockerjava.zerodep.shaded.org.apache.hc.client5.http.protocol.RequestAddCookies - Cookie spec selected: strict
11:43:27.493 [Test worker] DEBUG com.github.dockerjava.zerodep.shaded.org.apache.hc.client5.http.protocol.RequestAuthCache - Auth cache not set in the context
11:43:27.493 [Test worker] DEBUG com.github.dockerjava.zerodep.shaded.org.apache.hc.client5.http.impl.classic.ProtocolExec - ex-00000013: target auth state: UNCHALLENGED
11:43:27.493 [Test worker] DEBUG com.github.dockerjava.zerodep.shaded.org.apache.hc.client5.http.impl.classic.ProtocolExec - ex-00000013: proxy auth state: UNCHALLENGED
11:43:27.493 [Test worker] DEBUG com.github.dockerjava.zerodep.shaded.org.apache.hc.client5.http.impl.classic.ConnectExec - ex-00000013: acquiring connection with route {}->unix://localhost:2375
11:43:27.493 [Test worker] DEBUG com.github.dockerjava.zerodep.shaded.org.apache.hc.client5.http.impl.classic.InternalHttpClient - ex-00000013: acquiring endpoint (3 MINUTES)
11:43:27.493 [Test worker] DEBUG com.github.dockerjava.zerodep.shaded.org.apache.hc.client5.http.impl.io.PoolingHttpClientConnectionManager - ex-00000013: endpoint lease request (3 MINUTES) [route: {}->unix://localhost:2375][total available: 1; route allocated: 1 of 2147483647; total allocated: 1 of 2147483647]
11:43:27.493 [Test worker] DEBUG com.github.dockerjava.zerodep.shaded.org.apache.hc.client5.http.impl.io.PoolingHttpClientConnectionManager - ex-00000013: endpoint leased [route: {}->unix://localhost:2375][total available: 0; route allocated: 1 of 2147483647; total allocated: 1 of 2147483647]
11:43:27.493 [Test worker] DEBUG com.github.dockerjava.zerodep.shaded.org.apache.hc.client5.http.impl.io.PoolingHttpClientConnectionManager - ex-00000013: acquired ep-00000012
11:43:27.493 [Test worker] DEBUG com.github.dockerjava.zerodep.shaded.org.apache.hc.client5.http.impl.classic.InternalHttpClient - ex-00000013: acquired endpoint ep-00000012
11:43:27.493 [Test worker] DEBUG com.github.dockerjava.zerodep.shaded.org.apache.hc.client5.http.impl.classic.MainClientExec - ex-00000013: executing DELETE /v1.32/containers/5d6ffc387465dd48652347f7e9516f6f2ba8d2b66b9e274ad361b13a8c8f1440?v=true&force=true HTTP/1.1
11:43:27.493 [Test worker] DEBUG com.github.dockerjava.zerodep.shaded.org.apache.hc.client5.http.impl.classic.InternalHttpClient - ep-00000012: start execution ex-00000013
11:43:27.493 [Test worker] DEBUG com.github.dockerjava.zerodep.shaded.org.apache.hc.client5.http.impl.io.PoolingHttpClientConnectionManager - ep-00000012: executing exchange ex-00000013 over http-outgoing-2
11:43:27.493 [Test worker] DEBUG com.github.dockerjava.zerodep.shaded.org.apache.hc.client5.http.headers - http-outgoing-2 >> DELETE /v1.32/containers/5d6ffc387465dd48652347f7e9516f6f2ba8d2b66b9e274ad361b13a8c8f1440?v=true&force=true HTTP/1.1
11:43:27.494 [Test worker] DEBUG com.github.dockerjava.zerodep.shaded.org.apache.hc.client5.http.headers - http-outgoing-2 >> accept: application/json
11:43:27.494 [Test worker] DEBUG com.github.dockerjava.zerodep.shaded.org.apache.hc.client5.http.headers - http-outgoing-2 >> x-tc-sid: b7f6c99f-5b0f-49a9-8796-94a8ae81f0d8
11:43:27.494 [Test worker] DEBUG com.github.dockerjava.zerodep.shaded.org.apache.hc.client5.http.headers - http-outgoing-2 >> Accept-Encoding: gzip, x-gzip, deflate
11:43:27.494 [Test worker] DEBUG com.github.dockerjava.zerodep.shaded.org.apache.hc.client5.http.headers - http-outgoing-2 >> Host: localhost:2375
11:43:27.494 [Test worker] DEBUG com.github.dockerjava.zerodep.shaded.org.apache.hc.client5.http.headers - http-outgoing-2 >> Connection: keep-alive
11:43:27.494 [Test worker] DEBUG com.github.dockerjava.zerodep.shaded.org.apache.hc.client5.http.headers - http-outgoing-2 >> User-Agent: Apache-HttpClient/5.0.3 (Java/17.0.6)
11:43:27.494 [Test worker] DEBUG com.github.dockerjava.zerodep.shaded.org.apache.hc.client5.http.wire - http-outgoing-2 >> "DELETE /v1.32/containers/5d6ffc387465dd48652347f7e9516f6f2ba8d2b66b9e274ad361b13a8c8f1440?v=true&force=true HTTP/1.1[\r][\n]"
11:43:27.494 [Test worker] DEBUG com.github.dockerjava.zerodep.shaded.org.apache.hc.client5.http.wire - http-outgoing-2 >> "accept: application/json[\r][\n]"
11:43:27.494 [Test worker] DEBUG com.github.dockerjava.zerodep.shaded.org.apache.hc.client5.http.wire - http-outgoing-2 >> "x-tc-sid: b7f6c99f-5b0f-49a9-8796-94a8ae81f0d8[\r][\n]"
11:43:27.494 [Test worker] DEBUG com.github.dockerjava.zerodep.shaded.org.apache.hc.client5.http.wire - http-outgoing-2 >> "Accept-Encoding: gzip, x-gzip, deflate[\r][\n]"
11:43:27.494 [Test worker] DEBUG com.github.dockerjava.zerodep.shaded.org.apache.hc.client5.http.wire - http-outgoing-2 >> "Host: localhost:2375[\r][\n]"
11:43:27.494 [Test worker] DEBUG com.github.dockerjava.zerodep.shaded.org.apache.hc.client5.http.wire - http-outgoing-2 >> "Connection: keep-alive[\r][\n]"
11:43:27.494 [Test worker] DEBUG com.github.dockerjava.zerodep.shaded.org.apache.hc.client5.http.wire - http-outgoing-2 >> "User-Agent: Apache-HttpClient/5.0.3 (Java/17.0.6)[\r][\n]"
11:43:27.494 [Test worker] DEBUG com.github.dockerjava.zerodep.shaded.org.apache.hc.client5.http.wire - http-outgoing-2 >> "[\r][\n]"
11:43:27.505 [Test worker] DEBUG com.github.dockerjava.zerodep.shaded.org.apache.hc.client5.http.wire - http-outgoing-2 << "HTTP/1.1 204 No Content[\r][\n]"
11:43:27.505 [Test worker] DEBUG com.github.dockerjava.zerodep.shaded.org.apache.hc.client5.http.wire - http-outgoing-2 << "Api-Version: 1.42[\r][\n]"
11:43:27.505 [Test worker] DEBUG com.github.dockerjava.zerodep.shaded.org.apache.hc.client5.http.wire - http-outgoing-2 << "Docker-Experimental: false[\r][\n]"
11:43:27.505 [Test worker] DEBUG com.github.dockerjava.zerodep.shaded.org.apache.hc.client5.http.wire - http-outgoing-2 << "Ostype: linux[\r][\n]"
11:43:27.505 [Test worker] DEBUG com.github.dockerjava.zerodep.shaded.org.apache.hc.client5.http.wire - http-outgoing-2 << "Server: Docker/23.0.2 (linux)[\r][\n]"
11:43:27.505 [Test worker] DEBUG com.github.dockerjava.zerodep.shaded.org.apache.hc.client5.http.wire - http-outgoing-2 << "Date: Wed, 05 Apr 2023 09:43:27 GMT[\r][\n]"
11:43:27.505 [Test worker] DEBUG com.github.dockerjava.zerodep.shaded.org.apache.hc.client5.http.wire - http-outgoing-2 << "[\r][\n]"
11:43:27.505 [Test worker] DEBUG com.github.dockerjava.zerodep.shaded.org.apache.hc.client5.http.headers - http-outgoing-2 << HTTP/1.1 204 No Content
11:43:27.506 [Test worker] DEBUG com.github.dockerjava.zerodep.shaded.org.apache.hc.client5.http.headers - http-outgoing-2 << Api-Version: 1.42
11:43:27.506 [Test worker] DEBUG com.github.dockerjava.zerodep.shaded.org.apache.hc.client5.http.headers - http-outgoing-2 << Docker-Experimental: false
11:43:27.506 [Test worker] DEBUG com.github.dockerjava.zerodep.shaded.org.apache.hc.client5.http.headers - http-outgoing-2 << Ostype: linux
11:43:27.506 [Test worker] DEBUG com.github.dockerjava.zerodep.shaded.org.apache.hc.client5.http.headers - http-outgoing-2 << Server: Docker/23.0.2 (linux)
11:43:27.506 [Test worker] DEBUG com.github.dockerjava.zerodep.shaded.org.apache.hc.client5.http.headers - http-outgoing-2 << Date: Wed, 05 Apr 2023 09:43:27 GMT
11:43:27.506 [Test worker] DEBUG com.github.dockerjava.zerodep.shaded.org.apache.hc.client5.http.impl.classic.MainClientExec - ex-00000013: connection can be kept alive for 3 MINUTES
11:43:27.506 [Test worker] DEBUG com.github.dockerjava.zerodep.shaded.org.apache.hc.client5.http.impl.classic.InternalHttpClient - ep-00000012: releasing valid endpoint
11:43:27.506 [Test worker] DEBUG com.github.dockerjava.zerodep.shaded.org.apache.hc.client5.http.impl.io.PoolingHttpClientConnectionManager - ep-00000012: releasing endpoint
11:43:27.506 [Test worker] DEBUG com.github.dockerjava.zerodep.shaded.org.apache.hc.client5.http.impl.io.PoolingHttpClientConnectionManager - ep-00000012: connection http-outgoing-2 can be kept alive for 3 MINUTES
11:43:27.506 [Test worker] DEBUG com.github.dockerjava.zerodep.shaded.org.apache.hc.client5.http.impl.io.PoolingHttpClientConnectionManager - ep-00000012: connection released [route: {}->unix://localhost:2375][total available: 1; route allocated: 1 of 2147483647; total allocated: 1 of 2147483647]
11:43:27.506 [Test worker] DEBUG org.testcontainers.utility.ResourceReaper - Removed container and associated volume(s): localstack/localstack:latest
]]></system-out>
  <system-err><![CDATA[]]></system-err>
</testsuite>
