<?xml version="1.0" encoding="UTF-8"?>
<testsuite name="test.QueryMvcTest" tests="2" skipped="0" failures="0" errors="0" timestamp="2023-04-05T09:43:33" hostname="luca-20qes8cd01" time="0.136">
  <properties/>
  <testcase name="should invoke checkQuery method given POST /query/check" classname="test.QueryMvcTest" time="0.107"/>
  <testcase name="should get query execution list at /POST /query/execute_query" classname="test.QueryMvcTest" time="0.028"/>
  <system-out><![CDATA[
  .   ____          _            __ _ _
 /\\ / ___'_ __ _ _(_)_ __  __ _ \ \ \ \
( ( )\___ | '_ | '_| | '_ \/ _` | \ \ \ \
 \\/  ___)| |_)| | | | | || (_| |  ) ) ) )
  '  |____| .__|_| |_|_| |_\__, | / / / /
 =========|_|==============|___/=/_/_/_/
 :: Spring Boot ::                (v2.7.7)

2023-04-05 11:43:32.194  INFO 71760 --- [    Test worker] test.QueryMvcTest                        : Starting QueryMvcTest using Java 17.0.6 on luca-20qes8cd01 with PID 71760 (started by luca in /home/luca/Documents/qrgui/qrgui-core/multi-tenant)
2023-04-05 11:43:32.195  INFO 71760 --- [    Test worker] test.QueryMvcTest                        : No active profile set, falling back to 1 default profile: "default"
2023-04-05 11:43:32.330  INFO 71760 --- [    Test worker] .s.d.r.c.RepositoryConfigurationDelegate : Bootstrapping Spring Data JPA repositories in DEFAULT mode.
2023-04-05 11:43:32.345  INFO 71760 --- [    Test worker] .s.d.r.c.RepositoryConfigurationDelegate : Finished Spring Data repository scanning in 14 ms. Found 1 JPA repository interfaces.
2023-04-05 11:43:32.489  INFO 71760 --- [    Test worker] o.s.b.w.embedded.tomcat.TomcatWebServer  : Tomcat initialized with port(s): 0 (http)
2023-04-05 11:43:32.490  INFO 71760 --- [    Test worker] o.apache.catalina.core.StandardService   : Starting service [Tomcat]
2023-04-05 11:43:32.490  INFO 71760 --- [    Test worker] org.apache.catalina.core.StandardEngine  : Starting Servlet engine: [Apache Tomcat/9.0.70]
2023-04-05 11:43:32.506  INFO 71760 --- [    Test worker] o.a.c.c.C.[Tomcat-1].[localhost].[/]     : Initializing Spring embedded WebApplicationContext
2023-04-05 11:43:32.506  INFO 71760 --- [    Test worker] w.s.c.ServletWebServerApplicationContext : Root WebApplicationContext: initialization completed in 310 ms
2023-04-05 11:43:32.571  INFO 71760 --- [    Test worker] o.hibernate.jpa.internal.util.LogHelper  : HHH000204: Processing PersistenceUnitInfo [name: default]
2023-04-05 11:43:32.575  INFO 71760 --- [    Test worker] com.zaxxer.hikari.HikariDataSource       : HikariPool-2 - Starting...
2023-04-05 11:43:32.576  INFO 71760 --- [    Test worker] com.zaxxer.hikari.HikariDataSource       : HikariPool-2 - Start completed.
2023-04-05 11:43:32.576  INFO 71760 --- [    Test worker] org.hibernate.dialect.Dialect            : HHH000400: Using dialect: org.hibernate.dialect.H2Dialect
Hibernate: drop table if exists dummy_entity CASCADE 
Hibernate: create table dummy_entity (id bigint not null, primary key (id))
2023-04-05 11:43:32.588  INFO 71760 --- [    Test worker] o.h.e.t.j.p.i.JtaPlatformInitiator       : HHH000490: Using JtaPlatform implementation: [org.hibernate.engine.transaction.jta.platform.internal.NoJtaPlatform]
2023-04-05 11:43:32.589  INFO 71760 --- [    Test worker] j.LocalContainerEntityManagerFactoryBean : Initialized JPA EntityManagerFactory for persistence unit 'default'
2023-04-05 11:43:32.675  WARN 71760 --- [    Test worker] JpaBaseConfiguration$JpaWebConfiguration : spring.jpa.open-in-view is enabled by default. Therefore, database queries may be performed during view rendering. Explicitly configure spring.jpa.open-in-view to disable this warning
2023-04-05 11:43:32.887  WARN 71760 --- [    Test worker] .b.a.g.t.GroovyTemplateAutoConfiguration : Cannot find template location: classpath:/templates/ (please add some templates, check your Groovy configuration, or set spring.groovy.template.check-template-location=false)
2023-04-05 11:43:32.934  WARN 71760 --- [    Test worker] .s.s.UserDetailsServiceAutoConfiguration : 

Using generated security password: 72578140-b686-4402-bd29-87c601c62604

This generated password is for development use only. Your security configuration must be updated before running your application in production.

2023-04-05 11:43:33.022  INFO 71760 --- [    Test worker] o.s.s.web.DefaultSecurityFilterChain     : Will secure any request with [org.springframework.security.web.session.DisableEncodeUrlFilter@211d17c, org.springframework.security.web.context.request.async.WebAsyncManagerIntegrationFilter@41865dc1, org.springframework.security.web.context.SecurityContextPersistenceFilter@68ac7598, org.springframework.security.web.header.HeaderWriterFilter@3eb999b2, org.springframework.security.web.csrf.CsrfFilter@649920aa, org.springframework.security.web.authentication.logout.LogoutFilter@153740c7, org.springframework.security.web.authentication.UsernamePasswordAuthenticationFilter@5f0669d9, org.springframework.security.web.authentication.ui.DefaultLoginPageGeneratingFilter@5bc54087, org.springframework.security.web.authentication.ui.DefaultLogoutPageGeneratingFilter@2da2bc89, org.springframework.security.web.authentication.www.BasicAuthenticationFilter@1c4f3b3d, org.springframework.security.web.savedrequest.RequestCacheAwareFilter@78a884, org.springframework.security.web.servletapi.SecurityContextHolderAwareRequestFilter@727ed530, org.springframework.security.web.authentication.AnonymousAuthenticationFilter@48d1fcd3, org.springframework.security.web.session.SessionManagementFilter@459d81f1, org.springframework.security.web.access.ExceptionTranslationFilter@129f4465, org.springframework.security.web.access.intercept.FilterSecurityInterceptor@68d57037]
2023-04-05 11:43:33.061  INFO 71760 --- [    Test worker] o.s.b.w.embedded.tomcat.TomcatWebServer  : Tomcat started on port(s): 46393 (http) with context path ''
2023-04-05 11:43:33.067  INFO 71760 --- [    Test worker] test.QueryMvcTest                        : Started QueryMvcTest in 0.894 seconds (JVM running for 13.537)
2023-04-05 11:43:33.078  INFO 71760 --- [    Test worker] o.a.c.c.C.[Tomcat-1].[localhost].[/]     : Initializing Spring TestDispatcherServlet ''
2023-04-05 11:43:33.078  INFO 71760 --- [    Test worker] o.s.t.web.servlet.TestDispatcherServlet  : Initializing Servlet ''
2023-04-05 11:43:33.079  INFO 71760 --- [    Test worker] o.s.t.web.servlet.TestDispatcherServlet  : Completed initialization in 1 ms
2023-04-05 11:43:33.185  INFO 71760 --- [    Test worker] o.a.c.c.C.[Tomcat-1].[localhost].[/]     : Initializing Spring TestDispatcherServlet ''
2023-04-05 11:43:33.185  INFO 71760 --- [    Test worker] o.s.t.web.servlet.TestDispatcherServlet  : Initializing Servlet ''
2023-04-05 11:43:33.186  INFO 71760 --- [    Test worker] o.s.t.web.servlet.TestDispatcherServlet  : Completed initialization in 1 ms
2023-04-05 11:43:33.207  INFO 71760 --- [    Test worker] i.c.qrgui.rest.QueryExecutorController   : Eseguo query ...
]]></system-out>
  <system-err><![CDATA[]]></system-err>
</testsuite>
